63.0 APEX_CODE,FINEST;APEX_PROFILING,INFO;CALLOUT,INFO;DATA_ACCESS,INFO;DB,INFO;NBA,INFO;SYSTEM,DEBUG;VALIDATION,INFO;VISUALFORCE,INFO;WAVE,INFO;WORKFLOW,INFO
10:27:47.0 (234453)|USER_INFO|[EXTERNAL]|005gL000000bXjT|divij@wbconnect.com|(GMT-07:00) Pacific Daylight Time (America/Los_Angeles)|GMT-07:00
10:27:47.0 (308233)|EXECUTION_STARTED
10:27:47.0 (326124)|CODE_UNIT_STARTED|[EXTERNAL]|apex://WBTemplateController/ACTION$createWhatsappTemplate
10:27:47.0 (2495313)|CODE_UNIT_STARTED|[EXTERNAL]|01pgL000000QsUb|WBTemplateController.createWhatsappTemplate(String)
10:27:47.0 (2768607)|HEAP_ALLOCATE|[93]|Bytes:3
10:27:47.0 (2864817)|HEAP_ALLOCATE|[98]|Bytes:152
10:27:47.0 (2880492)|HEAP_ALLOCATE|[415]|Bytes:408
10:27:47.0 (2892032)|HEAP_ALLOCATE|[428]|Bytes:408
10:27:47.0 (2901515)|HEAP_ALLOCATE|[536]|Bytes:48
10:27:47.0 (2925763)|HEAP_ALLOCATE|[247]|Bytes:6
10:27:47.0 (2975859)|VARIABLE_SCOPE_BEGIN|[22]|WBTemplateController.SETTINGS|MVWB__WBConnect_Configuration__mdt|true|true
10:27:47.0 (2992292)|VARIABLE_SCOPE_BEGIN|[19]|WBTemplateController.accessToken|String|false|true
10:27:47.0 (3000060)|VARIABLE_SCOPE_BEGIN|[20]|WBTemplateController.endpoint|String|false|true
10:27:47.0 (3008244)|VARIABLE_SCOPE_BEGIN|[21]|WBTemplateController.uploadEndpoint|String|false|true
10:27:47.0 (3049981)|HEAP_ALLOCATE|[EXTERNAL]|Bytes:36
10:27:47.0 (3054178)|HEAP_ALLOCATE|[EXTERNAL]|Bytes:56
10:27:47.0 (3057137)|HEAP_ALLOCATE|[EXTERNAL]|Bytes:102
10:27:47.0 (3228428)|METHOD_ENTRY|[17]|01pgL000000QsUb|WBTemplateController.WBTemplateController()
10:27:47.0 (3236616)|STATEMENT_EXECUTE|[17]
10:27:47.0 (3242217)|STATEMENT_EXECUTE|[17]
10:27:47.0 (3268251)|HEAP_ALLOCATE|[68]|Bytes:5
10:27:47.0 (3304606)|HEAP_ALLOCATE|[74]|Bytes:5
10:27:47.0 (3314131)|HEAP_ALLOCATE|[82]|Bytes:7
10:27:47.0 (3330408)|SYSTEM_MODE_ENTER|true
10:27:47.0 (3345953)|HEAP_ALLOCATE|[25]|Bytes:5
10:27:47.0 (3350288)|STATEMENT_EXECUTE|[24]
10:27:47.0 (3352231)|STATEMENT_EXECUTE|[25]
10:27:47.0 (3353735)|STATEMENT_EXECUTE|[25]
10:27:47.0 (3355636)|STATEMENT_EXECUTE|[26]
10:27:47.0 (3358124)|HEAP_ALLOCATE|[26]|Bytes:180
10:27:47.0 (3376637)|HEAP_ALLOCATE|[26]|Bytes:4
10:27:47.0 (3896375)|SOQL_EXECUTE_BEGIN|[26]|Aggregations:0|SELECT MVWB__Access_Token__c, MVWB__Application_Id__c, MVWB__Phone_Number_Id__c, MVWB__Business_Account_Id__c FROM MVWB__WBConnect_Configuration__mdt WITH SECURITY_ENFORCED LIMIT 1
10:27:47.0 (4365616)|HEAP_ALLOCATE|[EXTERNAL]|Bytes:4
10:27:47.0 (4439044)|HEAP_ALLOCATE|[EXTERNAL]|Bytes:4
10:27:47.0 (4479594)|HEAP_ALLOCATE|[EXTERNAL]|Bytes:4
10:27:47.0 (4515403)|HEAP_ALLOCATE|[EXTERNAL]|Bytes:4
10:27:47.0 (4663563)|HEAP_ALLOCATE|[EXTERNAL]|Bytes:4
10:27:47.0 (6855417)|SOQL_EXECUTE_END|[26]|Rows:1
10:27:47.0 (6914668)|HEAP_ALLOCATE|[26]|Bytes:8
10:27:47.0 (6945349)|HEAP_ALLOCATE|[26]|Bytes:392
10:27:47.0 (7034308)|HEAP_ALLOCATE|[26]|Bytes:8
10:27:47.0 (7053644)|HEAP_ALLOCATE|[26]|Bytes:60
10:27:47.0 (7123350)|HEAP_ALLOCATE|[26]|Bytes:24
10:27:47.0 (7248602)|VARIABLE_ASSIGNMENT|[26]|WBTemplateController.SETTINGS|{"MVWB__Access_Token__c":"EAAVUhq0jVsUBOZCkt9x (185 more) ...","MVWB__Application_Id__c":"1500312290678469","MVWB__Phone_Number_Id__c":"544633438726755","MVWB__Business_Account_Id__c":"499269473267232","Id":"m01gL000001MsPNQA0"}|0xd8bbf04
10:27:47.0 (7260242)|STATEMENT_EXECUTE|[32]
10:27:47.0 (7316316)|VARIABLE_ASSIGNMENT|[32]|WBTemplateController.accessToken|"EAAVUhq0jVsUBOZCkt9x (185 more) ..."
10:27:47.0 (7322534)|STATEMENT_EXECUTE|[819]
10:27:47.0 (7324139)|STATEMENT_EXECUTE|[826]
10:27:47.0 (7333090)|SYSTEM_MODE_EXIT|true
10:27:47.0 (7351949)|METHOD_EXIT|[17]|WBTemplateController
10:27:47.0 (7357622)|HEAP_ALLOCATE|[EXTERNAL]|Bytes:487
10:27:47.0 (7366509)|VARIABLE_SCOPE_BEGIN|[453]|serializedWrapper|String|false|false
10:27:47.0 (7378643)|VARIABLE_ASSIGNMENT|[453]|serializedWrapper|"{\"templateName\":\"tes (467 more) ..."
10:27:47.0 (7396689)|SYSTEM_MODE_ENTER|true
10:27:47.0 (7407407)|HEAP_ALLOCATE|[454]|Bytes:5
10:27:47.0 (7412079)|STATEMENT_EXECUTE|[453]
10:27:47.0 (7414257)|STATEMENT_EXECUTE|[454]
10:27:47.0 (7428302)|HEAP_ALLOCATE|[454]|Bytes:4
10:27:47.0 (7451417)|VARIABLE_SCOPE_BEGIN|[454]|response|Map<String,ANY>|true|false
10:27:47.0 (7480453)|VARIABLE_ASSIGNMENT|[454]|response|{}|0x7a91c1ab
10:27:47.0 (7484851)|STATEMENT_EXECUTE|[456]
10:27:47.0 (7486497)|STATEMENT_EXECUTE|[456]
10:27:47.0 (7599432)|STATEMENT_EXECUTE|[457]
10:27:47.0 (7602101)|STATEMENT_EXECUTE|[463]
10:27:47.0 (7605936)|HEAP_ALLOCATE|[463]|Bytes:37
10:27:47.0 (7769796)|HEAP_ALLOCATE|[463]|Bytes:33
10:27:47.0 (7785938)|SYSTEM_METHOD_ENTRY|[1]|Type.Type()
10:27:47.0 (7790039)|STATEMENT_EXECUTE|[1]
10:27:47.0 (7797901)|SYSTEM_METHOD_EXIT|[1]|Type
10:27:47.0 (7803746)|HEAP_ALLOCATE|[463]|Bytes:8
10:27:47.0 (7819873)|HEAP_ALLOCATE|[463]|Bytes:8
10:27:47.0 (7824316)|VARIABLE_SCOPE_BEGIN|[4]|this|System.Type|true|false
10:27:47.0 (7897637)|VARIABLE_ASSIGNMENT|[4]|this|{}|0x12d03b50
10:27:47.0 (7901651)|VARIABLE_SCOPE_BEGIN|[4]|apextype|java:common.apex.runtime.ApexObjectType|true|false
10:27:47.0 (8076083)|VARIABLE_ASSIGNMENT|[4]|apextype|"CreateTemplateWrapper.TemplateWrapper"|0x5a1476a9
10:27:47.0 (11847267)|HEAP_ALLOCATE|[463]|Bytes:8
10:27:47.0 (11900476)|HEAP_ALLOCATE|[463]|Bytes:24
10:27:47.0 (11914037)|SYSTEM_METHOD_ENTRY|[1]|JSON.JSON()
10:27:47.0 (11919956)|STATEMENT_EXECUTE|[1]
10:27:47.0 (11926654)|SYSTEM_METHOD_EXIT|[1]|JSON
10:27:47.0 (11951138)|METHOD_ENTRY|[463]||System.JSON.deserialize(String, System.Type)
10:27:47.0 (13360379)|METHOD_EXIT|[463]||System.JSON.deserialize(String, System.Type)
10:27:47.0 (13382119)|VARIABLE_SCOPE_BEGIN|[463]|templateWrapper|CreateTemplateWrapper.TemplateWrapper|true|false
10:27:47.0 (13489954)|VARIABLE_ASSIGNMENT|[463]|templateWrapper|{"expireTime":300,"headAlternateTexts":"0x75a1b204","packagename":"0x66b81d5b","signaturename":"0x41c63458","tempHeaderFormat":"None","tempHeaderText":"","tempLanguage":"en_US","templateBody":"Hello","templateCategory":"Authentication","templateName":"test_auth_6","templateType":"One-time passcode","varAlternateTexts":"0x7ef13ba7"}|0x63887ef
10:27:47.0 (13499313)|STATEMENT_EXECUTE|[464]
10:27:47.0 (13502708)|HEAP_ALLOCATE|[464]|Bytes:30
10:27:47.0 (13608805)|HEAP_ALLOCATE|[464]|Bytes:491
10:27:47.0 (13625935)|HEAP_ALLOCATE|[464]|Bytes:521
10:27:47.0 (13648936)|USER_DEBUG|[464]|DEBUG|Deserialized TemplateWrapper: TemplateWrapper:[autofillCheck=null, expireTime=300, headAlternateTexts=(), packagename=(), phoneNumber=null, signaturename=(), tempFooterText=null, tempHeaderExample=null, tempHeaderFormat=None, tempHeaderHandle=null, tempHeaderText=, tempImgId=null, tempImgName=null, tempImgUrl=null, tempLanguage=en_US, templateBody=Hello, templateBodyText=null, templateCategory=Authentication, templateName=test_auth_6, templateType=One-time passcode, typeOfButton=null, url=null, varAlternateTexts=()]
10:27:47.0 (13659439)|STATEMENT_EXECUTE|[466]
10:27:47.0 (13710620)|HEAP_ALLOCATE|[466]|Bytes:15
10:27:47.0 (13715105)|HEAP_ALLOCATE|[466]|Bytes:29
10:27:47.0 (13718630)|HEAP_ALLOCATE|[466]|Bytes:80
10:27:47.0 (13727573)|METHOD_ENTRY|[16]|01pgL000000Qgig|CreateTemplateWrapper.CreateTemplateWrapper()
10:27:47.0 (13732140)|STATEMENT_EXECUTE|[16]
10:27:47.0 (13736187)|STATEMENT_EXECUTE|[16]
10:27:47.0 (13745112)|HEAP_ALLOCATE|[466]|Bytes:5
10:27:47.0 (13748995)|STATEMENT_EXECUTE|[693]
10:27:47.0 (13757358)|METHOD_EXIT|[16]|CreateTemplateWrapper
10:27:47.0 (13772008)|METHOD_ENTRY|[466]|01pgL000000Qgig|CreateTemplateWrapper.buildPayload(CreateTemplateWrapper.TemplateWrapper)
10:27:47.0 (13795737)|VARIABLE_SCOPE_BEGIN|[24]|templateWrapper|CreateTemplateWrapper.TemplateWrapper|true|false
10:27:47.0 (13862605)|VARIABLE_ASSIGNMENT|[24]|templateWrapper|{"expireTime":300,"headAlternateTexts":"0x75a1b204","packagename":"0x66b81d5b","signaturename":"0x41c63458","tempHeaderFormat":"None","tempHeaderText":"","tempLanguage":"en_US","templateBody":"Hello","templateCategory":"Authentication","templateName":"test_auth_6","templateType":"One-time passcode","varAlternateTexts":"0x7ef13ba7"}|0x63887ef
10:27:47.0 (13873937)|HEAP_ALLOCATE|[25]|Bytes:5
10:27:47.0 (13878955)|STATEMENT_EXECUTE|[24]
10:27:47.0 (13880730)|STATEMENT_EXECUTE|[25]
10:27:47.0 (13882238)|STATEMENT_EXECUTE|[25]
10:27:47.0 (13883826)|STATEMENT_EXECUTE|[26]
10:27:47.0 (13885747)|HEAP_ALLOCATE|[26]|Bytes:23
10:27:47.0 (13941681)|HEAP_ALLOCATE|[26]|Bytes:491
10:27:47.0 (13952418)|HEAP_ALLOCATE|[26]|Bytes:514
10:27:47.0 (13964268)|USER_DEBUG|[26]|DEBUG|Template Wrapper is :: TemplateWrapper:[autofillCheck=null, expireTime=300, headAlternateTexts=(), packagename=(), phoneNumber=null, signaturename=(), tempFooterText=null, tempHeaderExample=null, tempHeaderFormat=None, tempHeaderHandle=null, tempHeaderText=, tempImgId=null, tempImgName=null, tempImgUrl=null, tempLanguage=en_US, templateBody=Hello, templateBodyText=null, templateCategory=Authentication, templateName=test_auth_6, templateType=One-time passcode, typeOfButton=null, url=null, varAlternateTexts=()]
10:27:47.0 (13973318)|STATEMENT_EXECUTE|[27]
10:27:47.0 (13983774)|HEAP_ALLOCATE|[27]|Bytes:4
10:27:47.0 (13997088)|VARIABLE_SCOPE_BEGIN|[27]|payload|Map<String,ANY>|true|false
10:27:47.0 (14020475)|VARIABLE_ASSIGNMENT|[27]|payload|{}|0x204c10b6
10:27:47.0 (14025725)|STATEMENT_EXECUTE|[28]
10:27:47.0 (14027820)|HEAP_ALLOCATE|[28]|Bytes:4
10:27:47.0 (14069955)|HEAP_ALLOCATE|[EXTERNAL]|Bytes:-4
10:27:47.0 (14076345)|STATEMENT_EXECUTE|[29]
10:27:47.0 (14078648)|HEAP_ALLOCATE|[29]|Bytes:8
10:27:47.0 (14100912)|HEAP_ALLOCATE|[EXTERNAL]|Bytes:-4
10:27:47.0 (14106200)|STATEMENT_EXECUTE|[30]
10:27:47.0 (14108390)|HEAP_ALLOCATE|[30]|Bytes:8
10:27:47.0 (14128302)|HEAP_ALLOCATE|[EXTERNAL]|Bytes:-4
10:27:47.0 (14133250)|STATEMENT_EXECUTE|[32]
10:27:47.0 (14144672)|HEAP_ALLOCATE|[32]|Bytes:4
10:27:47.0 (14185792)|VARIABLE_SCOPE_BEGIN|[32]|components|List<Map<String,ANY>>|true|false
10:27:47.0 (14208392)|HEAP_ALLOCATE|[EXTERNAL]|Bytes:4
10:27:47.0 (14224252)|VARIABLE_ASSIGNMENT|[32]|components|[]|0x50588413
10:27:47.0 (14228602)|STATEMENT_EXECUTE|[33]
10:27:47.0 (14237932)|METHOD_ENTRY|[33]|01pgL000000Qgig|CreateTemplateWrapper.buildMarketingOrUtilityComponents(CreateTemplateWrapper.TemplateWrapper)
10:27:47.0 (14254655)|VARIABLE_SCOPE_BEGIN|[59]|templateWrapper|CreateTemplateWrapper.TemplateWrapper|true|false
10:27:47.0 (14324010)|VARIABLE_ASSIGNMENT|[59]|templateWrapper|{"expireTime":300,"headAlternateTexts":"0x75a1b204","packagename":"0x66b81d5b","signaturename":"0x41c63458","tempHeaderFormat":"None","tempHeaderText":"","tempLanguage":"en_US","templateBody":"Hello","templateCategory":"Authentication","templateName":"test_auth_6","templateType":"One-time passcode","varAlternateTexts":"0x7ef13ba7"}|0x63887ef
10:27:47.0 (14336472)|HEAP_ALLOCATE|[60]|Bytes:5
10:27:47.0 (14341751)|STATEMENT_EXECUTE|[59]
10:27:47.0 (14343782)|STATEMENT_EXECUTE|[60]
10:27:47.0 (14345199)|STATEMENT_EXECUTE|[60]
10:27:47.0 (14346979)|STATEMENT_EXECUTE|[61]
10:27:47.0 (14352972)|HEAP_ALLOCATE|[61]|Bytes:4
10:27:47.0 (14383859)|VARIABLE_SCOPE_BEGIN|[61]|components|List<Map<String,ANY>>|true|false
10:27:47.0 (14400143)|HEAP_ALLOCATE|[EXTERNAL]|Bytes:4
10:27:47.0 (14410923)|VARIABLE_ASSIGNMENT|[61]|components|[]|0x2703a1bc
10:27:47.0 (14415264)|STATEMENT_EXECUTE|[62]
10:27:47.0 (14425714)|METHOD_ENTRY|[62]|01pgL000000Qgig|CreateTemplateWrapper.buildHeaderComponent(CreateTemplateWrapper.TemplateWrapper)
10:27:47.0 (14443288)|VARIABLE_SCOPE_BEGIN|[102]|templateWrapper|CreateTemplateWrapper.TemplateWrapper|true|false
10:27:47.0 (14499955)|VARIABLE_ASSIGNMENT|[102]|templateWrapper|{"expireTime":300,"headAlternateTexts":"0x75a1b204","packagename":"0x66b81d5b","signaturename":"0x41c63458","tempHeaderFormat":"None","tempHeaderText":"","tempLanguage":"en_US","templateBody":"Hello","templateCategory":"Authentication","templateName":"test_auth_6","templateType":"One-time passcode","varAlternateTexts":"0x7ef13ba7"}|0x63887ef
10:27:47.0 (14509856)|HEAP_ALLOCATE|[103]|Bytes:5
10:27:47.0 (14514487)|STATEMENT_EXECUTE|[102]
10:27:47.0 (14516313)|STATEMENT_EXECUTE|[103]
10:27:47.0 (14521286)|HEAP_ALLOCATE|[103]|Bytes:4
10:27:47.0 (14531011)|VARIABLE_SCOPE_BEGIN|[103]|headerComponent|Map<String,ANY>|true|false
10:27:47.0 (14546951)|VARIABLE_ASSIGNMENT|[103]|headerComponent|{}|0x65c65d4c
10:27:47.0 (14551005)|STATEMENT_EXECUTE|[105]
10:27:47.0 (14552520)|STATEMENT_EXECUTE|[105]
10:27:47.0 (14556483)|HEAP_ALLOCATE|[106]|Bytes:4
10:27:47.0 (14586601)|STATEMENT_EXECUTE|[106]
10:27:47.0 (14589121)|STATEMENT_EXECUTE|[107]
10:27:47.0 (14596986)|METHOD_EXIT|[62]|01pgL000000Qgig|CreateTemplateWrapper.buildHeaderComponent(CreateTemplateWrapper.TemplateWrapper)
10:27:47.0 (14739641)|VARIABLE_SCOPE_BEGIN|[62]|headerComponent|Map<String,ANY>|true|false
10:27:47.0 (14760106)|VARIABLE_ASSIGNMENT|[62]|headerComponent|{}|0x65c65d4c
10:27:47.0 (14797746)|STATEMENT_EXECUTE|[63]
10:27:47.0 (14801035)|STATEMENT_EXECUTE|[67]
10:27:47.0 (14802616)|STATEMENT_EXECUTE|[68]
10:27:47.0 (14804708)|HEAP_ALLOCATE|[68]|Bytes:30
10:27:47.0 (14812227)|HEAP_ALLOCATE|[68]|Bytes:35
10:27:47.0 (14847271)|USER_DEBUG|[68]|DEBUG|templateWrapper.templateBody: Hello
10:27:47.0 (14853051)|STATEMENT_EXECUTE|[70]
10:27:47.0 (14861763)|METHOD_ENTRY|[70]|01pgL000000Qgig|CreateTemplateWrapper.buildBodyComponent(CreateTemplateWrapper.TemplateWrapper)
10:27:47.0 (14877483)|VARIABLE_SCOPE_BEGIN|[141]|templateWrapper|CreateTemplateWrapper.TemplateWrapper|true|false
10:27:47.0 (14942522)|VARIABLE_ASSIGNMENT|[141]|templateWrapper|{"expireTime":300,"headAlternateTexts":"0x75a1b204","packagename":"0x66b81d5b","signaturename":"0x41c63458","tempHeaderFormat":"None","tempHeaderText":"","tempLanguage":"en_US","templateBody":"Hello","templateCategory":"Authentication","templateName":"test_auth_6","templateType":"One-time passcode","varAlternateTexts":"0x7ef13ba7"}|0x63887ef
10:27:47.0 (14954108)|HEAP_ALLOCATE|[142]|Bytes:5
10:27:47.0 (14959132)|STATEMENT_EXECUTE|[141]
10:27:47.0 (14961440)|STATEMENT_EXECUTE|[142]
10:27:47.0 (14962907)|STATEMENT_EXECUTE|[142]
10:27:47.0 (14964742)|STATEMENT_EXECUTE|[144]
10:27:47.0 (14971283)|VARIABLE_SCOPE_BEGIN|[144]|bodyComponent|Map<String,ANY>|true|false
10:27:47.0 (14984034)|VARIABLE_ASSIGNMENT|[144]|bodyComponent|null|
10:27:47.0 (14988769)|HEAP_ALLOCATE|[146]|Bytes:14
10:27:47.0 (15003492)|STATEMENT_EXECUTE|[146]
10:27:47.0 (15005965)|STATEMENT_EXECUTE|[147]
10:27:47.0 (15011537)|HEAP_ALLOCATE|[147]|Bytes:4
10:27:47.0 (15016915)|HEAP_ALLOCATE|[148]|Bytes:4
10:27:47.0 (15019818)|HEAP_ALLOCATE|[148]|Bytes:4
10:27:47.0 (15069810)|VARIABLE_ASSIGNMENT|[147]|bodyComponent|{"type":"BODY"}|0x254f28e2
10:27:47.0 (15076686)|STATEMENT_EXECUTE|[158]
10:27:47.0 (15078410)|STATEMENT_EXECUTE|[163]
10:27:47.0 (15084649)|METHOD_EXIT|[70]|01pgL000000Qgig|CreateTemplateWrapper.buildBodyComponent(CreateTemplateWrapper.TemplateWrapper)
10:27:47.0 (15100035)|HEAP_ALLOCATE|[EXTERNAL]|Bytes:4
10:27:47.0 (15107002)|STATEMENT_EXECUTE|[73]
10:27:47.0 (15108586)|STATEMENT_EXECUTE|[80]
10:27:47.0 (15116075)|METHOD_ENTRY|[80]|01pgL000000Qgig|CreateTemplateWrapper.buildButtonComponent(CreateTemplateWrapper.TemplateWrapper)
10:27:47.0 (15133565)|VARIABLE_SCOPE_BEGIN|[235]|templateWrapper|CreateTemplateWrapper.TemplateWrapper|true|false
10:27:47.0 (15188877)|VARIABLE_ASSIGNMENT|[235]|templateWrapper|{"expireTime":300,"headAlternateTexts":"0x75a1b204","packagename":"0x66b81d5b","signaturename":"0x41c63458","tempHeaderFormat":"None","tempHeaderText":"","tempLanguage":"en_US","templateBody":"Hello","templateCategory":"Authentication","templateName":"test_auth_6","templateType":"One-time passcode","varAlternateTexts":"0x7ef13ba7"}|0x63887ef
10:27:47.0 (15200174)|HEAP_ALLOCATE|[236]|Bytes:5
10:27:47.0 (15205026)|STATEMENT_EXECUTE|[235]
10:27:47.0 (15206776)|STATEMENT_EXECUTE|[236]
10:27:47.0 (15213000)|HEAP_ALLOCATE|[236]|Bytes:4
10:27:47.0 (15242182)|VARIABLE_SCOPE_BEGIN|[236]|buttonComponents|List<Map<String,ANY>>|true|false
10:27:47.0 (15259973)|HEAP_ALLOCATE|[EXTERNAL]|Bytes:4
10:27:47.0 (15270992)|VARIABLE_ASSIGNMENT|[236]|buttonComponents|[]|0x31a35844
10:27:47.0 (15275188)|STATEMENT_EXECUTE|[238]
10:27:47.0 (15276695)|STATEMENT_EXECUTE|[238]
10:27:47.0 (15289240)|STATEMENT_EXECUTE|[240]
10:27:47.0 (15291056)|STATEMENT_EXECUTE|[241]
10:27:47.0 (15295082)|HEAP_ALLOCATE|[241]|Bytes:4
10:27:47.0 (15300822)|HEAP_ALLOCATE|[242]|Bytes:3
10:27:47.0 (15329745)|HEAP_ALLOCATE|[243]|Bytes:4
10:27:47.0 (15332965)|HEAP_ALLOCATE|[243]|Bytes:11
10:27:47.0 (15343496)|HEAP_ALLOCATE|[244]|Bytes:8
10:27:47.0 (15350427)|HEAP_ALLOCATE|[244]|Bytes:9
10:27:47.0 (15365080)|VARIABLE_SCOPE_BEGIN|[241]|buttonComponent|Map<String,ANY>|true|false
10:27:47.0 (15385727)|VARIABLE_ASSIGNMENT|[241]|buttonComponent|{"type":"OTP","text":"Verify Code","otp_type":"COPY_CODE"}|0xb97118d
10:27:47.0 (15390441)|STATEMENT_EXECUTE|[246]
10:27:47.0 (15412722)|HEAP_ALLOCATE|[EXTERNAL]|Bytes:4
10:27:47.0 (15418154)|STATEMENT_EXECUTE|[247]
10:27:47.0 (15424825)|METHOD_EXIT|[80]|01pgL000000Qgig|CreateTemplateWrapper.buildButtonComponent(CreateTemplateWrapper.TemplateWrapper)
10:27:47.0 (15431644)|VARIABLE_SCOPE_BEGIN|[80]|buttonComponents|List<Map<String,ANY>>|true|false
10:27:47.0 (15450422)|VARIABLE_ASSIGNMENT|[80]|buttonComponents|[{"type":"OTP","text":"Verify Code","otp_type":"COPY_CODE"}]|0x31a35844
10:27:47.0 (15475566)|STATEMENT_EXECUTE|[81]
10:27:47.0 (15477406)|STATEMENT_EXECUTE|[82]
10:27:47.0 (15481487)|HEAP_ALLOCATE|[82]|Bytes:4
10:27:47.0 (15487390)|HEAP_ALLOCATE|[83]|Bytes:7
10:27:47.0 (15511235)|HEAP_ALLOCATE|[84]|Bytes:7
10:27:47.0 (15527277)|HEAP_ALLOCATE|[EXTERNAL]|Bytes:4
10:27:47.0 (15531956)|STATEMENT_EXECUTE|[87]
10:27:47.0 (15538218)|METHOD_EXIT|[33]|01pgL000000Qgig|CreateTemplateWrapper.buildMarketingOrUtilityComponents(CreateTemplateWrapper.TemplateWrapper)
10:27:47.0 (15557458)|HEAP_ALLOCATE|[33]|Bytes:8
10:27:47.0 (15564967)|HEAP_ALLOCATE|[33]|Bytes:8
10:27:47.0 (15568244)|HEAP_ALLOCATE|[EXTERNAL]|Bytes:4
10:27:47.0 (15572221)|HEAP_ALLOCATE|[33]|Bytes:12
10:27:47.0 (15575074)|HEAP_ALLOCATE|[EXTERNAL]|Bytes:4
10:27:47.0 (15577009)|HEAP_ALLOCATE|[33]|Bytes:8
10:27:47.0 (15598669)|STATEMENT_EXECUTE|[35]
10:27:47.0 (15600806)|STATEMENT_EXECUTE|[36]
10:27:47.0 (15602736)|HEAP_ALLOCATE|[36]|Bytes:10
10:27:47.0 (15625281)|HEAP_ALLOCATE|[EXTERNAL]|Bytes:-4
10:27:47.0 (15631599)|STATEMENT_EXECUTE|[38]
10:27:47.0 (15633404)|STATEMENT_EXECUTE|[39]
10:27:47.0 (15635072)|HEAP_ALLOCATE|[39]|Bytes:24
10:27:47.0 (15667408)|HEAP_ALLOCATE|[EXTERNAL]|Bytes:-4
10:27:47.0 (15672549)|STATEMENT_EXECUTE|[43]
10:27:47.0 (15674294)|HEAP_ALLOCATE|[43]|Bytes:15
10:27:47.0 (15685049)|METHOD_ENTRY|[43]||System.JSON.serialize(Object)
10:27:47.0 (16692137)|METHOD_EXIT|[43]||System.JSON.serialize(Object)
10:27:47.0 (16705699)|HEAP_ALLOCATE|[43]|Bytes:236
10:27:47.0 (16728700)|USER_DEBUG|[43]|DEBUG|Final Payload: {"message_send_ttl_seconds":300,"components":[{"type":"BODY"},{"buttons":[{"otp_type":"COPY_CODE","text":"Verify Code","type":"OTP"}],"type":"BUTTONS"}],"category":"Authentication","language":"en_US","name":"test_auth_6"}
10:27:47.0 (16737702)|STATEMENT_EXECUTE|[44]
10:27:47.0 (16746864)|METHOD_EXIT|[466]|01pgL000000Qgig|CreateTemplateWrapper.buildPayload(CreateTemplateWrapper.TemplateWrapper)
10:27:47.0 (16761537)|VARIABLE_SCOPE_BEGIN|[466]|payload|Map<String,ANY>|true|false
10:27:47.0 (16813792)|VARIABLE_ASSIGNMENT|[466]|payload|{"name":"test_auth_6","language":"en_US","category":"Authentication","components":[{"type":"BODY"},{"type":"BUTTONS","buttons":[{"type":"OTP","text":"Verify Code","otp_type":"COPY_CODE"}]}],"message_send_ttl_seconds":300}|0x204c10b6
10:27:47.0 (16820169)|STATEMENT_EXECUTE|[467]
10:27:47.0 (16823231)|HEAP_ALLOCATE|[467]|Bytes:33
10:27:47.0 (16838196)|HEAP_ALLOCATE|[467]|Bytes:18
10:27:47.0 (16847846)|HEAP_ALLOCATE|[467]|Bytes:66
10:27:47.0 (16870366)|VARIABLE_ASSIGNMENT|[467]|WBTemplateController.endpoint|"https://graph.facebo (46 more) ..."
10:27:47.0 (16876003)|STATEMENT_EXECUTE|[469]
10:27:47.0 (16930289)|VARIABLE_SCOPE_BEGIN|[469]|req|System.HttpRequest|true|false
10:27:47.0 (17007263)|VARIABLE_ASSIGNMENT|[469]|req|"System.HttpRequest[Endpoint=null, Method=null]"|0x65a95e27
10:27:47.0 (17012878)|STATEMENT_EXECUTE|[470]
10:27:47.0 (17072728)|STATEMENT_EXECUTE|[471]
10:27:47.0 (17075291)|HEAP_ALLOCATE|[471]|Bytes:4
10:27:47.0 (17098955)|STATEMENT_EXECUTE|[472]
10:27:47.0 (17101782)|HEAP_ALLOCATE|[472]|Bytes:12
10:27:47.0 (17105678)|HEAP_ALLOCATE|[472]|Bytes:16
10:27:47.0 (17128803)|STATEMENT_EXECUTE|[473]
10:27:47.0 (17130827)|HEAP_ALLOCATE|[473]|Bytes:13
10:27:47.0 (17134631)|HEAP_ALLOCATE|[473]|Bytes:7
10:27:47.0 (17140651)|HEAP_ALLOCATE|[473]|Bytes:212
10:27:47.0 (17158784)|STATEMENT_EXECUTE|[474]
10:27:47.0 (17168715)|METHOD_ENTRY|[474]||System.JSON.serialize(Object)
10:27:47.0 (17896079)|METHOD_EXIT|[474]||System.JSON.serialize(Object)
10:27:47.0 (17952526)|STATEMENT_EXECUTE|[476]
10:27:47.0 (17989516)|VARIABLE_SCOPE_BEGIN|[476]|http|System.Http|true|false
10:27:47.0 (18053722)|VARIABLE_ASSIGNMENT|[476]|http|"System.Http[]"|0x15cdeac0
10:27:47.0 (18059449)|STATEMENT_EXECUTE|[477]
10:27:47.0 (18209895)|CALLOUT_REQUEST|[477]|System.HttpRequest[Endpoint=https://graph.facebook.com/v20.0/499269473267232/message_templates, Method=POST]
10:27:51.644 (4644083447)|HEAP_ALLOCATE|[EXTERNAL]|Bytes:1009
10:27:51.644 (4646488832)|CALLOUT_RESPONSE|[477]|System.HttpResponse[Status=OK, StatusCode=200]
10:27:51.644 (4646523879)|HEAP_ALLOCATE|[477]|Bytes:79
10:27:51.644 (4646606761)|VARIABLE_SCOPE_BEGIN|[477]|res|System.HttpResponse|true|false
10:27:51.644 (4646827921)|VARIABLE_ASSIGNMENT|[477]|res|"System.HttpResponse[Status=OK, StatusCode=200]"|0x7d4c3af4
10:27:51.644 (4646842864)|STATEMENT_EXECUTE|[478]
10:27:51.644 (4646850285)|HEAP_ALLOCATE|[478]|Bytes:17
10:27:51.644 (4646977543)|HEAP_ALLOCATE|[478]|Bytes:73
10:27:51.644 (4646998991)|HEAP_ALLOCATE|[478]|Bytes:90
10:27:51.644 (4647028751)|USER_DEBUG|[478]|DEBUG|Response Body ==>{"id":"1227842745424823","status":"APPROVED","category":"AUTHENTICATION"}
10:27:51.644 (4647063058)|STATEMENT_EXECUTE|[480]
10:27:51.644 (4647064484)|STATEMENT_EXECUTE|[482]
10:27:51.644 (4647066464)|HEAP_ALLOCATE|[482]|Bytes:10
10:27:51.644 (4647139981)|HEAP_ALLOCATE|[482]|Bytes:46
10:27:51.644 (4647150301)|HEAP_ALLOCATE|[482]|Bytes:56
10:27:51.644 (4647160523)|USER_DEBUG|[482]|DEBUG|Res is :: System.HttpResponse[Status=OK, StatusCode=200]
10:27:51.644 (4647166182)|STATEMENT_EXECUTE|[483]
10:27:51.644 (4647167791)|HEAP_ALLOCATE|[483]|Bytes:14
10:27:51.644 (4647340267)|HEAP_ALLOCATE|[483]|Bytes:191
10:27:51.644 (4647355082)|HEAP_ALLOCATE|[483]|Bytes:205
10:27:51.644 (4647366966)|USER_DEBUG|[483]|DEBUG|payload is :: {category=Authentication, components=({type=BODY}, {buttons=({otp_type=COPY_CODE, text=Verify Code, type=OTP}), type=BUTTONS}), language=en_US, message_send_ttl_seconds=300, name=test_auth_6}
10:27:51.644 (4647373814)|STATEMENT_EXECUTE|[484]
10:27:51.644 (4647375583)|HEAP_ALLOCATE|[484]|Bytes:15
10:27:51.644 (4647404280)|HEAP_ALLOCATE|[484]|Bytes:2
10:27:51.644 (4647412017)|HEAP_ALLOCATE|[484]|Bytes:17
10:27:51.644 (4647420538)|USER_DEBUG|[484]|DEBUG|response is :: {}
10:27:51.644 (4647425614)|STATEMENT_EXECUTE|[485]
10:27:51.644 (4647427050)|HEAP_ALLOCATE|[485]|Bytes:22
10:27:51.644 (4647496765)|HEAP_ALLOCATE|[485]|Bytes:491
10:27:51.644 (4647506538)|HEAP_ALLOCATE|[485]|Bytes:513
10:27:51.644 (4647536467)|USER_DEBUG|[485]|DEBUG|templateWrapper is :: TemplateWrapper:[autofillCheck=null, expireTime=300, headAlternateTexts=(), packagename=(), phoneNumber=null, signaturename=(), tempFooterText=null, tempHeaderExample=null, tempHeaderFormat=None, tempHeaderHandle=null, tempHeaderText=, tempImgId=null, tempImgName=null, tempImgUrl=null, tempLanguage=en_US, templateBody=Hello, templateBodyText=null, templateCategory=Authentication, templateName=test_auth_6, templateType=One-time passcode, typeOfButton=null, url=null, varAlternateTexts=()]
10:27:51.644 (4647545240)|STATEMENT_EXECUTE|[486]
10:27:51.644 (4647562467)|METHOD_ENTRY|[486]|01pgL000000Qgig|CreateTemplateWrapper.handleSuccessResponse(System.HttpResponse, Map<String,ANY>, Map<String,ANY>, CreateTemplateWrapper.TemplateWrapper)
10:27:51.644 (4647596340)|VARIABLE_SCOPE_BEGIN|[325]|res|System.HttpResponse|true|false
10:27:51.644 (4647668797)|VARIABLE_ASSIGNMENT|[325]|res|"System.HttpResponse[Status=OK, StatusCode=200]"|0x7d4c3af4
10:27:51.644 (4647676533)|VARIABLE_SCOPE_BEGIN|[325]|payload|Map<String,ANY>|true|false
10:27:51.644 (4647720994)|VARIABLE_ASSIGNMENT|[325]|payload|{"name":"test_auth_6","language":"en_US","category":"Authentication","components":[{"type":"BODY"},{"type":"BUTTONS","buttons":[{"type":"OTP","text":"Verify Code","otp_type":"COPY_CODE"}]}],"message_send_ttl_seconds":300}|0x204c10b6
10:27:51.644 (4647728353)|VARIABLE_SCOPE_BEGIN|[325]|response|Map<String,ANY>|true|false
10:27:51.644 (4647738549)|VARIABLE_ASSIGNMENT|[325]|response|{}|0x7a91c1ab
10:27:51.644 (4647743679)|VARIABLE_SCOPE_BEGIN|[325]|templateWrapper|CreateTemplateWrapper.TemplateWrapper|true|false
10:27:51.644 (4647835174)|VARIABLE_ASSIGNMENT|[325]|templateWrapper|{"expireTime":300,"headAlternateTexts":"0x75a1b204","packagename":"0x66b81d5b","signaturename":"0x41c63458","tempHeaderFormat":"None","tempHeaderText":"","tempLanguage":"en_US","templateBody":"Hello","templateCategory":"Authentication","templateName":"test_auth_6","templateType":"One-time passcode","varAlternateTexts":"0x7ef13ba7"}|0x63887ef
10:27:51.644 (4647859863)|HEAP_ALLOCATE|[326]|Bytes:5
10:27:51.644 (4647868479)|STATEMENT_EXECUTE|[325]
10:27:51.644 (4647870072)|STATEMENT_EXECUTE|[326]
10:27:51.644 (4647891792)|VARIABLE_SCOPE_BEGIN|[326]|templateId|Id|false|false
10:27:51.644 (4647904841)|VARIABLE_ASSIGNMENT|[326]|templateId|null
10:27:51.644 (4647907852)|STATEMENT_EXECUTE|[327]
10:27:51.644 (4647944619)|HEAP_ALLOCATE|[327]|Bytes:46
10:27:51.644 (4647955476)|HEAP_ALLOCATE|[327]|Bytes:56
10:27:51.644 (4647972689)|USER_DEBUG|[327]|DEBUG|Res is :: System.HttpResponse[Status=OK, StatusCode=200]
10:27:51.644 (4647980779)|STATEMENT_EXECUTE|[328]
10:27:51.644 (4648021884)|HEAP_ALLOCATE|[328]|Bytes:191
10:27:51.644 (4648032214)|HEAP_ALLOCATE|[328]|Bytes:205
10:27:51.644 (4648042989)|USER_DEBUG|[328]|DEBUG|payload is :: {category=Authentication, components=({type=BODY}, {buttons=({otp_type=COPY_CODE, text=Verify Code, type=OTP}), type=BUTTONS}), language=en_US, message_send_ttl_seconds=300, name=test_auth_6}
10:27:51.644 (4648049389)|STATEMENT_EXECUTE|[329]
10:27:51.644 (4648072289)|HEAP_ALLOCATE|[329]|Bytes:2
10:27:51.644 (4648080548)|HEAP_ALLOCATE|[329]|Bytes:17
10:27:51.644 (4648089356)|USER_DEBUG|[329]|DEBUG|response is :: {}
10:27:51.644 (4648094224)|STATEMENT_EXECUTE|[330]
10:27:51.644 (4648140915)|HEAP_ALLOCATE|[330]|Bytes:491
10:27:51.644 (4648149406)|HEAP_ALLOCATE|[330]|Bytes:513
10:27:51.644 (4648158191)|USER_DEBUG|[330]|DEBUG|templateWrapper is :: TemplateWrapper:[autofillCheck=null, expireTime=300, headAlternateTexts=(), packagename=(), phoneNumber=null, signaturename=(), tempFooterText=null, tempHeaderExample=null, tempHeaderFormat=None, tempHeaderHandle=null, tempHeaderText=, tempImgId=null, tempImgName=null, tempImgUrl=null, tempLanguage=en_US, templateBody=Hello, templateBodyText=null, templateCategory=Authentication, templateName=test_auth_6, templateType=One-time passcode, typeOfButton=null, url=null, varAlternateTexts=()]
10:27:51.644 (4648166321)|STATEMENT_EXECUTE|[331]
10:27:51.644 (4648167543)|STATEMENT_EXECUTE|[331]
10:27:51.644 (4648168674)|STATEMENT_EXECUTE|[333]
10:27:51.644 (4648205756)|HEAP_ALLOCATE|[333]|Bytes:73
10:27:51.644 (4648220618)|METHOD_ENTRY|[333]||System.JSON.deserializeUntyped(String)
10:27:51.644 (4648475267)|METHOD_EXIT|[333]||System.JSON.deserializeUntyped(String)
10:27:51.644 (4648488507)|VARIABLE_SCOPE_BEGIN|[333]|responseMap|Map<String,ANY>|true|false
10:27:51.644 (4648520923)|VARIABLE_ASSIGNMENT|[333]|responseMap|{"id":"1227842745424823","status":"APPROVED","category":"AUTHENTICATION"}|0x318f4e6a
10:27:51.644 (4648525588)|STATEMENT_EXECUTE|[334]
10:27:51.644 (4648534578)|METHOD_ENTRY|[334]||System.JSON.serialize(Object)
10:27:51.644 (4649395640)|METHOD_EXIT|[334]||System.JSON.serialize(Object)
10:27:51.644 (4649411973)|METHOD_ENTRY|[334]||System.JSON.deserializeUntyped(String)
10:27:51.644 (4650211605)|METHOD_EXIT|[334]||System.JSON.deserializeUntyped(String)
10:27:51.644 (4650242446)|VARIABLE_SCOPE_BEGIN|[334]|payloadMap|Map<String,ANY>|true|false
10:27:51.644 (4650286331)|HEAP_ALLOCATE|[EXTERNAL]|Bytes:8
10:27:51.644 (4650291924)|HEAP_ALLOCATE|[EXTERNAL]|Bytes:12
10:27:51.644 (4650346809)|VARIABLE_ASSIGNMENT|[334]|payloadMap|{"message_send_ttl_seconds":300,"components":[{"type":"BODY"},{"buttons":[{"otp_type":"COPY_CODE","text":"Verify Code","type":"OTP"}],"type":"BUTTONS"}],"category":"Authentication","language":"en_US","name":"test_auth_6"}|0x17d641af
10:27:51.644 (4650357674)|STATEMENT_EXECUTE|[337]
10:27:51.644 (4650366258)|VARIABLE_SCOPE_BEGIN|[337]|buttonDetails|String|false|false
10:27:51.644 (4650382558)|VARIABLE_ASSIGNMENT|[337]|buttonDetails|null
10:27:51.644 (4650387528)|STATEMENT_EXECUTE|[338]
10:27:51.644 (4650449308)|VARIABLE_SCOPE_BEGIN|[338]|templatename|String|false|false
10:27:51.644 (4650466243)|VARIABLE_ASSIGNMENT|[338]|templatename|"test_auth_6"
10:27:51.644 (4650471102)|STATEMENT_EXECUTE|[339]
10:27:51.644 (4650555831)|VARIABLE_SCOPE_BEGIN|[339]|whatsAppTemplate|Template__c|true|false
10:27:51.644 (4650571882)|VARIABLE_ASSIGNMENT|[339]|whatsAppTemplate|null|
10:27:51.644 (4650587326)|STATEMENT_EXECUTE|[348]
10:27:51.644 (4650591889)|HEAP_ALLOCATE|[348]|Bytes:89
10:27:51.644 (4650609634)|HEAP_ALLOCATE|[348]|Bytes:4
10:27:51.644 (4651322299)|SOQL_EXECUTE_BEGIN|[348]|Aggregations:0|SELECT Id, Name, Template_Name__c, Template_Id__c FROM Template__c WITH SECURITY_ENFORCED
10:27:51.644 (4651947141)|HEAP_ALLOCATE|[EXTERNAL]|Bytes:4
10:27:51.644 (4652044010)|HEAP_ALLOCATE|[EXTERNAL]|Bytes:4
10:27:51.644 (4652311404)|HEAP_ALLOCATE|[EXTERNAL]|Bytes:4
10:27:51.644 (4652392657)|HEAP_ALLOCATE|[EXTERNAL]|Bytes:4
10:27:51.644 (4667470333)|SOQL_EXECUTE_END|[348]|Rows:46
10:27:51.644 (4667511186)|HEAP_ALLOCATE|[348]|Bytes:188
10:27:51.644 (4667570463)|HEAP_ALLOCATE|[348]|Bytes:5157
10:27:51.644 (4667622781)|HEAP_ALLOCATE|[348]|Bytes:188
10:27:51.644 (4667652548)|VARIABLE_SCOPE_BEGIN|[348]|allTemplates|List<Template__c>|true|false
10:27:51.644 (4667692037)|VARIABLE_ASSIGNMENT|[348]|allTemplates|"List of size 46 too large to display"|0x7df81de8
10:27:51.644 (4667697545)|STATEMENT_EXECUTE|[353]
10:27:51.644 (4667704918)|HEAP_ALLOCATE|[353]|Bytes:4
10:27:51.644 (4667804521)|VARIABLE_SCOPE_BEGIN|[353]|whatsAppTemplateList|List<Template__c>|true|false
10:27:51.644 (4667812893)|HEAP_ALLOCATE|[EXTERNAL]|Bytes:4
10:27:51.644 (4667825923)|VARIABLE_ASSIGNMENT|[353]|whatsAppTemplateList|[]|0x6237b137
10:27:51.644 (4667970485)|HEAP_ALLOCATE|[354]|Bytes:5
10:27:51.644 (4667989773)|HEAP_ALLOCATE|[354]|Bytes:20
10:27:51.644 (4668001814)|VARIABLE_SCOPE_BEGIN|[354]|template|Template__c|true|false
10:27:51.644 (4668039957)|VARIABLE_ASSIGNMENT|[354]|template|{"Id":"a0DgL000001Uo0SUAS","Name":"WBC-0000","Template_Name__c":"testtemplate2","Template_Id__c":"696443882813141"}|0x220e9e0c
10:27:51.644 (4668045855)|STATEMENT_EXECUTE|[354]
10:27:51.644 (4668141560)|STATEMENT_EXECUTE|[355]
10:27:51.644 (4668151440)|HEAP_ALLOCATE|[354]|Bytes:5
10:27:51.644 (4668160381)|HEAP_ALLOCATE|[354]|Bytes:20
10:27:51.644 (4668169117)|VARIABLE_SCOPE_BEGIN|[354]|template|Template__c|true|false
10:27:51.644 (4668191399)|VARIABLE_ASSIGNMENT|[354]|template|{"Id":"a0DgL000001W1a5UAC","Name":"WBC-0005","Template_Name__c":"testcalltemplate1","Template_Id__c":"1731901891016159"}|0x58e26960
10:27:51.644 (4668196614)|STATEMENT_EXECUTE|[354]
10:27:51.644 (4668214775)|STATEMENT_EXECUTE|[355]
10:27:51.644 (4668221497)|HEAP_ALLOCATE|[354]|Bytes:5
10:27:51.644 (4668231331)|HEAP_ALLOCATE|[354]|Bytes:20
10:27:51.644 (4668240179)|VARIABLE_SCOPE_BEGIN|[354]|template|Template__c|true|false
10:27:51.644 (4668261981)|VARIABLE_ASSIGNMENT|[354]|template|{"Id":"a0DgL000001WIHNUA4","Name":"WBC-0012","Template_Name__c":"testbuttontemp9","Template_Id__c":"1870074500428898"}|0x6101b8a2
10:27:51.644 (4668267257)|STATEMENT_EXECUTE|[354]
10:27:51.644 (4668285467)|STATEMENT_EXECUTE|[355]
10:27:51.644 (4668292297)|HEAP_ALLOCATE|[354]|Bytes:5
10:27:51.644 (4668299992)|HEAP_ALLOCATE|[354]|Bytes:20
10:27:51.644 (4668306810)|VARIABLE_SCOPE_BEGIN|[354]|template|Template__c|true|false
10:27:51.644 (4668322174)|VARIABLE_ASSIGNMENT|[354]|template|{"Id":"a0DgL000001WMPpUAO","Name":"WBC-0013","Template_Name__c":"testbuttontemp10","Template_Id__c":"657746323331632"}|0x46299bb4
10:27:51.644 (4668325964)|STATEMENT_EXECUTE|[354]
10:27:51.644 (4668339785)|STATEMENT_EXECUTE|[355]
10:27:51.644 (4668346116)|HEAP_ALLOCATE|[354]|Bytes:5
10:27:51.644 (4668352933)|HEAP_ALLOCATE|[354]|Bytes:20
10:27:51.644 (4668359245)|VARIABLE_SCOPE_BEGIN|[354]|template|Template__c|true|false
10:27:51.644 (4668373314)|VARIABLE_ASSIGNMENT|[354]|template|{"Id":"a0DgL000001YBznUAG","Name":"WBC-0016","Template_Name__c":"tempwebsite2","Template_Id__c":"991752186393787"}|0x10019383
10:27:51.644 (4668376879)|STATEMENT_EXECUTE|[354]
10:27:51.644 (4668389191)|STATEMENT_EXECUTE|[355]
10:27:51.644 (4668395026)|HEAP_ALLOCATE|[354]|Bytes:5
10:27:51.644 (4668401447)|HEAP_ALLOCATE|[354]|Bytes:20
10:27:51.644 (4668407591)|VARIABLE_SCOPE_BEGIN|[354]|template|Template__c|true|false
10:27:51.644 (4668421400)|VARIABLE_ASSIGNMENT|[354]|template|{"Id":"a0DgL000001YUntUAG","Name":"WBC-0014","Template_Name__c":"testmarketbutton1","Template_Id__c":"661774273035150"}|0x5b63418a
10:27:51.644 (4668425267)|STATEMENT_EXECUTE|[354]
10:27:51.644 (4668438691)|STATEMENT_EXECUTE|[355]
10:27:51.644 (4668445460)|HEAP_ALLOCATE|[354]|Bytes:5
10:27:51.644 (4668452373)|HEAP_ALLOCATE|[354]|Bytes:20
10:27:51.644 (4668459215)|VARIABLE_SCOPE_BEGIN|[354]|template|Template__c|true|false
10:27:51.644 (4668473285)|VARIABLE_ASSIGNMENT|[354]|template|{"Id":"a0DgL000001YV0nUAG","Name":"WBC-0015","Template_Name__c":"tempwebsite1","Template_Id__c":"2088281145006199"}|0x374b26ec
10:27:51.644 (4668476899)|STATEMENT_EXECUTE|[354]
10:27:51.644 (4668489204)|STATEMENT_EXECUTE|[355]
10:27:51.644 (4668494831)|HEAP_ALLOCATE|[354]|Bytes:5
10:27:51.644 (4668501526)|HEAP_ALLOCATE|[354]|Bytes:20
10:27:51.644 (4668509456)|VARIABLE_SCOPE_BEGIN|[354]|template|Template__c|true|false
10:27:51.644 (4668523441)|VARIABLE_ASSIGNMENT|[354]|template|{"Id":"a0DgL000001YVyTUAW","Name":"WBC-0017","Template_Name__c":"tempoffer1","Template_Id__c":"1157427235706544"}|0x3db5ff8a
10:27:51.644 (4668526799)|STATEMENT_EXECUTE|[354]
10:27:51.644 (4668540704)|STATEMENT_EXECUTE|[355]
10:27:51.644 (4668549029)|HEAP_ALLOCATE|[354]|Bytes:5
10:27:51.644 (4668558857)|HEAP_ALLOCATE|[354]|Bytes:20
10:27:51.644 (4668567428)|VARIABLE_SCOPE_BEGIN|[354]|template|Template__c|true|false
10:27:51.644 (4668587994)|VARIABLE_ASSIGNMENT|[354]|template|{"Id":"a0DgL000001YZh7UAG","Name":"WBC-0021","Template_Name__c":"tempoffer7","Template_Id__c":"1037885594561697"}|0x21b4fe34
10:27:51.644 (4668592829)|STATEMENT_EXECUTE|[354]
10:27:51.644 (4668611717)|STATEMENT_EXECUTE|[355]
10:27:51.644 (4668621129)|HEAP_ALLOCATE|[354]|Bytes:5
10:27:51.644 (4668631781)|HEAP_ALLOCATE|[354]|Bytes:20
10:27:51.644 (4668641771)|VARIABLE_SCOPE_BEGIN|[354]|template|Template__c|true|false
10:27:51.644 (4668666673)|VARIABLE_ASSIGNMENT|[354]|template|{"Id":"a0DgL000001Yb7pUAC","Name":"WBC-0022","Template_Name__c":"tempoffer8","Template_Id__c":"1046072017431035"}|0x609a8499
10:27:51.644 (4668672803)|STATEMENT_EXECUTE|[354]
10:27:51.644 (4668692200)|STATEMENT_EXECUTE|[355]
10:27:51.644 (4668700965)|HEAP_ALLOCATE|[354]|Bytes:5
10:27:51.644 (4668711340)|HEAP_ALLOCATE|[354]|Bytes:20
10:27:51.644 (4668720233)|VARIABLE_SCOPE_BEGIN|[354]|template|Template__c|true|false
10:27:51.644 (4668742145)|VARIABLE_ASSIGNMENT|[354]|template|{"Id":"a0DgL000001YbKjUAK","Name":"WBC-0023","Template_Name__c":"tempoffer9","Template_Id__c":"1619851521997309"}|0xe08b220
10:27:51.644 (4668747125)|STATEMENT_EXECUTE|[354]
10:27:51.644 (4668766134)|STATEMENT_EXECUTE|[355]
10:27:51.644 (4668774629)|HEAP_ALLOCATE|[354]|Bytes:5
10:27:51.644 (4668785886)|HEAP_ALLOCATE|[354]|Bytes:20
10:27:51.644 (4668795511)|VARIABLE_SCOPE_BEGIN|[354]|template|Template__c|true|false
10:27:51.644 (4668818717)|VARIABLE_ASSIGNMENT|[354]|template|{"Id":"a0DgL000001YdJVUA0","Name":"WBC-0025","Template_Name__c":"tempallbuttons1","Template_Id__c":"649808911000838"}|0x1c5345c4
10:27:51.644 (4668824490)|STATEMENT_EXECUTE|[354]
10:27:51.644 (4668844045)|STATEMENT_EXECUTE|[355]
10:27:51.644 (4668852695)|HEAP_ALLOCATE|[354]|Bytes:5
10:27:51.644 (4668863098)|HEAP_ALLOCATE|[354]|Bytes:20
10:27:51.644 (4668871752)|VARIABLE_SCOPE_BEGIN|[354]|template|Template__c|true|false
10:27:51.644 (4668892578)|VARIABLE_ASSIGNMENT|[354]|template|{"Id":"a0DgL000001YjbdUAC","Name":"WBC-0028","Template_Name__c":"tempallbuttons6","Template_Id__c":"1169627694819900"}|0x1a904d24
10:27:51.644 (4668898568)|STATEMENT_EXECUTE|[354]
10:27:51.644 (4668917903)|STATEMENT_EXECUTE|[355]
10:27:51.644 (4668926089)|HEAP_ALLOCATE|[354]|Bytes:5
10:27:51.644 (4668936362)|HEAP_ALLOCATE|[354]|Bytes:20
10:27:51.644 (4668945358)|VARIABLE_SCOPE_BEGIN|[354]|template|Template__c|true|false
10:27:51.644 (4668968037)|VARIABLE_ASSIGNMENT|[354]|template|{"Id":"a0DgL000001Yp60UAC","Name":"WBC-0031","Template_Name__c":"templateoffer2","Template_Id__c":"2754815904703473"}|0x2e9abca3
10:27:51.644 (4668973080)|STATEMENT_EXECUTE|[354]
10:27:51.644 (4668992904)|STATEMENT_EXECUTE|[355]
10:27:51.644 (4669001508)|HEAP_ALLOCATE|[354]|Bytes:5
10:27:51.644 (4669013088)|HEAP_ALLOCATE|[354]|Bytes:20
10:27:51.644 (4669023230)|VARIABLE_SCOPE_BEGIN|[354]|template|Template__c|true|false
10:27:51.644 (4669046443)|VARIABLE_ASSIGNMENT|[354]|template|{"Id":"a0DgL000001YsFAUA0","Name":"WBC-0032","Template_Name__c":"testoffer6","Template_Id__c":"1029344839099953"}|0x65c882e2
10:27:51.644 (4669052280)|STATEMENT_EXECUTE|[354]
10:27:51.644 (4669072641)|STATEMENT_EXECUTE|[355]
10:27:51.644 (4669081202)|HEAP_ALLOCATE|[354]|Bytes:5
10:27:51.644 (4669091399)|HEAP_ALLOCATE|[354]|Bytes:20
10:27:51.644 (4669101127)|VARIABLE_SCOPE_BEGIN|[354]|template|Template__c|true|false
10:27:51.644 (4669122615)|VARIABLE_ASSIGNMENT|[354]|template|{"Id":"a0DgL000001YtpVUAS","Name":"WBC-0029","Template_Name__c":"tempoffer13","Template_Id__c":"642556351688435"}|0x63b396fa
10:27:51.644 (4669128437)|STATEMENT_EXECUTE|[354]
10:27:51.644 (4669146177)|STATEMENT_EXECUTE|[355]
10:27:51.644 (4669154788)|HEAP_ALLOCATE|[354]|Bytes:5
10:27:51.644 (4669164744)|HEAP_ALLOCATE|[354]|Bytes:20
10:27:51.644 (4669173602)|VARIABLE_SCOPE_BEGIN|[354]|template|Template__c|true|false
10:27:51.644 (4669195247)|VARIABLE_ASSIGNMENT|[354]|template|{"Id":"a0DgL000001Yu5dUAC","Name":"WBC-0030","Template_Name__c":"templateoffer1","Template_Id__c":"979441937627264"}|0x7bd20ec5
10:27:51.644 (4669202257)|STATEMENT_EXECUTE|[354]
10:27:51.644 (4669232399)|STATEMENT_EXECUTE|[355]
10:27:51.644 (4669242338)|HEAP_ALLOCATE|[354]|Bytes:5
10:27:51.644 (4669253548)|HEAP_ALLOCATE|[354]|Bytes:20
10:27:51.644 (4669264191)|VARIABLE_SCOPE_BEGIN|[354]|template|Template__c|true|false
10:27:51.644 (4669287497)|VARIABLE_ASSIGNMENT|[354]|template|{"Id":"a0DgL000001Yv4wUAC","Name":"WBC-0035","Template_Name__c":"testoffer16","Template_Id__c":"2560776374133034"}|0xd6cab8
10:27:51.644 (4669293006)|STATEMENT_EXECUTE|[354]
10:27:51.644 (4669315852)|STATEMENT_EXECUTE|[355]
10:27:51.644 (4669324977)|HEAP_ALLOCATE|[354]|Bytes:5
10:27:51.644 (4669335547)|HEAP_ALLOCATE|[354]|Bytes:20
10:27:51.644 (4669344323)|VARIABLE_SCOPE_BEGIN|[354]|template|Template__c|true|false
10:27:51.644 (4669365532)|VARIABLE_ASSIGNMENT|[354]|template|{"Id":"a0DgL000001YvuXUAS","Name":"WBC-0034","Template_Name__c":"templateoffer5","Template_Id__c":"1266767798391440"}|0x212897d2
10:27:51.644 (4669371759)|STATEMENT_EXECUTE|[354]
10:27:51.644 (4669392400)|STATEMENT_EXECUTE|[355]
10:27:51.644 (4669401406)|HEAP_ALLOCATE|[354]|Bytes:5
10:27:51.644 (4669412159)|HEAP_ALLOCATE|[354]|Bytes:20
10:27:51.644 (4669421581)|VARIABLE_SCOPE_BEGIN|[354]|template|Template__c|true|false
10:27:51.644 (4669443077)|VARIABLE_ASSIGNMENT|[354]|template|{"Id":"a0DgL000001YwDwUAK","Name":"WBC-0036","Template_Name__c":"testoffer17","Template_Id__c":"640895572134189"}|0x5ed3c14b
10:27:51.644 (4669448826)|STATEMENT_EXECUTE|[354]
10:27:51.644 (4669468994)|STATEMENT_EXECUTE|[355]
10:27:51.644 (4669477698)|HEAP_ALLOCATE|[354]|Bytes:5
10:27:51.644 (4669488387)|HEAP_ALLOCATE|[354]|Bytes:20
10:27:51.644 (4669499689)|VARIABLE_SCOPE_BEGIN|[354]|template|Template__c|true|false
10:27:51.644 (4669522033)|VARIABLE_ASSIGNMENT|[354]|template|{"Id":"a0DgL000001YwyiUAC","Name":"WBC-0038","Template_Name__c":"tempvedio1","Template_Id__c":"1690346554899053"}|0x351c4872
10:27:51.644 (4669528131)|STATEMENT_EXECUTE|[354]
10:27:51.644 (4669550598)|STATEMENT_EXECUTE|[355]
10:27:51.644 (4669559899)|HEAP_ALLOCATE|[354]|Bytes:5
10:27:51.644 (4669570163)|HEAP_ALLOCATE|[354]|Bytes:20
10:27:51.644 (4669579820)|VARIABLE_SCOPE_BEGIN|[354]|template|Template__c|true|false
10:27:51.644 (4669601358)|VARIABLE_ASSIGNMENT|[354]|template|{"Id":"a0DgL000001Yz8XUAS","Name":"WBC-0037","Template_Name__c":"tempoffer31","Template_Id__c":"1345765913333035"}|0x3a9c763
10:27:51.644 (4669607516)|STATEMENT_EXECUTE|[354]
10:27:51.644 (4669627648)|STATEMENT_EXECUTE|[355]
10:27:51.644 (4669636327)|HEAP_ALLOCATE|[354]|Bytes:5
10:27:51.644 (4669646861)|HEAP_ALLOCATE|[354]|Bytes:20
10:27:51.644 (4669660943)|VARIABLE_SCOPE_BEGIN|[354]|template|Template__c|true|false
10:27:51.644 (4669683686)|VARIABLE_ASSIGNMENT|[354]|template|{"Id":"a0DgL000001Z7CXUA0","Name":"WBC-0039","Template_Name__c":"testuploadutility1","Template_Id__c":"992022499552228"}|0x66da56c3
10:27:51.644 (4669689786)|STATEMENT_EXECUTE|[354]
10:27:51.644 (4669711781)|STATEMENT_EXECUTE|[355]
10:27:51.644 (4669721383)|HEAP_ALLOCATE|[354]|Bytes:5
10:27:51.644 (4669733981)|HEAP_ALLOCATE|[354]|Bytes:20
10:27:51.644 (4669743758)|VARIABLE_SCOPE_BEGIN|[354]|template|Template__c|true|false
10:27:51.644 (4669768837)|VARIABLE_ASSIGNMENT|[354]|template|{"Id":"a0DgL000001Z7NpUAK","Name":"WBC-0040","Template_Name__c":"testutilityorderstat (3 more) ...","Template_Id__c":"962662702694362"}|0x26c30aca
10:27:51.644 (4669775582)|STATEMENT_EXECUTE|[354]
10:27:51.644 (4669796637)|STATEMENT_EXECUTE|[355]
10:27:51.644 (4669806198)|HEAP_ALLOCATE|[354]|Bytes:5
10:27:51.644 (4669815882)|HEAP_ALLOCATE|[354]|Bytes:20
10:27:51.644 (4669825472)|VARIABLE_SCOPE_BEGIN|[354]|template|Template__c|true|false
10:27:51.644 (4669847466)|VARIABLE_ASSIGNMENT|[354]|template|{"Id":"a0DgL000001ZMMuUAO","Name":"WBC-0041","Template_Name__c":"testauth98","Template_Id__c":"636350412712921"}|0x714b89b8
10:27:51.644 (4669852723)|STATEMENT_EXECUTE|[354]
10:27:51.644 (4669874217)|STATEMENT_EXECUTE|[355]
10:27:51.644 (4669883534)|HEAP_ALLOCATE|[354]|Bytes:5
10:27:51.644 (4669893851)|HEAP_ALLOCATE|[354]|Bytes:20
10:27:51.644 (4669903206)|VARIABLE_SCOPE_BEGIN|[354]|template|Template__c|true|false
10:27:51.644 (4669928873)|VARIABLE_ASSIGNMENT|[354]|template|{"Id":"a0DgL000001ZdHFUA0","Name":"WBC-0042","Template_Name__c":"testauthtemp1","Template_Id__c":"1726575518260283"}|0x3c94da2d
10:27:51.644 (4669934946)|STATEMENT_EXECUTE|[354]
10:27:51.644 (4669956921)|STATEMENT_EXECUTE|[355]
10:27:51.644 (4669970194)|HEAP_ALLOCATE|[354]|Bytes:5
10:27:51.644 (4669980790)|HEAP_ALLOCATE|[354]|Bytes:20
10:27:51.644 (4669990385)|VARIABLE_SCOPE_BEGIN|[354]|template|Template__c|true|false
10:27:51.644 (4670011892)|VARIABLE_ASSIGNMENT|[354]|template|{"Id":"a0DgL000001Ze3gUAC","Name":"WBC-0045","Template_Name__c":"testmarketbutton2","Template_Id__c":"3952538848342909"}|0x8ccef32
10:27:51.644 (4670018030)|STATEMENT_EXECUTE|[354]
10:27:51.644 (4670039062)|STATEMENT_EXECUTE|[355]
10:27:51.644 (4670048907)|HEAP_ALLOCATE|[354]|Bytes:5
10:27:51.644 (4670059197)|HEAP_ALLOCATE|[354]|Bytes:20
10:27:51.644 (4670068383)|VARIABLE_SCOPE_BEGIN|[354]|template|Template__c|true|false
10:27:51.644 (4670090518)|VARIABLE_ASSIGNMENT|[354]|template|{"Id":"a0DgL000001ZeObUAK","Name":"WBC-0043","Template_Name__c":"testmarketsend1","Template_Id__c":"976892051238444"}|0x366731bb
10:27:51.644 (4670096395)|STATEMENT_EXECUTE|[354]
10:27:51.644 (4670115488)|STATEMENT_EXECUTE|[355]
10:27:51.644 (4670123615)|HEAP_ALLOCATE|[354]|Bytes:5
10:27:51.644 (4670134679)|HEAP_ALLOCATE|[354]|Bytes:20
10:27:51.644 (4670142960)|VARIABLE_SCOPE_BEGIN|[354]|template|Template__c|true|false
10:27:51.644 (4670164055)|VARIABLE_ASSIGNMENT|[354]|template|{"Id":"a0DgL000001ZeTRUA0","Name":"WBC-0044","Template_Name__c":"testtemplatemarket1","Template_Id__c":"617579514435946"}|0x1bcc6886
10:27:51.644 (4670169935)|STATEMENT_EXECUTE|[354]
10:27:51.644 (4670188220)|STATEMENT_EXECUTE|[355]
10:27:51.644 (4670196449)|HEAP_ALLOCATE|[354]|Bytes:5
10:27:51.644 (4670205322)|HEAP_ALLOCATE|[354]|Bytes:20
10:27:51.644 (4670213913)|VARIABLE_SCOPE_BEGIN|[354]|template|Template__c|true|false
10:27:51.644 (4670234653)|VARIABLE_ASSIGNMENT|[354]|template|{"Id":"a0DgL000001ZfEDUA0","Name":"WBC-0047","Template_Name__c":"testmarketbutton6","Template_Id__c":"1025501092756771"}|0x1939c60
10:27:51.644 (4670240902)|STATEMENT_EXECUTE|[354]
10:27:51.644 (4670262475)|STATEMENT_EXECUTE|[355]
10:27:51.644 (4670271453)|HEAP_ALLOCATE|[354]|Bytes:5
10:27:51.644 (4670281229)|HEAP_ALLOCATE|[354]|Bytes:20
10:27:51.644 (4670289953)|VARIABLE_SCOPE_BEGIN|[354]|template|Template__c|true|false
10:27:51.644 (4670312211)|VARIABLE_ASSIGNMENT|[354]|template|{"Id":"a0DgL000001ZvNrUAK","Name":"WBC-0049","Template_Name__c":"testallbutton6","Template_Id__c":"1207076920862735"}|0x6ec9561f
10:27:51.644 (4670318000)|STATEMENT_EXECUTE|[354]
10:27:51.644 (4670339080)|STATEMENT_EXECUTE|[355]
10:27:51.644 (4670348160)|HEAP_ALLOCATE|[354]|Bytes:5
10:27:51.644 (4670359155)|HEAP_ALLOCATE|[354]|Bytes:20
10:27:51.644 (4670367969)|VARIABLE_SCOPE_BEGIN|[354]|template|Template__c|true|false
10:27:51.644 (4670388679)|VARIABLE_ASSIGNMENT|[354]|template|{"Id":"a0DgL000001ZwuzUAC","Name":"WBC-0050","Template_Name__c":"testallbuttons9","Template_Id__c":"2029845704164761"}|0x61ac4894
10:27:51.644 (4670393973)|STATEMENT_EXECUTE|[354]
10:27:51.644 (4670413563)|STATEMENT_EXECUTE|[355]
10:27:51.644 (4670422374)|HEAP_ALLOCATE|[354]|Bytes:5
10:27:51.644 (4670432911)|HEAP_ALLOCATE|[354]|Bytes:20
10:27:51.644 (4670443524)|VARIABLE_SCOPE_BEGIN|[354]|template|Template__c|true|false
10:27:51.644 (4670464652)|VARIABLE_ASSIGNMENT|[354]|template|{"Id":"a0DgL000001ZxO1UAK","Name":"WBC-0051","Template_Name__c":"testtemp123","Template_Id__c":"1690172678543092"}|0x195c947f
10:27:51.644 (4670470094)|STATEMENT_EXECUTE|[354]
10:27:51.644 (4670489074)|STATEMENT_EXECUTE|[355]
10:27:51.644 (4670498663)|HEAP_ALLOCATE|[354]|Bytes:5
10:27:51.644 (4670508671)|HEAP_ALLOCATE|[354]|Bytes:20
10:27:51.644 (4670517691)|VARIABLE_SCOPE_BEGIN|[354]|template|Template__c|true|false
10:27:51.644 (4670539194)|VARIABLE_ASSIGNMENT|[354]|template|{"Id":"a0DgL000001Zxe9UAC","Name":"WBC-0052","Template_Name__c":"testtemp1234","Template_Id__c":"966489578970539"}|0x4b17ba8
10:27:51.644 (4670544555)|STATEMENT_EXECUTE|[354]
10:27:51.644 (4670565814)|STATEMENT_EXECUTE|[355]
10:27:51.644 (4670585799)|HEAP_ALLOCATE|[354]|Bytes:5
10:27:51.644 (4670598474)|HEAP_ALLOCATE|[354]|Bytes:20
10:27:51.644 (4670610134)|VARIABLE_SCOPE_BEGIN|[354]|template|Template__c|true|false
10:27:51.644 (4670632833)|VARIABLE_ASSIGNMENT|[354]|template|{"Id":"a0DgL000001ZxkbUAC","Name":"WBC-0053","Template_Name__c":"testtemplate123","Template_Id__c":"1396259088223832"}|0x206cbc8f
10:27:51.644 (4670638281)|STATEMENT_EXECUTE|[354]
10:27:51.644 (4670656427)|STATEMENT_EXECUTE|[355]
10:27:51.644 (4670663586)|HEAP_ALLOCATE|[354]|Bytes:5
10:27:51.644 (4670670781)|HEAP_ALLOCATE|[354]|Bytes:20
10:27:51.644 (4670677301)|VARIABLE_SCOPE_BEGIN|[354]|template|Template__c|true|false
10:27:51.644 (4670691674)|VARIABLE_ASSIGNMENT|[354]|template|{"Id":"a0DgL000001ZxpRUAS","Name":"WBC-0054","Template_Name__c":"testallbutton12","Template_Id__c":"1581163365894435"}|0x2387b8fe
10:27:51.644 (4670695226)|STATEMENT_EXECUTE|[354]
10:27:51.644 (4670732262)|STATEMENT_EXECUTE|[355]
10:27:51.644 (4670741439)|HEAP_ALLOCATE|[354]|Bytes:5
10:27:51.644 (4670749148)|HEAP_ALLOCATE|[354]|Bytes:20
10:27:51.644 (4670756414)|VARIABLE_SCOPE_BEGIN|[354]|template|Template__c|true|false
10:27:51.644 (4670772524)|VARIABLE_ASSIGNMENT|[354]|template|{"Id":"a0DgL000001Zyf3UAC","Name":"WBC-0055","Template_Name__c":"testbuttons3","Template_Id__c":"1001211084840067"}|0x5e852f9d
10:27:51.644 (4670776564)|STATEMENT_EXECUTE|[354]
10:27:51.644 (4670791234)|STATEMENT_EXECUTE|[355]
10:27:51.644 (4670797015)|HEAP_ALLOCATE|[354]|Bytes:5
10:27:51.644 (4670803235)|HEAP_ALLOCATE|[354]|Bytes:20
10:27:51.644 (4670810396)|VARIABLE_SCOPE_BEGIN|[354]|template|Template__c|true|false
10:27:51.644 (4670824638)|VARIABLE_ASSIGNMENT|[354]|template|{"Id":"a0DgL000001a42vUAA","Name":"WBC-0056","Template_Name__c":"testcallbutton1","Template_Id__c":"1342194627027486"}|0x51e663de
10:27:51.644 (4670828364)|STATEMENT_EXECUTE|[354]
10:27:51.644 (4670841988)|STATEMENT_EXECUTE|[355]
10:27:51.644 (4670847826)|HEAP_ALLOCATE|[354]|Bytes:5
10:27:51.644 (4670855028)|HEAP_ALLOCATE|[354]|Bytes:20
10:27:51.644 (4670861183)|VARIABLE_SCOPE_BEGIN|[354]|template|Template__c|true|false
10:27:51.644 (4670874695)|VARIABLE_ASSIGNMENT|[354]|template|{"Id":"a0DgL000001a6vxUAA","Name":"WBC-0057","Template_Name__c":"testoffer21","Template_Id__c":"1179377407098257"}|0x142b35a9
10:27:51.644 (4670878120)|STATEMENT_EXECUTE|[354]
10:27:51.644 (4670891343)|STATEMENT_EXECUTE|[355]
10:27:51.644 (4670896998)|HEAP_ALLOCATE|[354]|Bytes:5
10:27:51.644 (4670903508)|HEAP_ALLOCATE|[354]|Bytes:20
10:27:51.644 (4670909612)|VARIABLE_SCOPE_BEGIN|[354]|template|Template__c|true|false
10:27:51.644 (4670923263)|VARIABLE_ASSIGNMENT|[354]|template|{"Id":"a0DgL000001a77FUAQ","Name":"WBC-0058","Template_Name__c":"testoffer12","Template_Id__c":"4103427479887977"}|0xa752f9a
10:27:51.644 (4670927018)|STATEMENT_EXECUTE|[354]
10:27:51.644 (4670940077)|STATEMENT_EXECUTE|[355]
10:27:51.644 (4670945812)|HEAP_ALLOCATE|[354]|Bytes:5
10:27:51.644 (4670952178)|HEAP_ALLOCATE|[354]|Bytes:20
10:27:51.644 (4670958050)|VARIABLE_SCOPE_BEGIN|[354]|template|Template__c|true|false
10:27:51.644 (4670972867)|VARIABLE_ASSIGNMENT|[354]|template|{"Id":"a0DgL000001aLOjUAM","Name":"WBC-0059","Template_Name__c":"testdocumenttemplate (1 more) ...","Template_Id__c":"1785067832274438"}|0x7d7b008e
10:27:51.644 (4670976945)|STATEMENT_EXECUTE|[354]
10:27:51.644 (4670989738)|STATEMENT_EXECUTE|[355]
10:27:51.644 (4670995946)|HEAP_ALLOCATE|[354]|Bytes:5
10:27:51.644 (4671002291)|HEAP_ALLOCATE|[354]|Bytes:20
10:27:51.644 (4671009389)|VARIABLE_SCOPE_BEGIN|[354]|template|Template__c|true|false
10:27:51.644 (4671022743)|VARIABLE_ASSIGNMENT|[354]|template|{"Id":"a0DgL000001d5LrUAI","Name":"WBC-0061","Template_Name__c":"test_auth_2","Template_Id__c":"1395547408291038"}|0x1f61646c
10:27:51.644 (4671026316)|STATEMENT_EXECUTE|[354]
10:27:51.644 (4671041721)|STATEMENT_EXECUTE|[355]
10:27:51.644 (4671047414)|HEAP_ALLOCATE|[354]|Bytes:5
10:27:51.644 (4671053983)|HEAP_ALLOCATE|[354]|Bytes:20
10:27:51.644 (4671059775)|VARIABLE_SCOPE_BEGIN|[354]|template|Template__c|true|false
10:27:51.644 (4671128927)|VARIABLE_ASSIGNMENT|[354]|template|{"Id":"a0DgL000001dBa7UAE","Name":"WBC-0060","Template_Name__c":"test__auth_1","Template_Id__c":"584485310718441"}|0x522a8c54
10:27:51.644 (4671132997)|STATEMENT_EXECUTE|[354]
10:27:51.644 (4671148059)|STATEMENT_EXECUTE|[355]
10:27:51.644 (4671154259)|HEAP_ALLOCATE|[354]|Bytes:5
10:27:51.644 (4671161501)|HEAP_ALLOCATE|[354]|Bytes:20
10:27:51.644 (4671167896)|VARIABLE_SCOPE_BEGIN|[354]|template|Template__c|true|false
10:27:51.644 (4671182438)|VARIABLE_ASSIGNMENT|[354]|template|{"Id":"a0DgL000001fSixUAE","Name":"WBC-0063","Template_Name__c":"test_auth_4","Template_Id__c":"1366389431451748"}|0x71007074
10:27:51.644 (4671185953)|STATEMENT_EXECUTE|[354]
10:27:51.644 (4671200846)|STATEMENT_EXECUTE|[355]
10:27:51.644 (4671207005)|HEAP_ALLOCATE|[354]|Bytes:5
10:27:51.644 (4671213523)|HEAP_ALLOCATE|[354]|Bytes:20
10:27:51.644 (4671219274)|VARIABLE_SCOPE_BEGIN|[354]|template|Template__c|true|false
10:27:51.644 (4671233288)|VARIABLE_ASSIGNMENT|[354]|template|{"Id":"a0DgL000001fU6PUAU","Name":"WBC-0062","Template_Name__c":"test_auth_3","Template_Id__c":"2438650379867467"}|0x54da71aa
10:27:51.644 (4671237043)|STATEMENT_EXECUTE|[354]
10:27:51.644 (4671252025)|STATEMENT_EXECUTE|[355]
10:27:51.644 (4671257770)|HEAP_ALLOCATE|[354]|Bytes:5
10:27:51.644 (4671264172)|HEAP_ALLOCATE|[354]|Bytes:20
10:27:51.644 (4672046258)|VARIABLE_SCOPE_BEGIN|[354]|template|Template__c|true|false
10:27:51.644 (4672069304)|VARIABLE_ASSIGNMENT|[354]|template|{"Id":"a0DgL000001fUpZUAU","Name":"WBC-0064","Template_Name__c":"test_auth_5","Template_Id__c":"1349669419440661"}|0x400c2d59
10:27:51.644 (4672074972)|STATEMENT_EXECUTE|[354]
10:27:51.644 (4672104012)|STATEMENT_EXECUTE|[355]
10:27:51.644 (4672115118)|HEAP_ALLOCATE|[354]|Bytes:5
10:27:51.644 (4672134852)|VARIABLE_ASSIGNMENT|[354]|template|null|
10:27:51.644 (4672140505)|STATEMENT_EXECUTE|[360]
10:27:51.644 (4672227379)|USER_DEBUG|[360]|DEBUG|()
10:27:51.644 (4672274450)|STATEMENT_EXECUTE|[362]
10:27:51.644 (4672276532)|STATEMENT_EXECUTE|[363]
10:27:51.644 (4672307241)|HEAP_ALLOCATE|[363]|Bytes:4
10:27:51.644 (4672430360)|VARIABLE_ASSIGNMENT|[363]|whatsAppTemplate|{}|0x6c9f4bee
10:27:51.644 (4672436596)|STATEMENT_EXECUTE|[371]
10:27:51.644 (4672440372)|HEAP_ALLOCATE|[371]|Bytes:38
10:27:51.644 (4672456199)|HEAP_ALLOCATE|[371]|Bytes:55
10:27:51.644 (4672495000)|USER_DEBUG|[371]|DEBUG|Handleeeee Successsss Template Type : One-time passcode
10:27:51.644 (4672504711)|STATEMENT_EXECUTE|[373]
10:27:51.644 (4672508147)|HEAP_ALLOCATE|[373]|Bytes:6
10:27:51.644 (4672566014)|VARIABLE_SCOPE_BEGIN|[373]|status|String|false|false
10:27:51.644 (4672588523)|VARIABLE_ASSIGNMENT|[373]|status|"APPROVED"
10:27:51.644 (4672593709)|STATEMENT_EXECUTE|[374]
10:27:51.644 (4672596265)|HEAP_ALLOCATE|[374]|Bytes:2
10:27:51.644 (4672767192)|VARIABLE_ASSIGNMENT|[374]|this.Template_Id__c|"1227842745424823"|0x6c9f4bee
10:27:51.644 (4672774534)|STATEMENT_EXECUTE|[375]
10:27:51.644 (4672793470)|HEAP_ALLOCATE|[375]|Bytes:7
10:27:51.644 (4672804018)|HEAP_ALLOCATE|[376]|Bytes:8
10:27:51.644 (4672811911)|HEAP_ALLOCATE|[377]|Bytes:8
10:27:51.644 (4672822914)|HEAP_ALLOCATE|[377]|Bytes:22
10:27:51.644 (4672878641)|VARIABLE_ASSIGNMENT|[375]|this.Status__c|"Active-Quality Pendi (2 more) ..."|0x6c9f4bee
10:27:51.644 (4672885091)|STATEMENT_EXECUTE|[378]
10:27:51.644 (4672972789)|VARIABLE_ASSIGNMENT|[378]|this.Template_Name__c|"test_auth_6"|0x6c9f4bee
10:27:51.644 (4672977417)|STATEMENT_EXECUTE|[379]
10:27:51.644 (4673040671)|VARIABLE_ASSIGNMENT|[379]|this.Template_Category__c|"Authentication"|0x6c9f4bee
10:27:51.644 (4673045449)|STATEMENT_EXECUTE|[380]
10:27:51.644 (4673096486)|VARIABLE_ASSIGNMENT|[380]|this.Language__c|"en_US"|0x6c9f4bee
10:27:51.644 (4673100641)|STATEMENT_EXECUTE|[381]
10:27:51.644 (4673126312)|VARIABLE_ASSIGNMENT|[381]|this.Template_Type__c|"One-time passcode"|0x6c9f4bee
10:27:51.644 (4673130081)|STATEMENT_EXECUTE|[386]
10:27:51.644 (4673178139)|HEAP_ALLOCATE|[386]|Bytes:4
10:27:51.644 (4673247703)|VARIABLE_SCOPE_BEGIN|[386]|variableRecords|List<Template_Variable__c>|true|false
10:27:51.644 (4673258293)|HEAP_ALLOCATE|[EXTERNAL]|Bytes:4
10:27:51.644 (4673273519)|VARIABLE_ASSIGNMENT|[386]|variableRecords|[]|0x2aa50d5f
10:27:51.644 (4673277578)|STATEMENT_EXECUTE|[387]
10:27:51.644 (4673319168)|VARIABLE_SCOPE_BEGIN|[387]|components|List<ANY>|true|false
10:27:51.644 (4673348348)|VARIABLE_ASSIGNMENT|[387]|components|[{"type":"BODY"},{"buttons":[{"otp_type":"COPY_CODE","text":"Verify Code","type":"OTP"}],"type":"BUTTONS"}]|0x6e4ab126
10:27:51.644 (4673352203)|STATEMENT_EXECUTE|[388]
10:27:51.644 (4673358543)|VARIABLE_SCOPE_BEGIN|[388]|headAlternateTexts|List<String>|true|false
10:27:51.644 (4673369813)|VARIABLE_ASSIGNMENT|[388]|headAlternateTexts|[]|0x75a1b204
10:27:51.644 (4673373298)|STATEMENT_EXECUTE|[389]
10:27:51.644 (4673377488)|VARIABLE_SCOPE_BEGIN|[389]|varAlternateTexts|List<String>|true|false
10:27:51.644 (4673387270)|VARIABLE_ASSIGNMENT|[389]|varAlternateTexts|[]|0x7ef13ba7
10:27:51.644 (4673390638)|STATEMENT_EXECUTE|[390]
10:27:51.644 (4673398479)|VARIABLE_SCOPE_BEGIN|[390]|headerIndex|Integer|false|false
10:27:51.644 (4673403413)|HEAP_ALLOCATE|[390]|Bytes:4
10:27:51.644 (4673413895)|VARIABLE_ASSIGNMENT|[390]|headerIndex|0
10:27:51.644 (4673416548)|STATEMENT_EXECUTE|[391]
10:27:51.644 (4673420058)|VARIABLE_SCOPE_BEGIN|[391]|variableIndex|Integer|false|false
10:27:51.644 (4673424058)|HEAP_ALLOCATE|[391]|Bytes:4
10:27:51.644 (4673431254)|VARIABLE_ASSIGNMENT|[391]|variableIndex|0
10:27:51.644 (4673433813)|STATEMENT_EXECUTE|[392]
10:27:51.644 (4673438145)|VARIABLE_SCOPE_BEGIN|[392]|headerMergeText|String|false|false
10:27:51.644 (4673446846)|VARIABLE_ASSIGNMENT|[392]|headerMergeText|""
10:27:51.644 (4673493112)|HEAP_ALLOCATE|[395]|Bytes:5
10:27:51.644 (4673510561)|HEAP_ALLOCATE|[395]|Bytes:8
10:27:51.644 (4673520043)|VARIABLE_SCOPE_BEGIN|[395]|comp|Object|false|false
10:27:51.644 (4673535446)|VARIABLE_ASSIGNMENT|[395]|comp|{"type":"BODY"}
10:27:51.644 (4673539096)|STATEMENT_EXECUTE|[395]
10:27:51.644 (4673541558)|HEAP_ALLOCATE|[396]|Bytes:68
10:27:51.644 (4673566299)|STATEMENT_EXECUTE|[396]
10:27:51.644 (4673567644)|STATEMENT_EXECUTE|[399]
10:27:51.644 (4673572705)|VARIABLE_SCOPE_BEGIN|[399]|component|Map<String,ANY>|true|false
10:27:51.644 (4673586334)|VARIABLE_ASSIGNMENT|[399]|component|{"type":"BODY"}|0x789c473a
10:27:51.644 (4673590133)|STATEMENT_EXECUTE|[400]
10:27:51.644 (4673676224)|USER_DEBUG|[400]|DEBUG|{type=BODY}
10:27:51.644 (4673682866)|STATEMENT_EXECUTE|[401]
10:27:51.644 (4673714025)|VARIABLE_SCOPE_BEGIN|[401]|type|String|false|false
10:27:51.644 (4673726987)|VARIABLE_ASSIGNMENT|[401]|type|"BODY"
10:27:51.644 (4673730005)|STATEMENT_EXECUTE|[402]
10:27:51.644 (4673731822)|HEAP_ALLOCATE|[402]|Bytes:7
10:27:51.644 (4673759015)|VARIABLE_SCOPE_BEGIN|[402]|example|Map<String,ANY>|true|false
10:27:51.644 (4673770447)|VARIABLE_ASSIGNMENT|[402]|example|null|
10:27:51.644 (4673774828)|HEAP_ALLOCATE|[405]|Bytes:6
10:27:51.644 (4673789242)|STATEMENT_EXECUTE|[459]
10:27:51.644 (4673790536)|STATEMENT_EXECUTE|[460]
10:27:51.644 (4673822095)|METHOD_ENTRY|[460]|01pgL000000Qgig|CreateTemplateWrapper.handleBodyComponent(String, Map<String,ANY>, Map<String,ANY>)
10:27:51.644 (4673846133)|VARIABLE_SCOPE_BEGIN|[566]|category|String|false|false
10:27:51.644 (4673860365)|VARIABLE_ASSIGNMENT|[566]|category|"Authentication"
10:27:51.644 (4673865864)|VARIABLE_SCOPE_BEGIN|[566]|component|Map<String,ANY>|true|false
10:27:51.644 (4673879410)|VARIABLE_ASSIGNMENT|[566]|component|{"type":"BODY"}|0x789c473a
10:27:51.644 (4673884755)|VARIABLE_SCOPE_BEGIN|[566]|example|Map<String,ANY>|true|false
10:27:51.644 (4673893091)|VARIABLE_ASSIGNMENT|[566]|example|null|
10:27:51.644 (4673903210)|HEAP_ALLOCATE|[567]|Bytes:5
10:27:51.644 (4673907882)|STATEMENT_EXECUTE|[566]
10:27:51.644 (4673909184)|STATEMENT_EXECUTE|[567]
10:27:51.644 (4673915772)|HEAP_ALLOCATE|[567]|Bytes:4
10:27:51.644 (4673925830)|VARIABLE_SCOPE_BEGIN|[567]|result|Map<String,ANY>|true|false
10:27:51.644 (4673939614)|VARIABLE_ASSIGNMENT|[567]|result|{}|0x5e5eeaeb
10:27:51.644 (4673943344)|STATEMENT_EXECUTE|[568]
10:27:51.644 (4673944485)|STATEMENT_EXECUTE|[568]
10:27:51.644 (4673945710)|STATEMENT_EXECUTE|[569]
10:27:51.644 (4673979772)|VARIABLE_SCOPE_BEGIN|[569]|bodyText|String|false|false
10:27:51.644 (4673991000)|VARIABLE_ASSIGNMENT|[569]|bodyText|null
10:27:51.644 (4673993827)|STATEMENT_EXECUTE|[570]
10:27:51.644 (4673997927)|VARIABLE_SCOPE_BEGIN|[570]|bodyMergeText|String|false|false
10:27:51.644 (4674007107)|VARIABLE_ASSIGNMENT|[570]|bodyMergeText|""
10:27:51.644 (4674010532)|STATEMENT_EXECUTE|[571]
10:27:51.644 (4674021549)|HEAP_ALLOCATE|[571]|Bytes:4
10:27:51.644 (4674054716)|VARIABLE_SCOPE_BEGIN|[571]|parsedFields|List<Map<String,String>>|true|false
10:27:51.644 (4674078145)|HEAP_ALLOCATE|[EXTERNAL]|Bytes:4
10:27:51.644 (4674089726)|VARIABLE_ASSIGNMENT|[571]|parsedFields|[]|0x5c13cb8a
10:27:51.644 (4674094495)|STATEMENT_EXECUTE|[573]
10:27:51.644 (4674095822)|STATEMENT_EXECUTE|[606]
10:27:51.644 (4674097716)|HEAP_ALLOCATE|[606]|Bytes:8
10:27:51.644 (4674132185)|HEAP_ALLOCATE|[EXTERNAL]|Bytes:-4
10:27:51.644 (4674138211)|STATEMENT_EXECUTE|[607]
10:27:51.644 (4674139961)|HEAP_ALLOCATE|[607]|Bytes:13
10:27:51.644 (4674164826)|HEAP_ALLOCATE|[EXTERNAL]|Bytes:-4
10:27:51.644 (4674169941)|STATEMENT_EXECUTE|[608]
10:27:51.644 (4674171546)|HEAP_ALLOCATE|[608]|Bytes:12
10:27:51.644 (4674192681)|HEAP_ALLOCATE|[EXTERNAL]|Bytes:-4
10:27:51.644 (4674198764)|STATEMENT_EXECUTE|[617]
10:27:51.644 (4674209503)|METHOD_EXIT|[460]|01pgL000000Qgig|CreateTemplateWrapper.handleBodyComponent(String, Map<String,ANY>, Map<String,ANY>)
10:27:51.644 (4674218261)|VARIABLE_SCOPE_BEGIN|[460]|result|Map<String,ANY>|true|false
10:27:51.644 (4674244721)|VARIABLE_ASSIGNMENT|[460]|result|{"bodyMergeText":"","parsedFields":[]}|0x5e5eeaeb
10:27:51.644 (4674249437)|STATEMENT_EXECUTE|[461]
10:27:51.644 (4674282491)|USER_DEBUG|[461]|DEBUG|null
10:27:51.644 (4674306326)|STATEMENT_EXECUTE|[462]
10:27:51.644 (4674318473)|HEAP_ALLOCATE|[395]|Bytes:5
10:27:51.644 (4674332024)|HEAP_ALLOCATE|[395]|Bytes:12
10:27:51.644 (4674341222)|VARIABLE_SCOPE_BEGIN|[395]|comp|Object|false|false
10:27:51.644 (4674363556)|VARIABLE_ASSIGNMENT|[395]|comp|{"buttons":[{"otp_type":"COPY_CODE","text":"Verify Code","type":"OTP"}],"type":"BUTTONS"}
10:27:51.644 (4674367213)|STATEMENT_EXECUTE|[395]
10:27:51.644 (4674382002)|STATEMENT_EXECUTE|[396]
10:27:51.644 (4674383536)|STATEMENT_EXECUTE|[399]
10:27:51.644 (4674389223)|VARIABLE_SCOPE_BEGIN|[399]|component|Map<String,ANY>|true|false
10:27:51.644 (4674406105)|VARIABLE_ASSIGNMENT|[399]|component|{"buttons":[{"otp_type":"COPY_CODE","text":"Verify Code","type":"OTP"}],"type":"BUTTONS"}|0x67eb82af
10:27:51.644 (4674409507)|STATEMENT_EXECUTE|[400]
10:27:51.644 (4674436734)|USER_DEBUG|[400]|DEBUG|{buttons=({otp_type=COPY_CODE, text=Verify Code, type=OTP}), type=BUTTONS}
10:27:51.644 (4674444158)|STATEMENT_EXECUTE|[401]
10:27:51.644 (4674456997)|VARIABLE_SCOPE_BEGIN|[401]|type|String|false|false
10:27:51.644 (4674468476)|VARIABLE_ASSIGNMENT|[401]|type|"BUTTONS"
10:27:51.644 (4674471215)|STATEMENT_EXECUTE|[402]
10:27:51.644 (4674481496)|VARIABLE_SCOPE_BEGIN|[402]|example|Map<String,ANY>|true|false
10:27:51.644 (4674491384)|VARIABLE_ASSIGNMENT|[402]|example|null|
10:27:51.644 (4674503586)|HEAP_ALLOCATE|[509]|Bytes:6
10:27:51.644 (4674515878)|STATEMENT_EXECUTE|[513]
10:27:51.644 (4674517496)|STATEMENT_EXECUTE|[514]
10:27:51.644 (4674518940)|HEAP_ALLOCATE|[514]|Bytes:8
10:27:51.644 (4674559044)|HEAP_ALLOCATE|[514]|Bytes:74
10:27:51.644 (4674569966)|HEAP_ALLOCATE|[514]|Bytes:82
10:27:51.644 (4674591861)|USER_DEBUG|[514]|DEBUG|Buttons:{buttons=({otp_type=COPY_CODE, text=Verify Code, type=OTP}), type=BUTTONS}
10:27:51.644 (4674598156)|STATEMENT_EXECUTE|[515]
10:27:51.644 (4674608985)|METHOD_ENTRY|[515]|01pgL000000Qgig|CreateTemplateWrapper.handleButtonComponent(Map<String,ANY>)
10:27:51.644 (4674627077)|VARIABLE_SCOPE_BEGIN|[628]|component|Map<String,ANY>|true|false
10:27:51.644 (4674648155)|VARIABLE_ASSIGNMENT|[628]|component|{"buttons":[{"otp_type":"COPY_CODE","text":"Verify Code","type":"OTP"}],"type":"BUTTONS"}|0x67eb82af
10:27:51.644 (4674657845)|HEAP_ALLOCATE|[630]|Bytes:5
10:27:51.644 (4674662509)|STATEMENT_EXECUTE|[628]
10:27:51.644 (4674663690)|STATEMENT_EXECUTE|[630]
10:27:51.644 (4674669662)|VARIABLE_SCOPE_BEGIN|[630]|buttonList|String|false|false
10:27:51.644 (4674681134)|VARIABLE_ASSIGNMENT|[630]|buttonList|""
10:27:51.644 (4674683920)|STATEMENT_EXECUTE|[631]
10:27:51.644 (4674685010)|STATEMENT_EXECUTE|[631]
10:27:51.644 (4674686080)|STATEMENT_EXECUTE|[632]
10:27:51.644 (4674748855)|VARIABLE_SCOPE_BEGIN|[632]|buttons|List<ANY>|true|false
10:27:51.644 (4674771812)|VARIABLE_ASSIGNMENT|[632]|buttons|[{"otp_type":"COPY_CODE","text":"Verify Code","type":"OTP"}]|0x7dd4bcff
10:27:51.644 (4674777007)|STATEMENT_EXECUTE|[633]
10:27:51.644 (4674829360)|USER_DEBUG|[633]|DEBUG|({otp_type=COPY_CODE, text=Verify Code, type=OTP})
10:27:51.644 (4674838225)|STATEMENT_EXECUTE|[635]
10:27:51.644 (4674839640)|STATEMENT_EXECUTE|[636]
10:27:51.644 (4674851195)|METHOD_ENTRY|[636]||System.JSON.serialize(Object)
10:27:51.644 (4675234331)|METHOD_EXIT|[636]||System.JSON.serialize(Object)
10:27:51.644 (4675256514)|VARIABLE_ASSIGNMENT|[636]|buttonList|"[{\"type\":\"OTP\",\"text (40 more) ..."
10:27:51.644 (4675261534)|STATEMENT_EXECUTE|[670]
10:27:51.644 (4675268418)|METHOD_EXIT|[515]|01pgL000000Qgig|CreateTemplateWrapper.handleButtonComponent(Map<String,ANY>)
10:27:51.644 (4675280196)|VARIABLE_ASSIGNMENT|[515]|buttonDetails|"[{\"type\":\"OTP\",\"text (40 more) ..."
10:27:51.644 (4675283577)|STATEMENT_EXECUTE|[516]
10:27:51.644 (4675381559)|VARIABLE_ASSIGNMENT|[516]|this.Button_Body__c|"[{\"type\":\"OTP\",\"text (40 more) ..."|0x6c9f4bee
10:27:51.644 (4675386333)|STATEMENT_EXECUTE|[517]
10:27:51.644 (4675429064)|USER_DEBUG|[517]|DEBUG|[{"type":"OTP","text":"Verify Code","otp_type":"COPY_CODE"}]
10:27:51.644 (4675448083)|HEAP_ALLOCATE|[395]|Bytes:5
10:27:51.644 (4675475075)|VARIABLE_ASSIGNMENT|[395]|comp|null
10:27:51.644 (4675478975)|STATEMENT_EXECUTE|[526]
10:27:51.644 (4675520875)|HEAP_ALLOCATE|[526]|Bytes:8
10:27:51.644 (4675542084)|DML_BEGIN|[526]|Op:Upsert|Type:Template__c|Rows:1
10:27:51.644 (4675599283)|HEAP_ALLOCATE|[EXTERNAL]|Bytes:8
10:27:51.644 (4715772960)|DML_END|[526]
10:27:51.644 (4717060656)|STATEMENT_EXECUTE|[527]
10:27:51.644 (4717196499)|VARIABLE_ASSIGNMENT|[527]|templateId|"a0DgL000001fLCwUAM"
10:27:51.644 (4717395574)|HEAP_ALLOCATE|[529]|Bytes:5
10:27:51.644 (4717487775)|VARIABLE_ASSIGNMENT|[529]|variable|null|
10:27:51.644 (4717492847)|STATEMENT_EXECUTE|[529]
10:27:51.644 (4717526056)|STATEMENT_EXECUTE|[533]
10:27:51.644 (4717527632)|STATEMENT_EXECUTE|[538]
10:27:51.644 (4717531459)|HEAP_ALLOCATE|[538]|Bytes:7
10:27:51.644 (4717568121)|HEAP_ALLOCATE|[538]|Bytes:5
10:27:51.644 (4717580561)|HEAP_ALLOCATE|[EXTERNAL]|Bytes:-4
10:27:51.644 (4717587821)|STATEMENT_EXECUTE|[539]
10:27:51.644 (4717589941)|HEAP_ALLOCATE|[539]|Bytes:10
10:27:51.644 (4717614212)|HEAP_ALLOCATE|[EXTERNAL]|Bytes:-4
10:27:51.644 (4717620543)|STATEMENT_EXECUTE|[556]
10:27:51.644 (4717632796)|METHOD_EXIT|[486]|01pgL000000Qgig|CreateTemplateWrapper.handleSuccessResponse(System.HttpResponse, Map<String,ANY>, Map<String,ANY>, CreateTemplateWrapper.TemplateWrapper)
10:27:51.644 (4717645254)|VARIABLE_SCOPE_BEGIN|[486]|templateId|Id|false|false
10:27:51.644 (4717697596)|VARIABLE_ASSIGNMENT|[486]|templateId|"a0DgL000001fLCwUAM"
10:27:51.644 (4717701336)|STATEMENT_EXECUTE|[487]
10:27:51.644 (4717730545)|HEAP_ALLOCATE|[487]|Bytes:5
10:27:51.644 (4717743815)|STATEMENT_EXECUTE|[488]
10:27:51.644 (4717776501)|STATEMENT_EXECUTE|[516]
10:27:51.644 (4717784264)|SYSTEM_MODE_EXIT|true
10:27:51.735 (4735129452)|CUMULATIVE_LIMIT_USAGE
10:27:51.735 (4735129452)|LIMIT_USAGE_FOR_NS|(default)|
  Number of SOQL queries: 1 out of 100
  Number of query rows: 47 out of 50000
  Number of SOSL queries: 0 out of 20
  Number of DML statements: 1 out of 150
  Number of Publish Immediate DML: 0 out of 150
  Number of DML rows: 1 out of 10000
  Maximum CPU time: 19 out of 10000
  Maximum heap size: 0 out of 6000000
  Number of callouts: 1 out of 100
  Number of Email Invocations: 0 out of 10
  Number of future calls: 0 out of 50
  Number of queueable jobs added to the queue: 0 out of 50
  Number of Mobile Apex push calls: 0 out of 10

10:27:51.735 (4735129452)|CUMULATIVE_LIMIT_USAGE_END

10:27:51.644 (4735209877)|CODE_UNIT_FINISHED|WBTemplateController.createWhatsappTemplate(String)
10:27:51.644 (4735523556)|CODE_UNIT_FINISHED|apex://WBTemplateController/ACTION$createWhatsappTemplate
10:27:51.644 (4735533092)|EXECUTION_FINISHED
