63.0 APEX_CODE,FINEST;APEX_PROFILING,INFO;CALLOUT,INFO;DATA_ACCESS,INFO;DB,INFO;NBA,INFO;SYSTEM,DEBUG;VALIDATION,INFO;VISUALFORCE,INFO;WAVE,INFO;WORKFLOW,INFO
04:25:09.1 (1361136)|USER_INFO|[EXTERNAL]|005gL000000bXjT|divij@wbconnect.com|(GMT-07:00) Pacific Daylight Time (America/Los_Angeles)|GMT-07:00
04:25:09.1 (1431834)|EXECUTION_STARTED
04:25:09.1 (1450464)|CODE_UNIT_STARTED|[EXTERNAL]|apex://WBTemplateController/ACTION$getObjectFields
04:25:09.1 (3474537)|CODE_UNIT_STARTED|[EXTERNAL]|01pgL000000QsUb|WBTemplateController.getObjectFields(String)
04:25:09.1 (4232526)|VARIABLE_SCOPE_BEGIN|[22]|WBTemplateController.SETTINGS|MVWB__WBConnect_Configuration__mdt|true|true
04:25:09.1 (4306029)|VARIABLE_SCOPE_BEGIN|[19]|WBTemplateController.accessToken|String|false|true
04:25:09.1 (4311849)|VARIABLE_SCOPE_BEGIN|[20]|WBTemplateController.endpoint|String|false|true
04:25:09.1 (4316493)|VARIABLE_SCOPE_BEGIN|[21]|WBTemplateController.uploadEndpoint|String|false|true
04:25:09.1 (4431319)|HEAP_ALLOCATE|[93]|Bytes:3
04:25:09.1 (4532886)|HEAP_ALLOCATE|[98]|Bytes:152
04:25:09.1 (4548411)|HEAP_ALLOCATE|[415]|Bytes:408
04:25:09.1 (4560036)|HEAP_ALLOCATE|[428]|Bytes:408
04:25:09.1 (4568168)|HEAP_ALLOCATE|[536]|Bytes:48
04:25:09.1 (4590286)|HEAP_ALLOCATE|[247]|Bytes:6
04:25:09.1 (4601586)|HEAP_ALLOCATE|[EXTERNAL]|Bytes:36
04:25:09.1 (4605193)|HEAP_ALLOCATE|[EXTERNAL]|Bytes:56
04:25:09.1 (4607551)|HEAP_ALLOCATE|[EXTERNAL]|Bytes:102
04:25:09.1 (4673520)|METHOD_ENTRY|[17]|01pgL000000QsUb|WBTemplateController.WBTemplateController()
04:25:09.1 (4681757)|STATEMENT_EXECUTE|[17]
04:25:09.1 (4685754)|STATEMENT_EXECUTE|[17]
04:25:09.1 (4706514)|HEAP_ALLOCATE|[68]|Bytes:5
04:25:09.1 (4728738)|HEAP_ALLOCATE|[74]|Bytes:5
04:25:09.1 (4734532)|HEAP_ALLOCATE|[82]|Bytes:7
04:25:09.1 (4748705)|SYSTEM_MODE_ENTER|true
04:25:09.1 (4764160)|HEAP_ALLOCATE|[25]|Bytes:5
04:25:09.1 (4766973)|STATEMENT_EXECUTE|[24]
04:25:09.1 (4768024)|STATEMENT_EXECUTE|[25]
04:25:09.1 (4768766)|STATEMENT_EXECUTE|[25]
04:25:09.1 (4769749)|STATEMENT_EXECUTE|[26]
04:25:09.1 (4771361)|HEAP_ALLOCATE|[26]|Bytes:180
04:25:09.1 (4790306)|HEAP_ALLOCATE|[26]|Bytes:4
04:25:09.1 (6721484)|SOQL_EXECUTE_BEGIN|[26]|Aggregations:0|SELECT MVWB__Access_Token__c, MVWB__Application_Id__c, MVWB__Phone_Number_Id__c, MVWB__Business_Account_Id__c FROM MVWB__WBConnect_Configuration__mdt WITH SECURITY_ENFORCED LIMIT 1
04:25:09.1 (9150918)|HEAP_ALLOCATE|[EXTERNAL]|Bytes:4
04:25:09.1 (9223005)|HEAP_ALLOCATE|[EXTERNAL]|Bytes:4
04:25:09.1 (9258685)|HEAP_ALLOCATE|[EXTERNAL]|Bytes:4
04:25:09.1 (9289710)|HEAP_ALLOCATE|[EXTERNAL]|Bytes:4
04:25:09.1 (11212427)|HEAP_ALLOCATE|[EXTERNAL]|Bytes:4
04:25:09.1 (17161764)|SOQL_EXECUTE_END|[26]|Rows:1
04:25:09.1 (17205411)|HEAP_ALLOCATE|[26]|Bytes:8
04:25:09.1 (17237843)|HEAP_ALLOCATE|[26]|Bytes:392
04:25:09.1 (17295816)|HEAP_ALLOCATE|[26]|Bytes:8
04:25:09.1 (17310395)|HEAP_ALLOCATE|[26]|Bytes:60
04:25:09.1 (17379591)|HEAP_ALLOCATE|[26]|Bytes:24
04:25:09.1 (17467212)|VARIABLE_ASSIGNMENT|[26]|WBTemplateController.SETTINGS|{"MVWB__Access_Token__c":"EAAVUhq0jVsUBOZCkt9x (185 more) ...","MVWB__Application_Id__c":"1500312290678469","MVWB__Phone_Number_Id__c":"544633438726755","MVWB__Business_Account_Id__c":"499269473267232","Id":"m01gL000001MsPNQA0"}|0x19e26419
04:25:09.1 (17474869)|STATEMENT_EXECUTE|[32]
04:25:09.1 (17531638)|VARIABLE_ASSIGNMENT|[32]|WBTemplateController.accessToken|"EAAVUhq0jVsUBOZCkt9x (185 more) ..."
04:25:09.1 (17538656)|STATEMENT_EXECUTE|[819]
04:25:09.1 (17539964)|STATEMENT_EXECUTE|[826]
04:25:09.1 (17549752)|SYSTEM_MODE_EXIT|true
04:25:09.1 (17572776)|METHOD_EXIT|[17]|WBTemplateController
04:25:09.1 (17578498)|HEAP_ALLOCATE|[EXTERNAL]|Bytes:4
04:25:09.1 (17586943)|VARIABLE_SCOPE_BEGIN|[130]|objectName|String|false|false
04:25:09.1 (17593693)|VARIABLE_ASSIGNMENT|[130]|objectName|"Lead"
04:25:09.1 (17609454)|SYSTEM_MODE_ENTER|true
04:25:09.1 (17619844)|HEAP_ALLOCATE|[132]|Bytes:5
04:25:09.1 (17622109)|STATEMENT_EXECUTE|[130]
04:25:09.1 (17623104)|STATEMENT_EXECUTE|[132]
04:25:09.1 (17631821)|HEAP_ALLOCATE|[132]|Bytes:4
04:25:09.1 (17671259)|VARIABLE_SCOPE_BEGIN|[132]|fieldNames|List<String>|true|false
04:25:09.1 (17691128)|HEAP_ALLOCATE|[EXTERNAL]|Bytes:4
04:25:09.1 (17701897)|VARIABLE_ASSIGNMENT|[132]|fieldNames|[]|0x3f5132bf
04:25:09.1 (17704953)|STATEMENT_EXECUTE|[133]
04:25:09.1 (17705802)|STATEMENT_EXECUTE|[133]
04:25:09.1 (17706870)|STATEMENT_EXECUTE|[134]
04:25:09.1 (101874464)|HEAP_ALLOCATE|[134]|Bytes:6840
04:25:09.1 (103802300)|HEAP_ALLOCATE|[134]|Bytes:4
04:25:09.1 (103827461)|VARIABLE_SCOPE_BEGIN|[134]|objDescribe|Schema.DescribeSObjectResult|true|false
04:25:09.1 (104029732)|VARIABLE_ASSIGNMENT|[134]|objDescribe|"common.api.soap.wsdl.DescribeSObjectResult@c9658824"|0x5db81970
04:25:09.1 (104036291)|STATEMENT_EXECUTE|[135]
04:25:09.1 (106685284)|HEAP_ALLOCATE|[135]|Bytes:276
04:25:09.1 (106710786)|VARIABLE_SCOPE_BEGIN|[135]|fieldsMap|Map<String,Schema.SObjectField>|true|false
04:25:09.1 (106922460)|VARIABLE_ASSIGNMENT|[135]|fieldsMap|"{address=Address, annualrevenue=AnnualRevenue, city=City, cleanstatus=CleanStatus, company=Company, companydunsnumber=CompanyDunsNumber, convertedaccountid=ConvertedAccountId, convertedcontactid=ConvertedContactId, converteddate=ConvertedDate, convertedopportunityid=ConvertedOpportunityId, ...}"|0x18c8b994
04:25:09.1 (107025691)|HEAP_ALLOCATE|[136]|Bytes:1049
04:25:09.1 (107146329)|HEAP_ALLOCATE|[136]|Bytes:5
04:25:09.1 (107167642)|VARIABLE_SCOPE_BEGIN|[136]|fieldName|String|false|false
04:25:09.1 (107178400)|VARIABLE_ASSIGNMENT|[136]|fieldName|"id"
04:25:09.1 (107182240)|STATEMENT_EXECUTE|[136]
04:25:09.1 (107183177)|STATEMENT_EXECUTE|[137]
04:25:09.1 (109017878)|HEAP_ALLOCATE|[EXTERNAL]|Bytes:4
04:25:09.1 (109101586)|HEAP_ALLOCATE|[137]|Bytes:8
04:25:09.1 (109127825)|HEAP_ALLOCATE|[137]|Bytes:2
04:25:09.1 (109147716)|HEAP_ALLOCATE|[EXTERNAL]|Bytes:4
04:25:09.1 (109165007)|HEAP_ALLOCATE|[136]|Bytes:5
04:25:09.1 (109179036)|VARIABLE_SCOPE_BEGIN|[136]|fieldName|String|false|false
04:25:09.1 (109190027)|VARIABLE_ASSIGNMENT|[136]|fieldName|"isdeleted"
04:25:09.1 (109193779)|STATEMENT_EXECUTE|[136]
04:25:09.1 (109194735)|STATEMENT_EXECUTE|[137]
04:25:09.1 (109337322)|HEAP_ALLOCATE|[EXTERNAL]|Bytes:4
04:25:09.1 (109363635)|HEAP_ALLOCATE|[137]|Bytes:8
04:25:09.1 (109370565)|HEAP_ALLOCATE|[137]|Bytes:9
04:25:09.1 (109375877)|HEAP_ALLOCATE|[EXTERNAL]|Bytes:4
04:25:09.1 (109382995)|HEAP_ALLOCATE|[136]|Bytes:5
04:25:09.1 (109389530)|VARIABLE_SCOPE_BEGIN|[136]|fieldName|String|false|false
04:25:09.1 (109396982)|VARIABLE_ASSIGNMENT|[136]|fieldName|"masterrecordid"
04:25:09.1 (109402498)|STATEMENT_EXECUTE|[136]
04:25:09.1 (109403652)|STATEMENT_EXECUTE|[137]
04:25:09.1 (109526229)|HEAP_ALLOCATE|[EXTERNAL]|Bytes:8
04:25:09.1 (109549362)|HEAP_ALLOCATE|[137]|Bytes:8
04:25:09.1 (109556045)|HEAP_ALLOCATE|[137]|Bytes:14
04:25:09.1 (109561279)|HEAP_ALLOCATE|[EXTERNAL]|Bytes:4
04:25:09.1 (109568163)|HEAP_ALLOCATE|[136]|Bytes:5
04:25:09.1 (109574046)|VARIABLE_SCOPE_BEGIN|[136]|fieldName|String|false|false
04:25:09.1 (109580271)|VARIABLE_ASSIGNMENT|[136]|fieldName|"lastname"
04:25:09.1 (109586935)|STATEMENT_EXECUTE|[136]
04:25:09.1 (109587766)|STATEMENT_EXECUTE|[137]
04:25:09.1 (109712323)|HEAP_ALLOCATE|[EXTERNAL]|Bytes:4
04:25:09.1 (109733319)|HEAP_ALLOCATE|[137]|Bytes:8
04:25:09.1 (109739362)|HEAP_ALLOCATE|[137]|Bytes:8
04:25:09.1 (109743964)|HEAP_ALLOCATE|[EXTERNAL]|Bytes:4
04:25:09.1 (109750359)|HEAP_ALLOCATE|[136]|Bytes:5
04:25:09.1 (109755797)|VARIABLE_SCOPE_BEGIN|[136]|fieldName|String|false|false
04:25:09.1 (109761453)|VARIABLE_ASSIGNMENT|[136]|fieldName|"firstname"
04:25:09.1 (109763777)|STATEMENT_EXECUTE|[136]
04:25:09.1 (109764611)|STATEMENT_EXECUTE|[137]
04:25:09.1 (109824454)|HEAP_ALLOCATE|[EXTERNAL]|Bytes:4
04:25:09.1 (109841891)|HEAP_ALLOCATE|[137]|Bytes:8
04:25:09.1 (109847152)|HEAP_ALLOCATE|[137]|Bytes:9
04:25:09.1 (109851459)|HEAP_ALLOCATE|[EXTERNAL]|Bytes:4
04:25:09.1 (109857635)|HEAP_ALLOCATE|[136]|Bytes:5
04:25:09.1 (109862767)|VARIABLE_SCOPE_BEGIN|[136]|fieldName|String|false|false
04:25:09.1 (109868166)|VARIABLE_ASSIGNMENT|[136]|fieldName|"salutation"
04:25:09.1 (109870387)|STATEMENT_EXECUTE|[136]
04:25:09.1 (109871180)|STATEMENT_EXECUTE|[137]
04:25:09.1 (109927316)|HEAP_ALLOCATE|[EXTERNAL]|Bytes:4
04:25:09.1 (109943303)|HEAP_ALLOCATE|[137]|Bytes:8
04:25:09.1 (109948325)|HEAP_ALLOCATE|[137]|Bytes:10
04:25:09.1 (109954103)|HEAP_ALLOCATE|[EXTERNAL]|Bytes:4
04:25:09.1 (109959928)|HEAP_ALLOCATE|[136]|Bytes:5
04:25:09.1 (109965042)|VARIABLE_SCOPE_BEGIN|[136]|fieldName|String|false|false
04:25:09.1 (109970315)|VARIABLE_ASSIGNMENT|[136]|fieldName|"name"
04:25:09.1 (109972464)|STATEMENT_EXECUTE|[136]
04:25:09.1 (109973293)|STATEMENT_EXECUTE|[137]
04:25:09.1 (110025894)|HEAP_ALLOCATE|[EXTERNAL]|Bytes:4
04:25:09.1 (110043843)|HEAP_ALLOCATE|[137]|Bytes:8
04:25:09.1 (110048902)|HEAP_ALLOCATE|[137]|Bytes:4
04:25:09.1 (110053149)|HEAP_ALLOCATE|[EXTERNAL]|Bytes:4
04:25:09.1 (110058830)|HEAP_ALLOCATE|[136]|Bytes:5
04:25:09.1 (110063604)|VARIABLE_SCOPE_BEGIN|[136]|fieldName|String|false|false
04:25:09.1 (110068869)|VARIABLE_ASSIGNMENT|[136]|fieldName|"title"
04:25:09.1 (110070926)|STATEMENT_EXECUTE|[136]
04:25:09.1 (110071710)|STATEMENT_EXECUTE|[137]
04:25:09.1 (113413766)|HEAP_ALLOCATE|[EXTERNAL]|Bytes:4
04:25:09.1 (113474046)|HEAP_ALLOCATE|[137]|Bytes:8
04:25:09.1 (113493717)|HEAP_ALLOCATE|[137]|Bytes:5
04:25:09.1 (113505754)|HEAP_ALLOCATE|[EXTERNAL]|Bytes:4
04:25:09.1 (113522724)|HEAP_ALLOCATE|[136]|Bytes:5
04:25:09.1 (113535337)|VARIABLE_SCOPE_BEGIN|[136]|fieldName|String|false|false
04:25:09.1 (113547104)|VARIABLE_ASSIGNMENT|[136]|fieldName|"company"
04:25:09.1 (113551015)|STATEMENT_EXECUTE|[136]
04:25:09.1 (113551978)|STATEMENT_EXECUTE|[137]
04:25:09.1 (113689608)|HEAP_ALLOCATE|[EXTERNAL]|Bytes:4
04:25:09.1 (113714347)|HEAP_ALLOCATE|[137]|Bytes:8
04:25:09.1 (113721258)|HEAP_ALLOCATE|[137]|Bytes:7
04:25:09.1 (113726175)|HEAP_ALLOCATE|[EXTERNAL]|Bytes:4
04:25:09.1 (113732930)|HEAP_ALLOCATE|[136]|Bytes:5
04:25:09.1 (113739203)|VARIABLE_SCOPE_BEGIN|[136]|fieldName|String|false|false
04:25:09.1 (113747397)|VARIABLE_ASSIGNMENT|[136]|fieldName|"street"
04:25:09.1 (113749647)|STATEMENT_EXECUTE|[136]
04:25:09.1 (113750540)|STATEMENT_EXECUTE|[137]
04:25:09.1 (113836446)|HEAP_ALLOCATE|[EXTERNAL]|Bytes:4
04:25:09.1 (113856381)|HEAP_ALLOCATE|[137]|Bytes:8
04:25:09.1 (113862031)|HEAP_ALLOCATE|[137]|Bytes:6
04:25:09.1 (113866617)|HEAP_ALLOCATE|[EXTERNAL]|Bytes:4
04:25:09.1 (113873236)|HEAP_ALLOCATE|[136]|Bytes:5
04:25:09.1 (113878506)|VARIABLE_SCOPE_BEGIN|[136]|fieldName|String|false|false
04:25:09.1 (113884121)|VARIABLE_ASSIGNMENT|[136]|fieldName|"city"
04:25:09.1 (113886438)|STATEMENT_EXECUTE|[136]
04:25:09.1 (113887321)|STATEMENT_EXECUTE|[137]
04:25:09.1 (113943837)|HEAP_ALLOCATE|[EXTERNAL]|Bytes:4
04:25:09.1 (113960828)|HEAP_ALLOCATE|[137]|Bytes:8
04:25:09.1 (113965862)|HEAP_ALLOCATE|[137]|Bytes:4
04:25:09.1 (113970657)|HEAP_ALLOCATE|[EXTERNAL]|Bytes:4
04:25:09.1 (113976748)|HEAP_ALLOCATE|[136]|Bytes:5
04:25:09.1 (113981944)|VARIABLE_SCOPE_BEGIN|[136]|fieldName|String|false|false
04:25:09.1 (113987327)|VARIABLE_ASSIGNMENT|[136]|fieldName|"state"
04:25:09.1 (113989556)|STATEMENT_EXECUTE|[136]
04:25:09.1 (113990362)|STATEMENT_EXECUTE|[137]
04:25:09.1 (114044075)|HEAP_ALLOCATE|[EXTERNAL]|Bytes:4
04:25:09.1 (114061576)|HEAP_ALLOCATE|[137]|Bytes:8
04:25:09.1 (114066789)|HEAP_ALLOCATE|[137]|Bytes:5
04:25:09.1 (114070985)|HEAP_ALLOCATE|[EXTERNAL]|Bytes:4
04:25:09.1 (114076921)|HEAP_ALLOCATE|[136]|Bytes:5
04:25:09.1 (114082057)|VARIABLE_SCOPE_BEGIN|[136]|fieldName|String|false|false
04:25:09.1 (114087362)|VARIABLE_ASSIGNMENT|[136]|fieldName|"postalcode"
04:25:09.1 (114089529)|STATEMENT_EXECUTE|[136]
04:25:09.1 (114090371)|STATEMENT_EXECUTE|[137]
04:25:09.1 (114141247)|HEAP_ALLOCATE|[EXTERNAL]|Bytes:4
04:25:09.1 (114158736)|HEAP_ALLOCATE|[137]|Bytes:8
04:25:09.1 (114164067)|HEAP_ALLOCATE|[137]|Bytes:10
04:25:09.1 (114169032)|HEAP_ALLOCATE|[EXTERNAL]|Bytes:4
04:25:09.1 (114174903)|HEAP_ALLOCATE|[136]|Bytes:5
04:25:09.1 (114179813)|VARIABLE_SCOPE_BEGIN|[136]|fieldName|String|false|false
04:25:09.1 (114185003)|VARIABLE_ASSIGNMENT|[136]|fieldName|"country"
04:25:09.1 (114187205)|STATEMENT_EXECUTE|[136]
04:25:09.1 (114188031)|STATEMENT_EXECUTE|[137]
04:25:09.1 (114240350)|HEAP_ALLOCATE|[EXTERNAL]|Bytes:4
04:25:09.1 (114256780)|HEAP_ALLOCATE|[137]|Bytes:8
04:25:09.1 (114261755)|HEAP_ALLOCATE|[137]|Bytes:7
04:25:09.1 (114265750)|HEAP_ALLOCATE|[EXTERNAL]|Bytes:4
04:25:09.1 (114271883)|HEAP_ALLOCATE|[136]|Bytes:5
04:25:09.1 (114276600)|VARIABLE_SCOPE_BEGIN|[136]|fieldName|String|false|false
04:25:09.1 (114281881)|VARIABLE_ASSIGNMENT|[136]|fieldName|"statecode"
04:25:09.1 (114284078)|STATEMENT_EXECUTE|[136]
04:25:09.1 (114284890)|STATEMENT_EXECUTE|[137]
04:25:09.1 (114343287)|HEAP_ALLOCATE|[EXTERNAL]|Bytes:4
04:25:09.1 (114358742)|HEAP_ALLOCATE|[137]|Bytes:8
04:25:09.1 (114363686)|HEAP_ALLOCATE|[137]|Bytes:9
04:25:09.1 (114367658)|HEAP_ALLOCATE|[EXTERNAL]|Bytes:4
04:25:09.1 (114373392)|HEAP_ALLOCATE|[136]|Bytes:5
04:25:09.1 (114378133)|VARIABLE_SCOPE_BEGIN|[136]|fieldName|String|false|false
04:25:09.1 (114383362)|VARIABLE_ASSIGNMENT|[136]|fieldName|"countrycode"
04:25:09.1 (114385534)|STATEMENT_EXECUTE|[136]
04:25:09.1 (114386311)|STATEMENT_EXECUTE|[137]
04:25:09.1 (114432997)|HEAP_ALLOCATE|[EXTERNAL]|Bytes:4
04:25:09.1 (114448679)|HEAP_ALLOCATE|[137]|Bytes:8
04:25:09.1 (114453711)|HEAP_ALLOCATE|[137]|Bytes:11
04:25:09.1 (114457759)|HEAP_ALLOCATE|[EXTERNAL]|Bytes:4
04:25:09.1 (114487575)|HEAP_ALLOCATE|[136]|Bytes:5
04:25:09.1 (114496190)|VARIABLE_SCOPE_BEGIN|[136]|fieldName|String|false|false
04:25:09.1 (114501994)|VARIABLE_ASSIGNMENT|[136]|fieldName|"latitude"
04:25:09.1 (114505068)|STATEMENT_EXECUTE|[136]
04:25:09.1 (114505875)|STATEMENT_EXECUTE|[137]
04:25:09.1 (114582058)|HEAP_ALLOCATE|[EXTERNAL]|Bytes:4
04:25:09.1 (114602459)|HEAP_ALLOCATE|[137]|Bytes:8
04:25:09.1 (114608125)|HEAP_ALLOCATE|[137]|Bytes:8
04:25:09.1 (114612485)|HEAP_ALLOCATE|[EXTERNAL]|Bytes:4
04:25:09.1 (114618785)|HEAP_ALLOCATE|[136]|Bytes:5
04:25:09.1 (114623587)|VARIABLE_SCOPE_BEGIN|[136]|fieldName|String|false|false
04:25:09.1 (114629120)|VARIABLE_ASSIGNMENT|[136]|fieldName|"longitude"
04:25:09.1 (114631274)|STATEMENT_EXECUTE|[136]
04:25:09.1 (114632072)|STATEMENT_EXECUTE|[137]
04:25:09.1 (114685886)|HEAP_ALLOCATE|[EXTERNAL]|Bytes:4
04:25:09.1 (114702262)|HEAP_ALLOCATE|[137]|Bytes:8
04:25:09.1 (114707476)|HEAP_ALLOCATE|[137]|Bytes:9
04:25:09.1 (114711307)|HEAP_ALLOCATE|[EXTERNAL]|Bytes:4
04:25:09.1 (114716898)|HEAP_ALLOCATE|[136]|Bytes:5
04:25:09.1 (114721730)|VARIABLE_SCOPE_BEGIN|[136]|fieldName|String|false|false
04:25:09.1 (114727196)|VARIABLE_ASSIGNMENT|[136]|fieldName|"geocodeaccuracy"
04:25:09.1 (114729286)|STATEMENT_EXECUTE|[136]
04:25:09.1 (114730084)|STATEMENT_EXECUTE|[137]
04:25:09.1 (114778549)|HEAP_ALLOCATE|[EXTERNAL]|Bytes:4
04:25:09.1 (114794715)|HEAP_ALLOCATE|[137]|Bytes:8
04:25:09.1 (114799707)|HEAP_ALLOCATE|[137]|Bytes:15
04:25:09.1 (114803629)|HEAP_ALLOCATE|[EXTERNAL]|Bytes:4
04:25:09.1 (114809295)|HEAP_ALLOCATE|[136]|Bytes:5
04:25:09.1 (114813961)|VARIABLE_SCOPE_BEGIN|[136]|fieldName|String|false|false
04:25:09.1 (114819027)|VARIABLE_ASSIGNMENT|[136]|fieldName|"address"
04:25:09.1 (114821260)|STATEMENT_EXECUTE|[136]
04:25:09.1 (114822050)|STATEMENT_EXECUTE|[137]
04:25:09.1 (114879557)|HEAP_ALLOCATE|[EXTERNAL]|Bytes:4
04:25:09.1 (114897702)|HEAP_ALLOCATE|[137]|Bytes:8
04:25:09.1 (114902799)|HEAP_ALLOCATE|[137]|Bytes:7
04:25:09.1 (114907370)|HEAP_ALLOCATE|[EXTERNAL]|Bytes:4
04:25:09.1 (114913673)|HEAP_ALLOCATE|[136]|Bytes:5
04:25:09.1 (114918557)|VARIABLE_SCOPE_BEGIN|[136]|fieldName|String|false|false
04:25:09.1 (114923935)|VARIABLE_ASSIGNMENT|[136]|fieldName|"phone"
04:25:09.1 (114926302)|STATEMENT_EXECUTE|[136]
04:25:09.1 (114927112)|STATEMENT_EXECUTE|[137]
04:25:09.1 (115004746)|HEAP_ALLOCATE|[EXTERNAL]|Bytes:4
04:25:09.1 (115022463)|HEAP_ALLOCATE|[137]|Bytes:8
04:25:09.1 (115027768)|HEAP_ALLOCATE|[137]|Bytes:5
04:25:09.1 (115031790)|HEAP_ALLOCATE|[EXTERNAL]|Bytes:4
04:25:09.1 (115038066)|HEAP_ALLOCATE|[136]|Bytes:5
04:25:09.1 (115045300)|VARIABLE_SCOPE_BEGIN|[136]|fieldName|String|false|false
04:25:09.1 (115055781)|VARIABLE_ASSIGNMENT|[136]|fieldName|"mobilephone"
04:25:09.1 (115058037)|STATEMENT_EXECUTE|[136]
04:25:09.1 (115058856)|STATEMENT_EXECUTE|[137]
04:25:09.1 (115113586)|HEAP_ALLOCATE|[EXTERNAL]|Bytes:4
04:25:09.1 (115130346)|HEAP_ALLOCATE|[137]|Bytes:8
04:25:09.1 (115135373)|HEAP_ALLOCATE|[137]|Bytes:11
04:25:09.1 (115139491)|HEAP_ALLOCATE|[EXTERNAL]|Bytes:4
04:25:09.1 (115145277)|HEAP_ALLOCATE|[136]|Bytes:5
04:25:09.1 (115150030)|VARIABLE_SCOPE_BEGIN|[136]|fieldName|String|false|false
04:25:09.1 (115155275)|VARIABLE_ASSIGNMENT|[136]|fieldName|"fax"
04:25:09.1 (115157658)|STATEMENT_EXECUTE|[136]
04:25:09.1 (115158477)|STATEMENT_EXECUTE|[137]
04:25:09.1 (115216162)|HEAP_ALLOCATE|[EXTERNAL]|Bytes:4
04:25:09.1 (115233354)|HEAP_ALLOCATE|[137]|Bytes:8
04:25:09.1 (115238566)|HEAP_ALLOCATE|[137]|Bytes:3
04:25:09.1 (115242595)|HEAP_ALLOCATE|[EXTERNAL]|Bytes:4
04:25:09.1 (115248653)|HEAP_ALLOCATE|[136]|Bytes:5
04:25:09.1 (115253541)|VARIABLE_SCOPE_BEGIN|[136]|fieldName|String|false|false
04:25:09.1 (115258519)|VARIABLE_ASSIGNMENT|[136]|fieldName|"email"
04:25:09.1 (115260860)|STATEMENT_EXECUTE|[136]
04:25:09.1 (115261644)|STATEMENT_EXECUTE|[137]
04:25:09.1 (115317800)|HEAP_ALLOCATE|[EXTERNAL]|Bytes:4
04:25:09.1 (115334692)|HEAP_ALLOCATE|[137]|Bytes:8
04:25:09.1 (115339897)|HEAP_ALLOCATE|[137]|Bytes:5
04:25:09.1 (115344149)|HEAP_ALLOCATE|[EXTERNAL]|Bytes:4
04:25:09.1 (115349996)|HEAP_ALLOCATE|[136]|Bytes:5
04:25:09.1 (115354988)|VARIABLE_SCOPE_BEGIN|[136]|fieldName|String|false|false
04:25:09.1 (115360225)|VARIABLE_ASSIGNMENT|[136]|fieldName|"website"
04:25:09.1 (115362620)|STATEMENT_EXECUTE|[136]
04:25:09.1 (115363395)|STATEMENT_EXECUTE|[137]
04:25:09.1 (115423843)|HEAP_ALLOCATE|[EXTERNAL]|Bytes:4
04:25:09.1 (115441005)|HEAP_ALLOCATE|[137]|Bytes:8
04:25:09.1 (115446189)|HEAP_ALLOCATE|[137]|Bytes:7
04:25:09.1 (115450275)|HEAP_ALLOCATE|[EXTERNAL]|Bytes:4
04:25:09.1 (115456396)|HEAP_ALLOCATE|[136]|Bytes:5
04:25:09.1 (115461001)|VARIABLE_SCOPE_BEGIN|[136]|fieldName|String|false|false
04:25:09.1 (115466268)|VARIABLE_ASSIGNMENT|[136]|fieldName|"photourl"
04:25:09.1 (115468495)|STATEMENT_EXECUTE|[136]
04:25:09.1 (115469285)|STATEMENT_EXECUTE|[137]
04:25:09.1 (115514554)|HEAP_ALLOCATE|[EXTERNAL]|Bytes:4
04:25:09.1 (115530772)|HEAP_ALLOCATE|[137]|Bytes:8
04:25:09.1 (115535766)|HEAP_ALLOCATE|[137]|Bytes:8
04:25:09.1 (115539866)|HEAP_ALLOCATE|[EXTERNAL]|Bytes:4
04:25:09.1 (115545634)|HEAP_ALLOCATE|[136]|Bytes:5
04:25:09.1 (115550280)|VARIABLE_SCOPE_BEGIN|[136]|fieldName|String|false|false
04:25:09.1 (115555455)|VARIABLE_ASSIGNMENT|[136]|fieldName|"description"
04:25:09.1 (115557716)|STATEMENT_EXECUTE|[136]
04:25:09.1 (115558531)|STATEMENT_EXECUTE|[137]
04:25:09.1 (115624038)|HEAP_ALLOCATE|[EXTERNAL]|Bytes:4
04:25:09.1 (115642381)|HEAP_ALLOCATE|[137]|Bytes:8
04:25:09.1 (115647549)|HEAP_ALLOCATE|[137]|Bytes:11
04:25:09.1 (115651841)|HEAP_ALLOCATE|[EXTERNAL]|Bytes:4
04:25:09.1 (115659025)|HEAP_ALLOCATE|[136]|Bytes:5
04:25:09.1 (115663926)|VARIABLE_SCOPE_BEGIN|[136]|fieldName|String|false|false
04:25:09.1 (115669209)|VARIABLE_ASSIGNMENT|[136]|fieldName|"leadsource"
04:25:09.1 (115671522)|STATEMENT_EXECUTE|[136]
04:25:09.1 (115672391)|STATEMENT_EXECUTE|[137]
04:25:09.1 (115730572)|HEAP_ALLOCATE|[EXTERNAL]|Bytes:4
04:25:09.1 (115747222)|HEAP_ALLOCATE|[137]|Bytes:8
04:25:09.1 (115752170)|HEAP_ALLOCATE|[137]|Bytes:10
04:25:09.1 (115756363)|HEAP_ALLOCATE|[EXTERNAL]|Bytes:4
04:25:09.1 (115762277)|HEAP_ALLOCATE|[136]|Bytes:5
04:25:09.1 (115767240)|VARIABLE_SCOPE_BEGIN|[136]|fieldName|String|false|false
04:25:09.1 (115772513)|VARIABLE_ASSIGNMENT|[136]|fieldName|"status"
04:25:09.1 (115774625)|STATEMENT_EXECUTE|[136]
04:25:09.1 (115775439)|STATEMENT_EXECUTE|[137]
04:25:09.1 (115829627)|HEAP_ALLOCATE|[EXTERNAL]|Bytes:4
04:25:09.1 (115846121)|HEAP_ALLOCATE|[137]|Bytes:8
04:25:09.1 (115850931)|HEAP_ALLOCATE|[137]|Bytes:6
04:25:09.1 (115855033)|HEAP_ALLOCATE|[EXTERNAL]|Bytes:4
04:25:09.1 (115861429)|HEAP_ALLOCATE|[136]|Bytes:5
04:25:09.1 (115866327)|VARIABLE_SCOPE_BEGIN|[136]|fieldName|String|false|false
04:25:09.1 (115871161)|VARIABLE_ASSIGNMENT|[136]|fieldName|"industry"
04:25:09.1 (115873330)|STATEMENT_EXECUTE|[136]
04:25:09.1 (115874129)|STATEMENT_EXECUTE|[137]
04:25:09.1 (115924925)|HEAP_ALLOCATE|[EXTERNAL]|Bytes:4
04:25:09.1 (115941251)|HEAP_ALLOCATE|[137]|Bytes:8
04:25:09.1 (115946283)|HEAP_ALLOCATE|[137]|Bytes:8
04:25:09.1 (115950198)|HEAP_ALLOCATE|[EXTERNAL]|Bytes:4
04:25:09.1 (115956003)|HEAP_ALLOCATE|[136]|Bytes:5
04:25:09.1 (115960775)|VARIABLE_SCOPE_BEGIN|[136]|fieldName|String|false|false
04:25:09.1 (115965810)|VARIABLE_ASSIGNMENT|[136]|fieldName|"rating"
04:25:09.1 (115967892)|STATEMENT_EXECUTE|[136]
04:25:09.1 (115968688)|STATEMENT_EXECUTE|[137]
04:25:09.1 (116025883)|HEAP_ALLOCATE|[EXTERNAL]|Bytes:4
04:25:09.1 (116042962)|HEAP_ALLOCATE|[137]|Bytes:8
04:25:09.1 (116047818)|HEAP_ALLOCATE|[137]|Bytes:6
04:25:09.1 (116051895)|HEAP_ALLOCATE|[EXTERNAL]|Bytes:4
04:25:09.1 (116057554)|HEAP_ALLOCATE|[136]|Bytes:5
04:25:09.1 (116062192)|VARIABLE_SCOPE_BEGIN|[136]|fieldName|String|false|false
04:25:09.1 (116067691)|VARIABLE_ASSIGNMENT|[136]|fieldName|"annualrevenue"
04:25:09.1 (116070014)|STATEMENT_EXECUTE|[136]
04:25:09.1 (116070819)|STATEMENT_EXECUTE|[137]
04:25:09.1 (116183367)|HEAP_ALLOCATE|[EXTERNAL]|Bytes:4
04:25:09.1 (116203421)|HEAP_ALLOCATE|[137]|Bytes:8
04:25:09.1 (116209319)|HEAP_ALLOCATE|[137]|Bytes:13
04:25:09.1 (116213754)|HEAP_ALLOCATE|[EXTERNAL]|Bytes:4
04:25:09.1 (116220083)|HEAP_ALLOCATE|[136]|Bytes:5
04:25:09.1 (116224907)|VARIABLE_SCOPE_BEGIN|[136]|fieldName|String|false|false
04:25:09.1 (116230338)|VARIABLE_ASSIGNMENT|[136]|fieldName|"numberofemployees"
04:25:09.1 (116232875)|STATEMENT_EXECUTE|[136]
04:25:09.1 (116233664)|STATEMENT_EXECUTE|[137]
04:25:09.1 (116301134)|HEAP_ALLOCATE|[EXTERNAL]|Bytes:4
04:25:09.1 (116318789)|HEAP_ALLOCATE|[137]|Bytes:8
04:25:09.1 (116324272)|HEAP_ALLOCATE|[137]|Bytes:17
04:25:09.1 (116328199)|HEAP_ALLOCATE|[EXTERNAL]|Bytes:4
04:25:09.1 (116334245)|HEAP_ALLOCATE|[136]|Bytes:5
04:25:09.1 (116339220)|VARIABLE_SCOPE_BEGIN|[136]|fieldName|String|false|false
04:25:09.1 (116344715)|VARIABLE_ASSIGNMENT|[136]|fieldName|"ownerid"
04:25:09.1 (116346828)|STATEMENT_EXECUTE|[136]
04:25:09.1 (116347635)|STATEMENT_EXECUTE|[137]
04:25:09.1 (116469801)|HEAP_ALLOCATE|[EXTERNAL]|Bytes:12
04:25:09.1 (116489786)|HEAP_ALLOCATE|[137]|Bytes:8
04:25:09.1 (116496011)|HEAP_ALLOCATE|[137]|Bytes:7
04:25:09.1 (116500799)|HEAP_ALLOCATE|[EXTERNAL]|Bytes:4
04:25:09.1 (116507395)|HEAP_ALLOCATE|[136]|Bytes:5
04:25:09.1 (116514209)|VARIABLE_SCOPE_BEGIN|[136]|fieldName|String|false|false
04:25:09.1 (116520301)|VARIABLE_ASSIGNMENT|[136]|fieldName|"hasoptedoutofemail"
04:25:09.1 (116522631)|STATEMENT_EXECUTE|[136]
04:25:09.1 (116523427)|STATEMENT_EXECUTE|[137]
04:25:09.1 (116570971)|HEAP_ALLOCATE|[EXTERNAL]|Bytes:4
04:25:09.1 (116587276)|HEAP_ALLOCATE|[137]|Bytes:8
04:25:09.1 (116592402)|HEAP_ALLOCATE|[137]|Bytes:18
04:25:09.1 (116596452)|HEAP_ALLOCATE|[EXTERNAL]|Bytes:4
04:25:09.1 (116602329)|HEAP_ALLOCATE|[136]|Bytes:5
04:25:09.1 (116607198)|VARIABLE_SCOPE_BEGIN|[136]|fieldName|String|false|false
04:25:09.1 (116612452)|VARIABLE_ASSIGNMENT|[136]|fieldName|"isconverted"
04:25:09.1 (116614669)|STATEMENT_EXECUTE|[136]
04:25:09.1 (116615460)|STATEMENT_EXECUTE|[137]
04:25:09.1 (116668387)|HEAP_ALLOCATE|[EXTERNAL]|Bytes:4
04:25:09.1 (116685237)|HEAP_ALLOCATE|[137]|Bytes:8
04:25:09.1 (116690547)|HEAP_ALLOCATE|[137]|Bytes:11
04:25:09.1 (116694650)|HEAP_ALLOCATE|[EXTERNAL]|Bytes:4
04:25:09.1 (116700452)|HEAP_ALLOCATE|[136]|Bytes:5
04:25:09.1 (116705268)|VARIABLE_SCOPE_BEGIN|[136]|fieldName|String|false|false
04:25:09.1 (116710758)|VARIABLE_ASSIGNMENT|[136]|fieldName|"converteddate"
04:25:09.1 (116712886)|STATEMENT_EXECUTE|[136]
04:25:09.1 (116713690)|STATEMENT_EXECUTE|[137]
04:25:09.1 (116768022)|HEAP_ALLOCATE|[EXTERNAL]|Bytes:4
04:25:09.1 (116784268)|HEAP_ALLOCATE|[137]|Bytes:8
04:25:09.1 (116789398)|HEAP_ALLOCATE|[137]|Bytes:13
04:25:09.1 (116793487)|HEAP_ALLOCATE|[EXTERNAL]|Bytes:4
04:25:09.1 (116799220)|HEAP_ALLOCATE|[136]|Bytes:5
04:25:09.1 (116803855)|VARIABLE_SCOPE_BEGIN|[136]|fieldName|String|false|false
04:25:09.1 (116809356)|VARIABLE_ASSIGNMENT|[136]|fieldName|"convertedaccountid"
04:25:09.1 (116811467)|STATEMENT_EXECUTE|[136]
04:25:09.1 (116812258)|STATEMENT_EXECUTE|[137]
04:25:09.1 (116943422)|HEAP_ALLOCATE|[EXTERNAL]|Bytes:8
04:25:09.1 (116975964)|HEAP_ALLOCATE|[137]|Bytes:8
04:25:09.1 (116985497)|HEAP_ALLOCATE|[137]|Bytes:18
04:25:09.1 (116992359)|HEAP_ALLOCATE|[EXTERNAL]|Bytes:4
04:25:09.1 (117002394)|HEAP_ALLOCATE|[136]|Bytes:5
04:25:09.1 (117011754)|VARIABLE_SCOPE_BEGIN|[136]|fieldName|String|false|false
04:25:09.1 (117021077)|VARIABLE_ASSIGNMENT|[136]|fieldName|"convertedcontactid"
04:25:09.1 (117024666)|STATEMENT_EXECUTE|[136]
04:25:09.1 (117025834)|STATEMENT_EXECUTE|[137]
04:25:09.1 (117160983)|HEAP_ALLOCATE|[EXTERNAL]|Bytes:8
04:25:09.1 (117193208)|HEAP_ALLOCATE|[137]|Bytes:8
04:25:09.1 (117202855)|HEAP_ALLOCATE|[137]|Bytes:18
04:25:09.1 (117210010)|HEAP_ALLOCATE|[EXTERNAL]|Bytes:4
04:25:09.1 (117221935)|HEAP_ALLOCATE|[136]|Bytes:5
04:25:09.1 (117231279)|VARIABLE_SCOPE_BEGIN|[136]|fieldName|String|false|false
04:25:09.1 (117243543)|VARIABLE_ASSIGNMENT|[136]|fieldName|"convertedopportunity (2 more) ..."
04:25:09.1 (117247790)|STATEMENT_EXECUTE|[136]
04:25:09.1 (117249065)|STATEMENT_EXECUTE|[137]
04:25:09.1 (117425736)|HEAP_ALLOCATE|[EXTERNAL]|Bytes:8
04:25:09.1 (117464597)|HEAP_ALLOCATE|[137]|Bytes:8
04:25:09.1 (117474670)|HEAP_ALLOCATE|[137]|Bytes:22
04:25:09.1 (117482568)|HEAP_ALLOCATE|[EXTERNAL]|Bytes:4
04:25:09.1 (117493752)|HEAP_ALLOCATE|[136]|Bytes:5
04:25:09.1 (117503013)|VARIABLE_SCOPE_BEGIN|[136]|fieldName|String|false|false
04:25:09.1 (117513708)|VARIABLE_ASSIGNMENT|[136]|fieldName|"isunreadbyowner"
04:25:09.1 (117518177)|STATEMENT_EXECUTE|[136]
04:25:09.1 (117519532)|STATEMENT_EXECUTE|[137]
04:25:09.1 (117616114)|HEAP_ALLOCATE|[EXTERNAL]|Bytes:4
04:25:09.1 (117648304)|HEAP_ALLOCATE|[137]|Bytes:8
04:25:09.1 (117656733)|HEAP_ALLOCATE|[137]|Bytes:15
04:25:09.1 (117663637)|HEAP_ALLOCATE|[EXTERNAL]|Bytes:4
04:25:09.1 (117672959)|HEAP_ALLOCATE|[136]|Bytes:5
04:25:09.1 (117681315)|VARIABLE_SCOPE_BEGIN|[136]|fieldName|String|false|false
04:25:09.1 (117692127)|VARIABLE_ASSIGNMENT|[136]|fieldName|"createddate"
04:25:09.1 (117695478)|STATEMENT_EXECUTE|[136]
04:25:09.1 (117696584)|STATEMENT_EXECUTE|[137]
04:25:09.1 (117812574)|HEAP_ALLOCATE|[EXTERNAL]|Bytes:4
04:25:09.1 (117854357)|HEAP_ALLOCATE|[137]|Bytes:8
04:25:09.1 (117864981)|HEAP_ALLOCATE|[137]|Bytes:11
04:25:09.1 (117872495)|HEAP_ALLOCATE|[EXTERNAL]|Bytes:4
04:25:09.1 (117883614)|HEAP_ALLOCATE|[136]|Bytes:5
04:25:09.1 (117892404)|VARIABLE_SCOPE_BEGIN|[136]|fieldName|String|false|false
04:25:09.1 (117902338)|VARIABLE_ASSIGNMENT|[136]|fieldName|"createdbyid"
04:25:09.1 (117906367)|STATEMENT_EXECUTE|[136]
04:25:09.1 (117907653)|STATEMENT_EXECUTE|[137]
04:25:09.1 (118087366)|HEAP_ALLOCATE|[EXTERNAL]|Bytes:8
04:25:09.1 (118133143)|HEAP_ALLOCATE|[137]|Bytes:8
04:25:09.1 (118145203)|HEAP_ALLOCATE|[137]|Bytes:11
04:25:09.1 (118153275)|HEAP_ALLOCATE|[EXTERNAL]|Bytes:4
04:25:09.1 (118165883)|HEAP_ALLOCATE|[136]|Bytes:5
04:25:09.1 (118175830)|VARIABLE_SCOPE_BEGIN|[136]|fieldName|String|false|false
04:25:09.1 (118186958)|VARIABLE_ASSIGNMENT|[136]|fieldName|"lastmodifieddate"
04:25:09.1 (118191221)|STATEMENT_EXECUTE|[136]
04:25:09.1 (118192356)|STATEMENT_EXECUTE|[137]
04:25:09.1 (118343000)|HEAP_ALLOCATE|[EXTERNAL]|Bytes:4
04:25:09.1 (118385112)|HEAP_ALLOCATE|[137]|Bytes:8
04:25:09.1 (118396221)|HEAP_ALLOCATE|[137]|Bytes:16
04:25:09.1 (118403635)|HEAP_ALLOCATE|[EXTERNAL]|Bytes:4
04:25:09.1 (118415525)|HEAP_ALLOCATE|[136]|Bytes:5
04:25:09.1 (118425622)|VARIABLE_SCOPE_BEGIN|[136]|fieldName|String|false|false
04:25:09.1 (118435950)|VARIABLE_ASSIGNMENT|[136]|fieldName|"lastmodifiedbyid"
04:25:09.1 (118440743)|STATEMENT_EXECUTE|[136]
04:25:09.1 (118441903)|STATEMENT_EXECUTE|[137]
04:25:09.1 (118646233)|HEAP_ALLOCATE|[EXTERNAL]|Bytes:8
04:25:09.1 (118692749)|HEAP_ALLOCATE|[137]|Bytes:8
04:25:09.1 (118707204)|HEAP_ALLOCATE|[137]|Bytes:16
04:25:09.1 (118716022)|HEAP_ALLOCATE|[EXTERNAL]|Bytes:4
04:25:09.1 (118728433)|HEAP_ALLOCATE|[136]|Bytes:5
04:25:09.1 (118739555)|VARIABLE_SCOPE_BEGIN|[136]|fieldName|String|false|false
04:25:09.1 (118751309)|VARIABLE_ASSIGNMENT|[136]|fieldName|"systemmodstamp"
04:25:09.1 (118755599)|STATEMENT_EXECUTE|[136]
04:25:09.1 (118756733)|STATEMENT_EXECUTE|[137]
04:25:09.1 (118875742)|HEAP_ALLOCATE|[EXTERNAL]|Bytes:4
04:25:09.1 (118913080)|HEAP_ALLOCATE|[137]|Bytes:8
04:25:09.1 (118922918)|HEAP_ALLOCATE|[137]|Bytes:14
04:25:09.1 (118930050)|HEAP_ALLOCATE|[EXTERNAL]|Bytes:4
04:25:09.1 (118940556)|HEAP_ALLOCATE|[136]|Bytes:5
04:25:09.1 (118950083)|VARIABLE_SCOPE_BEGIN|[136]|fieldName|String|false|false
04:25:09.1 (118959978)|VARIABLE_ASSIGNMENT|[136]|fieldName|"lastactivitydate"
04:25:09.1 (118963794)|STATEMENT_EXECUTE|[136]
04:25:09.1 (118964940)|STATEMENT_EXECUTE|[137]
04:25:09.1 (119058489)|HEAP_ALLOCATE|[EXTERNAL]|Bytes:4
04:25:09.1 (119085111)|HEAP_ALLOCATE|[137]|Bytes:8
04:25:09.1 (119091696)|HEAP_ALLOCATE|[137]|Bytes:16
04:25:09.1 (119096743)|HEAP_ALLOCATE|[EXTERNAL]|Bytes:4
04:25:09.1 (119104169)|HEAP_ALLOCATE|[136]|Bytes:5
04:25:09.1 (119109959)|VARIABLE_SCOPE_BEGIN|[136]|fieldName|String|false|false
04:25:09.1 (119116579)|VARIABLE_ASSIGNMENT|[136]|fieldName|"donotcall"
04:25:09.1 (119119049)|STATEMENT_EXECUTE|[136]
04:25:09.1 (119119908)|STATEMENT_EXECUTE|[137]
04:25:09.1 (119173738)|HEAP_ALLOCATE|[EXTERNAL]|Bytes:4
04:25:09.1 (119191382)|HEAP_ALLOCATE|[137]|Bytes:8
04:25:09.1 (119196532)|HEAP_ALLOCATE|[137]|Bytes:9
04:25:09.1 (119200646)|HEAP_ALLOCATE|[EXTERNAL]|Bytes:4
04:25:09.1 (119206727)|HEAP_ALLOCATE|[136]|Bytes:5
04:25:09.1 (119211627)|VARIABLE_SCOPE_BEGIN|[136]|fieldName|String|false|false
04:25:09.1 (119217417)|VARIABLE_ASSIGNMENT|[136]|fieldName|"hasoptedoutoffax"
04:25:09.1 (119221157)|STATEMENT_EXECUTE|[136]
04:25:09.1 (119221958)|STATEMENT_EXECUTE|[137]
04:25:09.1 (119269607)|HEAP_ALLOCATE|[EXTERNAL]|Bytes:4
04:25:09.1 (119285680)|HEAP_ALLOCATE|[137]|Bytes:8
04:25:09.1 (119290668)|HEAP_ALLOCATE|[137]|Bytes:16
04:25:09.1 (119295157)|HEAP_ALLOCATE|[EXTERNAL]|Bytes:4
04:25:09.1 (119301193)|HEAP_ALLOCATE|[136]|Bytes:5
04:25:09.1 (119306004)|VARIABLE_SCOPE_BEGIN|[136]|fieldName|String|false|false
04:25:09.1 (119311413)|VARIABLE_ASSIGNMENT|[136]|fieldName|"lastvieweddate"
04:25:09.1 (119313532)|STATEMENT_EXECUTE|[136]
04:25:09.1 (119314345)|STATEMENT_EXECUTE|[137]
04:25:09.1 (119375768)|HEAP_ALLOCATE|[EXTERNAL]|Bytes:4
04:25:09.1 (119392594)|HEAP_ALLOCATE|[137]|Bytes:8
04:25:09.1 (119397653)|HEAP_ALLOCATE|[137]|Bytes:14
04:25:09.1 (119401770)|HEAP_ALLOCATE|[EXTERNAL]|Bytes:4
04:25:09.1 (119407647)|HEAP_ALLOCATE|[136]|Bytes:5
04:25:09.1 (119412617)|VARIABLE_SCOPE_BEGIN|[136]|fieldName|String|false|false
04:25:09.1 (119418143)|VARIABLE_ASSIGNMENT|[136]|fieldName|"lastreferenceddate"
04:25:09.1 (119420401)|STATEMENT_EXECUTE|[136]
04:25:09.1 (119421200)|STATEMENT_EXECUTE|[137]
04:25:09.1 (119471666)|HEAP_ALLOCATE|[EXTERNAL]|Bytes:4
04:25:09.1 (119488547)|HEAP_ALLOCATE|[137]|Bytes:8
04:25:09.1 (119493528)|HEAP_ALLOCATE|[137]|Bytes:18
04:25:09.1 (119497674)|HEAP_ALLOCATE|[EXTERNAL]|Bytes:4
04:25:09.1 (119503457)|HEAP_ALLOCATE|[136]|Bytes:5
04:25:09.1 (119508361)|VARIABLE_SCOPE_BEGIN|[136]|fieldName|String|false|false
04:25:09.1 (119513573)|VARIABLE_ASSIGNMENT|[136]|fieldName|"lasttransferdate"
04:25:09.1 (119515833)|STATEMENT_EXECUTE|[136]
04:25:09.1 (119516671)|STATEMENT_EXECUTE|[137]
04:25:09.1 (119553194)|HEAP_ALLOCATE|[EXTERNAL]|Bytes:4
04:25:09.1 (119568492)|HEAP_ALLOCATE|[137]|Bytes:8
04:25:09.1 (119573334)|HEAP_ALLOCATE|[137]|Bytes:16
04:25:09.1 (119578178)|HEAP_ALLOCATE|[EXTERNAL]|Bytes:4
04:25:09.1 (119583921)|HEAP_ALLOCATE|[136]|Bytes:5
04:25:09.1 (119588703)|VARIABLE_SCOPE_BEGIN|[136]|fieldName|String|false|false
04:25:09.1 (119593667)|VARIABLE_ASSIGNMENT|[136]|fieldName|"jigsaw"
04:25:09.1 (119595808)|STATEMENT_EXECUTE|[136]
04:25:09.1 (119596645)|STATEMENT_EXECUTE|[137]
04:25:09.1 (119687936)|HEAP_ALLOCATE|[EXTERNAL]|Bytes:4
04:25:09.1 (119705661)|HEAP_ALLOCATE|[137]|Bytes:8
04:25:09.1 (119710765)|HEAP_ALLOCATE|[137]|Bytes:6
04:25:09.1 (119714860)|HEAP_ALLOCATE|[EXTERNAL]|Bytes:4
04:25:09.1 (119720894)|HEAP_ALLOCATE|[136]|Bytes:5
04:25:09.1 (119725980)|VARIABLE_SCOPE_BEGIN|[136]|fieldName|String|false|false
04:25:09.1 (119731773)|VARIABLE_ASSIGNMENT|[136]|fieldName|"jigsawcontactid"
04:25:09.1 (119733885)|STATEMENT_EXECUTE|[136]
04:25:09.1 (119734670)|STATEMENT_EXECUTE|[137]
04:25:09.1 (119818038)|HEAP_ALLOCATE|[EXTERNAL]|Bytes:4
04:25:09.1 (119842890)|HEAP_ALLOCATE|[137]|Bytes:8
04:25:09.1 (119851300)|HEAP_ALLOCATE|[137]|Bytes:15
04:25:09.1 (119857345)|HEAP_ALLOCATE|[EXTERNAL]|Bytes:4
04:25:09.1 (119866665)|HEAP_ALLOCATE|[136]|Bytes:5
04:25:09.1 (119872571)|VARIABLE_SCOPE_BEGIN|[136]|fieldName|String|false|false
04:25:09.1 (119878451)|VARIABLE_ASSIGNMENT|[136]|fieldName|"cleanstatus"
04:25:09.1 (119881056)|STATEMENT_EXECUTE|[136]
04:25:09.1 (119881875)|STATEMENT_EXECUTE|[137]
04:25:09.1 (119974650)|HEAP_ALLOCATE|[EXTERNAL]|Bytes:4
04:25:09.1 (119993527)|HEAP_ALLOCATE|[137]|Bytes:8
04:25:09.1 (119998758)|HEAP_ALLOCATE|[137]|Bytes:11
04:25:09.1 (120003265)|HEAP_ALLOCATE|[EXTERNAL]|Bytes:4
04:25:09.1 (120010041)|HEAP_ALLOCATE|[136]|Bytes:5
04:25:09.1 (120014848)|VARIABLE_SCOPE_BEGIN|[136]|fieldName|String|false|false
04:25:09.1 (120020161)|VARIABLE_ASSIGNMENT|[136]|fieldName|"companydunsnumber"
04:25:09.1 (120022475)|STATEMENT_EXECUTE|[136]
04:25:09.1 (120023264)|STATEMENT_EXECUTE|[137]
04:25:09.1 (120083592)|HEAP_ALLOCATE|[EXTERNAL]|Bytes:4
04:25:09.1 (120113237)|HEAP_ALLOCATE|[137]|Bytes:8
04:25:09.1 (120119003)|HEAP_ALLOCATE|[137]|Bytes:17
04:25:09.1 (120123395)|HEAP_ALLOCATE|[EXTERNAL]|Bytes:4
04:25:09.1 (120129508)|HEAP_ALLOCATE|[136]|Bytes:5
04:25:09.1 (120134500)|VARIABLE_SCOPE_BEGIN|[136]|fieldName|String|false|false
04:25:09.1 (120140347)|VARIABLE_ASSIGNMENT|[136]|fieldName|"dandbcompanyid"
04:25:09.1 (120142514)|STATEMENT_EXECUTE|[136]
04:25:09.1 (120143307)|STATEMENT_EXECUTE|[137]
04:25:09.1 (120279945)|HEAP_ALLOCATE|[EXTERNAL]|Bytes:8
04:25:09.1 (120301588)|HEAP_ALLOCATE|[137]|Bytes:8
04:25:09.1 (120308831)|HEAP_ALLOCATE|[137]|Bytes:14
04:25:09.1 (120314806)|HEAP_ALLOCATE|[EXTERNAL]|Bytes:4
04:25:09.1 (120323243)|HEAP_ALLOCATE|[136]|Bytes:5
04:25:09.1 (120330858)|VARIABLE_SCOPE_BEGIN|[136]|fieldName|String|false|false
04:25:09.1 (120339596)|VARIABLE_ASSIGNMENT|[136]|fieldName|"emailbouncedreason"
04:25:09.1 (120343375)|STATEMENT_EXECUTE|[136]
04:25:09.1 (120344431)|STATEMENT_EXECUTE|[137]
04:25:09.1 (120431988)|HEAP_ALLOCATE|[EXTERNAL]|Bytes:4
04:25:09.1 (120463847)|HEAP_ALLOCATE|[137]|Bytes:8
04:25:09.1 (120472232)|HEAP_ALLOCATE|[137]|Bytes:18
04:25:09.1 (120478392)|HEAP_ALLOCATE|[EXTERNAL]|Bytes:4
04:25:09.1 (120487448)|HEAP_ALLOCATE|[136]|Bytes:5
04:25:09.1 (120495411)|VARIABLE_SCOPE_BEGIN|[136]|fieldName|String|false|false
04:25:09.1 (120503921)|VARIABLE_ASSIGNMENT|[136]|fieldName|"emailbounceddate"
04:25:09.1 (120507054)|STATEMENT_EXECUTE|[136]
04:25:09.1 (120508062)|STATEMENT_EXECUTE|[137]
04:25:09.1 (120602745)|HEAP_ALLOCATE|[EXTERNAL]|Bytes:4
04:25:09.1 (120633365)|HEAP_ALLOCATE|[137]|Bytes:8
04:25:09.1 (120642094)|HEAP_ALLOCATE|[137]|Bytes:16
04:25:09.1 (120648145)|HEAP_ALLOCATE|[EXTERNAL]|Bytes:4
04:25:09.1 (120659310)|HEAP_ALLOCATE|[136]|Bytes:5
04:25:09.1 (120667480)|VARIABLE_SCOPE_BEGIN|[136]|fieldName|String|false|false
04:25:09.1 (120676081)|VARIABLE_ASSIGNMENT|[136]|fieldName|"individualid"
04:25:09.1 (120679589)|STATEMENT_EXECUTE|[136]
04:25:09.1 (120680678)|STATEMENT_EXECUTE|[137]
04:25:09.1 (120898290)|HEAP_ALLOCATE|[EXTERNAL]|Bytes:8
04:25:09.1 (120928540)|HEAP_ALLOCATE|[137]|Bytes:8
04:25:09.1 (120935220)|HEAP_ALLOCATE|[137]|Bytes:12
04:25:09.1 (120940467)|HEAP_ALLOCATE|[EXTERNAL]|Bytes:4
04:25:09.1 (120947978)|HEAP_ALLOCATE|[136]|Bytes:5
04:25:09.1 (120953898)|VARIABLE_SCOPE_BEGIN|[136]|fieldName|String|false|false
04:25:09.1 (120960200)|VARIABLE_ASSIGNMENT|[136]|fieldName|"pronouns"
04:25:09.1 (120962542)|STATEMENT_EXECUTE|[136]
04:25:09.1 (120963367)|STATEMENT_EXECUTE|[137]
04:25:09.1 (121022177)|HEAP_ALLOCATE|[EXTERNAL]|Bytes:4
04:25:09.1 (121041616)|HEAP_ALLOCATE|[137]|Bytes:8
04:25:09.1 (121046614)|HEAP_ALLOCATE|[137]|Bytes:8
04:25:09.1 (121050937)|HEAP_ALLOCATE|[EXTERNAL]|Bytes:4
04:25:09.1 (121056704)|HEAP_ALLOCATE|[136]|Bytes:5
04:25:09.1 (121061444)|VARIABLE_SCOPE_BEGIN|[136]|fieldName|String|false|false
04:25:09.1 (121067025)|VARIABLE_ASSIGNMENT|[136]|fieldName|"genderidentity"
04:25:09.1 (121069116)|STATEMENT_EXECUTE|[136]
04:25:09.1 (121069918)|STATEMENT_EXECUTE|[137]
04:25:09.1 (121113058)|HEAP_ALLOCATE|[EXTERNAL]|Bytes:4
04:25:09.1 (121129613)|HEAP_ALLOCATE|[137]|Bytes:8
04:25:09.1 (121134461)|HEAP_ALLOCATE|[137]|Bytes:14
04:25:09.1 (121138424)|HEAP_ALLOCATE|[EXTERNAL]|Bytes:4
04:25:09.1 (121144263)|HEAP_ALLOCATE|[136]|Bytes:5
04:25:09.1 (121148908)|VARIABLE_SCOPE_BEGIN|[136]|fieldName|String|false|false
04:25:09.1 (121154188)|VARIABLE_ASSIGNMENT|[136]|fieldName|"ispriorityrecord"
04:25:09.1 (121156605)|STATEMENT_EXECUTE|[136]
04:25:09.1 (121157441)|STATEMENT_EXECUTE|[137]
04:25:09.1 (121217963)|HEAP_ALLOCATE|[EXTERNAL]|Bytes:4
04:25:09.1 (121234562)|HEAP_ALLOCATE|[137]|Bytes:8
04:25:09.1 (121239514)|HEAP_ALLOCATE|[137]|Bytes:16
04:25:09.1 (121243534)|HEAP_ALLOCATE|[EXTERNAL]|Bytes:4
04:25:09.1 (121249372)|HEAP_ALLOCATE|[136]|Bytes:5
04:25:09.1 (121254154)|VARIABLE_SCOPE_BEGIN|[136]|fieldName|String|false|false
04:25:09.1 (121259336)|VARIABLE_ASSIGNMENT|[136]|fieldName|"siccode__c"
04:25:09.1 (121261539)|STATEMENT_EXECUTE|[136]
04:25:09.1 (121262376)|STATEMENT_EXECUTE|[137]
04:25:09.1 (121362124)|HEAP_ALLOCATE|[EXTERNAL]|Bytes:4
04:25:09.1 (121381098)|HEAP_ALLOCATE|[137]|Bytes:8
04:25:09.1 (121386459)|HEAP_ALLOCATE|[137]|Bytes:10
04:25:09.1 (121390709)|HEAP_ALLOCATE|[EXTERNAL]|Bytes:4
04:25:09.1 (121397068)|HEAP_ALLOCATE|[136]|Bytes:5
04:25:09.1 (121401934)|VARIABLE_SCOPE_BEGIN|[136]|fieldName|String|false|false
04:25:09.1 (121407478)|VARIABLE_ASSIGNMENT|[136]|fieldName|"productinterest__c"
04:25:09.1 (121409939)|STATEMENT_EXECUTE|[136]
04:25:09.1 (121410775)|STATEMENT_EXECUTE|[137]
04:25:09.1 (121460564)|HEAP_ALLOCATE|[EXTERNAL]|Bytes:4
04:25:09.1 (121477716)|HEAP_ALLOCATE|[137]|Bytes:8
04:25:09.1 (121482710)|HEAP_ALLOCATE|[137]|Bytes:18
04:25:09.1 (121486928)|HEAP_ALLOCATE|[EXTERNAL]|Bytes:4
04:25:09.1 (121492645)|HEAP_ALLOCATE|[136]|Bytes:5
04:25:09.1 (121497480)|VARIABLE_SCOPE_BEGIN|[136]|fieldName|String|false|false
04:25:09.1 (121502814)|VARIABLE_ASSIGNMENT|[136]|fieldName|"primary__c"
04:25:09.1 (121505118)|STATEMENT_EXECUTE|[136]
04:25:09.1 (121505943)|STATEMENT_EXECUTE|[137]
04:25:09.1 (121543481)|HEAP_ALLOCATE|[EXTERNAL]|Bytes:4
04:25:09.1 (121559261)|HEAP_ALLOCATE|[137]|Bytes:8
04:25:09.1 (121564008)|HEAP_ALLOCATE|[137]|Bytes:10
04:25:09.1 (121567914)|HEAP_ALLOCATE|[EXTERNAL]|Bytes:4
04:25:09.1 (121573573)|HEAP_ALLOCATE|[136]|Bytes:5
04:25:09.1 (121579675)|VARIABLE_SCOPE_BEGIN|[136]|fieldName|String|false|false
04:25:09.1 (121588786)|VARIABLE_ASSIGNMENT|[136]|fieldName|"currentgenerators__c"
04:25:09.1 (121591244)|STATEMENT_EXECUTE|[136]
04:25:09.1 (121592081)|STATEMENT_EXECUTE|[137]
04:25:09.1 (121629689)|HEAP_ALLOCATE|[EXTERNAL]|Bytes:4
04:25:09.1 (121645887)|HEAP_ALLOCATE|[137]|Bytes:8
04:25:09.1 (121650664)|HEAP_ALLOCATE|[137]|Bytes:20
04:25:09.1 (121654624)|HEAP_ALLOCATE|[EXTERNAL]|Bytes:4
04:25:09.1 (121660118)|HEAP_ALLOCATE|[136]|Bytes:5
04:25:09.1 (121664896)|VARIABLE_SCOPE_BEGIN|[136]|fieldName|String|false|false
04:25:09.1 (121670356)|VARIABLE_ASSIGNMENT|[136]|fieldName|"numberoflocations__c"
04:25:09.1 (121672522)|STATEMENT_EXECUTE|[136]
04:25:09.1 (121673491)|STATEMENT_EXECUTE|[137]
04:25:09.1 (121728329)|HEAP_ALLOCATE|[EXTERNAL]|Bytes:4
04:25:09.1 (121744639)|HEAP_ALLOCATE|[137]|Bytes:8
04:25:09.1 (121749636)|HEAP_ALLOCATE|[137]|Bytes:20
04:25:09.1 (121753690)|HEAP_ALLOCATE|[EXTERNAL]|Bytes:4
04:25:09.1 (121759436)|HEAP_ALLOCATE|[136]|Bytes:5
04:25:09.1 (121767062)|VARIABLE_ASSIGNMENT|[136]|fieldName|null
04:25:09.1 (121770987)|STATEMENT_EXECUTE|[139]
04:25:09.1 (121848917)|STATEMENT_EXECUTE|[143]
04:25:09.1 (121857970)|SYSTEM_MODE_EXIT|true
04:25:09.121 (121940296)|CUMULATIVE_LIMIT_USAGE
04:25:09.121 (121940296)|LIMIT_USAGE_FOR_NS|(default)|
  Number of SOQL queries: 0 out of 100
  Number of query rows: 1 out of 50000
  Number of SOSL queries: 0 out of 20
  Number of DML statements: 0 out of 0
  Number of Publish Immediate DML: 0 out of 150
  Number of DML rows: 0 out of 10000
  Maximum CPU time: 0 out of 10000
  Maximum heap size: 0 out of 6000000
  Number of callouts: 0 out of 100
  Number of Email Invocations: 0 out of 10
  Number of future calls: 0 out of 50
  Number of queueable jobs added to the queue: 0 out of 50
  Number of Mobile Apex push calls: 0 out of 10

04:25:09.121 (121940296)|CUMULATIVE_LIMIT_USAGE_END

04:25:09.1 (122027164)|CODE_UNIT_FINISHED|WBTemplateController.getObjectFields(String)
04:25:09.1 (122215718)|CODE_UNIT_FINISHED|apex://WBTemplateController/ACTION$getObjectFields
04:25:09.1 (122225508)|EXECUTION_FINISHED
