63.0 APEX_CODE,FINEST;APEX_PROFILING,INFO;CALLOUT,INFO;DATA_ACCESS,INFO;DB,INFO;NBA,INFO;SYSTEM,DEBUG;VALIDATION,INFO;VISUALFORCE,INFO;WAVE,INFO;WORKFLOW,INFO
10:57:13.1 (1799339)|USER_INFO|[EXTERNAL]|005gL000000bXjT|divij@wbconnect.com|(GMT-07:00) Pacific Daylight Time (America/Los_Angeles)|GMT-07:00
10:57:13.1 (1871532)|EXECUTION_STARTED
10:57:13.1 (1895679)|CODE_UNIT_STARTED|[EXTERNAL]|apex://WBTemplateController/ACTION$createWhatsappTemplate
10:57:13.1 (3572015)|CODE_UNIT_STARTED|[EXTERNAL]|01pgL000000QsUb|WBTemplateController.createWhatsappTemplate(String)
10:57:13.1 (6101989)|VARIABLE_SCOPE_BEGIN|[22]|WBTemplateController.SETTINGS|MVWB__WBConnect_Configuration__mdt|true|true
10:57:13.1 (6161926)|VARIABLE_SCOPE_BEGIN|[19]|WBTemplateController.accessToken|String|false|true
10:57:13.1 (6169842)|VARIABLE_SCOPE_BEGIN|[20]|WBTemplateController.endpoint|String|false|true
10:57:13.1 (6176254)|VARIABLE_SCOPE_BEGIN|[21]|WBTemplateController.uploadEndpoint|String|false|true
10:57:13.1 (6335909)|HEAP_ALLOCATE|[93]|Bytes:3
10:57:13.1 (6378804)|HEAP_ALLOCATE|[98]|Bytes:152
10:57:13.1 (6393547)|HEAP_ALLOCATE|[415]|Bytes:408
10:57:13.1 (6405081)|HEAP_ALLOCATE|[428]|Bytes:408
10:57:13.1 (6413543)|HEAP_ALLOCATE|[536]|Bytes:48
10:57:13.1 (6435155)|HEAP_ALLOCATE|[247]|Bytes:6
10:57:13.1 (6445005)|HEAP_ALLOCATE|[EXTERNAL]|Bytes:36
10:57:13.1 (6448138)|HEAP_ALLOCATE|[EXTERNAL]|Bytes:56
10:57:13.1 (6450145)|HEAP_ALLOCATE|[EXTERNAL]|Bytes:102
10:57:13.1 (8140754)|METHOD_ENTRY|[17]|01pgL000000QsUb|WBTemplateController.WBTemplateController()
10:57:13.1 (8149840)|STATEMENT_EXECUTE|[17]
10:57:13.1 (8154405)|STATEMENT_EXECUTE|[17]
10:57:13.1 (8181128)|HEAP_ALLOCATE|[68]|Bytes:5
10:57:13.1 (8221758)|HEAP_ALLOCATE|[74]|Bytes:5
10:57:13.1 (8229024)|HEAP_ALLOCATE|[82]|Bytes:7
10:57:13.1 (8245982)|SYSTEM_MODE_ENTER|true
10:57:13.1 (8260959)|HEAP_ALLOCATE|[25]|Bytes:5
10:57:13.1 (8263582)|STATEMENT_EXECUTE|[24]
10:57:13.1 (8264572)|STATEMENT_EXECUTE|[25]
10:57:13.1 (8265367)|STATEMENT_EXECUTE|[25]
10:57:13.1 (8266373)|STATEMENT_EXECUTE|[26]
10:57:13.1 (8268451)|HEAP_ALLOCATE|[26]|Bytes:180
10:57:13.1 (8282892)|HEAP_ALLOCATE|[26]|Bytes:4
10:57:13.1 (9739003)|SOQL_EXECUTE_BEGIN|[26]|Aggregations:0|SELECT MVWB__Access_Token__c, MVWB__Application_Id__c, MVWB__Phone_Number_Id__c, MVWB__Business_Account_Id__c FROM MVWB__WBConnect_Configuration__mdt WITH SECURITY_ENFORCED LIMIT 1
10:57:13.1 (12113549)|HEAP_ALLOCATE|[EXTERNAL]|Bytes:4
10:57:13.1 (12186606)|HEAP_ALLOCATE|[EXTERNAL]|Bytes:4
10:57:13.1 (12224098)|HEAP_ALLOCATE|[EXTERNAL]|Bytes:4
10:57:13.1 (12257748)|HEAP_ALLOCATE|[EXTERNAL]|Bytes:4
10:57:13.1 (13221782)|HEAP_ALLOCATE|[EXTERNAL]|Bytes:4
10:57:13.1 (17538119)|SOQL_EXECUTE_END|[26]|Rows:1
10:57:13.1 (17580093)|HEAP_ALLOCATE|[26]|Bytes:8
10:57:13.1 (17609510)|HEAP_ALLOCATE|[26]|Bytes:392
10:57:13.1 (17693236)|HEAP_ALLOCATE|[26]|Bytes:8
10:57:13.1 (17709299)|HEAP_ALLOCATE|[26]|Bytes:60
10:57:13.1 (17776641)|HEAP_ALLOCATE|[26]|Bytes:24
10:57:13.1 (17895184)|VARIABLE_ASSIGNMENT|[26]|WBTemplateController.SETTINGS|{"MVWB__Access_Token__c":"EAAVUhq0jVsUBOZCkt9x (185 more) ...","MVWB__Application_Id__c":"1500312290678469","MVWB__Phone_Number_Id__c":"544633438726755","MVWB__Business_Account_Id__c":"499269473267232","Id":"m01gL000001MsPNQA0"}|0x2051d316
10:57:13.1 (17902495)|STATEMENT_EXECUTE|[32]
10:57:13.1 (17956374)|VARIABLE_ASSIGNMENT|[32]|WBTemplateController.accessToken|"EAAVUhq0jVsUBOZCkt9x (185 more) ..."
10:57:13.1 (17961394)|STATEMENT_EXECUTE|[819]
10:57:13.1 (17962285)|STATEMENT_EXECUTE|[826]
10:57:13.1 (18035258)|SYSTEM_MODE_EXIT|true
10:57:13.1 (18056734)|METHOD_EXIT|[17]|WBTemplateController
10:57:13.1 (18063037)|HEAP_ALLOCATE|[EXTERNAL]|Bytes:487
10:57:13.1 (18073635)|VARIABLE_SCOPE_BEGIN|[453]|serializedWrapper|String|false|false
10:57:13.1 (18081296)|VARIABLE_ASSIGNMENT|[453]|serializedWrapper|"{\"templateName\":\"tes (467 more) ..."
10:57:13.1 (18102163)|SYSTEM_MODE_ENTER|true
10:57:13.1 (18111419)|HEAP_ALLOCATE|[454]|Bytes:5
10:57:13.1 (18114188)|STATEMENT_EXECUTE|[453]
10:57:13.1 (18115117)|STATEMENT_EXECUTE|[454]
10:57:13.1 (18126216)|HEAP_ALLOCATE|[454]|Bytes:4
10:57:13.1 (18133859)|VARIABLE_SCOPE_BEGIN|[454]|response|Map<String,ANY>|true|false
10:57:13.1 (18153029)|VARIABLE_ASSIGNMENT|[454]|response|{}|0x3bd071e9
10:57:13.1 (18156651)|STATEMENT_EXECUTE|[456]
10:57:13.1 (18157462)|STATEMENT_EXECUTE|[456]
10:57:13.1 (18256584)|STATEMENT_EXECUTE|[457]
10:57:13.1 (18257740)|STATEMENT_EXECUTE|[463]
10:57:13.1 (18260472)|HEAP_ALLOCATE|[463]|Bytes:37
10:57:13.1 (30618836)|HEAP_ALLOCATE|[463]|Bytes:33
10:57:13.1 (30646738)|SYSTEM_METHOD_ENTRY|[1]|Type.Type()
10:57:13.1 (30651493)|STATEMENT_EXECUTE|[1]
10:57:13.1 (30661725)|SYSTEM_METHOD_EXIT|[1]|Type
10:57:13.1 (30668584)|HEAP_ALLOCATE|[463]|Bytes:8
10:57:13.1 (30684736)|HEAP_ALLOCATE|[463]|Bytes:8
10:57:13.1 (30690028)|VARIABLE_SCOPE_BEGIN|[4]|this|System.Type|true|false
10:57:13.1 (30755093)|VARIABLE_ASSIGNMENT|[4]|this|{}|0x467bb86f
10:57:13.1 (30760099)|VARIABLE_SCOPE_BEGIN|[4]|apextype|java:common.apex.runtime.ApexObjectType|true|false
10:57:13.1 (30919017)|VARIABLE_ASSIGNMENT|[4]|apextype|"CreateTemplateWrapper.TemplateWrapper"|0x53fca923
10:57:13.1 (32658187)|HEAP_ALLOCATE|[463]|Bytes:8
10:57:13.1 (32698582)|HEAP_ALLOCATE|[463]|Bytes:24
10:57:13.1 (32708398)|SYSTEM_METHOD_ENTRY|[1]|JSON.JSON()
10:57:13.1 (32711403)|STATEMENT_EXECUTE|[1]
10:57:13.1 (32716972)|SYSTEM_METHOD_EXIT|[1]|JSON
10:57:13.1 (32735243)|METHOD_ENTRY|[463]||System.JSON.deserialize(String, System.Type)
10:57:13.1 (33716726)|METHOD_EXIT|[463]||System.JSON.deserialize(String, System.Type)
10:57:13.1 (33727528)|VARIABLE_SCOPE_BEGIN|[463]|templateWrapper|CreateTemplateWrapper.TemplateWrapper|true|false
10:57:13.1 (33830314)|VARIABLE_ASSIGNMENT|[463]|templateWrapper|{"expireTime":300,"headAlternateTexts":"0x5aaea871","packagename":"0x418dcb8b","signaturename":"0x778ec728","tempHeaderFormat":"None","tempHeaderText":"","tempLanguage":"en_US","templateBody":"Hello","templateCategory":"Authentication","templateName":"test_auth_9","templateType":"One-time passcode","varAlternateTexts":"0x6be55a81"}|0x44a79aac
10:57:13.1 (33836580)|STATEMENT_EXECUTE|[464]
10:57:13.1 (33839564)|HEAP_ALLOCATE|[464]|Bytes:30
10:57:13.1 (33944198)|HEAP_ALLOCATE|[464]|Bytes:491
10:57:13.1 (33958705)|HEAP_ALLOCATE|[464]|Bytes:521
10:57:13.1 (33979391)|USER_DEBUG|[464]|DEBUG|Deserialized TemplateWrapper: TemplateWrapper:[autofillCheck=null, expireTime=300, headAlternateTexts=(), packagename=(), phoneNumber=null, signaturename=(), tempFooterText=null, tempHeaderExample=null, tempHeaderFormat=None, tempHeaderHandle=null, tempHeaderText=, tempImgId=null, tempImgName=null, tempImgUrl=null, tempLanguage=en_US, templateBody=Hello, templateBodyText=null, templateCategory=Authentication, templateName=test_auth_9, templateType=One-time passcode, typeOfButton=null, url=null, varAlternateTexts=()]
10:57:13.1 (33987131)|STATEMENT_EXECUTE|[466]
10:57:13.1 (35649091)|HEAP_ALLOCATE|[466]|Bytes:15
10:57:13.1 (35658692)|HEAP_ALLOCATE|[466]|Bytes:29
10:57:13.1 (35661467)|HEAP_ALLOCATE|[466]|Bytes:80
10:57:13.1 (35684498)|METHOD_ENTRY|[16]|01pgL000000Qgig|CreateTemplateWrapper.CreateTemplateWrapper()
10:57:13.1 (35689009)|STATEMENT_EXECUTE|[16]
10:57:13.1 (35691651)|STATEMENT_EXECUTE|[16]
10:57:13.1 (35698814)|HEAP_ALLOCATE|[466]|Bytes:5
10:57:13.1 (35701254)|STATEMENT_EXECUTE|[693]
10:57:13.1 (35709388)|METHOD_EXIT|[16]|CreateTemplateWrapper
10:57:13.1 (35735631)|METHOD_ENTRY|[466]|01pgL000000Qgig|CreateTemplateWrapper.buildPayload(CreateTemplateWrapper.TemplateWrapper)
10:57:13.1 (35763282)|VARIABLE_SCOPE_BEGIN|[24]|templateWrapper|CreateTemplateWrapper.TemplateWrapper|true|false
10:57:13.1 (35847387)|VARIABLE_ASSIGNMENT|[24]|templateWrapper|{"expireTime":300,"headAlternateTexts":"0x5aaea871","packagename":"0x418dcb8b","signaturename":"0x778ec728","tempHeaderFormat":"None","tempHeaderText":"","tempLanguage":"en_US","templateBody":"Hello","templateCategory":"Authentication","templateName":"test_auth_9","templateType":"One-time passcode","varAlternateTexts":"0x6be55a81"}|0x44a79aac
10:57:13.1 (35857479)|HEAP_ALLOCATE|[25]|Bytes:5
10:57:13.1 (35860568)|STATEMENT_EXECUTE|[24]
10:57:13.1 (35861460)|STATEMENT_EXECUTE|[25]
10:57:13.1 (35862250)|STATEMENT_EXECUTE|[25]
10:57:13.1 (35863108)|STATEMENT_EXECUTE|[26]
10:57:13.1 (35865094)|HEAP_ALLOCATE|[26]|Bytes:23
10:57:13.1 (35948178)|HEAP_ALLOCATE|[26]|Bytes:491
10:57:13.1 (35959263)|HEAP_ALLOCATE|[26]|Bytes:514
10:57:13.1 (35971717)|USER_DEBUG|[26]|DEBUG|Template Wrapper is :: TemplateWrapper:[autofillCheck=null, expireTime=300, headAlternateTexts=(), packagename=(), phoneNumber=null, signaturename=(), tempFooterText=null, tempHeaderExample=null, tempHeaderFormat=None, tempHeaderHandle=null, tempHeaderText=, tempImgId=null, tempImgName=null, tempImgUrl=null, tempLanguage=en_US, templateBody=Hello, templateBodyText=null, templateCategory=Authentication, templateName=test_auth_9, templateType=One-time passcode, typeOfButton=null, url=null, varAlternateTexts=()]
10:57:13.1 (35979056)|STATEMENT_EXECUTE|[27]
10:57:13.1 (35989052)|HEAP_ALLOCATE|[27]|Bytes:4
10:57:13.1 (35996013)|VARIABLE_SCOPE_BEGIN|[27]|payload|Map<String,ANY>|true|false
10:57:13.1 (36012790)|VARIABLE_ASSIGNMENT|[27]|payload|{}|0x63fd5f29
10:57:13.1 (36016331)|STATEMENT_EXECUTE|[28]
10:57:13.1 (36017911)|HEAP_ALLOCATE|[28]|Bytes:4
10:57:13.1 (36058883)|HEAP_ALLOCATE|[EXTERNAL]|Bytes:-4
10:57:13.1 (36064789)|STATEMENT_EXECUTE|[29]
10:57:13.1 (36066388)|HEAP_ALLOCATE|[29]|Bytes:8
10:57:13.1 (36081588)|HEAP_ALLOCATE|[EXTERNAL]|Bytes:-4
10:57:13.1 (36086645)|STATEMENT_EXECUTE|[30]
10:57:13.1 (36088102)|HEAP_ALLOCATE|[30]|Bytes:8
10:57:13.1 (36101455)|HEAP_ALLOCATE|[EXTERNAL]|Bytes:-4
10:57:13.1 (36105084)|STATEMENT_EXECUTE|[32]
10:57:13.1 (36116346)|HEAP_ALLOCATE|[32]|Bytes:4
10:57:13.1 (36145963)|VARIABLE_SCOPE_BEGIN|[32]|components|List<Map<String,ANY>>|true|false
10:57:13.1 (36165901)|HEAP_ALLOCATE|[EXTERNAL]|Bytes:4
10:57:13.1 (36177031)|VARIABLE_ASSIGNMENT|[32]|components|[]|0x7d8e608c
10:57:13.1 (36179987)|STATEMENT_EXECUTE|[33]
10:57:13.1 (36187695)|METHOD_ENTRY|[33]|01pgL000000Qgig|CreateTemplateWrapper.buildMarketingOrUtilityComponents(CreateTemplateWrapper.TemplateWrapper)
10:57:13.1 (36200348)|VARIABLE_SCOPE_BEGIN|[59]|templateWrapper|CreateTemplateWrapper.TemplateWrapper|true|false
10:57:13.1 (36255448)|VARIABLE_ASSIGNMENT|[59]|templateWrapper|{"expireTime":300,"headAlternateTexts":"0x5aaea871","packagename":"0x418dcb8b","signaturename":"0x778ec728","tempHeaderFormat":"None","tempHeaderText":"","tempLanguage":"en_US","templateBody":"Hello","templateCategory":"Authentication","templateName":"test_auth_9","templateType":"One-time passcode","varAlternateTexts":"0x6be55a81"}|0x44a79aac
10:57:13.1 (36264124)|HEAP_ALLOCATE|[60]|Bytes:5
10:57:13.1 (36267043)|STATEMENT_EXECUTE|[59]
10:57:13.1 (36267906)|STATEMENT_EXECUTE|[60]
10:57:13.1 (36268776)|STATEMENT_EXECUTE|[60]
10:57:13.1 (36269818)|STATEMENT_EXECUTE|[61]
10:57:13.1 (36274646)|HEAP_ALLOCATE|[61]|Bytes:4
10:57:13.1 (36291897)|VARIABLE_SCOPE_BEGIN|[61]|components|List<Map<String,ANY>>|true|false
10:57:13.1 (36300928)|HEAP_ALLOCATE|[EXTERNAL]|Bytes:4
10:57:13.1 (36305969)|VARIABLE_ASSIGNMENT|[61]|components|[]|0x304a1300
10:57:13.1 (36309182)|STATEMENT_EXECUTE|[62]
10:57:13.1 (36315597)|METHOD_ENTRY|[62]|01pgL000000Qgig|CreateTemplateWrapper.buildHeaderComponent(CreateTemplateWrapper.TemplateWrapper)
10:57:13.1 (36326493)|VARIABLE_SCOPE_BEGIN|[102]|templateWrapper|CreateTemplateWrapper.TemplateWrapper|true|false
10:57:13.1 (36373106)|VARIABLE_ASSIGNMENT|[102]|templateWrapper|{"expireTime":300,"headAlternateTexts":"0x5aaea871","packagename":"0x418dcb8b","signaturename":"0x778ec728","tempHeaderFormat":"None","tempHeaderText":"","tempLanguage":"en_US","templateBody":"Hello","templateCategory":"Authentication","templateName":"test_auth_9","templateType":"One-time passcode","varAlternateTexts":"0x6be55a81"}|0x44a79aac
10:57:13.1 (36380182)|HEAP_ALLOCATE|[103]|Bytes:5
10:57:13.1 (36382480)|STATEMENT_EXECUTE|[102]
10:57:13.1 (36383427)|STATEMENT_EXECUTE|[103]
10:57:13.1 (36387522)|HEAP_ALLOCATE|[103]|Bytes:4
10:57:13.1 (36395041)|VARIABLE_SCOPE_BEGIN|[103]|headerComponent|Map<String,ANY>|true|false
10:57:13.1 (36403347)|VARIABLE_ASSIGNMENT|[103]|headerComponent|{}|0x6539b5ba
10:57:13.1 (36406299)|STATEMENT_EXECUTE|[105]
10:57:13.1 (36407111)|STATEMENT_EXECUTE|[105]
10:57:13.1 (36410766)|HEAP_ALLOCATE|[106]|Bytes:4
10:57:13.1 (36428207)|STATEMENT_EXECUTE|[106]
10:57:13.1 (36429104)|STATEMENT_EXECUTE|[107]
10:57:13.1 (36435381)|METHOD_EXIT|[62]|01pgL000000Qgig|CreateTemplateWrapper.buildHeaderComponent(CreateTemplateWrapper.TemplateWrapper)
10:57:13.1 (36438601)|VARIABLE_SCOPE_BEGIN|[62]|headerComponent|Map<String,ANY>|true|false
10:57:13.1 (36444865)|VARIABLE_ASSIGNMENT|[62]|headerComponent|{}|0x6539b5ba
10:57:13.1 (36466136)|STATEMENT_EXECUTE|[63]
10:57:13.1 (36468262)|STATEMENT_EXECUTE|[67]
10:57:13.1 (36469049)|STATEMENT_EXECUTE|[68]
10:57:13.1 (36470710)|HEAP_ALLOCATE|[68]|Bytes:30
10:57:13.1 (36475510)|HEAP_ALLOCATE|[68]|Bytes:35
10:57:13.1 (36503871)|USER_DEBUG|[68]|DEBUG|templateWrapper.templateBody: Hello
10:57:13.1 (36508960)|STATEMENT_EXECUTE|[70]
10:57:13.1 (36515289)|METHOD_ENTRY|[70]|01pgL000000Qgig|CreateTemplateWrapper.buildBodyComponent(CreateTemplateWrapper.TemplateWrapper)
10:57:13.1 (36525283)|VARIABLE_SCOPE_BEGIN|[141]|templateWrapper|CreateTemplateWrapper.TemplateWrapper|true|false
10:57:13.1 (36572714)|VARIABLE_ASSIGNMENT|[141]|templateWrapper|{"expireTime":300,"headAlternateTexts":"0x5aaea871","packagename":"0x418dcb8b","signaturename":"0x778ec728","tempHeaderFormat":"None","tempHeaderText":"","tempLanguage":"en_US","templateBody":"Hello","templateCategory":"Authentication","templateName":"test_auth_9","templateType":"One-time passcode","varAlternateTexts":"0x6be55a81"}|0x44a79aac
10:57:13.1 (36580117)|HEAP_ALLOCATE|[142]|Bytes:5
10:57:13.1 (36582242)|STATEMENT_EXECUTE|[141]
10:57:13.1 (36583244)|STATEMENT_EXECUTE|[142]
10:57:13.1 (36584075)|STATEMENT_EXECUTE|[142]
10:57:13.1 (36584899)|STATEMENT_EXECUTE|[144]
10:57:13.1 (36586815)|VARIABLE_SCOPE_BEGIN|[144]|bodyComponent|Map<String,ANY>|true|false
10:57:13.1 (36591665)|VARIABLE_ASSIGNMENT|[144]|bodyComponent|null|
10:57:13.1 (36595326)|HEAP_ALLOCATE|[146]|Bytes:14
10:57:13.1 (36605775)|STATEMENT_EXECUTE|[146]
10:57:13.1 (36606719)|STATEMENT_EXECUTE|[147]
10:57:13.1 (36610647)|HEAP_ALLOCATE|[147]|Bytes:4
10:57:13.1 (36613742)|HEAP_ALLOCATE|[148]|Bytes:4
10:57:13.1 (36615893)|HEAP_ALLOCATE|[148]|Bytes:4
10:57:13.1 (36646746)|VARIABLE_ASSIGNMENT|[147]|bodyComponent|{"type":"BODY"}|0x63f3aa58
10:57:13.1 (36651827)|STATEMENT_EXECUTE|[158]
10:57:13.1 (36652720)|STATEMENT_EXECUTE|[163]
10:57:13.1 (36657570)|METHOD_EXIT|[70]|01pgL000000Qgig|CreateTemplateWrapper.buildBodyComponent(CreateTemplateWrapper.TemplateWrapper)
10:57:13.1 (36669416)|HEAP_ALLOCATE|[EXTERNAL]|Bytes:4
10:57:13.1 (36674079)|STATEMENT_EXECUTE|[73]
10:57:13.1 (36674956)|STATEMENT_EXECUTE|[80]
10:57:13.1 (36680606)|METHOD_ENTRY|[80]|01pgL000000Qgig|CreateTemplateWrapper.buildButtonComponent(CreateTemplateWrapper.TemplateWrapper)
10:57:13.1 (36692458)|VARIABLE_SCOPE_BEGIN|[235]|templateWrapper|CreateTemplateWrapper.TemplateWrapper|true|false
10:57:13.1 (36739191)|VARIABLE_ASSIGNMENT|[235]|templateWrapper|{"expireTime":300,"headAlternateTexts":"0x5aaea871","packagename":"0x418dcb8b","signaturename":"0x778ec728","tempHeaderFormat":"None","tempHeaderText":"","tempLanguage":"en_US","templateBody":"Hello","templateCategory":"Authentication","templateName":"test_auth_9","templateType":"One-time passcode","varAlternateTexts":"0x6be55a81"}|0x44a79aac
10:57:13.1 (36747931)|HEAP_ALLOCATE|[236]|Bytes:5
10:57:13.1 (36750476)|STATEMENT_EXECUTE|[235]
10:57:13.1 (36751346)|STATEMENT_EXECUTE|[236]
10:57:13.1 (36756646)|HEAP_ALLOCATE|[236]|Bytes:4
10:57:13.1 (36772745)|VARIABLE_SCOPE_BEGIN|[236]|buttonComponents|List<Map<String,ANY>>|true|false
10:57:13.1 (36782993)|HEAP_ALLOCATE|[EXTERNAL]|Bytes:4
10:57:13.1 (36788381)|VARIABLE_ASSIGNMENT|[236]|buttonComponents|[]|0x7945371d
10:57:13.1 (36791222)|STATEMENT_EXECUTE|[238]
10:57:13.1 (36792085)|STATEMENT_EXECUTE|[238]
10:57:13.1 (36802276)|STATEMENT_EXECUTE|[240]
10:57:13.1 (36803194)|STATEMENT_EXECUTE|[241]
10:57:13.1 (36806336)|HEAP_ALLOCATE|[241]|Bytes:4
10:57:13.1 (36809985)|HEAP_ALLOCATE|[242]|Bytes:3
10:57:13.1 (36829507)|HEAP_ALLOCATE|[243]|Bytes:4
10:57:13.1 (36832002)|HEAP_ALLOCATE|[243]|Bytes:11
10:57:13.1 (36838019)|HEAP_ALLOCATE|[244]|Bytes:8
10:57:13.1 (36840044)|HEAP_ALLOCATE|[244]|Bytes:9
10:57:13.1 (36845614)|VARIABLE_SCOPE_BEGIN|[241]|buttonComponent|Map<String,ANY>|true|false
10:57:13.1 (36856079)|VARIABLE_ASSIGNMENT|[241]|buttonComponent|{"type":"OTP","text":"Verify Code","otp_type":"COPY_CODE"}|0x36854b80
10:57:13.1 (36859023)|STATEMENT_EXECUTE|[246]
10:57:13.1 (36872404)|HEAP_ALLOCATE|[EXTERNAL]|Bytes:4
10:57:13.1 (36876387)|STATEMENT_EXECUTE|[247]
10:57:13.1 (36881596)|METHOD_EXIT|[80]|01pgL000000Qgig|CreateTemplateWrapper.buildButtonComponent(CreateTemplateWrapper.TemplateWrapper)
10:57:13.1 (36884433)|VARIABLE_SCOPE_BEGIN|[80]|buttonComponents|List<Map<String,ANY>>|true|false
10:57:13.1 (36894317)|VARIABLE_ASSIGNMENT|[80]|buttonComponents|[{"type":"OTP","text":"Verify Code","otp_type":"COPY_CODE"}]|0x7945371d
10:57:13.1 (36912212)|STATEMENT_EXECUTE|[81]
10:57:13.1 (36913092)|STATEMENT_EXECUTE|[82]
10:57:13.1 (36916382)|HEAP_ALLOCATE|[82]|Bytes:4
10:57:13.1 (36919903)|HEAP_ALLOCATE|[83]|Bytes:7
10:57:13.1 (36934320)|HEAP_ALLOCATE|[84]|Bytes:7
10:57:13.1 (36943591)|HEAP_ALLOCATE|[EXTERNAL]|Bytes:4
10:57:13.1 (36947419)|STATEMENT_EXECUTE|[87]
10:57:13.1 (36951741)|METHOD_EXIT|[33]|01pgL000000Qgig|CreateTemplateWrapper.buildMarketingOrUtilityComponents(CreateTemplateWrapper.TemplateWrapper)
10:57:13.1 (36967178)|HEAP_ALLOCATE|[33]|Bytes:8
10:57:13.1 (36973673)|HEAP_ALLOCATE|[33]|Bytes:8
10:57:13.1 (36975926)|HEAP_ALLOCATE|[EXTERNAL]|Bytes:4
10:57:13.1 (36979389)|HEAP_ALLOCATE|[33]|Bytes:12
10:57:13.1 (36981464)|HEAP_ALLOCATE|[EXTERNAL]|Bytes:4
10:57:13.1 (36983530)|HEAP_ALLOCATE|[33]|Bytes:8
10:57:13.1 (36996783)|STATEMENT_EXECUTE|[35]
10:57:13.1 (36997715)|STATEMENT_EXECUTE|[36]
10:57:13.1 (36999140)|HEAP_ALLOCATE|[36]|Bytes:10
10:57:13.1 (37013457)|HEAP_ALLOCATE|[EXTERNAL]|Bytes:-4
10:57:13.1 (37018883)|STATEMENT_EXECUTE|[38]
10:57:13.1 (37019675)|STATEMENT_EXECUTE|[39]
10:57:13.1 (37021104)|HEAP_ALLOCATE|[39]|Bytes:24
10:57:13.1 (37080578)|HEAP_ALLOCATE|[EXTERNAL]|Bytes:-4
10:57:13.1 (37085021)|STATEMENT_EXECUTE|[43]
10:57:13.1 (37086405)|HEAP_ALLOCATE|[43]|Bytes:15
10:57:13.1 (37094907)|METHOD_ENTRY|[43]||System.JSON.serialize(Object)
10:57:13.1 (38145179)|METHOD_EXIT|[43]||System.JSON.serialize(Object)
10:57:13.1 (38157789)|HEAP_ALLOCATE|[43]|Bytes:236
10:57:13.1 (38171367)|USER_DEBUG|[43]|DEBUG|Final Payload: {"message_send_ttl_seconds":300,"components":[{"type":"BODY"},{"buttons":[{"otp_type":"COPY_CODE","text":"Verify Code","type":"OTP"}],"type":"BUTTONS"}],"category":"Authentication","language":"en_US","name":"test_auth_9"}
10:57:13.1 (38178130)|STATEMENT_EXECUTE|[44]
10:57:13.1 (38185676)|METHOD_EXIT|[466]|01pgL000000Qgig|CreateTemplateWrapper.buildPayload(CreateTemplateWrapper.TemplateWrapper)
10:57:13.1 (38189841)|VARIABLE_SCOPE_BEGIN|[466]|payload|Map<String,ANY>|true|false
10:57:13.1 (38222641)|VARIABLE_ASSIGNMENT|[466]|payload|{"name":"test_auth_9","language":"en_US","category":"Authentication","components":[{"type":"BODY"},{"type":"BUTTONS","buttons":[{"type":"OTP","text":"Verify Code","otp_type":"COPY_CODE"}]}],"message_send_ttl_seconds":300}|0x63fd5f29
10:57:13.1 (38226793)|STATEMENT_EXECUTE|[467]
10:57:13.1 (38229236)|HEAP_ALLOCATE|[467]|Bytes:33
10:57:13.1 (38245663)|HEAP_ALLOCATE|[467]|Bytes:18
10:57:13.1 (38253267)|HEAP_ALLOCATE|[467]|Bytes:66
10:57:13.1 (38276109)|VARIABLE_ASSIGNMENT|[467]|WBTemplateController.endpoint|"https://graph.facebo (46 more) ..."
10:57:13.1 (38278999)|STATEMENT_EXECUTE|[469]
10:57:13.1 (38336100)|VARIABLE_SCOPE_BEGIN|[469]|req|System.HttpRequest|true|false
10:57:13.1 (38408476)|VARIABLE_ASSIGNMENT|[469]|req|"System.HttpRequest[Endpoint=null, Method=null]"|0x5086669
10:57:13.1 (38412060)|STATEMENT_EXECUTE|[470]
10:57:13.1 (38468306)|STATEMENT_EXECUTE|[471]
10:57:13.1 (38470232)|HEAP_ALLOCATE|[471]|Bytes:4
10:57:13.1 (38488728)|STATEMENT_EXECUTE|[472]
10:57:13.1 (38490214)|HEAP_ALLOCATE|[472]|Bytes:12
10:57:13.1 (38492927)|HEAP_ALLOCATE|[472]|Bytes:16
10:57:13.1 (38512368)|STATEMENT_EXECUTE|[473]
10:57:13.1 (38514127)|HEAP_ALLOCATE|[473]|Bytes:13
10:57:13.1 (38516690)|HEAP_ALLOCATE|[473]|Bytes:7
10:57:13.1 (38522111)|HEAP_ALLOCATE|[473]|Bytes:212
10:57:13.1 (38535309)|STATEMENT_EXECUTE|[474]
10:57:13.1 (38541800)|METHOD_ENTRY|[474]||System.JSON.serialize(Object)
10:57:13.1 (39373904)|METHOD_EXIT|[474]||System.JSON.serialize(Object)
10:57:13.1 (39433458)|STATEMENT_EXECUTE|[476]
10:57:13.1 (39465388)|VARIABLE_SCOPE_BEGIN|[476]|http|System.Http|true|false
10:57:13.1 (39532236)|VARIABLE_ASSIGNMENT|[476]|http|"System.Http[]"|0x1a9e7d0f
10:57:13.1 (39535881)|STATEMENT_EXECUTE|[477]
10:57:13.1 (39658207)|CALLOUT_REQUEST|[477]|System.HttpRequest[Endpoint=https://graph.facebook.com/v20.0/499269473267232/message_templates, Method=POST]
10:57:15.988 (2988724142)|HEAP_ALLOCATE|[EXTERNAL]|Bytes:1008
10:57:15.988 (2990058468)|CALLOUT_RESPONSE|[477]|System.HttpResponse[Status=OK, StatusCode=200]
10:57:15.988 (2990093858)|HEAP_ALLOCATE|[477]|Bytes:78
10:57:15.988 (2990138771)|VARIABLE_SCOPE_BEGIN|[477]|res|System.HttpResponse|true|false
10:57:15.988 (2990207247)|VARIABLE_ASSIGNMENT|[477]|res|"System.HttpResponse[Status=OK, StatusCode=200]"|0x5ff35973
10:57:15.988 (2990213850)|STATEMENT_EXECUTE|[478]
10:57:15.988 (2990220551)|HEAP_ALLOCATE|[478]|Bytes:17
10:57:15.988 (2990331308)|HEAP_ALLOCATE|[478]|Bytes:72
10:57:15.988 (2990350898)|HEAP_ALLOCATE|[478]|Bytes:89
10:57:15.988 (2990383068)|USER_DEBUG|[478]|DEBUG|Response Body ==>{"id":"532064569552035","status":"APPROVED","category":"AUTHENTICATION"}
10:57:15.988 (2990413541)|STATEMENT_EXECUTE|[480]
10:57:15.988 (2990414657)|STATEMENT_EXECUTE|[482]
10:57:15.988 (2990416822)|HEAP_ALLOCATE|[482]|Bytes:10
10:57:15.988 (2990487728)|HEAP_ALLOCATE|[482]|Bytes:46
10:57:15.988 (2990494713)|HEAP_ALLOCATE|[482]|Bytes:56
10:57:15.988 (2990501253)|USER_DEBUG|[482]|DEBUG|Res is :: System.HttpResponse[Status=OK, StatusCode=200]
10:57:15.988 (2990505903)|STATEMENT_EXECUTE|[483]
10:57:15.988 (2990507519)|HEAP_ALLOCATE|[483]|Bytes:14
10:57:15.988 (2990570821)|HEAP_ALLOCATE|[483]|Bytes:191
10:57:15.988 (2990577347)|HEAP_ALLOCATE|[483]|Bytes:205
10:57:15.988 (2990583570)|USER_DEBUG|[483]|DEBUG|payload is :: {category=Authentication, components=({type=BODY}, {buttons=({otp_type=COPY_CODE, text=Verify Code, type=OTP}), type=BUTTONS}), language=en_US, message_send_ttl_seconds=300, name=test_auth_9}
10:57:15.988 (2990588747)|STATEMENT_EXECUTE|[484]
10:57:15.988 (2990590313)|HEAP_ALLOCATE|[484]|Bytes:15
10:57:15.988 (2990611856)|HEAP_ALLOCATE|[484]|Bytes:2
10:57:15.988 (2990618223)|HEAP_ALLOCATE|[484]|Bytes:17
10:57:15.988 (2990623291)|USER_DEBUG|[484]|DEBUG|response is :: {}
10:57:15.988 (2990627317)|STATEMENT_EXECUTE|[485]
10:57:15.988 (2990628583)|HEAP_ALLOCATE|[485]|Bytes:22
10:57:15.988 (2990707848)|HEAP_ALLOCATE|[485]|Bytes:491
10:57:15.988 (2990714193)|HEAP_ALLOCATE|[485]|Bytes:513
10:57:15.988 (2990746931)|USER_DEBUG|[485]|DEBUG|templateWrapper is :: TemplateWrapper:[autofillCheck=null, expireTime=300, headAlternateTexts=(), packagename=(), phoneNumber=null, signaturename=(), tempFooterText=null, tempHeaderExample=null, tempHeaderFormat=None, tempHeaderHandle=null, tempHeaderText=, tempImgId=null, tempImgName=null, tempImgUrl=null, tempLanguage=en_US, templateBody=Hello, templateBodyText=null, templateCategory=Authentication, templateName=test_auth_9, templateType=One-time passcode, typeOfButton=null, url=null, varAlternateTexts=()]
10:57:15.988 (2990753310)|STATEMENT_EXECUTE|[486]
10:57:15.988 (2990781173)|METHOD_ENTRY|[486]|01pgL000000Qgig|CreateTemplateWrapper.handleSuccessResponse(System.HttpResponse, Map<String,ANY>, Map<String,ANY>, CreateTemplateWrapper.TemplateWrapper)
10:57:15.988 (2990810451)|VARIABLE_SCOPE_BEGIN|[325]|res|System.HttpResponse|true|false
10:57:15.988 (2990855224)|VARIABLE_ASSIGNMENT|[325]|res|"System.HttpResponse[Status=OK, StatusCode=200]"|0x5ff35973
10:57:15.988 (2990860753)|VARIABLE_SCOPE_BEGIN|[325]|payload|Map<String,ANY>|true|false
10:57:15.988 (2990903214)|VARIABLE_ASSIGNMENT|[325]|payload|{"name":"test_auth_9","language":"en_US","category":"Authentication","components":[{"type":"BODY"},{"type":"BUTTONS","buttons":[{"type":"OTP","text":"Verify Code","otp_type":"COPY_CODE"}]}],"message_send_ttl_seconds":300}|0x63fd5f29
10:57:15.988 (2990907796)|VARIABLE_SCOPE_BEGIN|[325]|response|Map<String,ANY>|true|false
10:57:15.988 (2990913710)|VARIABLE_ASSIGNMENT|[325]|response|{}|0x3bd071e9
10:57:15.988 (2990917401)|VARIABLE_SCOPE_BEGIN|[325]|templateWrapper|CreateTemplateWrapper.TemplateWrapper|true|false
10:57:15.988 (2991014341)|VARIABLE_ASSIGNMENT|[325]|templateWrapper|{"expireTime":300,"headAlternateTexts":"0x5aaea871","packagename":"0x418dcb8b","signaturename":"0x778ec728","tempHeaderFormat":"None","tempHeaderText":"","tempLanguage":"en_US","templateBody":"Hello","templateCategory":"Authentication","templateName":"test_auth_9","templateType":"One-time passcode","varAlternateTexts":"0x6be55a81"}|0x44a79aac
10:57:15.988 (2991043311)|HEAP_ALLOCATE|[326]|Bytes:5
10:57:15.988 (2991046608)|STATEMENT_EXECUTE|[325]
10:57:15.988 (2991047633)|STATEMENT_EXECUTE|[326]
10:57:15.988 (2991061913)|VARIABLE_SCOPE_BEGIN|[326]|templateId|Id|false|false
10:57:15.988 (2991067836)|VARIABLE_ASSIGNMENT|[326]|templateId|null
10:57:15.988 (2991070177)|STATEMENT_EXECUTE|[327]
10:57:15.988 (2991097027)|HEAP_ALLOCATE|[327]|Bytes:46
10:57:15.988 (2991104018)|HEAP_ALLOCATE|[327]|Bytes:56
10:57:15.988 (2991111838)|USER_DEBUG|[327]|DEBUG|Res is :: System.HttpResponse[Status=OK, StatusCode=200]
10:57:15.988 (2991116556)|STATEMENT_EXECUTE|[328]
10:57:15.988 (2991147719)|HEAP_ALLOCATE|[328]|Bytes:191
10:57:15.988 (2991154038)|HEAP_ALLOCATE|[328]|Bytes:205
10:57:15.988 (2991159973)|USER_DEBUG|[328]|DEBUG|payload is :: {category=Authentication, components=({type=BODY}, {buttons=({otp_type=COPY_CODE, text=Verify Code, type=OTP}), type=BUTTONS}), language=en_US, message_send_ttl_seconds=300, name=test_auth_9}
10:57:15.988 (2991164654)|STATEMENT_EXECUTE|[329]
10:57:15.988 (2991180041)|HEAP_ALLOCATE|[329]|Bytes:2
10:57:15.988 (2991185713)|HEAP_ALLOCATE|[329]|Bytes:17
10:57:15.988 (2991190558)|USER_DEBUG|[329]|DEBUG|response is :: {}
10:57:15.988 (2991194421)|STATEMENT_EXECUTE|[330]
10:57:15.988 (2991232890)|HEAP_ALLOCATE|[330]|Bytes:491
10:57:15.988 (2991238709)|HEAP_ALLOCATE|[330]|Bytes:513
10:57:15.988 (2991244281)|USER_DEBUG|[330]|DEBUG|templateWrapper is :: TemplateWrapper:[autofillCheck=null, expireTime=300, headAlternateTexts=(), packagename=(), phoneNumber=null, signaturename=(), tempFooterText=null, tempHeaderExample=null, tempHeaderFormat=None, tempHeaderHandle=null, tempHeaderText=, tempImgId=null, tempImgName=null, tempImgUrl=null, tempLanguage=en_US, templateBody=Hello, templateBodyText=null, templateCategory=Authentication, templateName=test_auth_9, templateType=One-time passcode, typeOfButton=null, url=null, varAlternateTexts=()]
10:57:15.988 (2991250263)|STATEMENT_EXECUTE|[331]
10:57:15.988 (2991251136)|STATEMENT_EXECUTE|[331]
10:57:15.988 (2991252082)|STATEMENT_EXECUTE|[333]
10:57:15.988 (2991278945)|HEAP_ALLOCATE|[333]|Bytes:72
10:57:15.988 (2991296643)|METHOD_ENTRY|[333]||System.JSON.deserializeUntyped(String)
10:57:15.988 (2991609593)|METHOD_EXIT|[333]||System.JSON.deserializeUntyped(String)
10:57:15.988 (2991616809)|VARIABLE_SCOPE_BEGIN|[333]|responseMap|Map<String,ANY>|true|false
10:57:15.988 (2991637615)|VARIABLE_ASSIGNMENT|[333]|responseMap|{"id":"532064569552035","status":"APPROVED","category":"AUTHENTICATION"}|0x1e85550d
10:57:15.988 (2991641103)|STATEMENT_EXECUTE|[334]
10:57:15.988 (2991646693)|METHOD_ENTRY|[334]||System.JSON.serialize(Object)
10:57:15.988 (2992480928)|METHOD_EXIT|[334]||System.JSON.serialize(Object)
10:57:15.988 (2992489720)|METHOD_ENTRY|[334]||System.JSON.deserializeUntyped(String)
10:57:15.988 (2992976435)|METHOD_EXIT|[334]||System.JSON.deserializeUntyped(String)
10:57:15.988 (2992981986)|VARIABLE_SCOPE_BEGIN|[334]|payloadMap|Map<String,ANY>|true|false
10:57:15.988 (2992998529)|HEAP_ALLOCATE|[EXTERNAL]|Bytes:8
10:57:15.988 (2993003073)|HEAP_ALLOCATE|[EXTERNAL]|Bytes:12
10:57:15.988 (2993032242)|VARIABLE_ASSIGNMENT|[334]|payloadMap|{"message_send_ttl_seconds":300,"components":[{"type":"BODY"},{"buttons":[{"otp_type":"COPY_CODE","text":"Verify Code","type":"OTP"}],"type":"BUTTONS"}],"category":"Authentication","language":"en_US","name":"test_auth_9"}|0x365ce2ed
10:57:15.988 (2993036869)|STATEMENT_EXECUTE|[337]
10:57:15.988 (2993039092)|VARIABLE_SCOPE_BEGIN|[337]|buttonDetails|String|false|false
10:57:15.988 (2993044105)|VARIABLE_ASSIGNMENT|[337]|buttonDetails|null
10:57:15.988 (2993046492)|STATEMENT_EXECUTE|[338]
10:57:15.988 (2993076296)|VARIABLE_SCOPE_BEGIN|[338]|templatename|String|false|false
10:57:15.988 (2993081527)|VARIABLE_ASSIGNMENT|[338]|templatename|"test_auth_9"
10:57:15.988 (2993083904)|STATEMENT_EXECUTE|[339]
10:57:15.988 (2993202870)|VARIABLE_SCOPE_BEGIN|[339]|whatsAppTemplate|Template__c|true|false
10:57:15.988 (2993209210)|VARIABLE_ASSIGNMENT|[339]|whatsAppTemplate|null|
10:57:15.988 (2993211682)|STATEMENT_EXECUTE|[348]
10:57:15.988 (2993214293)|HEAP_ALLOCATE|[348]|Bytes:89
10:57:15.988 (2993225985)|HEAP_ALLOCATE|[348]|Bytes:4
10:57:15.988 (2994747464)|SOQL_EXECUTE_BEGIN|[348]|Aggregations:0|SELECT Id, Name, Template_Name__c, Template_Id__c FROM Template__c WITH SECURITY_ENFORCED
10:57:15.988 (2997059999)|HEAP_ALLOCATE|[EXTERNAL]|Bytes:4
10:57:15.988 (2997154780)|HEAP_ALLOCATE|[EXTERNAL]|Bytes:4
10:57:15.988 (2998271422)|HEAP_ALLOCATE|[EXTERNAL]|Bytes:4
10:57:15.988 (2998355018)|HEAP_ALLOCATE|[EXTERNAL]|Bytes:4
10:57:15.988 (3012810131)|SOQL_EXECUTE_END|[348]|Rows:50
10:57:15.988 (3012842360)|HEAP_ALLOCATE|[348]|Bytes:204
10:57:15.988 (3012906619)|HEAP_ALLOCATE|[348]|Bytes:5596
10:57:15.988 (3012971059)|HEAP_ALLOCATE|[348]|Bytes:204
10:57:15.988 (3012986980)|VARIABLE_SCOPE_BEGIN|[348]|allTemplates|List<Template__c>|true|false
10:57:15.988 (3013016252)|VARIABLE_ASSIGNMENT|[348]|allTemplates|"List of size 50 too large to display"|0x661b65f5
10:57:15.988 (3013021299)|STATEMENT_EXECUTE|[353]
10:57:15.988 (3013029314)|HEAP_ALLOCATE|[353]|Bytes:4
10:57:15.988 (3013125937)|VARIABLE_SCOPE_BEGIN|[353]|whatsAppTemplateList|List<Template__c>|true|false
10:57:15.988 (3013131666)|HEAP_ALLOCATE|[EXTERNAL]|Bytes:4
10:57:15.988 (3013138599)|VARIABLE_ASSIGNMENT|[353]|whatsAppTemplateList|[]|0x6d8f42a2
10:57:15.988 (3013276672)|HEAP_ALLOCATE|[354]|Bytes:5
10:57:15.988 (3013294859)|HEAP_ALLOCATE|[354]|Bytes:20
10:57:15.988 (3013303497)|VARIABLE_SCOPE_BEGIN|[354]|template|Template__c|true|false
10:57:15.988 (3013321700)|VARIABLE_ASSIGNMENT|[354]|template|{"Id":"a0DgL000001Uo0SUAS","Name":"WBC-0000","Template_Name__c":"testtemplate2","Template_Id__c":"696443882813141"}|0x5af8146c
10:57:15.988 (3013326446)|STATEMENT_EXECUTE|[354]
10:57:15.988 (3013467644)|STATEMENT_EXECUTE|[355]
10:57:15.988 (3013476077)|HEAP_ALLOCATE|[354]|Bytes:5
10:57:15.988 (3013483858)|HEAP_ALLOCATE|[354]|Bytes:20
10:57:15.988 (3013487690)|VARIABLE_SCOPE_BEGIN|[354]|template|Template__c|true|false
10:57:15.988 (3013499422)|VARIABLE_ASSIGNMENT|[354]|template|{"Id":"a0DgL000001W1a5UAC","Name":"WBC-0005","Template_Name__c":"testcalltemplate1","Template_Id__c":"1731901891016159"}|0x73cce49
10:57:15.988 (3013502854)|STATEMENT_EXECUTE|[354]
10:57:15.988 (3013516084)|STATEMENT_EXECUTE|[355]
10:57:15.988 (3013520117)|HEAP_ALLOCATE|[354]|Bytes:5
10:57:15.988 (3013524767)|HEAP_ALLOCATE|[354]|Bytes:20
10:57:15.988 (3013527916)|VARIABLE_SCOPE_BEGIN|[354]|template|Template__c|true|false
10:57:15.988 (3013536060)|VARIABLE_ASSIGNMENT|[354]|template|{"Id":"a0DgL000001WIHNUA4","Name":"WBC-0012","Template_Name__c":"testbuttontemp9","Template_Id__c":"1870074500428898"}|0xa0b47e9
10:57:15.988 (3013539044)|STATEMENT_EXECUTE|[354]
10:57:15.988 (3013548253)|STATEMENT_EXECUTE|[355]
10:57:15.988 (3013551780)|HEAP_ALLOCATE|[354]|Bytes:5
10:57:15.988 (3013556190)|HEAP_ALLOCATE|[354]|Bytes:20
10:57:15.988 (3013558876)|VARIABLE_SCOPE_BEGIN|[354]|template|Template__c|true|false
10:57:15.988 (3013566184)|VARIABLE_ASSIGNMENT|[354]|template|{"Id":"a0DgL000001WMPpUAO","Name":"WBC-0013","Template_Name__c":"testbuttontemp10","Template_Id__c":"657746323331632"}|0x2e68cccd
10:57:15.988 (3013569204)|STATEMENT_EXECUTE|[354]
10:57:15.988 (3013578080)|STATEMENT_EXECUTE|[355]
10:57:15.988 (3013581832)|HEAP_ALLOCATE|[354]|Bytes:5
10:57:15.988 (3013586430)|HEAP_ALLOCATE|[354]|Bytes:20
10:57:15.988 (3013589132)|VARIABLE_SCOPE_BEGIN|[354]|template|Template__c|true|false
10:57:15.988 (3013596812)|VARIABLE_ASSIGNMENT|[354]|template|{"Id":"a0DgL000001YBznUAG","Name":"WBC-0016","Template_Name__c":"tempwebsite2","Template_Id__c":"991752186393787"}|0x3429e618
10:57:15.988 (3013599769)|STATEMENT_EXECUTE|[354]
10:57:15.988 (3013607869)|STATEMENT_EXECUTE|[355]
10:57:15.988 (3013611393)|HEAP_ALLOCATE|[354]|Bytes:5
10:57:15.988 (3013620035)|HEAP_ALLOCATE|[354]|Bytes:20
10:57:15.988 (3013622890)|VARIABLE_SCOPE_BEGIN|[354]|template|Template__c|true|false
10:57:15.988 (3013630161)|VARIABLE_ASSIGNMENT|[354]|template|{"Id":"a0DgL000001YUntUAG","Name":"WBC-0014","Template_Name__c":"testmarketbutton1","Template_Id__c":"661774273035150"}|0x55062852
10:57:15.988 (3013633149)|STATEMENT_EXECUTE|[354]
10:57:15.988 (3013641803)|STATEMENT_EXECUTE|[355]
10:57:15.988 (3013645326)|HEAP_ALLOCATE|[354]|Bytes:5
10:57:15.988 (3013649694)|HEAP_ALLOCATE|[354]|Bytes:20
10:57:15.988 (3013652346)|VARIABLE_SCOPE_BEGIN|[354]|template|Template__c|true|false
10:57:15.988 (3013659284)|VARIABLE_ASSIGNMENT|[354]|template|{"Id":"a0DgL000001YV0nUAG","Name":"WBC-0015","Template_Name__c":"tempwebsite1","Template_Id__c":"2088281145006199"}|0x5621914
10:57:15.988 (3013662167)|STATEMENT_EXECUTE|[354]
10:57:15.988 (3013669789)|STATEMENT_EXECUTE|[355]
10:57:15.988 (3013673285)|HEAP_ALLOCATE|[354]|Bytes:5
10:57:15.988 (3013677654)|HEAP_ALLOCATE|[354]|Bytes:20
10:57:15.988 (3013680370)|VARIABLE_SCOPE_BEGIN|[354]|template|Template__c|true|false
10:57:15.988 (3013686994)|VARIABLE_ASSIGNMENT|[354]|template|{"Id":"a0DgL000001YVyTUAW","Name":"WBC-0017","Template_Name__c":"tempoffer1","Template_Id__c":"1157427235706544"}|0x6d04b3d1
10:57:15.988 (3013690149)|STATEMENT_EXECUTE|[354]
10:57:15.988 (3013697855)|STATEMENT_EXECUTE|[355]
10:57:15.988 (3013701305)|HEAP_ALLOCATE|[354]|Bytes:5
10:57:15.988 (3013705529)|HEAP_ALLOCATE|[354]|Bytes:20
10:57:15.988 (3013708073)|VARIABLE_SCOPE_BEGIN|[354]|template|Template__c|true|false
10:57:15.988 (3013714909)|VARIABLE_ASSIGNMENT|[354]|template|{"Id":"a0DgL000001YZh7UAG","Name":"WBC-0021","Template_Name__c":"tempoffer7","Template_Id__c":"1037885594561697"}|0x1666814f
10:57:15.988 (3013717760)|STATEMENT_EXECUTE|[354]
10:57:15.988 (3013725467)|STATEMENT_EXECUTE|[355]
10:57:15.988 (3013728864)|HEAP_ALLOCATE|[354]|Bytes:5
10:57:15.988 (3013733159)|HEAP_ALLOCATE|[354]|Bytes:20
10:57:15.988 (3013735650)|VARIABLE_SCOPE_BEGIN|[354]|template|Template__c|true|false
10:57:15.988 (3013742832)|VARIABLE_ASSIGNMENT|[354]|template|{"Id":"a0DgL000001Yb7pUAC","Name":"WBC-0022","Template_Name__c":"tempoffer8","Template_Id__c":"1046072017431035"}|0x72467f69
10:57:15.988 (3013745631)|STATEMENT_EXECUTE|[354]
10:57:15.988 (3013753342)|STATEMENT_EXECUTE|[355]
10:57:15.988 (3013756814)|HEAP_ALLOCATE|[354]|Bytes:5
10:57:15.988 (3013761397)|HEAP_ALLOCATE|[354]|Bytes:20
10:57:15.988 (3013763906)|VARIABLE_SCOPE_BEGIN|[354]|template|Template__c|true|false
10:57:15.988 (3013770468)|VARIABLE_ASSIGNMENT|[354]|template|{"Id":"a0DgL000001YbKjUAK","Name":"WBC-0023","Template_Name__c":"tempoffer9","Template_Id__c":"1619851521997309"}|0x67f9628c
10:57:15.988 (3013773353)|STATEMENT_EXECUTE|[354]
10:57:15.988 (3013781112)|STATEMENT_EXECUTE|[355]
10:57:15.988 (3013792509)|HEAP_ALLOCATE|[354]|Bytes:5
10:57:15.988 (3013800762)|HEAP_ALLOCATE|[354]|Bytes:20
10:57:15.988 (3013803594)|VARIABLE_SCOPE_BEGIN|[354]|template|Template__c|true|false
10:57:15.988 (3013811761)|VARIABLE_ASSIGNMENT|[354]|template|{"Id":"a0DgL000001YdJVUA0","Name":"WBC-0025","Template_Name__c":"tempallbuttons1","Template_Id__c":"649808911000838"}|0x2f2bcf99
10:57:15.988 (3013814892)|STATEMENT_EXECUTE|[354]
10:57:15.988 (3013823269)|STATEMENT_EXECUTE|[355]
10:57:15.988 (3013826694)|HEAP_ALLOCATE|[354]|Bytes:5
10:57:15.988 (3013830856)|HEAP_ALLOCATE|[354]|Bytes:20
10:57:15.988 (3013833325)|VARIABLE_SCOPE_BEGIN|[354]|template|Template__c|true|false
10:57:15.988 (3013840434)|VARIABLE_ASSIGNMENT|[354]|template|{"Id":"a0DgL000001YjbdUAC","Name":"WBC-0028","Template_Name__c":"tempallbuttons6","Template_Id__c":"1169627694819900"}|0xd655fca
10:57:15.988 (3013843764)|STATEMENT_EXECUTE|[354]
10:57:15.988 (3013851281)|STATEMENT_EXECUTE|[355]
10:57:15.988 (3013854594)|HEAP_ALLOCATE|[354]|Bytes:5
10:57:15.988 (3013858909)|HEAP_ALLOCATE|[354]|Bytes:20
10:57:15.988 (3013861504)|VARIABLE_SCOPE_BEGIN|[354]|template|Template__c|true|false
10:57:15.988 (3013869124)|VARIABLE_ASSIGNMENT|[354]|template|{"Id":"a0DgL000001Yp60UAC","Name":"WBC-0031","Template_Name__c":"templateoffer2","Template_Id__c":"2754815904703473"}|0x4c99d438
10:57:15.988 (3013871905)|STATEMENT_EXECUTE|[354]
10:57:15.988 (3013879554)|STATEMENT_EXECUTE|[355]
10:57:15.988 (3013882902)|HEAP_ALLOCATE|[354]|Bytes:5
10:57:15.988 (3013887097)|HEAP_ALLOCATE|[354]|Bytes:20
10:57:15.988 (3013889646)|VARIABLE_SCOPE_BEGIN|[354]|template|Template__c|true|false
10:57:15.988 (3013896374)|VARIABLE_ASSIGNMENT|[354]|template|{"Id":"a0DgL000001YsFAUA0","Name":"WBC-0032","Template_Name__c":"testoffer6","Template_Id__c":"1029344839099953"}|0x60d83225
10:57:15.988 (3013899295)|STATEMENT_EXECUTE|[354]
10:57:15.988 (3013907559)|STATEMENT_EXECUTE|[355]
10:57:15.988 (3013912678)|HEAP_ALLOCATE|[354]|Bytes:5
10:57:15.988 (3013917051)|HEAP_ALLOCATE|[354]|Bytes:20
10:57:15.988 (3013919678)|VARIABLE_SCOPE_BEGIN|[354]|template|Template__c|true|false
10:57:15.988 (3013926760)|VARIABLE_ASSIGNMENT|[354]|template|{"Id":"a0DgL000001YtpVUAS","Name":"WBC-0029","Template_Name__c":"tempoffer13","Template_Id__c":"642556351688435"}|0x11fe7ea0
10:57:15.988 (3013929582)|STATEMENT_EXECUTE|[354]
10:57:15.988 (3013937224)|STATEMENT_EXECUTE|[355]
10:57:15.988 (3013940939)|HEAP_ALLOCATE|[354]|Bytes:5
10:57:15.988 (3013945430)|HEAP_ALLOCATE|[354]|Bytes:20
10:57:15.988 (3013947972)|VARIABLE_SCOPE_BEGIN|[354]|template|Template__c|true|false
10:57:15.988 (3013954999)|VARIABLE_ASSIGNMENT|[354]|template|{"Id":"a0DgL000001Yu5dUAC","Name":"WBC-0030","Template_Name__c":"templateoffer1","Template_Id__c":"979441937627264"}|0x3642f85a
10:57:15.988 (3013957775)|STATEMENT_EXECUTE|[354]
10:57:15.988 (3013965482)|STATEMENT_EXECUTE|[355]
10:57:15.988 (3013968910)|HEAP_ALLOCATE|[354]|Bytes:5
10:57:15.988 (3013973053)|HEAP_ALLOCATE|[354]|Bytes:20
10:57:15.988 (3013975572)|VARIABLE_SCOPE_BEGIN|[354]|template|Template__c|true|false
10:57:15.988 (3013982257)|VARIABLE_ASSIGNMENT|[354]|template|{"Id":"a0DgL000001Yv4wUAC","Name":"WBC-0035","Template_Name__c":"testoffer16","Template_Id__c":"2560776374133034"}|0x34f8c2be
10:57:15.988 (3013985059)|STATEMENT_EXECUTE|[354]
10:57:15.988 (3013993359)|STATEMENT_EXECUTE|[355]
10:57:15.988 (3013996657)|HEAP_ALLOCATE|[354]|Bytes:5
10:57:15.988 (3014000767)|HEAP_ALLOCATE|[354]|Bytes:20
10:57:15.988 (3014003784)|VARIABLE_SCOPE_BEGIN|[354]|template|Template__c|true|false
10:57:15.988 (3014010864)|VARIABLE_ASSIGNMENT|[354]|template|{"Id":"a0DgL000001YvuXUAS","Name":"WBC-0034","Template_Name__c":"templateoffer5","Template_Id__c":"1266767798391440"}|0x1590971e
10:57:15.988 (3014014009)|STATEMENT_EXECUTE|[354]
10:57:15.988 (3014021474)|STATEMENT_EXECUTE|[355]
10:57:15.988 (3014024831)|HEAP_ALLOCATE|[354]|Bytes:5
10:57:15.988 (3014029063)|HEAP_ALLOCATE|[354]|Bytes:20
10:57:15.988 (3014031548)|VARIABLE_SCOPE_BEGIN|[354]|template|Template__c|true|false
10:57:15.988 (3014037989)|VARIABLE_ASSIGNMENT|[354]|template|{"Id":"a0DgL000001YwDwUAK","Name":"WBC-0036","Template_Name__c":"testoffer17","Template_Id__c":"640895572134189"}|0x77f9e072
10:57:15.988 (3014040919)|STATEMENT_EXECUTE|[354]
10:57:15.988 (3014049108)|STATEMENT_EXECUTE|[355]
10:57:15.988 (3014052484)|HEAP_ALLOCATE|[354]|Bytes:5
10:57:15.988 (3014056789)|HEAP_ALLOCATE|[354]|Bytes:20
10:57:15.988 (3014059322)|VARIABLE_SCOPE_BEGIN|[354]|template|Template__c|true|false
10:57:15.988 (3014066215)|VARIABLE_ASSIGNMENT|[354]|template|{"Id":"a0DgL000001YwyiUAC","Name":"WBC-0038","Template_Name__c":"tempvedio1","Template_Id__c":"1690346554899053"}|0x56d846ff
10:57:15.988 (3014068959)|STATEMENT_EXECUTE|[354]
10:57:15.988 (3014076394)|STATEMENT_EXECUTE|[355]
10:57:15.988 (3014079720)|HEAP_ALLOCATE|[354]|Bytes:5
10:57:15.988 (3014083956)|HEAP_ALLOCATE|[354]|Bytes:20
10:57:15.988 (3014086499)|VARIABLE_SCOPE_BEGIN|[354]|template|Template__c|true|false
10:57:15.988 (3014093049)|VARIABLE_ASSIGNMENT|[354]|template|{"Id":"a0DgL000001Yz8XUAS","Name":"WBC-0037","Template_Name__c":"tempoffer31","Template_Id__c":"1345765913333035"}|0x24c783a8
10:57:15.988 (3014095909)|STATEMENT_EXECUTE|[354]
10:57:15.988 (3014103732)|STATEMENT_EXECUTE|[355]
10:57:15.988 (3014107154)|HEAP_ALLOCATE|[354]|Bytes:5
10:57:15.988 (3014111531)|HEAP_ALLOCATE|[354]|Bytes:20
10:57:15.988 (3014114029)|VARIABLE_SCOPE_BEGIN|[354]|template|Template__c|true|false
10:57:15.988 (3014120981)|VARIABLE_ASSIGNMENT|[354]|template|{"Id":"a0DgL000001Z7CXUA0","Name":"WBC-0039","Template_Name__c":"testuploadutility1","Template_Id__c":"992022499552228"}|0x357ec849
10:57:15.988 (3014124490)|STATEMENT_EXECUTE|[354]
10:57:15.988 (3014133073)|STATEMENT_EXECUTE|[355]
10:57:15.988 (3014136411)|HEAP_ALLOCATE|[354]|Bytes:5
10:57:15.988 (3014140658)|HEAP_ALLOCATE|[354]|Bytes:20
10:57:15.988 (3014143302)|VARIABLE_SCOPE_BEGIN|[354]|template|Template__c|true|false
10:57:15.988 (3014151664)|VARIABLE_ASSIGNMENT|[354]|template|{"Id":"a0DgL000001Z7NpUAK","Name":"WBC-0040","Template_Name__c":"testutilityorderstat (3 more) ...","Template_Id__c":"962662702694362"}|0xd3c54e4
10:57:15.988 (3014155176)|STATEMENT_EXECUTE|[354]
10:57:15.988 (3014163539)|STATEMENT_EXECUTE|[355]
10:57:15.988 (3014166880)|HEAP_ALLOCATE|[354]|Bytes:5
10:57:15.988 (3014171134)|HEAP_ALLOCATE|[354]|Bytes:20
10:57:15.988 (3014173650)|VARIABLE_SCOPE_BEGIN|[354]|template|Template__c|true|false
10:57:15.988 (3014180394)|VARIABLE_ASSIGNMENT|[354]|template|{"Id":"a0DgL000001ZMMuUAO","Name":"WBC-0041","Template_Name__c":"testauth98","Template_Id__c":"636350412712921"}|0x19c70402
10:57:15.988 (3014183242)|STATEMENT_EXECUTE|[354]
10:57:15.988 (3014191504)|STATEMENT_EXECUTE|[355]
10:57:15.988 (3014195554)|HEAP_ALLOCATE|[354]|Bytes:5
10:57:15.988 (3014202037)|HEAP_ALLOCATE|[354]|Bytes:20
10:57:15.988 (3014206014)|VARIABLE_SCOPE_BEGIN|[354]|template|Template__c|true|false
10:57:15.988 (3014220127)|VARIABLE_ASSIGNMENT|[354]|template|{"Id":"a0DgL000001ZdHFUA0","Name":"WBC-0042","Template_Name__c":"testauthtemp1","Template_Id__c":"1726575518260283"}|0x1051e51
10:57:15.988 (3014224222)|STATEMENT_EXECUTE|[354]
10:57:15.988 (3014237555)|STATEMENT_EXECUTE|[355]
10:57:15.988 (3014242624)|HEAP_ALLOCATE|[354]|Bytes:5
10:57:15.988 (3014249445)|HEAP_ALLOCATE|[354]|Bytes:20
10:57:15.988 (3014253536)|VARIABLE_SCOPE_BEGIN|[354]|template|Template__c|true|false
10:57:15.988 (3014264372)|VARIABLE_ASSIGNMENT|[354]|template|{"Id":"a0DgL000001Ze3gUAC","Name":"WBC-0045","Template_Name__c":"testmarketbutton2","Template_Id__c":"3952538848342909"}|0x427aa2b8
10:57:15.988 (3014269461)|STATEMENT_EXECUTE|[354]
10:57:15.988 (3014282525)|STATEMENT_EXECUTE|[355]
10:57:15.988 (3014287834)|HEAP_ALLOCATE|[354]|Bytes:5
10:57:15.988 (3014294550)|HEAP_ALLOCATE|[354]|Bytes:20
10:57:15.988 (3014298802)|VARIABLE_SCOPE_BEGIN|[354]|template|Template__c|true|false
10:57:15.988 (3014309879)|VARIABLE_ASSIGNMENT|[354]|template|{"Id":"a0DgL000001ZeObUAK","Name":"WBC-0043","Template_Name__c":"testmarketsend1","Template_Id__c":"976892051238444"}|0x2d0e4567
10:57:15.988 (3014315165)|STATEMENT_EXECUTE|[354]
10:57:15.988 (3014328115)|STATEMENT_EXECUTE|[355]
10:57:15.988 (3014333184)|HEAP_ALLOCATE|[354]|Bytes:5
10:57:15.988 (3014340498)|HEAP_ALLOCATE|[354]|Bytes:20
10:57:15.988 (3014343402)|VARIABLE_SCOPE_BEGIN|[354]|template|Template__c|true|false
10:57:15.988 (3014351518)|VARIABLE_ASSIGNMENT|[354]|template|{"Id":"a0DgL000001ZeTRUA0","Name":"WBC-0044","Template_Name__c":"testtemplatemarket1","Template_Id__c":"617579514435946"}|0xcc8a3d0
10:57:15.988 (3014354690)|STATEMENT_EXECUTE|[354]
10:57:15.988 (3014363688)|STATEMENT_EXECUTE|[355]
10:57:15.988 (3014367253)|HEAP_ALLOCATE|[354]|Bytes:5
10:57:15.988 (3014371742)|HEAP_ALLOCATE|[354]|Bytes:20
10:57:15.988 (3014374323)|VARIABLE_SCOPE_BEGIN|[354]|template|Template__c|true|false
10:57:15.988 (3014381201)|VARIABLE_ASSIGNMENT|[354]|template|{"Id":"a0DgL000001ZfEDUA0","Name":"WBC-0047","Template_Name__c":"testmarketbutton6","Template_Id__c":"1025501092756771"}|0x2516d38e
10:57:15.988 (3014384254)|STATEMENT_EXECUTE|[354]
10:57:15.988 (3014392879)|STATEMENT_EXECUTE|[355]
10:57:15.988 (3014396184)|HEAP_ALLOCATE|[354]|Bytes:5
10:57:15.988 (3014400749)|HEAP_ALLOCATE|[354]|Bytes:20
10:57:15.988 (3014403328)|VARIABLE_SCOPE_BEGIN|[354]|template|Template__c|true|false
10:57:15.988 (3014410441)|VARIABLE_ASSIGNMENT|[354]|template|{"Id":"a0DgL000001ZvNrUAK","Name":"WBC-0049","Template_Name__c":"testallbutton6","Template_Id__c":"1207076920862735"}|0x32eecaf6
10:57:15.988 (3014413438)|STATEMENT_EXECUTE|[354]
10:57:15.988 (3014421832)|STATEMENT_EXECUTE|[355]
10:57:15.988 (3014425214)|HEAP_ALLOCATE|[354]|Bytes:5
10:57:15.988 (3014429673)|HEAP_ALLOCATE|[354]|Bytes:20
10:57:15.988 (3014432291)|VARIABLE_SCOPE_BEGIN|[354]|template|Template__c|true|false
10:57:15.988 (3014439179)|VARIABLE_ASSIGNMENT|[354]|template|{"Id":"a0DgL000001ZwuzUAC","Name":"WBC-0050","Template_Name__c":"testallbuttons9","Template_Id__c":"2029845704164761"}|0x6d1494b1
10:57:15.988 (3014442547)|STATEMENT_EXECUTE|[354]
10:57:15.988 (3014450916)|STATEMENT_EXECUTE|[355]
10:57:15.988 (3014454315)|HEAP_ALLOCATE|[354]|Bytes:5
10:57:15.988 (3014458642)|HEAP_ALLOCATE|[354]|Bytes:20
10:57:15.988 (3014461164)|VARIABLE_SCOPE_BEGIN|[354]|template|Template__c|true|false
10:57:15.988 (3014467852)|VARIABLE_ASSIGNMENT|[354]|template|{"Id":"a0DgL000001ZxO1UAK","Name":"WBC-0051","Template_Name__c":"testtemp123","Template_Id__c":"1690172678543092"}|0x240b7ce0
10:57:15.988 (3014470954)|STATEMENT_EXECUTE|[354]
10:57:15.988 (3014479264)|STATEMENT_EXECUTE|[355]
10:57:15.988 (3014482564)|HEAP_ALLOCATE|[354]|Bytes:5
10:57:15.988 (3014487314)|HEAP_ALLOCATE|[354]|Bytes:20
10:57:15.988 (3014489819)|VARIABLE_SCOPE_BEGIN|[354]|template|Template__c|true|false
10:57:15.988 (3014496749)|VARIABLE_ASSIGNMENT|[354]|template|{"Id":"a0DgL000001Zxe9UAC","Name":"WBC-0052","Template_Name__c":"testtemp1234","Template_Id__c":"966489578970539"}|0x3792514c
10:57:15.988 (3014500072)|STATEMENT_EXECUTE|[354]
10:57:15.988 (3014508363)|STATEMENT_EXECUTE|[355]
10:57:15.988 (3014511746)|HEAP_ALLOCATE|[354]|Bytes:5
10:57:15.988 (3014515971)|HEAP_ALLOCATE|[354]|Bytes:20
10:57:15.988 (3014518478)|VARIABLE_SCOPE_BEGIN|[354]|template|Template__c|true|false
10:57:15.988 (3014525205)|VARIABLE_ASSIGNMENT|[354]|template|{"Id":"a0DgL000001ZxkbUAC","Name":"WBC-0053","Template_Name__c":"testtemplate123","Template_Id__c":"1396259088223832"}|0x736f9432
10:57:15.988 (3014528078)|STATEMENT_EXECUTE|[354]
10:57:15.988 (3014536294)|STATEMENT_EXECUTE|[355]
10:57:15.988 (3014539888)|HEAP_ALLOCATE|[354]|Bytes:5
10:57:15.988 (3014544133)|HEAP_ALLOCATE|[354]|Bytes:20
10:57:15.988 (3014546654)|VARIABLE_SCOPE_BEGIN|[354]|template|Template__c|true|false
10:57:15.988 (3014553219)|VARIABLE_ASSIGNMENT|[354]|template|{"Id":"a0DgL000001ZxpRUAS","Name":"WBC-0054","Template_Name__c":"testallbutton12","Template_Id__c":"1581163365894435"}|0x3a9737f2
10:57:15.988 (3014556020)|STATEMENT_EXECUTE|[354]
10:57:15.988 (3014564314)|STATEMENT_EXECUTE|[355]
10:57:15.988 (3014567786)|HEAP_ALLOCATE|[354]|Bytes:5
10:57:15.988 (3014572093)|HEAP_ALLOCATE|[354]|Bytes:20
10:57:15.988 (3014574626)|VARIABLE_SCOPE_BEGIN|[354]|template|Template__c|true|false
10:57:15.988 (3014581290)|VARIABLE_ASSIGNMENT|[354]|template|{"Id":"a0DgL000001Zyf3UAC","Name":"WBC-0055","Template_Name__c":"testbuttons3","Template_Id__c":"1001211084840067"}|0x4504a03c
10:57:15.988 (3014584212)|STATEMENT_EXECUTE|[354]
10:57:15.988 (3014592731)|STATEMENT_EXECUTE|[355]
10:57:15.988 (3014596074)|HEAP_ALLOCATE|[354]|Bytes:5
10:57:15.988 (3014600370)|HEAP_ALLOCATE|[354]|Bytes:20
10:57:15.988 (3014602942)|VARIABLE_SCOPE_BEGIN|[354]|template|Template__c|true|false
10:57:15.988 (3014609512)|VARIABLE_ASSIGNMENT|[354]|template|{"Id":"a0DgL000001a42vUAA","Name":"WBC-0056","Template_Name__c":"testcallbutton1","Template_Id__c":"1342194627027486"}|0x60b981e1
10:57:15.988 (3014612323)|STATEMENT_EXECUTE|[354]
10:57:15.988 (3014620536)|STATEMENT_EXECUTE|[355]
10:57:15.988 (3014623974)|HEAP_ALLOCATE|[354]|Bytes:5
10:57:15.988 (3014628151)|HEAP_ALLOCATE|[354]|Bytes:20
10:57:15.988 (3014630697)|VARIABLE_SCOPE_BEGIN|[354]|template|Template__c|true|false
10:57:15.988 (3014637527)|VARIABLE_ASSIGNMENT|[354]|template|{"Id":"a0DgL000001a6vxUAA","Name":"WBC-0057","Template_Name__c":"testoffer21","Template_Id__c":"1179377407098257"}|0x6f7857c0
10:57:15.988 (3014640360)|STATEMENT_EXECUTE|[354]
10:57:15.988 (3014648924)|STATEMENT_EXECUTE|[355]
10:57:15.988 (3014652336)|HEAP_ALLOCATE|[354]|Bytes:5
10:57:15.988 (3014656789)|HEAP_ALLOCATE|[354]|Bytes:20
10:57:15.988 (3014659354)|VARIABLE_SCOPE_BEGIN|[354]|template|Template__c|true|false
10:57:15.988 (3014665914)|VARIABLE_ASSIGNMENT|[354]|template|{"Id":"a0DgL000001a77FUAQ","Name":"WBC-0058","Template_Name__c":"testoffer12","Template_Id__c":"4103427479887977"}|0x6cd3c57a
10:57:15.988 (3014668747)|STATEMENT_EXECUTE|[354]
10:57:15.988 (3014677054)|STATEMENT_EXECUTE|[355]
10:57:15.988 (3014680325)|HEAP_ALLOCATE|[354]|Bytes:5
10:57:15.988 (3014684764)|HEAP_ALLOCATE|[354]|Bytes:20
10:57:15.988 (3014687319)|VARIABLE_SCOPE_BEGIN|[354]|template|Template__c|true|false
10:57:15.988 (3014695019)|VARIABLE_ASSIGNMENT|[354]|template|{"Id":"a0DgL000001aLOjUAM","Name":"WBC-0059","Template_Name__c":"testdocumenttemplate (1 more) ...","Template_Id__c":"1785067832274438"}|0xcb68d9c
10:57:15.988 (3014698164)|STATEMENT_EXECUTE|[354]
10:57:15.988 (3014706465)|STATEMENT_EXECUTE|[355]
10:57:15.988 (3014709727)|HEAP_ALLOCATE|[354]|Bytes:5
10:57:15.988 (3014713897)|HEAP_ALLOCATE|[354]|Bytes:20
10:57:15.988 (3014716417)|VARIABLE_SCOPE_BEGIN|[354]|template|Template__c|true|false
10:57:15.988 (3014723262)|VARIABLE_ASSIGNMENT|[354]|template|{"Id":"a0DgL000001d5LrUAI","Name":"WBC-0061","Template_Name__c":"test_auth_2","Template_Id__c":"1395547408291038"}|0x202cb362
10:57:15.988 (3014726015)|STATEMENT_EXECUTE|[354]
10:57:15.988 (3014736779)|STATEMENT_EXECUTE|[355]
10:57:15.988 (3014740232)|HEAP_ALLOCATE|[354]|Bytes:5
10:57:15.988 (3014744423)|HEAP_ALLOCATE|[354]|Bytes:20
10:57:15.988 (3014746997)|VARIABLE_SCOPE_BEGIN|[354]|template|Template__c|true|false
10:57:15.988 (3014753672)|VARIABLE_ASSIGNMENT|[354]|template|{"Id":"a0DgL000001dBa7UAE","Name":"WBC-0060","Template_Name__c":"test__auth_1","Template_Id__c":"584485310718441"}|0xdc726f0
10:57:15.988 (3014756554)|STATEMENT_EXECUTE|[354]
10:57:15.988 (3014765514)|STATEMENT_EXECUTE|[355]
10:57:15.988 (3014768848)|HEAP_ALLOCATE|[354]|Bytes:5
10:57:15.988 (3014773062)|HEAP_ALLOCATE|[354]|Bytes:20
10:57:15.988 (3014775585)|VARIABLE_SCOPE_BEGIN|[354]|template|Template__c|true|false
10:57:15.988 (3014782102)|VARIABLE_ASSIGNMENT|[354]|template|{"Id":"a0DgL000001fLCwUAM","Name":"WBC-0065","Template_Name__c":"test_auth_6","Template_Id__c":"1227842745424823"}|0x7fcdca27
10:57:15.988 (3014784947)|STATEMENT_EXECUTE|[354]
10:57:15.988 (3014795164)|STATEMENT_EXECUTE|[355]
10:57:15.988 (3014798414)|HEAP_ALLOCATE|[354]|Bytes:5
10:57:15.988 (3014802729)|HEAP_ALLOCATE|[354]|Bytes:20
10:57:15.988 (3014805264)|VARIABLE_SCOPE_BEGIN|[354]|template|Template__c|true|false
10:57:15.988 (3014812008)|VARIABLE_ASSIGNMENT|[354]|template|{"Id":"a0DgL000001fRAAUA2","Name":"WBC-0067","Template_Name__c":"auth_temp_8","Template_Id__c":"1714708279132995"}|0x47af622f
10:57:15.988 (3014814796)|STATEMENT_EXECUTE|[354]
10:57:15.988 (3014821617)|STATEMENT_EXECUTE|[355]
10:57:15.988 (3014825094)|HEAP_ALLOCATE|[354]|Bytes:5
10:57:15.988 (3014829554)|HEAP_ALLOCATE|[354]|Bytes:20
10:57:15.988 (3014832071)|VARIABLE_SCOPE_BEGIN|[354]|template|Template__c|true|false
10:57:15.988 (3014838649)|VARIABLE_ASSIGNMENT|[354]|template|{"Id":"a0DgL000001fSixUAE","Name":"WBC-0063","Template_Name__c":"test_auth_4","Template_Id__c":"1366389431451748"}|0x25d7e1b
10:57:15.988 (3014841537)|STATEMENT_EXECUTE|[354]
10:57:15.988 (3014854165)|STATEMENT_EXECUTE|[355]
10:57:15.988 (3014857520)|HEAP_ALLOCATE|[354]|Bytes:5
10:57:15.988 (3014861912)|HEAP_ALLOCATE|[354]|Bytes:20
10:57:15.988 (3014864499)|VARIABLE_SCOPE_BEGIN|[354]|template|Template__c|true|false
10:57:15.988 (3014871234)|VARIABLE_ASSIGNMENT|[354]|template|{"Id":"a0DgL000001fU6PUAU","Name":"WBC-0062","Template_Name__c":"test_auth_3","Template_Id__c":"2438650379867467"}|0x36992806
10:57:15.988 (3014874185)|STATEMENT_EXECUTE|[354]
10:57:15.988 (3014884564)|STATEMENT_EXECUTE|[355]
10:57:15.988 (3014887935)|HEAP_ALLOCATE|[354]|Bytes:5
10:57:15.988 (3014892216)|HEAP_ALLOCATE|[354]|Bytes:20
10:57:15.988 (3014894788)|VARIABLE_SCOPE_BEGIN|[354]|template|Template__c|true|false
10:57:15.988 (3014901285)|VARIABLE_ASSIGNMENT|[354]|template|{"Id":"a0DgL000001fUpZUAU","Name":"WBC-0064","Template_Name__c":"test_auth_5","Template_Id__c":"1349669419440661"}|0x27944000
10:57:15.988 (3014904214)|STATEMENT_EXECUTE|[354]
10:57:15.988 (3014914306)|STATEMENT_EXECUTE|[355]
10:57:15.988 (3014917543)|HEAP_ALLOCATE|[354]|Bytes:5
10:57:15.988 (3014921644)|HEAP_ALLOCATE|[354]|Bytes:20
10:57:15.988 (3014924140)|VARIABLE_SCOPE_BEGIN|[354]|template|Template__c|true|false
10:57:15.988 (3014930993)|VARIABLE_ASSIGNMENT|[354]|template|{"Id":"a0DgL000001fXh3UAE","Name":"WBC-0066","Template_Name__c":"test_auth_7","Template_Id__c":"2207049713045556"}|0x1b16f0c7
10:57:15.988 (3014933856)|STATEMENT_EXECUTE|[354]
10:57:15.988 (3014944084)|STATEMENT_EXECUTE|[355]
10:57:15.988 (3014947314)|HEAP_ALLOCATE|[354]|Bytes:5
10:57:15.988 (3014951484)|HEAP_ALLOCATE|[354]|Bytes:20
10:57:15.988 (3014953986)|VARIABLE_SCOPE_BEGIN|[354]|template|Template__c|true|false
10:57:15.988 (3014960904)|VARIABLE_ASSIGNMENT|[354]|template|{"Id":"a0DgL000001fZSfUAM","Name":"WBC-0068","Template_Name__c":"auth_temp_9","Template_Id__c":"701368192220069"}|0x7252e818
10:57:15.988 (3014963752)|STATEMENT_EXECUTE|[354]
10:57:15.988 (3014970559)|STATEMENT_EXECUTE|[355]
10:57:15.988 (3014974106)|HEAP_ALLOCATE|[354]|Bytes:5
10:57:15.988 (3014980530)|VARIABLE_ASSIGNMENT|[354]|template|null|
10:57:15.988 (3014984349)|STATEMENT_EXECUTE|[360]
10:57:15.988 (3015063270)|USER_DEBUG|[360]|DEBUG|()
10:57:15.988 (3015096137)|STATEMENT_EXECUTE|[362]
10:57:15.988 (3015097259)|STATEMENT_EXECUTE|[363]
10:57:15.988 (3015126955)|HEAP_ALLOCATE|[363]|Bytes:4
10:57:15.988 (3015221669)|VARIABLE_ASSIGNMENT|[363]|whatsAppTemplate|{}|0x392a7fd
10:57:15.988 (3015225597)|STATEMENT_EXECUTE|[371]
10:57:15.988 (3015228178)|HEAP_ALLOCATE|[371]|Bytes:38
10:57:15.988 (3015243252)|HEAP_ALLOCATE|[371]|Bytes:55
10:57:15.988 (3015260926)|USER_DEBUG|[371]|DEBUG|Handleeeee Successsss Template Type : One-time passcode
10:57:15.988 (3015265909)|STATEMENT_EXECUTE|[373]
10:57:15.988 (3015268217)|HEAP_ALLOCATE|[373]|Bytes:6
10:57:15.988 (3015297545)|VARIABLE_SCOPE_BEGIN|[373]|status|String|false|false
10:57:15.988 (3015303406)|VARIABLE_ASSIGNMENT|[373]|status|"APPROVED"
10:57:15.988 (3015305951)|STATEMENT_EXECUTE|[374]
10:57:15.988 (3015307615)|HEAP_ALLOCATE|[374]|Bytes:2
10:57:15.988 (3015427231)|VARIABLE_ASSIGNMENT|[374]|this.Template_Id__c|"532064569552035"|0x392a7fd
10:57:15.988 (3015431693)|STATEMENT_EXECUTE|[375]
10:57:15.988 (3015443612)|HEAP_ALLOCATE|[375]|Bytes:7
10:57:15.988 (3015448928)|HEAP_ALLOCATE|[376]|Bytes:8
10:57:15.988 (3015453528)|HEAP_ALLOCATE|[377]|Bytes:8
10:57:15.988 (3015460471)|HEAP_ALLOCATE|[377]|Bytes:22
10:57:15.988 (3015489293)|VARIABLE_ASSIGNMENT|[375]|this.Status__c|"Active-Quality Pendi (2 more) ..."|0x392a7fd
10:57:15.988 (3015492902)|STATEMENT_EXECUTE|[378]
10:57:15.988 (3015532211)|VARIABLE_ASSIGNMENT|[378]|this.Template_Name__c|"test_auth_9"|0x392a7fd
10:57:15.988 (3015535638)|STATEMENT_EXECUTE|[379]
10:57:15.988 (3015568168)|VARIABLE_ASSIGNMENT|[379]|this.Template_Category__c|"Authentication"|0x392a7fd
10:57:15.988 (3015571695)|STATEMENT_EXECUTE|[380]
10:57:15.988 (3015600533)|VARIABLE_ASSIGNMENT|[380]|this.Language__c|"en_US"|0x392a7fd
10:57:15.988 (3015603951)|STATEMENT_EXECUTE|[381]
10:57:15.988 (3015619996)|VARIABLE_ASSIGNMENT|[381]|this.Template_Type__c|"One-time passcode"|0x392a7fd
10:57:15.988 (3015623215)|STATEMENT_EXECUTE|[386]
10:57:15.988 (3015671226)|HEAP_ALLOCATE|[386]|Bytes:4
10:57:15.988 (3015730373)|VARIABLE_SCOPE_BEGIN|[386]|variableRecords|List<Template_Variable__c>|true|false
10:57:15.988 (3015736325)|HEAP_ALLOCATE|[EXTERNAL]|Bytes:4
10:57:15.988 (3015747426)|VARIABLE_ASSIGNMENT|[386]|variableRecords|[]|0x3273fdf4
10:57:15.988 (3015750473)|STATEMENT_EXECUTE|[387]
10:57:15.988 (3015781544)|VARIABLE_SCOPE_BEGIN|[387]|components|List<ANY>|true|false
10:57:15.988 (3015806383)|VARIABLE_ASSIGNMENT|[387]|components|[{"type":"BODY"},{"buttons":[{"otp_type":"COPY_CODE","text":"Verify Code","type":"OTP"}],"type":"BUTTONS"}]|0x261401bc
10:57:15.988 (3015809496)|STATEMENT_EXECUTE|[388]
10:57:15.988 (3015813504)|VARIABLE_SCOPE_BEGIN|[388]|headAlternateTexts|List<String>|true|false
10:57:15.988 (3015819910)|VARIABLE_ASSIGNMENT|[388]|headAlternateTexts|[]|0x5aaea871
10:57:15.988 (3015822641)|STATEMENT_EXECUTE|[389]
10:57:15.988 (3015825033)|VARIABLE_SCOPE_BEGIN|[389]|varAlternateTexts|List<String>|true|false
10:57:15.988 (3015830478)|VARIABLE_ASSIGNMENT|[389]|varAlternateTexts|[]|0x6be55a81
10:57:15.988 (3015833243)|STATEMENT_EXECUTE|[390]
10:57:15.988 (3015837633)|VARIABLE_SCOPE_BEGIN|[390]|headerIndex|Integer|false|false
10:57:15.988 (3015842000)|HEAP_ALLOCATE|[390]|Bytes:4
10:57:15.988 (3015846560)|VARIABLE_ASSIGNMENT|[390]|headerIndex|0
10:57:15.988 (3015848723)|STATEMENT_EXECUTE|[391]
10:57:15.988 (3015850016)|VARIABLE_SCOPE_BEGIN|[391]|variableIndex|Integer|false|false
10:57:15.988 (3015853384)|HEAP_ALLOCATE|[391]|Bytes:4
10:57:15.988 (3015856092)|VARIABLE_ASSIGNMENT|[391]|variableIndex|0
10:57:15.988 (3015858126)|STATEMENT_EXECUTE|[392]
10:57:15.988 (3015860333)|VARIABLE_SCOPE_BEGIN|[392]|headerMergeText|String|false|false
10:57:15.988 (3015865913)|VARIABLE_ASSIGNMENT|[392]|headerMergeText|""
10:57:15.988 (3015902625)|HEAP_ALLOCATE|[395]|Bytes:5
10:57:15.988 (3015920367)|HEAP_ALLOCATE|[395]|Bytes:8
10:57:15.988 (3015926917)|VARIABLE_SCOPE_BEGIN|[395]|comp|Object|false|false
10:57:15.988 (3015939027)|VARIABLE_ASSIGNMENT|[395]|comp|{"type":"BODY"}
10:57:15.988 (3015942933)|STATEMENT_EXECUTE|[395]
10:57:15.988 (3015946173)|HEAP_ALLOCATE|[396]|Bytes:68
10:57:15.988 (3015978767)|STATEMENT_EXECUTE|[396]
10:57:15.988 (3015980143)|STATEMENT_EXECUTE|[399]
10:57:15.988 (3015983513)|VARIABLE_SCOPE_BEGIN|[399]|component|Map<String,ANY>|true|false
10:57:15.988 (3015994460)|VARIABLE_ASSIGNMENT|[399]|component|{"type":"BODY"}|0x348eb066
10:57:15.988 (3015998366)|STATEMENT_EXECUTE|[400]
10:57:15.988 (3016041504)|USER_DEBUG|[400]|DEBUG|{type=BODY}
10:57:15.988 (3016051573)|STATEMENT_EXECUTE|[401]
10:57:15.988 (3016077361)|VARIABLE_SCOPE_BEGIN|[401]|type|String|false|false
10:57:15.988 (3016085673)|VARIABLE_ASSIGNMENT|[401]|type|"BODY"
10:57:15.988 (3016089343)|STATEMENT_EXECUTE|[402]
10:57:15.988 (3016092221)|HEAP_ALLOCATE|[402]|Bytes:7
10:57:15.988 (3016111961)|VARIABLE_SCOPE_BEGIN|[402]|example|Map<String,ANY>|true|false
10:57:15.988 (3016119631)|VARIABLE_ASSIGNMENT|[402]|example|null|
10:57:15.988 (3016125884)|HEAP_ALLOCATE|[405]|Bytes:6
10:57:15.988 (3016142387)|STATEMENT_EXECUTE|[459]
10:57:15.988 (3016143853)|STATEMENT_EXECUTE|[460]
10:57:15.988 (3016199069)|METHOD_ENTRY|[460]|01pgL000000Qgig|CreateTemplateWrapper.handleBodyComponent(String, Map<String,ANY>, Map<String,ANY>)
10:57:15.988 (3016228931)|VARIABLE_SCOPE_BEGIN|[566]|category|String|false|false
10:57:15.988 (3016237781)|VARIABLE_ASSIGNMENT|[566]|category|"Authentication"
10:57:15.988 (3016243427)|VARIABLE_SCOPE_BEGIN|[566]|component|Map<String,ANY>|true|false
10:57:15.988 (3016261364)|VARIABLE_ASSIGNMENT|[566]|component|{"type":"BODY"}|0x348eb066
10:57:15.988 (3016266551)|VARIABLE_SCOPE_BEGIN|[566]|example|Map<String,ANY>|true|false
10:57:15.988 (3016272559)|VARIABLE_ASSIGNMENT|[566]|example|null|
10:57:15.988 (3016288144)|HEAP_ALLOCATE|[567]|Bytes:5
10:57:15.988 (3016291653)|STATEMENT_EXECUTE|[566]
10:57:15.988 (3016292600)|STATEMENT_EXECUTE|[567]
10:57:15.988 (3016301465)|HEAP_ALLOCATE|[567]|Bytes:4
10:57:15.988 (3016307206)|VARIABLE_SCOPE_BEGIN|[567]|result|Map<String,ANY>|true|false
10:57:15.988 (3016315338)|VARIABLE_ASSIGNMENT|[567]|result|{}|0x43dadcd5
10:57:15.988 (3016318385)|STATEMENT_EXECUTE|[568]
10:57:15.988 (3016319209)|STATEMENT_EXECUTE|[568]
10:57:15.988 (3016320023)|STATEMENT_EXECUTE|[569]
10:57:15.988 (3016345682)|VARIABLE_SCOPE_BEGIN|[569]|bodyText|String|false|false
10:57:15.988 (3016350861)|VARIABLE_ASSIGNMENT|[569]|bodyText|null
10:57:15.988 (3016353129)|STATEMENT_EXECUTE|[570]
10:57:15.988 (3016354971)|VARIABLE_SCOPE_BEGIN|[570]|bodyMergeText|String|false|false
10:57:15.988 (3016359908)|VARIABLE_ASSIGNMENT|[570]|bodyMergeText|""
10:57:15.988 (3016362323)|STATEMENT_EXECUTE|[571]
10:57:15.988 (3016376592)|HEAP_ALLOCATE|[571]|Bytes:4
10:57:15.988 (3016401125)|VARIABLE_SCOPE_BEGIN|[571]|parsedFields|List<Map<String,String>>|true|false
10:57:15.988 (3016420990)|HEAP_ALLOCATE|[EXTERNAL]|Bytes:4
10:57:15.988 (3016429401)|VARIABLE_ASSIGNMENT|[571]|parsedFields|[]|0x29e16068
10:57:15.988 (3016434891)|STATEMENT_EXECUTE|[573]
10:57:15.988 (3016436324)|STATEMENT_EXECUTE|[606]
10:57:15.988 (3016438950)|HEAP_ALLOCATE|[606]|Bytes:8
10:57:15.988 (3016472453)|HEAP_ALLOCATE|[EXTERNAL]|Bytes:-4
10:57:15.988 (3016480114)|STATEMENT_EXECUTE|[607]
10:57:15.988 (3016482366)|HEAP_ALLOCATE|[607]|Bytes:13
10:57:15.988 (3016506016)|HEAP_ALLOCATE|[EXTERNAL]|Bytes:-4
10:57:15.988 (3016510666)|STATEMENT_EXECUTE|[608]
10:57:15.988 (3016512163)|HEAP_ALLOCATE|[608]|Bytes:12
10:57:15.988 (3016526003)|HEAP_ALLOCATE|[EXTERNAL]|Bytes:-4
10:57:15.988 (3016531078)|STATEMENT_EXECUTE|[617]
10:57:15.988 (3016541009)|METHOD_EXIT|[460]|01pgL000000Qgig|CreateTemplateWrapper.handleBodyComponent(String, Map<String,ANY>, Map<String,ANY>)
10:57:15.988 (3016545050)|VARIABLE_SCOPE_BEGIN|[460]|result|Map<String,ANY>|true|false
10:57:15.988 (3016557516)|VARIABLE_ASSIGNMENT|[460]|result|{"bodyMergeText":"","parsedFields":[]}|0x43dadcd5
10:57:15.988 (3016560613)|STATEMENT_EXECUTE|[461]
10:57:15.988 (3016582726)|USER_DEBUG|[461]|DEBUG|null
10:57:15.988 (3016597998)|STATEMENT_EXECUTE|[462]
10:57:15.988 (3016608288)|HEAP_ALLOCATE|[395]|Bytes:5
10:57:15.988 (3016619899)|HEAP_ALLOCATE|[395]|Bytes:12
10:57:15.988 (3016623948)|VARIABLE_SCOPE_BEGIN|[395]|comp|Object|false|false
10:57:15.988 (3016639113)|VARIABLE_ASSIGNMENT|[395]|comp|{"buttons":[{"otp_type":"COPY_CODE","text":"Verify Code","type":"OTP"}],"type":"BUTTONS"}
10:57:15.988 (3016643381)|STATEMENT_EXECUTE|[395]
10:57:15.988 (3016662923)|STATEMENT_EXECUTE|[396]
10:57:15.988 (3016664296)|STATEMENT_EXECUTE|[399]
10:57:15.988 (3016667803)|VARIABLE_SCOPE_BEGIN|[399]|component|Map<String,ANY>|true|false
10:57:15.988 (3016684516)|VARIABLE_ASSIGNMENT|[399]|component|{"buttons":[{"otp_type":"COPY_CODE","text":"Verify Code","type":"OTP"}],"type":"BUTTONS"}|0x6728a051
10:57:15.988 (3016687678)|STATEMENT_EXECUTE|[400]
10:57:15.988 (3016714418)|USER_DEBUG|[400]|DEBUG|{buttons=({otp_type=COPY_CODE, text=Verify Code, type=OTP}), type=BUTTONS}
10:57:15.988 (3016719295)|STATEMENT_EXECUTE|[401]
10:57:15.988 (3016725728)|VARIABLE_SCOPE_BEGIN|[401]|type|String|false|false
10:57:15.988 (3016730958)|VARIABLE_ASSIGNMENT|[401]|type|"BUTTONS"
10:57:15.988 (3016733166)|STATEMENT_EXECUTE|[402]
10:57:15.988 (3016738113)|VARIABLE_SCOPE_BEGIN|[402]|example|Map<String,ANY>|true|false
10:57:15.988 (3016742945)|VARIABLE_ASSIGNMENT|[402]|example|null|
10:57:15.988 (3016754748)|HEAP_ALLOCATE|[509]|Bytes:6
10:57:15.988 (3016764718)|STATEMENT_EXECUTE|[513]
10:57:15.988 (3016765568)|STATEMENT_EXECUTE|[514]
10:57:15.988 (3016766997)|HEAP_ALLOCATE|[514]|Bytes:8
10:57:15.988 (3016814691)|HEAP_ALLOCATE|[514]|Bytes:74
10:57:15.988 (3016828374)|HEAP_ALLOCATE|[514]|Bytes:82
10:57:15.988 (3016837852)|USER_DEBUG|[514]|DEBUG|Buttons:{buttons=({otp_type=COPY_CODE, text=Verify Code, type=OTP}), type=BUTTONS}
10:57:15.988 (3016844089)|STATEMENT_EXECUTE|[515]
10:57:15.988 (3016856956)|METHOD_ENTRY|[515]|01pgL000000Qgig|CreateTemplateWrapper.handleButtonComponent(Map<String,ANY>)
10:57:15.988 (3016877623)|VARIABLE_SCOPE_BEGIN|[628]|component|Map<String,ANY>|true|false
10:57:15.988 (3016896690)|VARIABLE_ASSIGNMENT|[628]|component|{"buttons":[{"otp_type":"COPY_CODE","text":"Verify Code","type":"OTP"}],"type":"BUTTONS"}|0x6728a051
10:57:15.988 (3016911344)|HEAP_ALLOCATE|[630]|Bytes:5
10:57:15.988 (3016915498)|STATEMENT_EXECUTE|[628]
10:57:15.988 (3016916661)|STATEMENT_EXECUTE|[630]
10:57:15.988 (3016919285)|VARIABLE_SCOPE_BEGIN|[630]|buttonList|String|false|false
10:57:15.988 (3016927303)|VARIABLE_ASSIGNMENT|[630]|buttonList|""
10:57:15.988 (3016930768)|STATEMENT_EXECUTE|[631]
10:57:15.988 (3016931798)|STATEMENT_EXECUTE|[631]
10:57:15.988 (3016932916)|STATEMENT_EXECUTE|[632]
10:57:15.988 (3016973958)|VARIABLE_SCOPE_BEGIN|[632]|buttons|List<ANY>|true|false
10:57:15.988 (3016989682)|VARIABLE_ASSIGNMENT|[632]|buttons|[{"otp_type":"COPY_CODE","text":"Verify Code","type":"OTP"}]|0x644265ac
10:57:15.988 (3016994123)|STATEMENT_EXECUTE|[633]
10:57:15.988 (3017032504)|USER_DEBUG|[633]|DEBUG|({otp_type=COPY_CODE, text=Verify Code, type=OTP})
10:57:15.988 (3017039588)|STATEMENT_EXECUTE|[635]
10:57:15.988 (3017040599)|STATEMENT_EXECUTE|[636]
10:57:15.988 (3017049336)|METHOD_ENTRY|[636]||System.JSON.serialize(Object)
10:57:15.988 (3017529638)|METHOD_EXIT|[636]||System.JSON.serialize(Object)
10:57:15.988 (3017542667)|VARIABLE_ASSIGNMENT|[636]|buttonList|"[{\"type\":\"OTP\",\"text (40 more) ..."
10:57:15.988 (3017547576)|STATEMENT_EXECUTE|[670]
10:57:15.988 (3017555220)|METHOD_EXIT|[515]|01pgL000000Qgig|CreateTemplateWrapper.handleButtonComponent(Map<String,ANY>)
10:57:15.988 (3017560299)|VARIABLE_ASSIGNMENT|[515]|buttonDetails|"[{\"type\":\"OTP\",\"text (40 more) ..."
10:57:15.988 (3017562736)|STATEMENT_EXECUTE|[516]
10:57:15.988 (3017658481)|VARIABLE_ASSIGNMENT|[516]|this.Button_Body__c|"[{\"type\":\"OTP\",\"text (40 more) ..."|0x392a7fd
10:57:15.988 (3017663503)|STATEMENT_EXECUTE|[517]
10:57:15.988 (3017709622)|USER_DEBUG|[517]|DEBUG|[{"type":"OTP","text":"Verify Code","otp_type":"COPY_CODE"}]
10:57:15.988 (3017726979)|HEAP_ALLOCATE|[395]|Bytes:5
10:57:15.988 (3017742512)|VARIABLE_ASSIGNMENT|[395]|comp|null
10:57:15.988 (3017746116)|STATEMENT_EXECUTE|[526]
10:57:15.988 (3017799067)|HEAP_ALLOCATE|[526]|Bytes:8
10:57:15.988 (3017822664)|DML_BEGIN|[526]|Op:Upsert|Type:Template__c|Rows:1
10:57:15.988 (3017877354)|HEAP_ALLOCATE|[EXTERNAL]|Bytes:8
10:57:15.988 (3142278793)|DML_END|[526]
10:57:15.988 (3143037229)|STATEMENT_EXECUTE|[527]
10:57:15.988 (3143235335)|VARIABLE_ASSIGNMENT|[527]|templateId|"a0DgL000001fKQTUA2"
10:57:15.988 (3143473836)|HEAP_ALLOCATE|[529]|Bytes:5
10:57:15.988 (3143499597)|VARIABLE_ASSIGNMENT|[529]|variable|null|
10:57:15.988 (3143504926)|STATEMENT_EXECUTE|[529]
10:57:15.988 (3143531132)|STATEMENT_EXECUTE|[533]
10:57:15.988 (3143532187)|STATEMENT_EXECUTE|[538]
10:57:15.988 (3143536796)|HEAP_ALLOCATE|[538]|Bytes:7
10:57:15.988 (3143576066)|HEAP_ALLOCATE|[538]|Bytes:5
10:57:15.988 (3143596036)|HEAP_ALLOCATE|[EXTERNAL]|Bytes:-4
10:57:15.988 (3143603726)|STATEMENT_EXECUTE|[539]
10:57:15.988 (3143605562)|HEAP_ALLOCATE|[539]|Bytes:10
10:57:15.988 (3143622180)|HEAP_ALLOCATE|[EXTERNAL]|Bytes:-4
10:57:15.988 (3143627976)|STATEMENT_EXECUTE|[556]
10:57:15.988 (3143644720)|METHOD_EXIT|[486]|01pgL000000Qgig|CreateTemplateWrapper.handleSuccessResponse(System.HttpResponse, Map<String,ANY>, Map<String,ANY>, CreateTemplateWrapper.TemplateWrapper)
10:57:15.988 (3143652257)|VARIABLE_SCOPE_BEGIN|[486]|templateId|Id|false|false
10:57:15.988 (3143696863)|VARIABLE_ASSIGNMENT|[486]|templateId|"a0DgL000001fKQTUA2"
10:57:15.988 (3143700081)|STATEMENT_EXECUTE|[487]
10:57:15.988 (3143716825)|HEAP_ALLOCATE|[487]|Bytes:5
10:57:15.988 (3143724042)|STATEMENT_EXECUTE|[488]
10:57:15.988 (3143738476)|STATEMENT_EXECUTE|[516]
10:57:15.988 (3143748129)|SYSTEM_MODE_EXIT|true
10:57:16.183 (3183017888)|CUMULATIVE_LIMIT_USAGE
10:57:16.183 (3183017888)|LIMIT_USAGE_FOR_NS|(default)|
  Number of SOQL queries: 1 out of 100
  Number of query rows: 51 out of 50000
  Number of SOSL queries: 0 out of 20
  Number of DML statements: 1 out of 150
  Number of Publish Immediate DML: 0 out of 150
  Number of DML rows: 1 out of 10000
  Maximum CPU time: 24 out of 10000
  Maximum heap size: 0 out of 6000000
  Number of callouts: 1 out of 100
  Number of Email Invocations: 0 out of 10
  Number of future calls: 0 out of 50
  Number of queueable jobs added to the queue: 0 out of 50
  Number of Mobile Apex push calls: 0 out of 10

10:57:16.183 (3183017888)|CUMULATIVE_LIMIT_USAGE_END

10:57:15.988 (3183113783)|CODE_UNIT_FINISHED|WBTemplateController.createWhatsappTemplate(String)
10:57:15.988 (3183317853)|CODE_UNIT_FINISHED|apex://WBTemplateController/ACTION$createWhatsappTemplate
10:57:15.988 (3183326582)|EXECUTION_FINISHED
