63.0 APEX_CODE,FINEST;APEX_PROFILING,INFO;CALLOUT,INFO;DATA_ACCESS,INFO;DB,INFO;NBA,INFO;SYSTEM,DEBUG;VALIDATION,INFO;VISUALFORCE,INFO;WAVE,INFO;WORKFLOW,INFO
23:48:44.0 (663247)|USER_INFO|[EXTERNAL]|005gL000000bXjT|divij@wbconnect.com|(GMT-07:00) Pacific Daylight Time (America/Los_Angeles)|GMT-07:00
23:48:44.0 (728907)|EXECUTION_STARTED
23:48:44.0 (747627)|CODE_UNIT_STARTED|[EXTERNAL]|apex://WBTemplateController/ACTION$createWhatsappTemplate
23:48:44.0 (2346074)|CODE_UNIT_STARTED|[EXTERNAL]|01pgL000000QsUb|WBTemplateController.createWhatsappTemplate(String)
23:48:44.0 (2601470)|VARIABLE_SCOPE_BEGIN|[22]|WBTemplateController.SETTINGS|MVWB__WBConnect_Configuration__mdt|true|true
23:48:44.0 (2664949)|VARIABLE_SCOPE_BEGIN|[19]|WBTemplateController.accessToken|String|false|true
23:48:44.0 (2670922)|VARIABLE_SCOPE_BEGIN|[20]|WBTemplateController.endpoint|String|false|true
23:48:44.0 (2675523)|VARIABLE_SCOPE_BEGIN|[21]|WBTemplateController.uploadEndpoint|String|false|true
23:48:44.0 (2789504)|HEAP_ALLOCATE|[93]|Bytes:3
23:48:44.0 (2830139)|HEAP_ALLOCATE|[98]|Bytes:152
23:48:44.0 (2843963)|HEAP_ALLOCATE|[415]|Bytes:408
23:48:44.0 (2855972)|HEAP_ALLOCATE|[428]|Bytes:408
23:48:44.0 (2865311)|HEAP_ALLOCATE|[536]|Bytes:48
23:48:44.0 (2884858)|HEAP_ALLOCATE|[247]|Bytes:6
23:48:44.0 (2895215)|HEAP_ALLOCATE|[EXTERNAL]|Bytes:36
23:48:44.0 (2898445)|HEAP_ALLOCATE|[EXTERNAL]|Bytes:56
23:48:44.0 (2900669)|HEAP_ALLOCATE|[EXTERNAL]|Bytes:102
23:48:44.0 (2917199)|METHOD_ENTRY|[17]|01pgL000000QsUb|WBTemplateController.WBTemplateController()
23:48:44.0 (2922141)|STATEMENT_EXECUTE|[17]
23:48:44.0 (2926819)|STATEMENT_EXECUTE|[17]
23:48:44.0 (2950082)|HEAP_ALLOCATE|[68]|Bytes:5
23:48:44.0 (2972359)|HEAP_ALLOCATE|[74]|Bytes:5
23:48:44.0 (2977157)|HEAP_ALLOCATE|[82]|Bytes:7
23:48:44.0 (2994202)|SYSTEM_MODE_ENTER|true
23:48:44.0 (3010354)|HEAP_ALLOCATE|[25]|Bytes:5
23:48:44.0 (3013678)|STATEMENT_EXECUTE|[24]
23:48:44.0 (3014661)|STATEMENT_EXECUTE|[25]
23:48:44.0 (3015420)|STATEMENT_EXECUTE|[25]
23:48:44.0 (3016305)|STATEMENT_EXECUTE|[26]
23:48:44.0 (3018661)|HEAP_ALLOCATE|[26]|Bytes:180
23:48:44.0 (3032944)|HEAP_ALLOCATE|[26]|Bytes:4
23:48:44.0 (5217172)|SOQL_EXECUTE_BEGIN|[26]|Aggregations:0|SELECT MVWB__Access_Token__c, MVWB__Application_Id__c, MVWB__Phone_Number_Id__c, MVWB__Business_Account_Id__c FROM MVWB__WBConnect_Configuration__mdt WITH SECURITY_ENFORCED LIMIT 1
23:48:44.0 (7608924)|HEAP_ALLOCATE|[EXTERNAL]|Bytes:4
23:48:44.0 (7690020)|HEAP_ALLOCATE|[EXTERNAL]|Bytes:4
23:48:44.0 (7729713)|HEAP_ALLOCATE|[EXTERNAL]|Bytes:4
23:48:44.0 (7764380)|HEAP_ALLOCATE|[EXTERNAL]|Bytes:4
23:48:44.0 (7918642)|HEAP_ALLOCATE|[EXTERNAL]|Bytes:4
23:48:44.0 (12791665)|SOQL_EXECUTE_END|[26]|Rows:1
23:48:44.0 (12832934)|HEAP_ALLOCATE|[26]|Bytes:8
23:48:44.0 (12932151)|HEAP_ALLOCATE|[26]|Bytes:392
23:48:44.0 (13021945)|HEAP_ALLOCATE|[26]|Bytes:8
23:48:44.0 (13039641)|HEAP_ALLOCATE|[26]|Bytes:60
23:48:44.0 (13104393)|HEAP_ALLOCATE|[26]|Bytes:24
23:48:44.0 (13200705)|VARIABLE_ASSIGNMENT|[26]|WBTemplateController.SETTINGS|{"MVWB__Access_Token__c":"EAAVUhq0jVsUBOZCkt9x (185 more) ...","MVWB__Application_Id__c":"1500312290678469","MVWB__Phone_Number_Id__c":"544633438726755","MVWB__Business_Account_Id__c":"499269473267232","Id":"m01gL000001MsPNQA0"}|0x314c2845
23:48:44.0 (13207780)|STATEMENT_EXECUTE|[32]
23:48:44.0 (13263438)|VARIABLE_ASSIGNMENT|[32]|WBTemplateController.accessToken|"EAAVUhq0jVsUBOZCkt9x (185 more) ..."
23:48:44.0 (13268780)|STATEMENT_EXECUTE|[815]
23:48:44.0 (13269789)|STATEMENT_EXECUTE|[822]
23:48:44.0 (13280525)|SYSTEM_MODE_EXIT|true
23:48:44.0 (13300810)|METHOD_EXIT|[17]|WBTemplateController
23:48:44.0 (13306281)|HEAP_ALLOCATE|[EXTERNAL]|Bytes:1100
23:48:44.0 (13317957)|VARIABLE_SCOPE_BEGIN|[449]|serializedWrapper|String|false|false
23:48:44.0 (13326519)|VARIABLE_ASSIGNMENT|[449]|serializedWrapper|"{\"templateName\":\"tes (1080 more) ..."
23:48:44.0 (13346695)|SYSTEM_MODE_ENTER|true
23:48:44.0 (13357530)|HEAP_ALLOCATE|[450]|Bytes:5
23:48:44.0 (13359860)|STATEMENT_EXECUTE|[449]
23:48:44.0 (13360974)|STATEMENT_EXECUTE|[450]
23:48:44.0 (13372685)|HEAP_ALLOCATE|[450]|Bytes:4
23:48:44.0 (13380080)|VARIABLE_SCOPE_BEGIN|[450]|response|Map<String,ANY>|true|false
23:48:44.0 (13397589)|VARIABLE_ASSIGNMENT|[450]|response|{}|0x50870c5e
23:48:44.0 (13400914)|STATEMENT_EXECUTE|[452]
23:48:44.0 (13401779)|STATEMENT_EXECUTE|[452]
23:48:44.0 (13481571)|STATEMENT_EXECUTE|[453]
23:48:44.0 (13482897)|STATEMENT_EXECUTE|[459]
23:48:44.0 (13485026)|HEAP_ALLOCATE|[459]|Bytes:37
23:48:44.0 (107628290)|HEAP_ALLOCATE|[459]|Bytes:33
23:48:44.0 (107666735)|SYSTEM_METHOD_ENTRY|[1]|Type.Type()
23:48:44.0 (107672328)|STATEMENT_EXECUTE|[1]
23:48:44.0 (107686275)|SYSTEM_METHOD_EXIT|[1]|Type
23:48:44.0 (107697378)|HEAP_ALLOCATE|[459]|Bytes:8
23:48:44.0 (107716750)|HEAP_ALLOCATE|[459]|Bytes:8
23:48:44.0 (107721938)|VARIABLE_SCOPE_BEGIN|[4]|this|System.Type|true|false
23:48:44.0 (107766014)|VARIABLE_ASSIGNMENT|[4]|this|{}|0x4edaf29d
23:48:44.0 (107769768)|VARIABLE_SCOPE_BEGIN|[4]|apextype|java:common.apex.runtime.ApexObjectType|true|false
23:48:44.0 (107883707)|VARIABLE_ASSIGNMENT|[4]|apextype|"CreateTemplateWrapper.TemplateWrapper"|0x7dde2041
23:48:44.0 (109772020)|HEAP_ALLOCATE|[459]|Bytes:8
23:48:44.0 (109814735)|HEAP_ALLOCATE|[459]|Bytes:24
23:48:44.0 (109827266)|SYSTEM_METHOD_ENTRY|[1]|JSON.JSON()
23:48:44.0 (109831268)|STATEMENT_EXECUTE|[1]
23:48:44.0 (109837606)|SYSTEM_METHOD_EXIT|[1]|JSON
23:48:44.0 (109864911)|METHOD_ENTRY|[459]||System.JSON.deserialize(String, System.Type)
23:48:44.0 (110945008)|METHOD_EXIT|[459]||System.JSON.deserialize(String, System.Type)
23:48:44.0 (110959410)|VARIABLE_SCOPE_BEGIN|[459]|templateWrapper|CreateTemplateWrapper.TemplateWrapper|true|false
23:48:44.0 (111025280)|VARIABLE_ASSIGNMENT|[459]|templateWrapper|{"headAlternateTexts":"0x7fefb5a5","tempHeaderFormat":"Text","tempHeaderText":"Test template","tempLanguage":"en_US","templateBody":"Hello there ,\nM test (17 more) ...","templateCategory":"Marketing","templateName":"testtemp123","templateType":"Custom","typeOfButton":"[{\"id\":1,\"selectedAc (492 more) ...","varAlternateTexts":"0x3914eea9"}|0x2043ad0c
23:48:44.0 (111032542)|STATEMENT_EXECUTE|[460]
23:48:44.0 (111037181)|HEAP_ALLOCATE|[460]|Bytes:30
23:48:44.0 (111150930)|HEAP_ALLOCATE|[460]|Bytes:1031
23:48:44.0 (111166163)|HEAP_ALLOCATE|[460]|Bytes:1061
23:48:44.0 (111196374)|USER_DEBUG|[460]|DEBUG|Deserialized TemplateWrapper: TemplateWrapper:[buttonPhoneText=null, buttonURLText=null, copyCode=null, headAlternateTexts=(), phoneNumber=null, quickText=null, tempFooterText=null, tempHeaderExample=null, tempHeaderFormat=Text, tempHeaderHandle=null, tempHeaderText=Test template, tempImgId=null, tempImgName=null, tempImgUrl=null, tempLanguage=en_US, templateBody=Hello there ,
M testing this template, templateBodyText=null, templateCategory=Marketing, templateName=testtemp123, templateType=Custom, typeOfButton=[{"id":1,"selectedActionType":"PHONE_NUMBER","iconName":"utility:call","btntext":"Call Phone Number","webURL":"","phonenum":"9427030255","offercode":"","selectedUrlType":"Static","selectedCountryType":"+91","isCallPhone":true,"isVisitSite":false,"isOfferCode":false,"hasError":false,"errorMessage":"","isDisabled":false},{"id":1,"selectedCustomType":"QUICK_REPLY","Cbtntext":"Quick reply","buttonClass":"button-label-preview","showFooterText":false,"iconName":"utility:reply","hasError":false,"errorMessage":""}], url=null, varAlternateTexts=()]
23:48:44.0 (111207463)|STATEMENT_EXECUTE|[462]
23:48:44.0 (111216862)|HEAP_ALLOCATE|[462]|Bytes:15
23:48:44.0 (111220409)|HEAP_ALLOCATE|[462]|Bytes:28
23:48:44.0 (111222659)|HEAP_ALLOCATE|[462]|Bytes:76
23:48:44.0 (111240354)|METHOD_ENTRY|[16]|01pgL000000Qgig|CreateTemplateWrapper.CreateTemplateWrapper()
23:48:44.0 (111243691)|STATEMENT_EXECUTE|[16]
23:48:44.0 (111246962)|STATEMENT_EXECUTE|[16]
23:48:44.0 (111255740)|HEAP_ALLOCATE|[462]|Bytes:5
23:48:44.0 (111257889)|STATEMENT_EXECUTE|[688]
23:48:44.0 (111267433)|METHOD_EXIT|[16]|CreateTemplateWrapper
23:48:44.0 (111285896)|METHOD_ENTRY|[462]|01pgL000000Qgig|CreateTemplateWrapper.buildPayload(CreateTemplateWrapper.TemplateWrapper)
23:48:44.0 (111300256)|VARIABLE_SCOPE_BEGIN|[24]|templateWrapper|CreateTemplateWrapper.TemplateWrapper|true|false
23:48:44.0 (111330099)|VARIABLE_ASSIGNMENT|[24]|templateWrapper|{"headAlternateTexts":"0x7fefb5a5","tempHeaderFormat":"Text","tempHeaderText":"Test template","tempLanguage":"en_US","templateBody":"Hello there ,\nM test (17 more) ...","templateCategory":"Marketing","templateName":"testtemp123","templateType":"Custom","typeOfButton":"[{\"id\":1,\"selectedAc (492 more) ...","varAlternateTexts":"0x3914eea9"}|0x2043ad0c
23:48:44.0 (111338989)|HEAP_ALLOCATE|[25]|Bytes:5
23:48:44.0 (111341772)|STATEMENT_EXECUTE|[24]
23:48:44.0 (111342787)|STATEMENT_EXECUTE|[25]
23:48:44.0 (111343556)|STATEMENT_EXECUTE|[25]
23:48:44.0 (111345102)|STATEMENT_EXECUTE|[26]
23:48:44.0 (111346886)|HEAP_ALLOCATE|[26]|Bytes:23
23:48:44.0 (111400659)|HEAP_ALLOCATE|[26]|Bytes:1031
23:48:44.0 (111407691)|HEAP_ALLOCATE|[26]|Bytes:1054
23:48:44.0 (111415984)|USER_DEBUG|[26]|DEBUG|Template Wrapper is :: TemplateWrapper:[buttonPhoneText=null, buttonURLText=null, copyCode=null, headAlternateTexts=(), phoneNumber=null, quickText=null, tempFooterText=null, tempHeaderExample=null, tempHeaderFormat=Text, tempHeaderHandle=null, tempHeaderText=Test template, tempImgId=null, tempImgName=null, tempImgUrl=null, tempLanguage=en_US, templateBody=Hello there ,
M testing this template, templateBodyText=null, templateCategory=Marketing, templateName=testtemp123, templateType=Custom, typeOfButton=[{"id":1,"selectedActionType":"PHONE_NUMBER","iconName":"utility:call","btntext":"Call Phone Number","webURL":"","phonenum":"9427030255","offercode":"","selectedUrlType":"Static","selectedCountryType":"+91","isCallPhone":true,"isVisitSite":false,"isOfferCode":false,"hasError":false,"errorMessage":"","isDisabled":false},{"id":1,"selectedCustomType":"QUICK_REPLY","Cbtntext":"Quick reply","buttonClass":"button-label-preview","showFooterText":false,"iconName":"utility:reply","hasError":false,"errorMessage":""}], url=null, varAlternateTexts=()]
23:48:44.0 (111425451)|STATEMENT_EXECUTE|[27]
23:48:44.0 (111437965)|HEAP_ALLOCATE|[27]|Bytes:4
23:48:44.0 (111445629)|VARIABLE_SCOPE_BEGIN|[27]|payload|Map<String,ANY>|true|false
23:48:44.0 (111466411)|VARIABLE_ASSIGNMENT|[27]|payload|{}|0x9abac2f
23:48:44.0 (111469734)|STATEMENT_EXECUTE|[28]
23:48:44.0 (111471417)|HEAP_ALLOCATE|[28]|Bytes:4
23:48:44.0 (111507109)|HEAP_ALLOCATE|[EXTERNAL]|Bytes:-4
23:48:44.0 (111512969)|STATEMENT_EXECUTE|[29]
23:48:44.0 (111514568)|HEAP_ALLOCATE|[29]|Bytes:8
23:48:44.0 (111526244)|HEAP_ALLOCATE|[EXTERNAL]|Bytes:-4
23:48:44.0 (111530004)|STATEMENT_EXECUTE|[30]
23:48:44.0 (111531468)|HEAP_ALLOCATE|[30]|Bytes:8
23:48:44.0 (111541274)|HEAP_ALLOCATE|[EXTERNAL]|Bytes:-4
23:48:44.0 (111544779)|STATEMENT_EXECUTE|[32]
23:48:44.0 (111556499)|HEAP_ALLOCATE|[32]|Bytes:4
23:48:44.0 (111582707)|VARIABLE_SCOPE_BEGIN|[32]|components|List<Map<String,ANY>>|true|false
23:48:44.0 (111600185)|HEAP_ALLOCATE|[EXTERNAL]|Bytes:4
23:48:44.0 (111610429)|VARIABLE_ASSIGNMENT|[32]|components|[]|0x1b146a9f
23:48:44.0 (111613663)|STATEMENT_EXECUTE|[33]
23:48:44.0 (111619407)|METHOD_ENTRY|[33]|01pgL000000Qgig|CreateTemplateWrapper.buildMarketingOrUtilityComponents(CreateTemplateWrapper.TemplateWrapper)
23:48:44.0 (111627811)|VARIABLE_SCOPE_BEGIN|[54]|templateWrapper|CreateTemplateWrapper.TemplateWrapper|true|false
23:48:44.0 (111654614)|VARIABLE_ASSIGNMENT|[54]|templateWrapper|{"headAlternateTexts":"0x7fefb5a5","tempHeaderFormat":"Text","tempHeaderText":"Test template","tempLanguage":"en_US","templateBody":"Hello there ,\nM test (17 more) ...","templateCategory":"Marketing","templateName":"testtemp123","templateType":"Custom","typeOfButton":"[{\"id\":1,\"selectedAc (492 more) ...","varAlternateTexts":"0x3914eea9"}|0x2043ad0c
23:48:44.0 (111663171)|HEAP_ALLOCATE|[55]|Bytes:5
23:48:44.0 (111665594)|STATEMENT_EXECUTE|[54]
23:48:44.0 (111666512)|STATEMENT_EXECUTE|[55]
23:48:44.0 (111667266)|STATEMENT_EXECUTE|[55]
23:48:44.0 (111668407)|STATEMENT_EXECUTE|[56]
23:48:44.0 (111672971)|HEAP_ALLOCATE|[56]|Bytes:4
23:48:44.0 (111682484)|VARIABLE_SCOPE_BEGIN|[56]|components|List<Map<String,ANY>>|true|false
23:48:44.0 (111690995)|HEAP_ALLOCATE|[EXTERNAL]|Bytes:4
23:48:44.0 (111695026)|VARIABLE_ASSIGNMENT|[56]|components|[]|0x7b21f52e
23:48:44.0 (111697844)|STATEMENT_EXECUTE|[57]
23:48:44.0 (111702954)|METHOD_ENTRY|[57]|01pgL000000Qgig|CreateTemplateWrapper.buildHeaderComponent(CreateTemplateWrapper.TemplateWrapper)
23:48:44.0 (111709403)|VARIABLE_SCOPE_BEGIN|[97]|templateWrapper|CreateTemplateWrapper.TemplateWrapper|true|false
23:48:44.0 (111730811)|VARIABLE_ASSIGNMENT|[97]|templateWrapper|{"headAlternateTexts":"0x7fefb5a5","tempHeaderFormat":"Text","tempHeaderText":"Test template","tempLanguage":"en_US","templateBody":"Hello there ,\nM test (17 more) ...","templateCategory":"Marketing","templateName":"testtemp123","templateType":"Custom","typeOfButton":"[{\"id\":1,\"selectedAc (492 more) ...","varAlternateTexts":"0x3914eea9"}|0x2043ad0c
23:48:44.0 (111737968)|HEAP_ALLOCATE|[98]|Bytes:5
23:48:44.0 (111740147)|STATEMENT_EXECUTE|[97]
23:48:44.0 (111741184)|STATEMENT_EXECUTE|[98]
23:48:44.0 (111744887)|HEAP_ALLOCATE|[98]|Bytes:4
23:48:44.0 (111748484)|VARIABLE_SCOPE_BEGIN|[98]|headerComponent|Map<String,ANY>|true|false
23:48:44.0 (111756044)|VARIABLE_ASSIGNMENT|[98]|headerComponent|{}|0x4fd74a3d
23:48:44.0 (111764247)|STATEMENT_EXECUTE|[100]
23:48:44.0 (111765129)|STATEMENT_EXECUTE|[100]
23:48:44.0 (111769189)|HEAP_ALLOCATE|[101]|Bytes:4
23:48:44.0 (111788683)|STATEMENT_EXECUTE|[101]
23:48:44.0 (111789604)|STATEMENT_EXECUTE|[104]
23:48:44.0 (111791529)|HEAP_ALLOCATE|[104]|Bytes:4
23:48:44.0 (111794168)|HEAP_ALLOCATE|[104]|Bytes:6
23:48:44.0 (111808975)|HEAP_ALLOCATE|[EXTERNAL]|Bytes:-4
23:48:44.0 (111813030)|STATEMENT_EXECUTE|[105]
23:48:44.0 (111814640)|HEAP_ALLOCATE|[105]|Bytes:6
23:48:44.0 (111825854)|HEAP_ALLOCATE|[EXTERNAL]|Bytes:-4
23:48:44.0 (111830380)|HEAP_ALLOCATE|[107]|Bytes:4
23:48:44.0 (111839287)|STATEMENT_EXECUTE|[107]
23:48:44.0 (111840169)|STATEMENT_EXECUTE|[108]
23:48:44.0 (111841459)|HEAP_ALLOCATE|[108]|Bytes:4
23:48:44.0 (111851936)|HEAP_ALLOCATE|[EXTERNAL]|Bytes:-4
23:48:44.0 (111856410)|STATEMENT_EXECUTE|[110]
23:48:44.0 (111857339)|STATEMENT_EXECUTE|[115]
23:48:44.0 (111862285)|METHOD_EXIT|[57]|01pgL000000Qgig|CreateTemplateWrapper.buildHeaderComponent(CreateTemplateWrapper.TemplateWrapper)
23:48:44.0 (111865453)|VARIABLE_SCOPE_BEGIN|[57]|headerComponent|Map<String,ANY>|true|false
23:48:44.0 (111874925)|VARIABLE_ASSIGNMENT|[57]|headerComponent|{"type":"HEADER","format":"Text","text":"Test template"}|0x4fd74a3d
23:48:44.0 (111894470)|STATEMENT_EXECUTE|[58]
23:48:44.0 (111895465)|STATEMENT_EXECUTE|[59]
23:48:44.0 (111910415)|HEAP_ALLOCATE|[EXTERNAL]|Bytes:4
23:48:44.0 (111915540)|STATEMENT_EXECUTE|[62]
23:48:44.0 (111916352)|STATEMENT_EXECUTE|[63]
23:48:44.0 (111918075)|HEAP_ALLOCATE|[63]|Bytes:30
23:48:44.0 (111922661)|HEAP_ALLOCATE|[63]|Bytes:67
23:48:44.0 (111944638)|USER_DEBUG|[63]|DEBUG|templateWrapper.templateBody: Hello there ,
M testing this template
23:48:44.0 (111949515)|STATEMENT_EXECUTE|[65]
23:48:44.0 (111954960)|METHOD_ENTRY|[65]|01pgL000000Qgig|CreateTemplateWrapper.buildBodyComponent(CreateTemplateWrapper.TemplateWrapper)
23:48:44.0 (111961742)|VARIABLE_SCOPE_BEGIN|[136]|templateWrapper|CreateTemplateWrapper.TemplateWrapper|true|false
23:48:44.0 (111985960)|VARIABLE_ASSIGNMENT|[136]|templateWrapper|{"headAlternateTexts":"0x7fefb5a5","tempHeaderFormat":"Text","tempHeaderText":"Test template","tempLanguage":"en_US","templateBody":"Hello there ,\nM test (17 more) ...","templateCategory":"Marketing","templateName":"testtemp123","templateType":"Custom","typeOfButton":"[{\"id\":1,\"selectedAc (492 more) ...","varAlternateTexts":"0x3914eea9"}|0x2043ad0c
23:48:44.0 (111993675)|HEAP_ALLOCATE|[137]|Bytes:5
23:48:44.0 (111996102)|STATEMENT_EXECUTE|[136]
23:48:44.0 (111997041)|STATEMENT_EXECUTE|[137]
23:48:44.0 (111997830)|STATEMENT_EXECUTE|[137]
23:48:44.0 (111998804)|STATEMENT_EXECUTE|[139]
23:48:44.0 (112000724)|VARIABLE_SCOPE_BEGIN|[139]|bodyComponent|Map<String,ANY>|true|false
23:48:44.0 (112007690)|VARIABLE_ASSIGNMENT|[139]|bodyComponent|null|
23:48:44.0 (112011560)|HEAP_ALLOCATE|[141]|Bytes:14
23:48:44.0 (112017328)|STATEMENT_EXECUTE|[145]
23:48:44.0 (112018347)|STATEMENT_EXECUTE|[146]
23:48:44.0 (112022121)|HEAP_ALLOCATE|[146]|Bytes:4
23:48:44.0 (112025524)|HEAP_ALLOCATE|[147]|Bytes:4
23:48:44.0 (112041035)|HEAP_ALLOCATE|[148]|Bytes:2
23:48:44.0 (112042990)|HEAP_ALLOCATE|[148]|Bytes:1
23:48:44.0 (112079475)|HEAP_ALLOCATE|[148]|Bytes:37
23:48:44.0 (112095550)|VARIABLE_ASSIGNMENT|[146]|bodyComponent|{"type":"BODY","text":"Hello there ,\nM test (17 more) ..."}|0x2125e5bb
23:48:44.0 (112100750)|STATEMENT_EXECUTE|[153]
23:48:44.0 (112101773)|STATEMENT_EXECUTE|[158]
23:48:44.0 (112105154)|METHOD_EXIT|[65]|01pgL000000Qgig|CreateTemplateWrapper.buildBodyComponent(CreateTemplateWrapper.TemplateWrapper)
23:48:44.0 (112111440)|HEAP_ALLOCATE|[EXTERNAL]|Bytes:4
23:48:44.0 (112115740)|STATEMENT_EXECUTE|[68]
23:48:44.0 (112116589)|STATEMENT_EXECUTE|[75]
23:48:44.0 (112121306)|METHOD_ENTRY|[75]|01pgL000000Qgig|CreateTemplateWrapper.buildButtonComponent(CreateTemplateWrapper.TemplateWrapper)
23:48:44.0 (112128127)|VARIABLE_SCOPE_BEGIN|[230]|templateWrapper|CreateTemplateWrapper.TemplateWrapper|true|false
23:48:44.0 (112151221)|VARIABLE_ASSIGNMENT|[230]|templateWrapper|{"headAlternateTexts":"0x7fefb5a5","tempHeaderFormat":"Text","tempHeaderText":"Test template","tempLanguage":"en_US","templateBody":"Hello there ,\nM test (17 more) ...","templateCategory":"Marketing","templateName":"testtemp123","templateType":"Custom","typeOfButton":"[{\"id\":1,\"selectedAc (492 more) ...","varAlternateTexts":"0x3914eea9"}|0x2043ad0c
23:48:44.0 (112158743)|HEAP_ALLOCATE|[231]|Bytes:5
23:48:44.0 (112161017)|STATEMENT_EXECUTE|[230]
23:48:44.0 (112161942)|STATEMENT_EXECUTE|[231]
23:48:44.0 (112166839)|HEAP_ALLOCATE|[231]|Bytes:4
23:48:44.0 (112177650)|VARIABLE_SCOPE_BEGIN|[231]|buttonComponents|List<Map<String,ANY>>|true|false
23:48:44.0 (112188065)|HEAP_ALLOCATE|[EXTERNAL]|Bytes:4
23:48:44.0 (112193036)|VARIABLE_ASSIGNMENT|[231]|buttonComponents|[]|0x2213c53e
23:48:44.0 (112196162)|STATEMENT_EXECUTE|[233]
23:48:44.0 (112196961)|STATEMENT_EXECUTE|[233]
23:48:44.0 (112203659)|STATEMENT_EXECUTE|[235]
23:48:44.0 (112217928)|STATEMENT_EXECUTE|[246]
23:48:44.0 (112218930)|STATEMENT_EXECUTE|[250]
23:48:44.0 (112222978)|VARIABLE_SCOPE_BEGIN|[250]|untypedList|List<ANY>|true|false
23:48:44.0 (112228570)|VARIABLE_ASSIGNMENT|[250]|untypedList|null|
23:48:44.0 (112231137)|STATEMENT_EXECUTE|[251]
23:48:44.0 (112231933)|STATEMENT_EXECUTE|[251]
23:48:44.0 (112233232)|STATEMENT_EXECUTE|[252]
23:48:44.0 (112238336)|METHOD_ENTRY|[252]||System.JSON.deserializeUntyped(String)
23:48:44.0 (113192786)|METHOD_EXIT|[252]||System.JSON.deserializeUntyped(String)
23:48:44.0 (113215686)|HEAP_ALLOCATE|[EXTERNAL]|Bytes:12
23:48:44.0 (113243974)|VARIABLE_ASSIGNMENT|[252]|untypedList|["Map of size 15 too large to display","Map of size 8 too large to display"]|0x434f3f77
23:48:44.0 (113312792)|HEAP_ALLOCATE|[258]|Bytes:5
23:48:44.0 (113330836)|HEAP_ALLOCATE|[258]|Bytes:64
23:48:44.0 (113336239)|VARIABLE_SCOPE_BEGIN|[258]|item|Object|false|false
23:48:44.0 (113345059)|VARIABLE_ASSIGNMENT|[258]|item|"Map of size 15 too large to display"
23:48:44.0 (113348692)|STATEMENT_EXECUTE|[258]
23:48:44.0 (113362670)|STATEMENT_EXECUTE|[259]
23:48:44.0 (113363875)|STATEMENT_EXECUTE|[263]
23:48:44.0 (113366057)|HEAP_ALLOCATE|[263]|Bytes:16
23:48:44.0 (113395384)|USER_DEBUG|[263]|DEBUG|Button item ::: 
23:48:44.0 (113400620)|STATEMENT_EXECUTE|[264]
23:48:44.0 (113420066)|USER_DEBUG|[264]|DEBUG|{btntext=Call Phone Number, errorMessage=, hasError=false, iconName=utility:call, id=1, isCallPhone=true, isDisabled=false, isOfferCode=false, isVisitSite=false, offercode=, ...}
23:48:44.0 (113426057)|STATEMENT_EXECUTE|[266]
23:48:44.0 (113428950)|VARIABLE_SCOPE_BEGIN|[266]|button|Map<String,ANY>|true|false
23:48:44.0 (113436074)|VARIABLE_ASSIGNMENT|[266]|button|"Map of size 15 too large to display"|0x3f1c62bb
23:48:44.0 (113439527)|STATEMENT_EXECUTE|[267]
23:48:44.0 (113441204)|HEAP_ALLOCATE|[267]|Bytes:18
23:48:44.0 (113456953)|VARIABLE_SCOPE_BEGIN|[267]|actionType|String|false|false
23:48:44.0 (113462937)|VARIABLE_ASSIGNMENT|[267]|actionType|"PHONE_NUMBER"
23:48:44.0 (113465003)|STATEMENT_EXECUTE|[268]
23:48:44.0 (113466344)|HEAP_ALLOCATE|[268]|Bytes:18
23:48:44.0 (113475903)|VARIABLE_SCOPE_BEGIN|[268]|customActionType|String|false|false
23:48:44.0 (113481291)|VARIABLE_ASSIGNMENT|[268]|customActionType|null
23:48:44.0 (113483458)|STATEMENT_EXECUTE|[269]
23:48:44.0 (113484704)|HEAP_ALLOCATE|[269]|Bytes:19
23:48:44.0 (113494490)|HEAP_ALLOCATE|[269]|Bytes:1
23:48:44.0 (113497134)|HEAP_ALLOCATE|[269]|Bytes:8
23:48:44.0 (113510437)|HEAP_ALLOCATE|[269]|Bytes:14
23:48:44.0 (113512821)|VARIABLE_SCOPE_BEGIN|[269]|phoneNumber|String|false|false
23:48:44.0 (113517744)|VARIABLE_ASSIGNMENT|[269]|phoneNumber|"+91 9427030255"
23:48:44.0 (113519884)|STATEMENT_EXECUTE|[271]
23:48:44.0 (113524988)|HEAP_ALLOCATE|[271]|Bytes:4
23:48:44.0 (113528986)|VARIABLE_SCOPE_BEGIN|[271]|buttonComponent|Map<String,ANY>|true|false
23:48:44.0 (113537621)|VARIABLE_ASSIGNMENT|[271]|buttonComponent|{}|0x30815392
23:48:44.0 (113541002)|HEAP_ALLOCATE|[272]|Bytes:12
23:48:44.0 (113566574)|STATEMENT_EXECUTE|[272]
23:48:44.0 (113567707)|STATEMENT_EXECUTE|[273]
23:48:44.0 (113583805)|HEAP_ALLOCATE|[EXTERNAL]|Bytes:-4
23:48:44.0 (113588010)|STATEMENT_EXECUTE|[274]
23:48:44.0 (113589836)|HEAP_ALLOCATE|[274]|Bytes:7
23:48:44.0 (113617862)|HEAP_ALLOCATE|[EXTERNAL]|Bytes:-4
23:48:44.0 (113623220)|STATEMENT_EXECUTE|[275]
23:48:44.0 (113624869)|HEAP_ALLOCATE|[275]|Bytes:12
23:48:44.0 (113635769)|HEAP_ALLOCATE|[EXTERNAL]|Bytes:-4
23:48:44.0 (113653029)|STATEMENT_EXECUTE|[290]
23:48:44.0 (113654056)|STATEMENT_EXECUTE|[291]
23:48:44.0 (113663145)|HEAP_ALLOCATE|[EXTERNAL]|Bytes:4
23:48:44.0 (113671158)|HEAP_ALLOCATE|[258]|Bytes:5
23:48:44.0 (113679282)|HEAP_ALLOCATE|[258]|Bytes:36
23:48:44.0 (113682705)|VARIABLE_SCOPE_BEGIN|[258]|item|Object|false|false
23:48:44.0 (113691473)|VARIABLE_ASSIGNMENT|[258]|item|"Map of size 8 too large to display"
23:48:44.0 (113693862)|STATEMENT_EXECUTE|[258]
23:48:44.0 (113699831)|STATEMENT_EXECUTE|[259]
23:48:44.0 (113700640)|STATEMENT_EXECUTE|[260]
23:48:44.0 (113704284)|VARIABLE_ASSIGNMENT|[258]|item|null
23:48:44.0 (113708313)|STATEMENT_EXECUTE|[308]
23:48:44.0 (113714700)|METHOD_EXIT|[75]|01pgL000000Qgig|CreateTemplateWrapper.buildButtonComponent(CreateTemplateWrapper.TemplateWrapper)
23:48:44.0 (113717919)|VARIABLE_SCOPE_BEGIN|[75]|buttonComponents|List<Map<String,ANY>>|true|false
23:48:44.0 (113731212)|VARIABLE_ASSIGNMENT|[75]|buttonComponents|[{"type":"PHONE_NUMBER","text":"Call Phone Number","phone_number":"+91 9427030255"}]|0x2213c53e
23:48:44.0 (113746750)|STATEMENT_EXECUTE|[76]
23:48:44.0 (113748095)|STATEMENT_EXECUTE|[77]
23:48:44.0 (113751695)|HEAP_ALLOCATE|[77]|Bytes:4
23:48:44.0 (113755760)|HEAP_ALLOCATE|[78]|Bytes:7
23:48:44.0 (113768488)|HEAP_ALLOCATE|[79]|Bytes:7
23:48:44.0 (113777645)|HEAP_ALLOCATE|[EXTERNAL]|Bytes:4
23:48:44.0 (113781330)|STATEMENT_EXECUTE|[82]
23:48:44.0 (113785258)|METHOD_EXIT|[33]|01pgL000000Qgig|CreateTemplateWrapper.buildMarketingOrUtilityComponents(CreateTemplateWrapper.TemplateWrapper)
23:48:44.0 (113796602)|HEAP_ALLOCATE|[33]|Bytes:16
23:48:44.0 (113802459)|HEAP_ALLOCATE|[33]|Bytes:16
23:48:44.0 (113804147)|HEAP_ALLOCATE|[EXTERNAL]|Bytes:4
23:48:44.0 (113807654)|HEAP_ALLOCATE|[33]|Bytes:12
23:48:44.0 (113809217)|HEAP_ALLOCATE|[EXTERNAL]|Bytes:4
23:48:44.0 (113812280)|HEAP_ALLOCATE|[33]|Bytes:12
23:48:44.0 (113813817)|HEAP_ALLOCATE|[EXTERNAL]|Bytes:4
23:48:44.0 (113815597)|HEAP_ALLOCATE|[33]|Bytes:12
23:48:44.0 (113826492)|STATEMENT_EXECUTE|[35]
23:48:44.0 (113827400)|STATEMENT_EXECUTE|[36]
23:48:44.0 (113828944)|HEAP_ALLOCATE|[36]|Bytes:10
23:48:44.0 (113840424)|HEAP_ALLOCATE|[EXTERNAL]|Bytes:-4
23:48:44.0 (113844253)|STATEMENT_EXECUTE|[38]
23:48:44.0 (113845509)|HEAP_ALLOCATE|[38]|Bytes:15
23:48:44.0 (113851679)|METHOD_ENTRY|[38]||System.JSON.serialize(Object)
23:48:44.0 (114695861)|METHOD_EXIT|[38]||System.JSON.serialize(Object)
23:48:44.0 (114705566)|HEAP_ALLOCATE|[38]|Bytes:329
23:48:44.0 (114718818)|USER_DEBUG|[38]|DEBUG|Final Payload: {"components":[{"text":"Test template","format":"Text","type":"HEADER"},{"text":"Hello there ,\nM testing this template","type":"BODY"},{"buttons":[{"phone_number":"+91 9427030255","text":"Call Phone Number","type":"PHONE_NUMBER"}],"type":"BUTTONS"}],"category":"Marketing","language":"en_US","name":"testtemp123"}
23:48:44.0 (114726011)|STATEMENT_EXECUTE|[39]
23:48:44.0 (114730696)|METHOD_EXIT|[462]|01pgL000000Qgig|CreateTemplateWrapper.buildPayload(CreateTemplateWrapper.TemplateWrapper)
23:48:44.0 (114734626)|VARIABLE_SCOPE_BEGIN|[462]|payload|Map<String,ANY>|true|false
23:48:44.0 (114763749)|VARIABLE_ASSIGNMENT|[462]|payload|{"name":"testtemp123","language":"en_US","category":"Marketing","components":[{"type":"HEADER","format":"Text","text":"Test template"},{"type":"BODY","text":"Hello there ,\nM test (17 more) ..."},{"type":"BUTTONS","buttons":[{"type":"PHONE_NUMBER","text":"Call Phone Number","phone_number":"+91 9427030255"}]}]}|0x9abac2f
23:48:44.0 (114768096)|STATEMENT_EXECUTE|[463]
23:48:44.0 (114769966)|HEAP_ALLOCATE|[463]|Bytes:33
23:48:44.0 (114788496)|HEAP_ALLOCATE|[463]|Bytes:18
23:48:44.0 (114795619)|HEAP_ALLOCATE|[463]|Bytes:66
23:48:44.0 (114817376)|VARIABLE_ASSIGNMENT|[463]|WBTemplateController.endpoint|"https://graph.facebo (46 more) ..."
23:48:44.0 (114820382)|STATEMENT_EXECUTE|[465]
23:48:44.0 (114873030)|VARIABLE_SCOPE_BEGIN|[465]|req|System.HttpRequest|true|false
23:48:44.0 (114949163)|VARIABLE_ASSIGNMENT|[465]|req|"System.HttpRequest[Endpoint=null, Method=null]"|0x1fecae91
23:48:44.0 (114952780)|STATEMENT_EXECUTE|[466]
23:48:44.0 (114998899)|STATEMENT_EXECUTE|[467]
23:48:44.0 (115000544)|HEAP_ALLOCATE|[467]|Bytes:4
23:48:44.0 (115014061)|STATEMENT_EXECUTE|[468]
23:48:44.0 (115015349)|HEAP_ALLOCATE|[468]|Bytes:12
23:48:44.0 (115017761)|HEAP_ALLOCATE|[468]|Bytes:16
23:48:44.0 (115039780)|STATEMENT_EXECUTE|[469]
23:48:44.0 (115041137)|HEAP_ALLOCATE|[469]|Bytes:13
23:48:44.0 (115043619)|HEAP_ALLOCATE|[469]|Bytes:7
23:48:44.0 (115048960)|HEAP_ALLOCATE|[469]|Bytes:212
23:48:44.0 (115059786)|STATEMENT_EXECUTE|[470]
23:48:44.0 (115064852)|METHOD_ENTRY|[470]||System.JSON.serialize(Object)
23:48:44.0 (115808256)|METHOD_EXIT|[470]||System.JSON.serialize(Object)
23:48:44.0 (115863806)|STATEMENT_EXECUTE|[472]
23:48:44.0 (115900808)|VARIABLE_SCOPE_BEGIN|[472]|http|System.Http|true|false
23:48:44.0 (115964258)|VARIABLE_ASSIGNMENT|[472]|http|"System.Http[]"|0x2ce382b3
23:48:44.0 (115967876)|STATEMENT_EXECUTE|[473]
23:48:44.0 (116090793)|CALLOUT_REQUEST|[473]|System.HttpRequest[Endpoint=https://graph.facebook.com/v20.0/499269473267232/message_templates, Method=POST]
23:48:49.64 (5064203509)|HEAP_ALLOCATE|[EXTERNAL]|Bytes:1003
23:48:49.64 (5066087675)|CALLOUT_RESPONSE|[473]|System.HttpResponse[Status=OK, StatusCode=200]
23:48:49.64 (5066124273)|HEAP_ALLOCATE|[473]|Bytes:73
23:48:49.64 (5066161028)|VARIABLE_SCOPE_BEGIN|[473]|res|System.HttpResponse|true|false
23:48:49.64 (5066224932)|VARIABLE_ASSIGNMENT|[473]|res|"System.HttpResponse[Status=OK, StatusCode=200]"|0x64c7b685
23:48:49.64 (5066230857)|STATEMENT_EXECUTE|[474]
23:48:49.64 (5066237726)|HEAP_ALLOCATE|[474]|Bytes:17
23:48:49.64 (5066330014)|HEAP_ALLOCATE|[474]|Bytes:67
23:48:49.64 (5066347692)|HEAP_ALLOCATE|[474]|Bytes:84
23:48:49.64 (5066379132)|USER_DEBUG|[474]|DEBUG|Response Body ==>{"id":"1690172678543092","status":"PENDING","category":"MARKETING"}
23:48:49.64 (5066403596)|STATEMENT_EXECUTE|[476]
23:48:49.64 (5066404624)|STATEMENT_EXECUTE|[478]
23:48:49.64 (5066406226)|HEAP_ALLOCATE|[478]|Bytes:10
23:48:49.64 (5066461710)|HEAP_ALLOCATE|[478]|Bytes:46
23:48:49.64 (5066468609)|HEAP_ALLOCATE|[478]|Bytes:56
23:48:49.64 (5066475456)|USER_DEBUG|[478]|DEBUG|Res is :: System.HttpResponse[Status=OK, StatusCode=200]
23:48:49.64 (5066480311)|STATEMENT_EXECUTE|[479]
23:48:49.64 (5066481605)|HEAP_ALLOCATE|[479]|Bytes:14
23:48:49.64 (5066524971)|HEAP_ALLOCATE|[479]|Bytes:272
23:48:49.64 (5066531010)|HEAP_ALLOCATE|[479]|Bytes:286
23:48:49.64 (5066536546)|USER_DEBUG|[479]|DEBUG|payload is :: {category=Marketing, components=({format=Text, text=Test template, type=HEADER}, {text=Hello there ,
M testing this template, type=BODY}, {buttons=({phone_number=+91 9427030255, text=Call Phone Number, type=PHONE_NUMBER}), type=BUTTONS}), language=en_US, name=testtemp123}
23:48:49.64 (5066542109)|STATEMENT_EXECUTE|[480]
23:48:49.64 (5066543485)|HEAP_ALLOCATE|[480]|Bytes:15
23:48:49.64 (5066553909)|HEAP_ALLOCATE|[480]|Bytes:2
23:48:49.64 (5066559146)|HEAP_ALLOCATE|[480]|Bytes:17
23:48:49.64 (5066564167)|USER_DEBUG|[480]|DEBUG|response is :: {}
23:48:49.64 (5066568180)|STATEMENT_EXECUTE|[481]
23:48:49.64 (5066569494)|HEAP_ALLOCATE|[481]|Bytes:22
23:48:49.64 (5066643729)|HEAP_ALLOCATE|[481]|Bytes:1031
23:48:49.64 (5066650122)|HEAP_ALLOCATE|[481]|Bytes:1053
23:48:49.64 (5066655891)|USER_DEBUG|[481]|DEBUG|templateWrapper is :: TemplateWrapper:[buttonPhoneText=null, buttonURLText=null, copyCode=null, headAlternateTexts=(), phoneNumber=null, quickText=null, tempFooterText=null, tempHeaderExample=null, tempHeaderFormat=Text, tempHeaderHandle=null, tempHeaderText=Test template, tempImgId=null, tempImgName=null, tempImgUrl=null, tempLanguage=en_US, templateBody=Hello there ,
M testing this template, templateBodyText=null, templateCategory=Marketing, templateName=testtemp123, templateType=Custom, typeOfButton=[{"id":1,"selectedActionType":"PHONE_NUMBER","iconName":"utility:call","btntext":"Call Phone Number","webURL":"","phonenum":"9427030255","offercode":"","selectedUrlType":"Static","selectedCountryType":"+91","isCallPhone":true,"isVisitSite":false,"isOfferCode":false,"hasError":false,"errorMessage":"","isDisabled":false},{"id":1,"selectedCustomType":"QUICK_REPLY","Cbtntext":"Quick reply","buttonClass":"button-label-preview","showFooterText":false,"iconName":"utility:reply","hasError":false,"errorMessage":""}], url=null, varAlternateTexts=()]
23:48:49.64 (5066663935)|STATEMENT_EXECUTE|[482]
23:48:49.64 (5066686690)|METHOD_ENTRY|[482]|01pgL000000Qgig|CreateTemplateWrapper.handleSuccessResponse(System.HttpResponse, Map<String,ANY>, Map<String,ANY>, CreateTemplateWrapper.TemplateWrapper)
23:48:49.64 (5066708519)|VARIABLE_SCOPE_BEGIN|[320]|res|System.HttpResponse|true|false
23:48:49.64 (5066744411)|VARIABLE_ASSIGNMENT|[320]|res|"System.HttpResponse[Status=OK, StatusCode=200]"|0x64c7b685
23:48:49.64 (5066749941)|VARIABLE_SCOPE_BEGIN|[320]|payload|Map<String,ANY>|true|false
23:48:49.64 (5066792997)|VARIABLE_ASSIGNMENT|[320]|payload|{"name":"testtemp123","language":"en_US","category":"Marketing","components":[{"type":"HEADER","format":"Text","text":"Test template"},{"type":"BODY","text":"Hello there ,\nM test (17 more) ..."},{"type":"BUTTONS","buttons":[{"type":"PHONE_NUMBER","text":"Call Phone Number","phone_number":"+91 9427030255"}]}]}|0x9abac2f
23:48:49.64 (5066797855)|VARIABLE_SCOPE_BEGIN|[320]|response|Map<String,ANY>|true|false
23:48:49.64 (5066803192)|VARIABLE_ASSIGNMENT|[320]|response|{}|0x50870c5e
23:48:49.64 (5066806867)|VARIABLE_SCOPE_BEGIN|[320]|templateWrapper|CreateTemplateWrapper.TemplateWrapper|true|false
23:48:49.64 (5066859862)|VARIABLE_ASSIGNMENT|[320]|templateWrapper|{"headAlternateTexts":"0x7fefb5a5","tempHeaderFormat":"Text","tempHeaderText":"Test template","tempLanguage":"en_US","templateBody":"Hello there ,\nM test (17 more) ...","templateCategory":"Marketing","templateName":"testtemp123","templateType":"Custom","typeOfButton":"[{\"id\":1,\"selectedAc (492 more) ...","varAlternateTexts":"0x3914eea9"}|0x2043ad0c
23:48:49.64 (5066881290)|HEAP_ALLOCATE|[321]|Bytes:5
23:48:49.64 (5066884225)|STATEMENT_EXECUTE|[320]
23:48:49.64 (5066885432)|STATEMENT_EXECUTE|[321]
23:48:49.64 (5066899906)|VARIABLE_SCOPE_BEGIN|[321]|templateId|Id|false|false
23:48:49.64 (5066907375)|VARIABLE_ASSIGNMENT|[321]|templateId|null
23:48:49.64 (5066911167)|STATEMENT_EXECUTE|[322]
23:48:49.64 (5066929173)|HEAP_ALLOCATE|[322]|Bytes:46
23:48:49.64 (5066935526)|HEAP_ALLOCATE|[322]|Bytes:56
23:48:49.64 (5066942723)|USER_DEBUG|[322]|DEBUG|Res is :: System.HttpResponse[Status=OK, StatusCode=200]
23:48:49.64 (5066947343)|STATEMENT_EXECUTE|[323]
23:48:49.64 (5066965362)|HEAP_ALLOCATE|[323]|Bytes:272
23:48:49.64 (5066971023)|HEAP_ALLOCATE|[323]|Bytes:286
23:48:49.64 (5066976437)|USER_DEBUG|[323]|DEBUG|payload is :: {category=Marketing, components=({format=Text, text=Test template, type=HEADER}, {text=Hello there ,
M testing this template, type=BODY}, {buttons=({phone_number=+91 9427030255, text=Call Phone Number, type=PHONE_NUMBER}), type=BUTTONS}), language=en_US, name=testtemp123}
23:48:49.64 (5066981257)|STATEMENT_EXECUTE|[324]
23:48:49.64 (5066989920)|HEAP_ALLOCATE|[324]|Bytes:2
23:48:49.64 (5066995193)|HEAP_ALLOCATE|[324]|Bytes:17
23:48:49.64 (5066999922)|USER_DEBUG|[324]|DEBUG|response is :: {}
23:48:49.64 (5067003816)|STATEMENT_EXECUTE|[325]
23:48:49.64 (5067036876)|HEAP_ALLOCATE|[325]|Bytes:1031
23:48:49.64 (5067042626)|HEAP_ALLOCATE|[325]|Bytes:1053
23:48:49.64 (5067047912)|USER_DEBUG|[325]|DEBUG|templateWrapper is :: TemplateWrapper:[buttonPhoneText=null, buttonURLText=null, copyCode=null, headAlternateTexts=(), phoneNumber=null, quickText=null, tempFooterText=null, tempHeaderExample=null, tempHeaderFormat=Text, tempHeaderHandle=null, tempHeaderText=Test template, tempImgId=null, tempImgName=null, tempImgUrl=null, tempLanguage=en_US, templateBody=Hello there ,
M testing this template, templateBodyText=null, templateCategory=Marketing, templateName=testtemp123, templateType=Custom, typeOfButton=[{"id":1,"selectedActionType":"PHONE_NUMBER","iconName":"utility:call","btntext":"Call Phone Number","webURL":"","phonenum":"9427030255","offercode":"","selectedUrlType":"Static","selectedCountryType":"+91","isCallPhone":true,"isVisitSite":false,"isOfferCode":false,"hasError":false,"errorMessage":"","isDisabled":false},{"id":1,"selectedCustomType":"QUICK_REPLY","Cbtntext":"Quick reply","buttonClass":"button-label-preview","showFooterText":false,"iconName":"utility:reply","hasError":false,"errorMessage":""}], url=null, varAlternateTexts=()]
23:48:49.64 (5067056057)|STATEMENT_EXECUTE|[326]
23:48:49.64 (5067057003)|STATEMENT_EXECUTE|[326]
23:48:49.64 (5067057846)|STATEMENT_EXECUTE|[328]
23:48:49.64 (5067080183)|HEAP_ALLOCATE|[328]|Bytes:67
23:48:49.64 (5067089296)|METHOD_ENTRY|[328]||System.JSON.deserializeUntyped(String)
23:48:49.64 (5067388955)|METHOD_EXIT|[328]||System.JSON.deserializeUntyped(String)
23:48:49.64 (5067396998)|VARIABLE_SCOPE_BEGIN|[328]|responseMap|Map<String,ANY>|true|false
23:48:49.64 (5067415744)|VARIABLE_ASSIGNMENT|[328]|responseMap|{"id":"1690172678543092","status":"PENDING","category":"MARKETING"}|0x7185f532
23:48:49.64 (5067419113)|STATEMENT_EXECUTE|[329]
23:48:49.64 (5067423456)|METHOD_ENTRY|[329]||System.JSON.serialize(Object)
23:48:49.64 (5068193690)|METHOD_EXIT|[329]||System.JSON.serialize(Object)
23:48:49.64 (5068203316)|METHOD_ENTRY|[329]||System.JSON.deserializeUntyped(String)
23:48:49.64 (5068682657)|METHOD_EXIT|[329]||System.JSON.deserializeUntyped(String)
23:48:49.64 (5068688660)|VARIABLE_SCOPE_BEGIN|[329]|payloadMap|Map<String,ANY>|true|false
23:48:49.64 (5068704097)|HEAP_ALLOCATE|[EXTERNAL]|Bytes:8
23:48:49.64 (5068706763)|HEAP_ALLOCATE|[EXTERNAL]|Bytes:16
23:48:49.64 (5068735297)|VARIABLE_ASSIGNMENT|[329]|payloadMap|{"components":[{"text":"Test template","format":"Text","type":"HEADER"},{"text":"Hello there ,\nM test (17 more) ...","type":"BODY"},{"buttons":[{"phone_number":"+91 9427030255","text":"Call Phone Number","type":"PHONE_NUMBER"}],"type":"BUTTONS"}],"category":"Marketing","language":"en_US","name":"testtemp123"}|0x73cf4cc7
23:48:49.64 (5068740426)|STATEMENT_EXECUTE|[332]
23:48:49.64 (5068742678)|VARIABLE_SCOPE_BEGIN|[332]|buttonDetails|String|false|false
23:48:49.64 (5068748073)|VARIABLE_ASSIGNMENT|[332]|buttonDetails|null
23:48:49.64 (5068750586)|STATEMENT_EXECUTE|[333]
23:48:49.64 (5068776453)|VARIABLE_SCOPE_BEGIN|[333]|templatename|String|false|false
23:48:49.64 (5068781832)|VARIABLE_ASSIGNMENT|[333]|templatename|"testtemp123"
23:48:49.64 (5068784436)|STATEMENT_EXECUTE|[334]
23:48:49.64 (5068846424)|VARIABLE_SCOPE_BEGIN|[334]|whatsAppTemplate|Template__c|true|false
23:48:49.64 (5068857523)|VARIABLE_ASSIGNMENT|[334]|whatsAppTemplate|null|
23:48:49.64 (5068860048)|STATEMENT_EXECUTE|[343]
23:48:49.64 (5068861989)|HEAP_ALLOCATE|[343]|Bytes:89
23:48:49.64 (5068872499)|HEAP_ALLOCATE|[343]|Bytes:4
23:48:49.64 (5069463803)|SOQL_EXECUTE_BEGIN|[343]|Aggregations:0|SELECT Id, Name, Template_Name__c, Template_Id__c FROM Template__c WITH SECURITY_ENFORCED
23:48:49.64 (5072126064)|HEAP_ALLOCATE|[EXTERNAL]|Bytes:4
23:48:49.64 (5072233538)|HEAP_ALLOCATE|[EXTERNAL]|Bytes:4
23:48:49.64 (5074158012)|HEAP_ALLOCATE|[EXTERNAL]|Bytes:4
23:48:49.64 (5074242329)|HEAP_ALLOCATE|[EXTERNAL]|Bytes:4
23:48:49.64 (5097431559)|SOQL_EXECUTE_END|[343]|Rows:32
23:48:49.64 (5097475396)|HEAP_ALLOCATE|[343]|Bytes:132
23:48:49.64 (5097532558)|HEAP_ALLOCATE|[343]|Bytes:3594
23:48:49.64 (5097613870)|HEAP_ALLOCATE|[343]|Bytes:132
23:48:49.64 (5097639552)|VARIABLE_SCOPE_BEGIN|[343]|allTemplates|List<Template__c>|true|false
23:48:49.64 (5097670385)|VARIABLE_ASSIGNMENT|[343]|allTemplates|"List of size 32 too large to display"|0x76a9751d
23:48:49.64 (5097675271)|STATEMENT_EXECUTE|[348]
23:48:49.64 (5097684275)|HEAP_ALLOCATE|[348]|Bytes:4
23:48:49.64 (5097779172)|VARIABLE_SCOPE_BEGIN|[348]|whatsAppTemplateList|List<Template__c>|true|false
23:48:49.64 (5097789821)|HEAP_ALLOCATE|[EXTERNAL]|Bytes:4
23:48:49.64 (5097799598)|VARIABLE_ASSIGNMENT|[348]|whatsAppTemplateList|[]|0x7dd74100
23:48:49.64 (5098036764)|HEAP_ALLOCATE|[349]|Bytes:5
23:48:49.64 (5098058461)|HEAP_ALLOCATE|[349]|Bytes:20
23:48:49.64 (5098069273)|VARIABLE_SCOPE_BEGIN|[349]|template|Template__c|true|false
23:48:49.64 (5098092893)|VARIABLE_ASSIGNMENT|[349]|template|{"Id":"a0DgL000001Uo0SUAS","Name":"WBC-0000","Template_Name__c":"testtemplate2","Template_Id__c":"696443882813141"}|0x9cdce8d
23:48:49.64 (5098099889)|STATEMENT_EXECUTE|[349]
23:48:49.64 (5098247666)|STATEMENT_EXECUTE|[350]
23:48:49.64 (5098257122)|HEAP_ALLOCATE|[349]|Bytes:5
23:48:49.64 (5098281653)|HEAP_ALLOCATE|[349]|Bytes:20
23:48:49.64 (5098286634)|VARIABLE_SCOPE_BEGIN|[349]|template|Template__c|true|false
23:48:49.64 (5098297619)|VARIABLE_ASSIGNMENT|[349]|template|{"Id":"a0DgL000001W1a5UAC","Name":"WBC-0005","Template_Name__c":"testcalltemplate1","Template_Id__c":"1731901891016159"}|0x304866aa
23:48:49.64 (5098301139)|STATEMENT_EXECUTE|[349]
23:48:49.64 (5098325979)|STATEMENT_EXECUTE|[350]
23:48:49.64 (5098330204)|HEAP_ALLOCATE|[349]|Bytes:5
23:48:49.64 (5098335437)|HEAP_ALLOCATE|[349]|Bytes:20
23:48:49.64 (5098338446)|VARIABLE_SCOPE_BEGIN|[349]|template|Template__c|true|false
23:48:49.64 (5098346773)|VARIABLE_ASSIGNMENT|[349]|template|{"Id":"a0DgL000001WIHNUA4","Name":"WBC-0012","Template_Name__c":"testbuttontemp9","Template_Id__c":"1870074500428898"}|0x53cbc192
23:48:49.64 (5098365998)|STATEMENT_EXECUTE|[349]
23:48:49.64 (5098377189)|STATEMENT_EXECUTE|[350]
23:48:49.64 (5098381178)|HEAP_ALLOCATE|[349]|Bytes:5
23:48:49.64 (5098385751)|HEAP_ALLOCATE|[349]|Bytes:20
23:48:49.64 (5098388444)|VARIABLE_SCOPE_BEGIN|[349]|template|Template__c|true|false
23:48:49.64 (5098395974)|VARIABLE_ASSIGNMENT|[349]|template|{"Id":"a0DgL000001WMPpUAO","Name":"WBC-0013","Template_Name__c":"testbuttontemp10","Template_Id__c":"657746323331632"}|0x12e7187f
23:48:49.64 (5098398863)|STATEMENT_EXECUTE|[349]
23:48:49.64 (5098408183)|STATEMENT_EXECUTE|[350]
23:48:49.64 (5098411723)|HEAP_ALLOCATE|[349]|Bytes:5
23:48:49.64 (5098417004)|HEAP_ALLOCATE|[349]|Bytes:20
23:48:49.64 (5098419527)|VARIABLE_SCOPE_BEGIN|[349]|template|Template__c|true|false
23:48:49.64 (5098426848)|VARIABLE_ASSIGNMENT|[349]|template|{"Id":"a0DgL000001YBznUAG","Name":"WBC-0016","Template_Name__c":"tempwebsite2","Template_Id__c":"991752186393787"}|0x75b91508
23:48:49.64 (5098430173)|STATEMENT_EXECUTE|[349]
23:48:49.64 (5098438674)|STATEMENT_EXECUTE|[350]
23:48:49.64 (5098442224)|HEAP_ALLOCATE|[349]|Bytes:5
23:48:49.64 (5098446579)|HEAP_ALLOCATE|[349]|Bytes:20
23:48:49.64 (5098449031)|VARIABLE_SCOPE_BEGIN|[349]|template|Template__c|true|false
23:48:49.64 (5098456133)|VARIABLE_ASSIGNMENT|[349]|template|{"Id":"a0DgL000001YUntUAG","Name":"WBC-0014","Template_Name__c":"testmarketbutton1","Template_Id__c":"661774273035150"}|0x6b75023
23:48:49.64 (5098459039)|STATEMENT_EXECUTE|[349]
23:48:49.64 (5098467877)|STATEMENT_EXECUTE|[350]
23:48:49.64 (5098471482)|HEAP_ALLOCATE|[349]|Bytes:5
23:48:49.64 (5098475640)|HEAP_ALLOCATE|[349]|Bytes:20
23:48:49.64 (5098478368)|VARIABLE_SCOPE_BEGIN|[349]|template|Template__c|true|false
23:48:49.64 (5098485215)|VARIABLE_ASSIGNMENT|[349]|template|{"Id":"a0DgL000001YV0nUAG","Name":"WBC-0015","Template_Name__c":"tempwebsite1","Template_Id__c":"2088281145006199"}|0xb7dc636
23:48:49.64 (5098488048)|STATEMENT_EXECUTE|[349]
23:48:49.64 (5098496132)|STATEMENT_EXECUTE|[350]
23:48:49.64 (5098499675)|HEAP_ALLOCATE|[349]|Bytes:5
23:48:49.64 (5098503844)|HEAP_ALLOCATE|[349]|Bytes:20
23:48:49.64 (5098506283)|VARIABLE_SCOPE_BEGIN|[349]|template|Template__c|true|false
23:48:49.64 (5098513073)|VARIABLE_ASSIGNMENT|[349]|template|{"Id":"a0DgL000001YVyTUAW","Name":"WBC-0017","Template_Name__c":"tempoffer1","Template_Id__c":"1157427235706544"}|0x21f303c6
23:48:49.64 (5098528793)|STATEMENT_EXECUTE|[349]
23:48:49.64 (5098538313)|STATEMENT_EXECUTE|[350]
23:48:49.64 (5098542290)|HEAP_ALLOCATE|[349]|Bytes:5
23:48:49.64 (5098546707)|HEAP_ALLOCATE|[349]|Bytes:20
23:48:49.64 (5098549255)|VARIABLE_SCOPE_BEGIN|[349]|template|Template__c|true|false
23:48:49.64 (5098556245)|VARIABLE_ASSIGNMENT|[349]|template|{"Id":"a0DgL000001YZh7UAG","Name":"WBC-0021","Template_Name__c":"tempoffer7","Template_Id__c":"1037885594561697"}|0x1c5f53a5
23:48:49.64 (5098559249)|STATEMENT_EXECUTE|[349]
23:48:49.64 (5098567415)|STATEMENT_EXECUTE|[350]
23:48:49.64 (5098570969)|HEAP_ALLOCATE|[349]|Bytes:5
23:48:49.64 (5098580340)|HEAP_ALLOCATE|[349]|Bytes:20
23:48:49.64 (5098583879)|VARIABLE_SCOPE_BEGIN|[349]|template|Template__c|true|false
23:48:49.64 (5098590841)|VARIABLE_ASSIGNMENT|[349]|template|{"Id":"a0DgL000001Yb7pUAC","Name":"WBC-0022","Template_Name__c":"tempoffer8","Template_Id__c":"1046072017431035"}|0x20d52e45
23:48:49.64 (5098593967)|STATEMENT_EXECUTE|[349]
23:48:49.64 (5098602369)|STATEMENT_EXECUTE|[350]
23:48:49.64 (5098606449)|HEAP_ALLOCATE|[349]|Bytes:5
23:48:49.64 (5098610586)|HEAP_ALLOCATE|[349]|Bytes:20
23:48:49.64 (5098613133)|VARIABLE_SCOPE_BEGIN|[349]|template|Template__c|true|false
23:48:49.64 (5098620179)|VARIABLE_ASSIGNMENT|[349]|template|{"Id":"a0DgL000001YbKjUAK","Name":"WBC-0023","Template_Name__c":"tempoffer9","Template_Id__c":"1619851521997309"}|0x457c001f
23:48:49.64 (5098622826)|STATEMENT_EXECUTE|[349]
23:48:49.64 (5098631523)|STATEMENT_EXECUTE|[350]
23:48:49.64 (5098635058)|HEAP_ALLOCATE|[349]|Bytes:5
23:48:49.64 (5098639419)|HEAP_ALLOCATE|[349]|Bytes:20
23:48:49.64 (5098641925)|VARIABLE_SCOPE_BEGIN|[349]|template|Template__c|true|false
23:48:49.64 (5098648844)|VARIABLE_ASSIGNMENT|[349]|template|{"Id":"a0DgL000001YdJVUA0","Name":"WBC-0025","Template_Name__c":"tempallbuttons1","Template_Id__c":"649808911000838"}|0x7ca8d645
23:48:49.64 (5098651712)|STATEMENT_EXECUTE|[349]
23:48:49.64 (5098660016)|STATEMENT_EXECUTE|[350]
23:48:49.64 (5098663697)|HEAP_ALLOCATE|[349]|Bytes:5
23:48:49.64 (5098667833)|HEAP_ALLOCATE|[349]|Bytes:20
23:48:49.64 (5098670278)|VARIABLE_SCOPE_BEGIN|[349]|template|Template__c|true|false
23:48:49.64 (5098677127)|VARIABLE_ASSIGNMENT|[349]|template|{"Id":"a0DgL000001YjbdUAC","Name":"WBC-0028","Template_Name__c":"tempallbuttons6","Template_Id__c":"1169627694819900"}|0x1a8c600e
23:48:49.64 (5098679905)|STATEMENT_EXECUTE|[349]
23:48:49.64 (5098687929)|STATEMENT_EXECUTE|[350]
23:48:49.64 (5098691688)|HEAP_ALLOCATE|[349]|Bytes:5
23:48:49.64 (5098696224)|HEAP_ALLOCATE|[349]|Bytes:20
23:48:49.64 (5098698734)|VARIABLE_SCOPE_BEGIN|[349]|template|Template__c|true|false
23:48:49.64 (5098705499)|VARIABLE_ASSIGNMENT|[349]|template|{"Id":"a0DgL000001Yp60UAC","Name":"WBC-0031","Template_Name__c":"templateoffer2","Template_Id__c":"2754815904703473"}|0x1322d21c
23:48:49.64 (5098708267)|STATEMENT_EXECUTE|[349]
23:48:49.64 (5098716406)|STATEMENT_EXECUTE|[350]
23:48:49.64 (5098719959)|HEAP_ALLOCATE|[349]|Bytes:5
23:48:49.64 (5098724169)|HEAP_ALLOCATE|[349]|Bytes:20
23:48:49.64 (5098726769)|VARIABLE_SCOPE_BEGIN|[349]|template|Template__c|true|false
23:48:49.64 (5098733787)|VARIABLE_ASSIGNMENT|[349]|template|{"Id":"a0DgL000001YsFAUA0","Name":"WBC-0032","Template_Name__c":"testoffer6","Template_Id__c":"1029344839099953"}|0x36fb449f
23:48:49.64 (5098736493)|STATEMENT_EXECUTE|[349]
23:48:49.64 (5098745215)|STATEMENT_EXECUTE|[350]
23:48:49.64 (5098748693)|HEAP_ALLOCATE|[349]|Bytes:5
23:48:49.64 (5098753014)|HEAP_ALLOCATE|[349]|Bytes:20
23:48:49.64 (5098755566)|VARIABLE_SCOPE_BEGIN|[349]|template|Template__c|true|false
23:48:49.64 (5098762636)|VARIABLE_ASSIGNMENT|[349]|template|{"Id":"a0DgL000001YtpVUAS","Name":"WBC-0029","Template_Name__c":"tempoffer13","Template_Id__c":"642556351688435"}|0xcdba6fb
23:48:49.64 (5098765361)|STATEMENT_EXECUTE|[349]
23:48:49.64 (5098773665)|STATEMENT_EXECUTE|[350]
23:48:49.64 (5098777245)|HEAP_ALLOCATE|[349]|Bytes:5
23:48:49.64 (5098781465)|HEAP_ALLOCATE|[349]|Bytes:20
23:48:49.64 (5098784015)|VARIABLE_SCOPE_BEGIN|[349]|template|Template__c|true|false
23:48:49.64 (5098790663)|VARIABLE_ASSIGNMENT|[349]|template|{"Id":"a0DgL000001Yu5dUAC","Name":"WBC-0030","Template_Name__c":"templateoffer1","Template_Id__c":"979441937627264"}|0x75ae3b7e
23:48:49.64 (5098793645)|STATEMENT_EXECUTE|[349]
23:48:49.64 (5098801708)|STATEMENT_EXECUTE|[350]
23:48:49.64 (5098805365)|HEAP_ALLOCATE|[349]|Bytes:5
23:48:49.64 (5098809715)|HEAP_ALLOCATE|[349]|Bytes:20
23:48:49.64 (5098812155)|VARIABLE_SCOPE_BEGIN|[349]|template|Template__c|true|false
23:48:49.64 (5098818824)|VARIABLE_ASSIGNMENT|[349]|template|{"Id":"a0DgL000001Yv4wUAC","Name":"WBC-0035","Template_Name__c":"testoffer16","Template_Id__c":"2560776374133034"}|0x7099a5e5
23:48:49.64 (5098821585)|STATEMENT_EXECUTE|[349]
23:48:49.64 (5098830429)|STATEMENT_EXECUTE|[350]
23:48:49.64 (5098833883)|HEAP_ALLOCATE|[349]|Bytes:5
23:48:49.64 (5098838203)|HEAP_ALLOCATE|[349]|Bytes:20
23:48:49.64 (5098840826)|VARIABLE_SCOPE_BEGIN|[349]|template|Template__c|true|false
23:48:49.64 (5098847417)|VARIABLE_ASSIGNMENT|[349]|template|{"Id":"a0DgL000001YvuXUAS","Name":"WBC-0034","Template_Name__c":"templateoffer5","Template_Id__c":"1266767798391440"}|0x1caac8d5
23:48:49.64 (5098850385)|STATEMENT_EXECUTE|[349]
23:48:49.64 (5098858470)|STATEMENT_EXECUTE|[350]
23:48:49.64 (5098861981)|HEAP_ALLOCATE|[349]|Bytes:5
23:48:49.64 (5098866160)|HEAP_ALLOCATE|[349]|Bytes:20
23:48:49.64 (5098868748)|VARIABLE_SCOPE_BEGIN|[349]|template|Template__c|true|false
23:48:49.64 (5098875279)|VARIABLE_ASSIGNMENT|[349]|template|{"Id":"a0DgL000001YwDwUAK","Name":"WBC-0036","Template_Name__c":"testoffer17","Template_Id__c":"640895572134189"}|0x4d9749c5
23:48:49.64 (5098878241)|STATEMENT_EXECUTE|[349]
23:48:49.64 (5098887147)|STATEMENT_EXECUTE|[350]
23:48:49.64 (5098890724)|HEAP_ALLOCATE|[349]|Bytes:5
23:48:49.64 (5098894984)|HEAP_ALLOCATE|[349]|Bytes:20
23:48:49.64 (5098897482)|VARIABLE_SCOPE_BEGIN|[349]|template|Template__c|true|false
23:48:49.64 (5098904662)|VARIABLE_ASSIGNMENT|[349]|template|{"Id":"a0DgL000001YwyiUAC","Name":"WBC-0038","Template_Name__c":"tempvedio1","Template_Id__c":"1690346554899053"}|0x4966fec2
23:48:49.64 (5098907362)|STATEMENT_EXECUTE|[349]
23:48:49.64 (5098915611)|STATEMENT_EXECUTE|[350]
23:48:49.64 (5098919214)|HEAP_ALLOCATE|[349]|Bytes:5
23:48:49.64 (5098923610)|HEAP_ALLOCATE|[349]|Bytes:20
23:48:49.64 (5098926266)|VARIABLE_SCOPE_BEGIN|[349]|template|Template__c|true|false
23:48:49.64 (5098932797)|VARIABLE_ASSIGNMENT|[349]|template|{"Id":"a0DgL000001Yz8XUAS","Name":"WBC-0037","Template_Name__c":"tempoffer31","Template_Id__c":"1345765913333035"}|0x746ddc86
23:48:49.64 (5098935828)|STATEMENT_EXECUTE|[349]
23:48:49.64 (5098944309)|STATEMENT_EXECUTE|[350]
23:48:49.64 (5098947803)|HEAP_ALLOCATE|[349]|Bytes:5
23:48:49.64 (5098951888)|HEAP_ALLOCATE|[349]|Bytes:20
23:48:49.64 (5098954364)|VARIABLE_SCOPE_BEGIN|[349]|template|Template__c|true|false
23:48:49.64 (5098961266)|VARIABLE_ASSIGNMENT|[349]|template|{"Id":"a0DgL000001Z7CXUA0","Name":"WBC-0039","Template_Name__c":"testuploadutility1","Template_Id__c":"992022499552228"}|0x3e4b5ebe
23:48:49.64 (5098964169)|STATEMENT_EXECUTE|[349]
23:48:49.64 (5098973050)|STATEMENT_EXECUTE|[350]
23:48:49.64 (5098976550)|HEAP_ALLOCATE|[349]|Bytes:5
23:48:49.64 (5098980991)|HEAP_ALLOCATE|[349]|Bytes:20
23:48:49.64 (5098983438)|VARIABLE_SCOPE_BEGIN|[349]|template|Template__c|true|false
23:48:49.64 (5098991700)|VARIABLE_ASSIGNMENT|[349]|template|{"Id":"a0DgL000001Z7NpUAK","Name":"WBC-0040","Template_Name__c":"testutilityorderstat (3 more) ...","Template_Id__c":"962662702694362"}|0x4965f1d3
23:48:49.64 (5098995074)|STATEMENT_EXECUTE|[349]
23:48:49.64 (5099003891)|STATEMENT_EXECUTE|[350]
23:48:49.64 (5099007946)|HEAP_ALLOCATE|[349]|Bytes:5
23:48:49.64 (5099012134)|HEAP_ALLOCATE|[349]|Bytes:20
23:48:49.64 (5099014650)|VARIABLE_SCOPE_BEGIN|[349]|template|Template__c|true|false
23:48:49.64 (5099021477)|VARIABLE_ASSIGNMENT|[349]|template|{"Id":"a0DgL000001ZMMuUAO","Name":"WBC-0041","Template_Name__c":"testauth98","Template_Id__c":"636350412712921"}|0x370b86d3
23:48:49.64 (5099024285)|STATEMENT_EXECUTE|[349]
23:48:49.64 (5099033147)|STATEMENT_EXECUTE|[350]
23:48:49.64 (5099036620)|HEAP_ALLOCATE|[349]|Bytes:5
23:48:49.64 (5099040815)|HEAP_ALLOCATE|[349]|Bytes:20
23:48:49.64 (5099043365)|VARIABLE_SCOPE_BEGIN|[349]|template|Template__c|true|false
23:48:49.64 (5099050214)|VARIABLE_ASSIGNMENT|[349]|template|{"Id":"a0DgL000001ZdHFUA0","Name":"WBC-0042","Template_Name__c":"testauthtemp1","Template_Id__c":"1726575518260283"}|0x2d98f558
23:48:49.64 (5099052942)|STATEMENT_EXECUTE|[349]
23:48:49.64 (5099061795)|STATEMENT_EXECUTE|[350]
23:48:49.64 (5099065320)|HEAP_ALLOCATE|[349]|Bytes:5
23:48:49.64 (5099069481)|HEAP_ALLOCATE|[349]|Bytes:20
23:48:49.64 (5099072084)|VARIABLE_SCOPE_BEGIN|[349]|template|Template__c|true|false
23:48:49.64 (5099084594)|VARIABLE_ASSIGNMENT|[349]|template|{"Id":"a0DgL000001Ze3gUAC","Name":"WBC-0045","Template_Name__c":"testmarketbutton2","Template_Id__c":"3952538848342909"}|0x49c2f0fb
23:48:49.64 (5099087597)|STATEMENT_EXECUTE|[349]
23:48:49.64 (5099097306)|STATEMENT_EXECUTE|[350]
23:48:49.64 (5099100902)|HEAP_ALLOCATE|[349]|Bytes:5
23:48:49.64 (5099105309)|HEAP_ALLOCATE|[349]|Bytes:20
23:48:49.64 (5099107880)|VARIABLE_SCOPE_BEGIN|[349]|template|Template__c|true|false
23:48:49.64 (5099115059)|VARIABLE_ASSIGNMENT|[349]|template|{"Id":"a0DgL000001ZeObUAK","Name":"WBC-0043","Template_Name__c":"testmarketsend1","Template_Id__c":"976892051238444"}|0x2f4f7b79
23:48:49.64 (5099117750)|STATEMENT_EXECUTE|[349]
23:48:49.64 (5099126636)|STATEMENT_EXECUTE|[350]
23:48:49.64 (5099130149)|HEAP_ALLOCATE|[349]|Bytes:5
23:48:49.64 (5099134630)|HEAP_ALLOCATE|[349]|Bytes:20
23:48:49.64 (5099137133)|VARIABLE_SCOPE_BEGIN|[349]|template|Template__c|true|false
23:48:49.64 (5099143882)|VARIABLE_ASSIGNMENT|[349]|template|{"Id":"a0DgL000001ZeTRUA0","Name":"WBC-0044","Template_Name__c":"testtemplatemarket1","Template_Id__c":"617579514435946"}|0x44995d5d
23:48:49.64 (5099152326)|STATEMENT_EXECUTE|[349]
23:48:49.64 (5099163221)|STATEMENT_EXECUTE|[350]
23:48:49.64 (5099166705)|HEAP_ALLOCATE|[349]|Bytes:5
23:48:49.64 (5099170929)|HEAP_ALLOCATE|[349]|Bytes:20
23:48:49.64 (5099173562)|VARIABLE_SCOPE_BEGIN|[349]|template|Template__c|true|false
23:48:49.64 (5099180376)|VARIABLE_ASSIGNMENT|[349]|template|{"Id":"a0DgL000001ZfEDUA0","Name":"WBC-0047","Template_Name__c":"testmarketbutton6","Template_Id__c":"1025501092756771"}|0x2ec142a3
23:48:49.64 (5099183214)|STATEMENT_EXECUTE|[349]
23:48:49.64 (5099196847)|STATEMENT_EXECUTE|[350]
23:48:49.64 (5099201162)|HEAP_ALLOCATE|[349]|Bytes:5
23:48:49.64 (5099205855)|HEAP_ALLOCATE|[349]|Bytes:20
23:48:49.64 (5099208570)|VARIABLE_SCOPE_BEGIN|[349]|template|Template__c|true|false
23:48:49.64 (5099215457)|VARIABLE_ASSIGNMENT|[349]|template|{"Id":"a0DgL000001ZvNrUAK","Name":"WBC-0049","Template_Name__c":"testallbutton6","Template_Id__c":"1207076920862735"}|0x70da3aa8
23:48:49.64 (5099218232)|STATEMENT_EXECUTE|[349]
23:48:49.64 (5099227321)|STATEMENT_EXECUTE|[350]
23:48:49.64 (5099230865)|HEAP_ALLOCATE|[349]|Bytes:5
23:48:49.64 (5099234864)|HEAP_ALLOCATE|[349]|Bytes:20
23:48:49.64 (5099237538)|VARIABLE_SCOPE_BEGIN|[349]|template|Template__c|true|false
23:48:49.64 (5099244062)|VARIABLE_ASSIGNMENT|[349]|template|{"Id":"a0DgL000001ZwuzUAC","Name":"WBC-0050","Template_Name__c":"testallbuttons9","Template_Id__c":"2029845704164761"}|0x241a0379
23:48:49.64 (5099246939)|STATEMENT_EXECUTE|[349]
23:48:49.64 (5099255759)|STATEMENT_EXECUTE|[350]
23:48:49.64 (5099259137)|HEAP_ALLOCATE|[349]|Bytes:5
23:48:49.64 (5099266338)|VARIABLE_ASSIGNMENT|[349]|template|null|
23:48:49.64 (5099269983)|STATEMENT_EXECUTE|[355]
23:48:49.64 (5099333267)|USER_DEBUG|[355]|DEBUG|()
23:48:49.64 (5099359148)|STATEMENT_EXECUTE|[357]
23:48:49.64 (5099360356)|STATEMENT_EXECUTE|[358]
23:48:49.64 (5099391301)|HEAP_ALLOCATE|[358]|Bytes:4
23:48:49.64 (5099496702)|VARIABLE_ASSIGNMENT|[358]|whatsAppTemplate|{}|0x62e29e0c
23:48:49.64 (5099503717)|STATEMENT_EXECUTE|[366]
23:48:49.64 (5099507583)|HEAP_ALLOCATE|[366]|Bytes:38
23:48:49.64 (5099528698)|HEAP_ALLOCATE|[366]|Bytes:44
23:48:49.64 (5099590726)|USER_DEBUG|[366]|DEBUG|Handleeeee Successsss Template Type : Custom
23:48:49.64 (5099597914)|STATEMENT_EXECUTE|[368]
23:48:49.64 (5099600574)|HEAP_ALLOCATE|[368]|Bytes:6
23:48:49.64 (5099626682)|VARIABLE_SCOPE_BEGIN|[368]|status|String|false|false
23:48:49.64 (5099633854)|VARIABLE_ASSIGNMENT|[368]|status|"PENDING"
23:48:49.64 (5099636299)|STATEMENT_EXECUTE|[369]
23:48:49.64 (5099637765)|HEAP_ALLOCATE|[369]|Bytes:2
23:48:49.64 (5099792310)|VARIABLE_ASSIGNMENT|[369]|this.Template_Id__c|"1690172678543092"|0x62e29e0c
23:48:49.64 (5099798642)|STATEMENT_EXECUTE|[370]
23:48:49.64 (5099817321)|HEAP_ALLOCATE|[370]|Bytes:7
23:48:49.64 (5099827850)|HEAP_ALLOCATE|[370]|Bytes:9
23:48:49.64 (5099874486)|VARIABLE_ASSIGNMENT|[370]|this.Status__c|"In-Review"|0x62e29e0c
23:48:49.64 (5099880114)|STATEMENT_EXECUTE|[373]
23:48:49.64 (5099937841)|VARIABLE_ASSIGNMENT|[373]|this.Template_Name__c|"testtemp123"|0x62e29e0c
23:48:49.64 (5099941834)|STATEMENT_EXECUTE|[374]
23:48:49.64 (5099975056)|VARIABLE_ASSIGNMENT|[374]|this.Template_Category__c|"Marketing"|0x62e29e0c
23:48:49.64 (5099978694)|STATEMENT_EXECUTE|[375]
23:48:49.64 (5100007701)|VARIABLE_ASSIGNMENT|[375]|this.Language__c|"en_US"|0x62e29e0c
23:48:49.64 (5100011723)|STATEMENT_EXECUTE|[376]
23:48:49.64 (5100032786)|VARIABLE_ASSIGNMENT|[376]|this.Template_Type__c|"Custom"|0x62e29e0c
23:48:49.64 (5100036120)|STATEMENT_EXECUTE|[381]
23:48:49.64 (5100091297)|HEAP_ALLOCATE|[381]|Bytes:4
23:48:49.64 (5100139240)|VARIABLE_SCOPE_BEGIN|[381]|variableRecords|List<Template_Variable__c>|true|false
23:48:49.64 (5100145702)|HEAP_ALLOCATE|[EXTERNAL]|Bytes:4
23:48:49.64 (5100157226)|VARIABLE_ASSIGNMENT|[381]|variableRecords|[]|0x171a528b
23:48:49.64 (5100160461)|STATEMENT_EXECUTE|[382]
23:48:49.64 (5100188710)|VARIABLE_SCOPE_BEGIN|[382]|components|List<ANY>|true|false
23:48:49.64 (5100222479)|VARIABLE_ASSIGNMENT|[382]|components|[{"text":"Test template","format":"Text","type":"HEADER"},{"text":"Hello there ,\nM test (17 more) ...","type":"BODY"},{"buttons":[{"phone_number":"+91 9427030255","text":"Call Phone Number","type":"PHONE_NUMBER"}],"type":"BUTTONS"}]|0x3356b52d
23:48:49.64 (5100226982)|STATEMENT_EXECUTE|[383]
23:48:49.64 (5100231525)|VARIABLE_SCOPE_BEGIN|[383]|headAlternateTexts|List<String>|true|false
23:48:49.64 (5100237689)|VARIABLE_ASSIGNMENT|[383]|headAlternateTexts|[]|0x7fefb5a5
23:48:49.64 (5100240561)|STATEMENT_EXECUTE|[384]
23:48:49.64 (5100243527)|VARIABLE_SCOPE_BEGIN|[384]|varAlternateTexts|List<String>|true|false
23:48:49.64 (5100249842)|VARIABLE_ASSIGNMENT|[384]|varAlternateTexts|[]|0x3914eea9
23:48:49.64 (5100252811)|STATEMENT_EXECUTE|[385]
23:48:49.64 (5100257712)|VARIABLE_SCOPE_BEGIN|[385]|headerIndex|Integer|false|false
23:48:49.64 (5100262479)|HEAP_ALLOCATE|[385]|Bytes:4
23:48:49.64 (5100268230)|VARIABLE_ASSIGNMENT|[385]|headerIndex|0
23:48:49.64 (5100270438)|STATEMENT_EXECUTE|[386]
23:48:49.64 (5100271793)|VARIABLE_SCOPE_BEGIN|[386]|variableIndex|Integer|false|false
23:48:49.64 (5100275007)|HEAP_ALLOCATE|[386]|Bytes:4
23:48:49.64 (5100277810)|VARIABLE_ASSIGNMENT|[386]|variableIndex|0
23:48:49.64 (5100280193)|STATEMENT_EXECUTE|[387]
23:48:49.64 (5100282239)|VARIABLE_SCOPE_BEGIN|[387]|headerMergeText|String|false|false
23:48:49.64 (5100286990)|VARIABLE_ASSIGNMENT|[387]|headerMergeText|""
23:48:49.64 (5100315329)|HEAP_ALLOCATE|[390]|Bytes:5
23:48:49.64 (5100332966)|HEAP_ALLOCATE|[390]|Bytes:16
23:48:49.64 (5100337142)|VARIABLE_SCOPE_BEGIN|[390]|comp|Object|false|false
23:48:49.64 (5100346635)|VARIABLE_ASSIGNMENT|[390]|comp|{"text":"Test template","format":"Text","type":"HEADER"}
23:48:49.64 (5100349873)|STATEMENT_EXECUTE|[390]
23:48:49.64 (5100352422)|HEAP_ALLOCATE|[391]|Bytes:68
23:48:49.64 (5100382992)|STATEMENT_EXECUTE|[391]
23:48:49.64 (5100384168)|STATEMENT_EXECUTE|[394]
23:48:49.64 (5100386618)|VARIABLE_SCOPE_BEGIN|[394]|component|Map<String,ANY>|true|false
23:48:49.64 (5100394686)|VARIABLE_ASSIGNMENT|[394]|component|{"text":"Test template","format":"Text","type":"HEADER"}|0x24dc484f
23:48:49.64 (5100397927)|STATEMENT_EXECUTE|[395]
23:48:49.64 (5100428366)|USER_DEBUG|[395]|DEBUG|{format=Text, text=Test template, type=HEADER}
23:48:49.64 (5100434701)|STATEMENT_EXECUTE|[396]
23:48:49.64 (5100447588)|VARIABLE_SCOPE_BEGIN|[396]|type|String|false|false
23:48:49.64 (5100452796)|VARIABLE_ASSIGNMENT|[396]|type|"HEADER"
23:48:49.64 (5100455099)|STATEMENT_EXECUTE|[397]
23:48:49.64 (5100457033)|HEAP_ALLOCATE|[397]|Bytes:7
23:48:49.64 (5100467636)|VARIABLE_SCOPE_BEGIN|[397]|example|Map<String,ANY>|true|false
23:48:49.64 (5100472577)|VARIABLE_ASSIGNMENT|[397]|example|null|
23:48:49.64 (5100488614)|STATEMENT_EXECUTE|[400]
23:48:49.64 (5100489715)|STATEMENT_EXECUTE|[401]
23:48:49.64 (5100543956)|VARIABLE_ASSIGNMENT|[401]|this.Header_Type__c|"Text"|0x62e29e0c
23:48:49.64 (5100559640)|HEAP_ALLOCATE|[402]|Bytes:5
23:48:49.64 (5100570550)|HEAP_ALLOCATE|[402]|Bytes:5
23:48:49.64 (5100576045)|STATEMENT_EXECUTE|[406]
23:48:49.64 (5100576998)|STATEMENT_EXECUTE|[407]
23:48:49.64 (5100608722)|VARIABLE_ASSIGNMENT|[407]|this.WBHeader_Body__c|"Test template"|0x62e29e0c
23:48:49.64 (5100613511)|STATEMENT_EXECUTE|[410]
23:48:49.64 (5100620696)|HEAP_ALLOCATE|[390]|Bytes:5
23:48:49.64 (5100629472)|HEAP_ALLOCATE|[390]|Bytes:12
23:48:49.64 (5100633760)|VARIABLE_SCOPE_BEGIN|[390]|comp|Object|false|false
23:48:49.64 (5100643726)|VARIABLE_ASSIGNMENT|[390]|comp|{"text":"Hello there ,\nM test (17 more) ...","type":"BODY"}
23:48:49.64 (5100646352)|STATEMENT_EXECUTE|[390]
23:48:49.64 (5100654787)|STATEMENT_EXECUTE|[391]
23:48:49.64 (5100655713)|STATEMENT_EXECUTE|[394]
23:48:49.64 (5100657671)|VARIABLE_SCOPE_BEGIN|[394]|component|Map<String,ANY>|true|false
23:48:49.64 (5100665335)|VARIABLE_ASSIGNMENT|[394]|component|{"text":"Hello there ,\nM test (17 more) ...","type":"BODY"}|0x678d1b1e
23:48:49.64 (5100668254)|STATEMENT_EXECUTE|[395]
23:48:49.64 (5100675595)|USER_DEBUG|[395]|DEBUG|{text=Hello there ,
M testing this template, type=BODY}
23:48:49.64 (5100680256)|STATEMENT_EXECUTE|[396]
23:48:49.64 (5100685923)|VARIABLE_SCOPE_BEGIN|[396]|type|String|false|false
23:48:49.64 (5100690601)|VARIABLE_ASSIGNMENT|[396]|type|"BODY"
23:48:49.64 (5100692675)|STATEMENT_EXECUTE|[397]
23:48:49.64 (5100697391)|VARIABLE_SCOPE_BEGIN|[397]|example|Map<String,ANY>|true|false
23:48:49.64 (5100701820)|VARIABLE_ASSIGNMENT|[397]|example|null|
23:48:49.64 (5100712027)|STATEMENT_EXECUTE|[454]
23:48:49.64 (5100713237)|STATEMENT_EXECUTE|[455]
23:48:49.64 (5100740915)|METHOD_ENTRY|[455]|01pgL000000Qgig|CreateTemplateWrapper.handleBodyComponent(String, Map<String,ANY>, Map<String,ANY>)
23:48:49.64 (5100757036)|VARIABLE_SCOPE_BEGIN|[561]|category|String|false|false
23:48:49.64 (5100768087)|VARIABLE_ASSIGNMENT|[561]|category|"Marketing"
23:48:49.64 (5100770952)|VARIABLE_SCOPE_BEGIN|[561]|component|Map<String,ANY>|true|false
23:48:49.64 (5100777991)|VARIABLE_ASSIGNMENT|[561]|component|{"text":"Hello there ,\nM test (17 more) ...","type":"BODY"}|0x678d1b1e
23:48:49.64 (5100781460)|VARIABLE_SCOPE_BEGIN|[561]|example|Map<String,ANY>|true|false
23:48:49.64 (5100785418)|VARIABLE_ASSIGNMENT|[561]|example|null|
23:48:49.64 (5100796530)|HEAP_ALLOCATE|[562]|Bytes:5
23:48:49.64 (5100799252)|STATEMENT_EXECUTE|[561]
23:48:49.64 (5100800612)|STATEMENT_EXECUTE|[562]
23:48:49.64 (5100807482)|HEAP_ALLOCATE|[562]|Bytes:4
23:48:49.64 (5100813099)|VARIABLE_SCOPE_BEGIN|[562]|result|Map<String,ANY>|true|false
23:48:49.64 (5100821368)|VARIABLE_ASSIGNMENT|[562]|result|{}|0x7e99fd7b
23:48:49.64 (5100824358)|STATEMENT_EXECUTE|[563]
23:48:49.64 (5100825204)|STATEMENT_EXECUTE|[563]
23:48:49.64 (5100826013)|STATEMENT_EXECUTE|[564]
23:48:49.64 (5100838411)|VARIABLE_SCOPE_BEGIN|[564]|bodyText|String|false|false
23:48:49.64 (5100844393)|VARIABLE_ASSIGNMENT|[564]|bodyText|"Hello there ,\nM test (17 more) ..."
23:48:49.64 (5100846672)|STATEMENT_EXECUTE|[565]
23:48:49.64 (5100848167)|VARIABLE_SCOPE_BEGIN|[565]|bodyMergeText|String|false|false
23:48:49.64 (5100861368)|VARIABLE_ASSIGNMENT|[565]|bodyMergeText|""
23:48:49.64 (5100864731)|STATEMENT_EXECUTE|[566]
23:48:49.64 (5100902536)|HEAP_ALLOCATE|[566]|Bytes:4
23:48:49.64 (5100927170)|VARIABLE_SCOPE_BEGIN|[566]|parsedFields|List<Map<String,String>>|true|false
23:48:49.64 (5100999292)|HEAP_ALLOCATE|[EXTERNAL]|Bytes:4
23:48:49.64 (5101011969)|VARIABLE_ASSIGNMENT|[566]|parsedFields|[]|0x72ca441a
23:48:49.64 (5101020252)|STATEMENT_EXECUTE|[568]
23:48:49.64 (5101022028)|STATEMENT_EXECUTE|[601]
23:48:49.64 (5101025312)|HEAP_ALLOCATE|[601]|Bytes:8
23:48:49.64 (5101066666)|HEAP_ALLOCATE|[EXTERNAL]|Bytes:-4
23:48:49.64 (5101072394)|STATEMENT_EXECUTE|[602]
23:48:49.64 (5101073907)|HEAP_ALLOCATE|[602]|Bytes:13
23:48:49.64 (5101092182)|HEAP_ALLOCATE|[EXTERNAL]|Bytes:-4
23:48:49.64 (5101095493)|STATEMENT_EXECUTE|[603]
23:48:49.64 (5101096679)|HEAP_ALLOCATE|[603]|Bytes:12
23:48:49.64 (5101107489)|HEAP_ALLOCATE|[EXTERNAL]|Bytes:-4
23:48:49.64 (5101112785)|STATEMENT_EXECUTE|[612]
23:48:49.64 (5101123782)|METHOD_EXIT|[455]|01pgL000000Qgig|CreateTemplateWrapper.handleBodyComponent(String, Map<String,ANY>, Map<String,ANY>)
23:48:49.64 (5101127855)|VARIABLE_SCOPE_BEGIN|[455]|result|Map<String,ANY>|true|false
23:48:49.64 (5101142185)|VARIABLE_ASSIGNMENT|[455]|result|{"bodyText":"Hello there ,\nM test (17 more) ...","bodyMergeText":"","parsedFields":[]}|0x7e99fd7b
23:48:49.64 (5101145382)|STATEMENT_EXECUTE|[456]
23:48:49.64 (5101166542)|USER_DEBUG|[456]|DEBUG|Hello there ,
M testing this template
23:48:49.64 (5101179921)|STATEMENT_EXECUTE|[457]
23:48:49.64 (5101181023)|STATEMENT_EXECUTE|[458]
23:48:49.64 (5101182712)|HEAP_ALLOCATE|[458]|Bytes:7
23:48:49.64 (5101199751)|USER_DEBUG|[458]|DEBUG|In null
23:48:49.64 (5101204150)|STATEMENT_EXECUTE|[459]
23:48:49.64 (5101340123)|VARIABLE_ASSIGNMENT|[459]|this.WBTemplate_Body__c|"Hello there ,\nM test (17 more) ..."|0x62e29e0c
23:48:49.64 (5101344505)|STATEMENT_EXECUTE|[461]
23:48:49.64 (5101372205)|VARIABLE_SCOPE_BEGIN|[461]|parsedFields|List<Map<String,String>>|true|false
23:48:49.64 (5101379991)|VARIABLE_ASSIGNMENT|[461]|parsedFields|[]|0x72ca441a
23:48:49.64 (5101383136)|STATEMENT_EXECUTE|[462]
23:48:49.64 (5101392496)|VARIABLE_SCOPE_BEGIN|[462]|bodyMergeText|String|false|false
23:48:49.64 (5101398543)|VARIABLE_ASSIGNMENT|[462]|bodyMergeText|""
23:48:49.64 (5101401045)|STATEMENT_EXECUTE|[464]
23:48:49.64 (5101402862)|HEAP_ALLOCATE|[464]|Bytes:13
23:48:49.64 (5101455594)|HEAP_ALLOCATE|[464]|Bytes:24
23:48:49.64 (5101473024)|SYSTEM_METHOD_ENTRY|[1]|Pattern.Pattern()
23:48:49.64 (5101475464)|STATEMENT_EXECUTE|[1]
23:48:49.64 (5101487141)|SYSTEM_METHOD_EXIT|[1]|Pattern
23:48:49.64 (5101506518)|METHOD_ENTRY|[464]||System.Pattern.compile(String)
23:48:49.64 (5101623148)|METHOD_EXIT|[464]||System.Pattern.compile(String)
23:48:49.64 (5101626584)|VARIABLE_SCOPE_BEGIN|[464]|pattern|System.Pattern|true|false
23:48:49.64 (5101662030)|VARIABLE_ASSIGNMENT|[464]|pattern|{"delegate":"0x606e4b18"}|0x49163671
23:48:49.64 (5101665134)|STATEMENT_EXECUTE|[465]
23:48:49.64 (5101710632)|METHOD_ENTRY|[465]||System.Pattern.matcher(String)
23:48:49.64 (5101826245)|METHOD_EXIT|[465]||System.Pattern.matcher(String)
23:48:49.64 (5101829726)|VARIABLE_SCOPE_BEGIN|[465]|matcher|System.Matcher|true|false
23:48:49.64 (5101844955)|VARIABLE_ASSIGNMENT|[465]|matcher|{"delegate":"0xf8e1c81"}|0x1daaa0e3
23:48:49.64 (5101848264)|STATEMENT_EXECUTE|[466]
23:48:49.64 (5101859018)|HEAP_ALLOCATE|[466]|Bytes:4
23:48:49.64 (5101881600)|VARIABLE_SCOPE_BEGIN|[466]|processedBodyPlaceholders|Set<String>|true|false
23:48:49.64 (5101905919)|VARIABLE_ASSIGNMENT|[466]|processedBodyPlaceholders|[]|0x65f7b899
23:48:49.64 (5101908889)|STATEMENT_EXECUTE|[468]
23:48:49.64 (5101910899)|HEAP_ALLOCATE|[468]|Bytes:93
23:48:49.64 (5101917364)|HEAP_ALLOCATE|[468]|Bytes:4
23:48:49.64 (5101921479)|HEAP_ALLOCATE|[468]|Bytes:7
23:48:49.64 (5102430020)|SOQL_EXECUTE_BEGIN|[468]|Aggregations:0|SELECT Id, Name FROM Template_Variable__c WHERE (Template__c = :tmpVar1 AND Type__c = 'Body')
23:48:49.64 (5135014180)|SOQL_EXECUTE_END|[468]|Rows:0
23:48:49.64 (5135058266)|HEAP_ALLOCATE|[468]|Bytes:4
23:48:49.64 (5135086668)|HEAP_ALLOCATE|[468]|Bytes:0
23:48:49.64 (5135132484)|HEAP_ALLOCATE|[468]|Bytes:4
23:48:49.64 (5135157295)|VARIABLE_SCOPE_BEGIN|[468]|existingBodyVars|List<Template_Variable__c>|true|false
23:48:49.64 (5135184413)|VARIABLE_ASSIGNMENT|[468]|existingBodyVars|[]|0x171254c2
23:48:49.64 (5135252213)|STATEMENT_EXECUTE|[475]
23:48:49.64 (5135323071)|METHOD_ENTRY|[479]||System.Matcher.find()
23:48:49.64 (5135420483)|METHOD_EXIT|[479]||System.Matcher.find()
23:48:49.64 (5135426717)|STATEMENT_EXECUTE|[479]
23:48:49.64 (5135452085)|HEAP_ALLOCATE|[390]|Bytes:5
23:48:49.64 (5135476699)|HEAP_ALLOCATE|[390]|Bytes:12
23:48:49.64 (5135482206)|VARIABLE_SCOPE_BEGIN|[390]|comp|Object|false|false
23:48:49.64 (5135516773)|VARIABLE_ASSIGNMENT|[390]|comp|{"buttons":[{"phone_number":"+91 9427030255","text":"Call Phone Number","type":"PHONE_NUMBER"}],"type":"BUTTONS"}
23:48:49.64 (5135520468)|STATEMENT_EXECUTE|[390]
23:48:49.64 (5135553691)|STATEMENT_EXECUTE|[391]
23:48:49.64 (5135554887)|STATEMENT_EXECUTE|[394]
23:48:49.64 (5135595082)|VARIABLE_SCOPE_BEGIN|[394]|component|Map<String,ANY>|true|false
23:48:49.64 (5135608325)|VARIABLE_ASSIGNMENT|[394]|component|{"buttons":[{"phone_number":"+91 9427030255","text":"Call Phone Number","type":"PHONE_NUMBER"}],"type":"BUTTONS"}|0x3c3b6114
23:48:49.64 (5135611774)|STATEMENT_EXECUTE|[395]
23:48:49.64 (5135646919)|USER_DEBUG|[395]|DEBUG|{buttons=({phone_number=+91 9427030255, text=Call Phone Number, type=PHONE_NUMBER}), type=BUTTONS}
23:48:49.64 (5135653025)|STATEMENT_EXECUTE|[396]
23:48:49.64 (5135665825)|VARIABLE_SCOPE_BEGIN|[396]|type|String|false|false
23:48:49.64 (5135671337)|VARIABLE_ASSIGNMENT|[396]|type|"BUTTONS"
23:48:49.64 (5135673869)|STATEMENT_EXECUTE|[397]
23:48:49.64 (5135681410)|VARIABLE_SCOPE_BEGIN|[397]|example|Map<String,ANY>|true|false
23:48:49.64 (5135687405)|VARIABLE_ASSIGNMENT|[397]|example|null|
23:48:49.64 (5135709724)|HEAP_ALLOCATE|[504]|Bytes:6
23:48:49.64 (5135722933)|STATEMENT_EXECUTE|[508]
23:48:49.64 (5135723916)|STATEMENT_EXECUTE|[509]
23:48:49.64 (5135725441)|HEAP_ALLOCATE|[509]|Bytes:8
23:48:49.64 (5135754282)|HEAP_ALLOCATE|[509]|Bytes:98
23:48:49.64 (5135763011)|HEAP_ALLOCATE|[509]|Bytes:106
23:48:49.64 (5135770036)|USER_DEBUG|[509]|DEBUG|Buttons:{buttons=({phone_number=+91 9427030255, text=Call Phone Number, type=PHONE_NUMBER}), type=BUTTONS}
23:48:49.64 (5135774417)|STATEMENT_EXECUTE|[510]
23:48:49.64 (5135784937)|METHOD_ENTRY|[510]|01pgL000000Qgig|CreateTemplateWrapper.handleButtonComponent(Map<String,ANY>)
23:48:49.64 (5135802295)|VARIABLE_SCOPE_BEGIN|[623]|component|Map<String,ANY>|true|false
23:48:49.64 (5135813794)|VARIABLE_ASSIGNMENT|[623]|component|{"buttons":[{"phone_number":"+91 9427030255","text":"Call Phone Number","type":"PHONE_NUMBER"}],"type":"BUTTONS"}|0x3c3b6114
23:48:49.64 (5135825642)|HEAP_ALLOCATE|[625]|Bytes:5
23:48:49.64 (5135828340)|STATEMENT_EXECUTE|[623]
23:48:49.64 (5135829442)|STATEMENT_EXECUTE|[625]
23:48:49.64 (5135831711)|VARIABLE_SCOPE_BEGIN|[625]|buttonList|String|false|false
23:48:49.64 (5135836778)|VARIABLE_ASSIGNMENT|[625]|buttonList|""
23:48:49.64 (5135838988)|STATEMENT_EXECUTE|[626]
23:48:49.64 (5135839782)|STATEMENT_EXECUTE|[626]
23:48:49.64 (5135840585)|STATEMENT_EXECUTE|[627]
23:48:49.64 (5135869880)|VARIABLE_SCOPE_BEGIN|[627]|buttons|List<ANY>|true|false
23:48:49.64 (5135880140)|VARIABLE_ASSIGNMENT|[627]|buttons|[{"phone_number":"+91 9427030255","text":"Call Phone Number","type":"PHONE_NUMBER"}]|0x7525322f
23:48:49.64 (5135883257)|STATEMENT_EXECUTE|[628]
23:48:49.64 (5135907130)|USER_DEBUG|[628]|DEBUG|({phone_number=+91 9427030255, text=Call Phone Number, type=PHONE_NUMBER})
23:48:49.64 (5135912453)|STATEMENT_EXECUTE|[630]
23:48:49.64 (5135913416)|STATEMENT_EXECUTE|[631]
23:48:49.64 (5135919267)|METHOD_ENTRY|[631]||System.JSON.serialize(Object)
23:48:49.64 (5136311276)|METHOD_EXIT|[631]||System.JSON.serialize(Object)
23:48:49.64 (5136346646)|VARIABLE_ASSIGNMENT|[631]|buttonList|"[{\"type\":\"PHONE_NUMB (64 more) ..."
23:48:49.64 (5136351041)|STATEMENT_EXECUTE|[665]
23:48:49.64 (5136358168)|METHOD_EXIT|[510]|01pgL000000Qgig|CreateTemplateWrapper.handleButtonComponent(Map<String,ANY>)
23:48:49.64 (5136363156)|VARIABLE_ASSIGNMENT|[510]|buttonDetails|"[{\"type\":\"PHONE_NUMB (64 more) ..."
23:48:49.64 (5136365379)|STATEMENT_EXECUTE|[511]
23:48:49.64 (5136631416)|VARIABLE_ASSIGNMENT|[511]|this.Button_Body__c|"[{\"type\":\"PHONE_NUMB (64 more) ..."|0x62e29e0c
23:48:49.64 (5136636045)|STATEMENT_EXECUTE|[512]
23:48:49.64 (5136698835)|USER_DEBUG|[512]|DEBUG|[{"type":"PHONE_NUMBER","text":"Call Phone Number","phone_number":"+91 9427030255"}]
23:48:49.64 (5136719561)|HEAP_ALLOCATE|[390]|Bytes:5
23:48:49.64 (5136737833)|VARIABLE_ASSIGNMENT|[390]|comp|null
23:48:49.64 (5136742841)|STATEMENT_EXECUTE|[521]
23:48:49.64 (5136798958)|HEAP_ALLOCATE|[521]|Bytes:8
23:48:49.64 (5136850141)|DML_BEGIN|[521]|Op:Upsert|Type:Template__c|Rows:1
23:48:49.64 (5136953803)|HEAP_ALLOCATE|[EXTERNAL]|Bytes:8
23:48:49.64 (5286706634)|DML_END|[521]
23:48:49.64 (5288012799)|STATEMENT_EXECUTE|[522]
23:48:49.64 (5288154702)|VARIABLE_ASSIGNMENT|[522]|templateId|"a0DgL000001ZxO1UAK"
23:48:49.64 (5288404239)|HEAP_ALLOCATE|[524]|Bytes:5
23:48:49.64 (5288430766)|VARIABLE_ASSIGNMENT|[524]|variable|null|
23:48:49.64 (5288435955)|STATEMENT_EXECUTE|[524]
23:48:49.64 (5288459530)|STATEMENT_EXECUTE|[528]
23:48:49.64 (5288460774)|STATEMENT_EXECUTE|[533]
23:48:49.64 (5288465140)|HEAP_ALLOCATE|[533]|Bytes:7
23:48:49.64 (5288508351)|HEAP_ALLOCATE|[533]|Bytes:5
23:48:49.64 (5288528721)|HEAP_ALLOCATE|[EXTERNAL]|Bytes:-4
23:48:49.64 (5288535530)|STATEMENT_EXECUTE|[534]
23:48:49.64 (5288538057)|HEAP_ALLOCATE|[534]|Bytes:10
23:48:49.64 (5288553147)|HEAP_ALLOCATE|[EXTERNAL]|Bytes:-4
23:48:49.64 (5288559060)|STATEMENT_EXECUTE|[551]
23:48:49.64 (5288575258)|METHOD_EXIT|[482]|01pgL000000Qgig|CreateTemplateWrapper.handleSuccessResponse(System.HttpResponse, Map<String,ANY>, Map<String,ANY>, CreateTemplateWrapper.TemplateWrapper)
23:48:49.64 (5288582226)|VARIABLE_SCOPE_BEGIN|[482]|templateId|Id|false|false
23:48:49.64 (5288626286)|VARIABLE_ASSIGNMENT|[482]|templateId|"a0DgL000001ZxO1UAK"
23:48:49.64 (5288629384)|STATEMENT_EXECUTE|[483]
23:48:49.64 (5288644223)|HEAP_ALLOCATE|[483]|Bytes:5
23:48:49.64 (5288650973)|STATEMENT_EXECUTE|[484]
23:48:49.64 (5288663749)|STATEMENT_EXECUTE|[512]
23:48:49.64 (5288672407)|SYSTEM_MODE_EXIT|true
23:48:49.352 (5352697490)|CUMULATIVE_LIMIT_USAGE
23:48:49.352 (5352697490)|LIMIT_USAGE_FOR_NS|(default)|
  Number of SOQL queries: 2 out of 100
  Number of query rows: 33 out of 50000
  Number of SOSL queries: 0 out of 20
  Number of DML statements: 1 out of 150
  Number of Publish Immediate DML: 0 out of 150
  Number of DML rows: 1 out of 10000
  Maximum CPU time: 39 out of 10000
  Maximum heap size: 0 out of 6000000
  Number of callouts: 1 out of 100
  Number of Email Invocations: 0 out of 10
  Number of future calls: 0 out of 50
  Number of queueable jobs added to the queue: 0 out of 50
  Number of Mobile Apex push calls: 0 out of 10

23:48:49.352 (5352697490)|CUMULATIVE_LIMIT_USAGE_END

23:48:49.64 (5352787955)|CODE_UNIT_FINISHED|WBTemplateController.createWhatsappTemplate(String)
23:48:49.64 (5353007101)|CODE_UNIT_FINISHED|apex://WBTemplateController/ACTION$createWhatsappTemplate
23:48:49.64 (5353016206)|EXECUTION_FINISHED
