63.0 APEX_CODE,FINEST;APEX_PROFILING,INFO;CALLOUT,INFO;DATA_ACCESS,INFO;DB,INFO;NBA,INFO;SYSTEM,DEBUG;VALIDATION,INFO;VISUALFORCE,INFO;WAVE,INFO;WORKFLOW,INFO
04:25:24.0 (763358)|USER_INFO|[EXTERNAL]|005gL000000bXjT|divij@wbconnect.com|(GMT-07:00) Pacific Daylight Time (America/Los_Angeles)|GMT-07:00
04:25:24.0 (835821)|EXECUTION_STARTED
04:25:24.0 (856989)|CODE_UNIT_STARTED|[EXTERNAL]|apex://WBTemplateController/ACTION$createWhatsappTemplate
04:25:24.0 (3523653)|CODE_UNIT_STARTED|[EXTERNAL]|01pgL000000QsUb|WBTemplateController.createWhatsappTemplate(String)
04:25:24.0 (4445978)|VARIABLE_SCOPE_BEGIN|[22]|WBTemplateController.SETTINGS|MVWB__WBConnect_Configuration__mdt|true|true
04:25:24.0 (4539393)|VARIABLE_SCOPE_BEGIN|[19]|WBTemplateController.accessToken|String|false|true
04:25:24.0 (4545437)|VARIABLE_SCOPE_BEGIN|[20]|WBTemplateController.endpoint|String|false|true
04:25:24.0 (4550497)|VARIABLE_SCOPE_BEGIN|[21]|WBTemplateController.uploadEndpoint|String|false|true
04:25:24.0 (4678586)|HEAP_ALLOCATE|[93]|Bytes:3
04:25:24.0 (4720924)|HEAP_ALLOCATE|[98]|Bytes:152
04:25:24.0 (4737522)|HEAP_ALLOCATE|[415]|Bytes:408
04:25:24.0 (4751925)|HEAP_ALLOCATE|[428]|Bytes:408
04:25:24.0 (4762913)|HEAP_ALLOCATE|[536]|Bytes:48
04:25:24.0 (4783152)|HEAP_ALLOCATE|[247]|Bytes:6
04:25:24.0 (4793435)|HEAP_ALLOCATE|[EXTERNAL]|Bytes:36
04:25:24.0 (4797038)|HEAP_ALLOCATE|[EXTERNAL]|Bytes:56
04:25:24.0 (4799354)|HEAP_ALLOCATE|[EXTERNAL]|Bytes:102
04:25:24.0 (4827975)|METHOD_ENTRY|[17]|01pgL000000QsUb|WBTemplateController.WBTemplateController()
04:25:24.0 (4835925)|STATEMENT_EXECUTE|[17]
04:25:24.0 (4839331)|STATEMENT_EXECUTE|[17]
04:25:24.0 (4860186)|HEAP_ALLOCATE|[68]|Bytes:5
04:25:24.0 (4883106)|HEAP_ALLOCATE|[74]|Bytes:5
04:25:24.0 (4888228)|HEAP_ALLOCATE|[82]|Bytes:7
04:25:24.0 (4902025)|SYSTEM_MODE_ENTER|true
04:25:24.0 (4917747)|HEAP_ALLOCATE|[25]|Bytes:5
04:25:24.0 (4921023)|STATEMENT_EXECUTE|[24]
04:25:24.0 (4921837)|STATEMENT_EXECUTE|[25]
04:25:24.0 (4922619)|STATEMENT_EXECUTE|[25]
04:25:24.0 (4923709)|STATEMENT_EXECUTE|[26]
04:25:24.0 (4925676)|HEAP_ALLOCATE|[26]|Bytes:180
04:25:24.0 (4941332)|HEAP_ALLOCATE|[26]|Bytes:4
04:25:24.0 (6917033)|SOQL_EXECUTE_BEGIN|[26]|Aggregations:0|SELECT MVWB__Access_Token__c, MVWB__Application_Id__c, MVWB__Phone_Number_Id__c, MVWB__Business_Account_Id__c FROM MVWB__WBConnect_Configuration__mdt WITH SECURITY_ENFORCED LIMIT 1
04:25:24.0 (9505910)|HEAP_ALLOCATE|[EXTERNAL]|Bytes:4
04:25:24.0 (9817249)|HEAP_ALLOCATE|[EXTERNAL]|Bytes:4
04:25:24.0 (9899839)|HEAP_ALLOCATE|[EXTERNAL]|Bytes:4
04:25:24.0 (9938472)|HEAP_ALLOCATE|[EXTERNAL]|Bytes:4
04:25:24.0 (10126663)|HEAP_ALLOCATE|[EXTERNAL]|Bytes:4
04:25:24.0 (18123774)|SOQL_EXECUTE_END|[26]|Rows:1
04:25:24.0 (18166102)|HEAP_ALLOCATE|[26]|Bytes:8
04:25:24.0 (18197402)|HEAP_ALLOCATE|[26]|Bytes:392
04:25:24.0 (18282147)|HEAP_ALLOCATE|[26]|Bytes:8
04:25:24.0 (18297264)|HEAP_ALLOCATE|[26]|Bytes:60
04:25:24.0 (18363496)|HEAP_ALLOCATE|[26]|Bytes:24
04:25:24.0 (18460270)|VARIABLE_ASSIGNMENT|[26]|WBTemplateController.SETTINGS|{"MVWB__Access_Token__c":"EAAVUhq0jVsUBOZCkt9x (185 more) ...","MVWB__Application_Id__c":"1500312290678469","MVWB__Phone_Number_Id__c":"544633438726755","MVWB__Business_Account_Id__c":"499269473267232","Id":"m01gL000001MsPNQA0"}|0x45b48450
04:25:24.0 (18467117)|STATEMENT_EXECUTE|[32]
04:25:24.0 (18520191)|VARIABLE_ASSIGNMENT|[32]|WBTemplateController.accessToken|"EAAVUhq0jVsUBOZCkt9x (185 more) ..."
04:25:24.0 (18525090)|STATEMENT_EXECUTE|[819]
04:25:24.0 (18526093)|STATEMENT_EXECUTE|[826]
04:25:24.0 (18534251)|SYSTEM_MODE_EXIT|true
04:25:24.0 (18554651)|METHOD_EXIT|[17]|WBTemplateController
04:25:24.0 (18560337)|HEAP_ALLOCATE|[EXTERNAL]|Bytes:471
04:25:24.0 (18571087)|VARIABLE_SCOPE_BEGIN|[453]|serializedWrapper|String|false|false
04:25:24.0 (18578810)|VARIABLE_ASSIGNMENT|[453]|serializedWrapper|"{\"templateName\":\"tes (451 more) ..."
04:25:24.0 (18592772)|SYSTEM_MODE_ENTER|true
04:25:24.0 (18603072)|HEAP_ALLOCATE|[454]|Bytes:5
04:25:24.0 (18605536)|STATEMENT_EXECUTE|[453]
04:25:24.0 (18606577)|STATEMENT_EXECUTE|[454]
04:25:24.0 (18618493)|HEAP_ALLOCATE|[454]|Bytes:4
04:25:24.0 (18626700)|VARIABLE_SCOPE_BEGIN|[454]|response|Map<String,ANY>|true|false
04:25:24.0 (18643234)|VARIABLE_ASSIGNMENT|[454]|response|{}|0x579353bc
04:25:24.0 (18646372)|STATEMENT_EXECUTE|[456]
04:25:24.0 (18647249)|STATEMENT_EXECUTE|[456]
04:25:24.0 (18723581)|STATEMENT_EXECUTE|[457]
04:25:24.0 (18724862)|STATEMENT_EXECUTE|[463]
04:25:24.0 (18726990)|HEAP_ALLOCATE|[463]|Bytes:37
04:25:24.0 (112476134)|HEAP_ALLOCATE|[463]|Bytes:33
04:25:24.0 (112522675)|SYSTEM_METHOD_ENTRY|[1]|Type.Type()
04:25:24.0 (112529752)|STATEMENT_EXECUTE|[1]
04:25:24.0 (112543764)|SYSTEM_METHOD_EXIT|[1]|Type
04:25:24.0 (112553588)|HEAP_ALLOCATE|[463]|Bytes:8
04:25:24.0 (112572296)|HEAP_ALLOCATE|[463]|Bytes:8
04:25:24.0 (112577355)|VARIABLE_SCOPE_BEGIN|[4]|this|System.Type|true|false
04:25:24.0 (112613244)|VARIABLE_ASSIGNMENT|[4]|this|{}|0x662e28aa
04:25:24.0 (112617030)|VARIABLE_SCOPE_BEGIN|[4]|apextype|java:common.apex.runtime.ApexObjectType|true|false
04:25:24.0 (112742402)|VARIABLE_ASSIGNMENT|[4]|apextype|"CreateTemplateWrapper.TemplateWrapper"|0x6313ac91
04:25:24.0 (114625095)|HEAP_ALLOCATE|[463]|Bytes:8
04:25:24.0 (114664521)|HEAP_ALLOCATE|[463]|Bytes:24
04:25:24.0 (114675825)|SYSTEM_METHOD_ENTRY|[1]|JSON.JSON()
04:25:24.0 (114679686)|STATEMENT_EXECUTE|[1]
04:25:24.0 (114684142)|SYSTEM_METHOD_EXIT|[1]|JSON
04:25:24.0 (114701771)|METHOD_ENTRY|[463]||System.JSON.deserialize(String, System.Type)
04:25:24.0 (117002707)|METHOD_EXIT|[463]||System.JSON.deserialize(String, System.Type)
04:25:24.0 (117016983)|VARIABLE_SCOPE_BEGIN|[463]|templateWrapper|CreateTemplateWrapper.TemplateWrapper|true|false
04:25:24.0 (117068909)|VARIABLE_ASSIGNMENT|[463]|templateWrapper|{"expireTime":300,"headAlternateTexts":"0x33f3abd3","packagename":"0x171d306e","signaturename":"0xe1215f","tempHeaderFormat":"None","tempHeaderText":"","tempLanguage":"en_US","templateBody":"Hello","templateCategory":"Marketing","templateName":"test_temp_1","templateType":"Custom","varAlternateTexts":"0x7ee862f6"}|0x506be3cb
04:25:24.0 (117076345)|STATEMENT_EXECUTE|[464]
04:25:24.0 (117079220)|HEAP_ALLOCATE|[464]|Bytes:30
04:25:24.0 (117178719)|HEAP_ALLOCATE|[464]|Bytes:530
04:25:24.0 (117193529)|HEAP_ALLOCATE|[464]|Bytes:560
04:25:24.0 (117216811)|USER_DEBUG|[464]|DEBUG|Deserialized TemplateWrapper: TemplateWrapper:[autofillCheck=null, expireTime=300, headAlternateTexts=(), marketingOptText=null, packagename=(), phoneNumber=null, signaturename=(), tempFooterText=null, tempHeaderExample=null, tempHeaderFormat=None, tempHeaderHandle=null, tempHeaderText=, tempImgId=null, tempImgName=null, tempImgUrl=null, tempLanguage=en_US, templateBody=Hello, templateBodyText=null, templateCategory=Marketing, templateMiscellaneousData=null, templateName=test_temp_1, templateType=Custom, typeOfButton=null, url=null, varAlternateTexts=()]
04:25:24.0 (117226270)|STATEMENT_EXECUTE|[466]
04:25:24.0 (117306557)|HEAP_ALLOCATE|[466]|Bytes:15
04:25:24.0 (117310177)|HEAP_ALLOCATE|[466]|Bytes:29
04:25:24.0 (117312548)|HEAP_ALLOCATE|[466]|Bytes:112
04:25:24.0 (117334170)|METHOD_ENTRY|[16]|01pgL000000Qgig|CreateTemplateWrapper.CreateTemplateWrapper()
04:25:24.0 (117337897)|STATEMENT_EXECUTE|[16]
04:25:24.0 (117340541)|STATEMENT_EXECUTE|[16]
04:25:24.0 (117347958)|HEAP_ALLOCATE|[466]|Bytes:5
04:25:24.0 (117350080)|STATEMENT_EXECUTE|[740]
04:25:24.0 (117359382)|METHOD_EXIT|[16]|CreateTemplateWrapper
04:25:24.0 (117373735)|METHOD_ENTRY|[466]|01pgL000000Qgig|CreateTemplateWrapper.buildPayload(CreateTemplateWrapper.TemplateWrapper)
04:25:24.0 (117385950)|VARIABLE_SCOPE_BEGIN|[24]|templateWrapper|CreateTemplateWrapper.TemplateWrapper|true|false
04:25:24.0 (117413094)|VARIABLE_ASSIGNMENT|[24]|templateWrapper|{"expireTime":300,"headAlternateTexts":"0x33f3abd3","packagename":"0x171d306e","signaturename":"0xe1215f","tempHeaderFormat":"None","tempHeaderText":"","tempLanguage":"en_US","templateBody":"Hello","templateCategory":"Marketing","templateName":"test_temp_1","templateType":"Custom","varAlternateTexts":"0x7ee862f6"}|0x506be3cb
04:25:24.0 (117421479)|HEAP_ALLOCATE|[25]|Bytes:5
04:25:24.0 (117424287)|STATEMENT_EXECUTE|[24]
04:25:24.0 (117425408)|STATEMENT_EXECUTE|[25]
04:25:24.0 (117426213)|STATEMENT_EXECUTE|[25]
04:25:24.0 (117427310)|STATEMENT_EXECUTE|[26]
04:25:24.0 (117428904)|HEAP_ALLOCATE|[26]|Bytes:23
04:25:24.0 (117484386)|HEAP_ALLOCATE|[26]|Bytes:530
04:25:24.0 (117492112)|HEAP_ALLOCATE|[26]|Bytes:553
04:25:24.0 (117499475)|USER_DEBUG|[26]|DEBUG|Template Wrapper is :: TemplateWrapper:[autofillCheck=null, expireTime=300, headAlternateTexts=(), marketingOptText=null, packagename=(), phoneNumber=null, signaturename=(), tempFooterText=null, tempHeaderExample=null, tempHeaderFormat=None, tempHeaderHandle=null, tempHeaderText=, tempImgId=null, tempImgName=null, tempImgUrl=null, tempLanguage=en_US, templateBody=Hello, templateBodyText=null, templateCategory=Marketing, templateMiscellaneousData=null, templateName=test_temp_1, templateType=Custom, typeOfButton=null, url=null, varAlternateTexts=()]
04:25:24.0 (117507593)|STATEMENT_EXECUTE|[27]
04:25:24.0 (117521599)|HEAP_ALLOCATE|[27]|Bytes:4
04:25:24.0 (117528806)|VARIABLE_SCOPE_BEGIN|[27]|payload|Map<String,ANY>|true|false
04:25:24.0 (117543630)|VARIABLE_ASSIGNMENT|[27]|payload|{}|0x15d1e453
04:25:24.0 (117546594)|STATEMENT_EXECUTE|[28]
04:25:24.0 (117548254)|HEAP_ALLOCATE|[28]|Bytes:4
04:25:24.0 (117584772)|HEAP_ALLOCATE|[EXTERNAL]|Bytes:-4
04:25:24.0 (117590702)|STATEMENT_EXECUTE|[29]
04:25:24.0 (117591971)|HEAP_ALLOCATE|[29]|Bytes:8
04:25:24.0 (117603164)|HEAP_ALLOCATE|[EXTERNAL]|Bytes:-4
04:25:24.0 (117606494)|STATEMENT_EXECUTE|[30]
04:25:24.0 (117608134)|HEAP_ALLOCATE|[30]|Bytes:8
04:25:24.0 (117618059)|HEAP_ALLOCATE|[EXTERNAL]|Bytes:-4
04:25:24.0 (117621421)|STATEMENT_EXECUTE|[32]
04:25:24.0 (117632998)|HEAP_ALLOCATE|[32]|Bytes:4
04:25:24.0 (117661434)|VARIABLE_SCOPE_BEGIN|[32]|components|List<Map<String,ANY>>|true|false
04:25:24.0 (117679725)|HEAP_ALLOCATE|[EXTERNAL]|Bytes:4
04:25:24.0 (117687489)|VARIABLE_ASSIGNMENT|[32]|components|[]|0x6292a566
04:25:24.0 (117690535)|STATEMENT_EXECUTE|[33]
04:25:24.0 (117695874)|METHOD_ENTRY|[33]|01pgL000000Qgig|CreateTemplateWrapper.buildMarketingOrUtilityComponents(CreateTemplateWrapper.TemplateWrapper)
04:25:24.0 (117702739)|VARIABLE_SCOPE_BEGIN|[61]|templateWrapper|CreateTemplateWrapper.TemplateWrapper|true|false
04:25:24.0 (117725074)|VARIABLE_ASSIGNMENT|[61]|templateWrapper|{"expireTime":300,"headAlternateTexts":"0x33f3abd3","packagename":"0x171d306e","signaturename":"0xe1215f","tempHeaderFormat":"None","tempHeaderText":"","tempLanguage":"en_US","templateBody":"Hello","templateCategory":"Marketing","templateName":"test_temp_1","templateType":"Custom","varAlternateTexts":"0x7ee862f6"}|0x506be3cb
04:25:24.0 (117733042)|HEAP_ALLOCATE|[62]|Bytes:5
04:25:24.0 (117735514)|STATEMENT_EXECUTE|[61]
04:25:24.0 (117736636)|STATEMENT_EXECUTE|[62]
04:25:24.0 (117737450)|STATEMENT_EXECUTE|[62]
04:25:24.0 (117738582)|STATEMENT_EXECUTE|[63]
04:25:24.0 (117743464)|HEAP_ALLOCATE|[63]|Bytes:4
04:25:24.0 (117753674)|VARIABLE_SCOPE_BEGIN|[63]|components|List<Map<String,ANY>>|true|false
04:25:24.0 (117761695)|HEAP_ALLOCATE|[EXTERNAL]|Bytes:4
04:25:24.0 (117765128)|VARIABLE_ASSIGNMENT|[63]|components|[]|0x4eb2453e
04:25:24.0 (117768356)|STATEMENT_EXECUTE|[64]
04:25:24.0 (117772582)|METHOD_ENTRY|[64]|01pgL000000Qgig|CreateTemplateWrapper.buildHeaderComponent(CreateTemplateWrapper.TemplateWrapper)
04:25:24.0 (117778445)|VARIABLE_SCOPE_BEGIN|[104]|templateWrapper|CreateTemplateWrapper.TemplateWrapper|true|false
04:25:24.0 (117802714)|VARIABLE_ASSIGNMENT|[104]|templateWrapper|{"expireTime":300,"headAlternateTexts":"0x33f3abd3","packagename":"0x171d306e","signaturename":"0xe1215f","tempHeaderFormat":"None","tempHeaderText":"","tempLanguage":"en_US","templateBody":"Hello","templateCategory":"Marketing","templateName":"test_temp_1","templateType":"Custom","varAlternateTexts":"0x7ee862f6"}|0x506be3cb
04:25:24.0 (117809816)|HEAP_ALLOCATE|[105]|Bytes:5
04:25:24.0 (117811942)|STATEMENT_EXECUTE|[104]
04:25:24.0 (117813073)|STATEMENT_EXECUTE|[105]
04:25:24.0 (117816957)|HEAP_ALLOCATE|[105]|Bytes:4
04:25:24.0 (117820317)|VARIABLE_SCOPE_BEGIN|[105]|headerComponent|Map<String,ANY>|true|false
04:25:24.0 (117826259)|VARIABLE_ASSIGNMENT|[105]|headerComponent|{}|0x2395e5bf
04:25:24.0 (117829129)|STATEMENT_EXECUTE|[107]
04:25:24.0 (117829934)|STATEMENT_EXECUTE|[107]
04:25:24.0 (117833949)|HEAP_ALLOCATE|[108]|Bytes:4
04:25:24.0 (117854064)|STATEMENT_EXECUTE|[108]
04:25:24.0 (117855155)|STATEMENT_EXECUTE|[109]
04:25:24.0 (117859730)|METHOD_EXIT|[64]|01pgL000000Qgig|CreateTemplateWrapper.buildHeaderComponent(CreateTemplateWrapper.TemplateWrapper)
04:25:24.0 (117862638)|VARIABLE_SCOPE_BEGIN|[64]|headerComponent|Map<String,ANY>|true|false
04:25:24.0 (117867499)|VARIABLE_ASSIGNMENT|[64]|headerComponent|{}|0x2395e5bf
04:25:24.0 (117882702)|STATEMENT_EXECUTE|[65]
04:25:24.0 (117884993)|STATEMENT_EXECUTE|[69]
04:25:24.0 (117885824)|STATEMENT_EXECUTE|[70]
04:25:24.0 (117886984)|HEAP_ALLOCATE|[70]|Bytes:30
04:25:24.0 (117891466)|HEAP_ALLOCATE|[70]|Bytes:35
04:25:24.0 (117916625)|USER_DEBUG|[70]|DEBUG|templateWrapper.templateBody: Hello
04:25:24.0 (117921024)|STATEMENT_EXECUTE|[72]
04:25:24.0 (117925970)|METHOD_ENTRY|[72]|01pgL000000Qgig|CreateTemplateWrapper.buildBodyComponent(CreateTemplateWrapper.TemplateWrapper)
04:25:24.0 (117931894)|VARIABLE_SCOPE_BEGIN|[143]|templateWrapper|CreateTemplateWrapper.TemplateWrapper|true|false
04:25:24.0 (117950019)|VARIABLE_ASSIGNMENT|[143]|templateWrapper|{"expireTime":300,"headAlternateTexts":"0x33f3abd3","packagename":"0x171d306e","signaturename":"0xe1215f","tempHeaderFormat":"None","tempHeaderText":"","tempLanguage":"en_US","templateBody":"Hello","templateCategory":"Marketing","templateName":"test_temp_1","templateType":"Custom","varAlternateTexts":"0x7ee862f6"}|0x506be3cb
04:25:24.0 (117956891)|HEAP_ALLOCATE|[144]|Bytes:5
04:25:24.0 (117959230)|STATEMENT_EXECUTE|[143]
04:25:24.0 (117960329)|STATEMENT_EXECUTE|[144]
04:25:24.0 (117961123)|STATEMENT_EXECUTE|[144]
04:25:24.0 (117962129)|STATEMENT_EXECUTE|[146]
04:25:24.0 (117963905)|VARIABLE_SCOPE_BEGIN|[146]|bodyComponent|Map<String,ANY>|true|false
04:25:24.0 (117968644)|VARIABLE_ASSIGNMENT|[146]|bodyComponent|null|
04:25:24.0 (117971048)|STATEMENT_EXECUTE|[147]
04:25:24.0 (117972421)|HEAP_ALLOCATE|[147]|Bytes:20
04:25:24.0 (117976509)|HEAP_ALLOCATE|[147]|Bytes:25
04:25:24.0 (117986169)|USER_DEBUG|[147]|DEBUG|Template bodyyy ::: Hello
04:25:24.0 (117991604)|HEAP_ALLOCATE|[148]|Bytes:14
04:25:24.0 (117996820)|STATEMENT_EXECUTE|[156]
04:25:24.0 (117997639)|STATEMENT_EXECUTE|[157]
04:25:24.0 (118001284)|HEAP_ALLOCATE|[157]|Bytes:4
04:25:24.0 (118005457)|HEAP_ALLOCATE|[158]|Bytes:4
04:25:24.0 (118010314)|HEAP_ALLOCATE|[158]|Bytes:4
04:25:24.0 (118027062)|HEAP_ALLOCATE|[159]|Bytes:4
04:25:24.0 (118029967)|HEAP_ALLOCATE|[159]|Bytes:2
04:25:24.0 (118032099)|HEAP_ALLOCATE|[159]|Bytes:1
04:25:24.0 (118055770)|HEAP_ALLOCATE|[159]|Bytes:5
04:25:24.0 (118070315)|VARIABLE_ASSIGNMENT|[157]|bodyComponent|{"type":"BODY","text":"Hello"}|0x7b2800fd
04:25:24.0 (118075735)|STATEMENT_EXECUTE|[164]
04:25:24.0 (118076836)|STATEMENT_EXECUTE|[171]
04:25:24.0 (118080814)|METHOD_EXIT|[72]|01pgL000000Qgig|CreateTemplateWrapper.buildBodyComponent(CreateTemplateWrapper.TemplateWrapper)
04:25:24.0 (118088307)|HEAP_ALLOCATE|[EXTERNAL]|Bytes:4
04:25:24.0 (118092834)|STATEMENT_EXECUTE|[75]
04:25:24.0 (118093884)|STATEMENT_EXECUTE|[82]
04:25:24.0 (118097957)|METHOD_ENTRY|[82]|01pgL000000Qgig|CreateTemplateWrapper.buildButtonComponent(CreateTemplateWrapper.TemplateWrapper)
04:25:24.0 (118103807)|VARIABLE_SCOPE_BEGIN|[243]|templateWrapper|CreateTemplateWrapper.TemplateWrapper|true|false
04:25:24.0 (118121979)|VARIABLE_ASSIGNMENT|[243]|templateWrapper|{"expireTime":300,"headAlternateTexts":"0x33f3abd3","packagename":"0x171d306e","signaturename":"0xe1215f","tempHeaderFormat":"None","tempHeaderText":"","tempLanguage":"en_US","templateBody":"Hello","templateCategory":"Marketing","templateName":"test_temp_1","templateType":"Custom","varAlternateTexts":"0x7ee862f6"}|0x506be3cb
04:25:24.0 (118129100)|HEAP_ALLOCATE|[244]|Bytes:5
04:25:24.0 (118131769)|STATEMENT_EXECUTE|[243]
04:25:24.0 (118132726)|STATEMENT_EXECUTE|[244]
04:25:24.0 (118137541)|HEAP_ALLOCATE|[244]|Bytes:4
04:25:24.0 (118149347)|VARIABLE_SCOPE_BEGIN|[244]|buttonComponents|List<Map<String,ANY>>|true|false
04:25:24.0 (118158499)|HEAP_ALLOCATE|[EXTERNAL]|Bytes:4
04:25:24.0 (118162170)|VARIABLE_ASSIGNMENT|[244]|buttonComponents|[]|0x7dd30a3a
04:25:24.0 (118165033)|STATEMENT_EXECUTE|[246]
04:25:24.0 (118165899)|STATEMENT_EXECUTE|[246]
04:25:24.0 (118171619)|STATEMENT_EXECUTE|[248]
04:25:24.0 (118186569)|STATEMENT_EXECUTE|[259]
04:25:24.0 (118187642)|STATEMENT_EXECUTE|[260]
04:25:24.0 (118191502)|METHOD_EXIT|[82]|01pgL000000Qgig|CreateTemplateWrapper.buildButtonComponent(CreateTemplateWrapper.TemplateWrapper)
04:25:24.0 (118194569)|VARIABLE_SCOPE_BEGIN|[82]|buttonComponents|List<Map<String,ANY>>|true|false
04:25:24.0 (118199734)|VARIABLE_ASSIGNMENT|[82]|buttonComponents|[]|0x7dd30a3a
04:25:24.0 (118212162)|STATEMENT_EXECUTE|[83]
04:25:24.0 (118213076)|STATEMENT_EXECUTE|[89]
04:25:24.0 (118216278)|METHOD_EXIT|[33]|01pgL000000Qgig|CreateTemplateWrapper.buildMarketingOrUtilityComponents(CreateTemplateWrapper.TemplateWrapper)
04:25:24.0 (118230862)|HEAP_ALLOCATE|[33]|Bytes:12
04:25:24.0 (118235794)|HEAP_ALLOCATE|[33]|Bytes:12
04:25:24.0 (118237879)|HEAP_ALLOCATE|[EXTERNAL]|Bytes:4
04:25:24.0 (118239671)|HEAP_ALLOCATE|[33]|Bytes:4
04:25:24.0 (118249900)|STATEMENT_EXECUTE|[35]
04:25:24.0 (118250790)|STATEMENT_EXECUTE|[36]
04:25:24.0 (118252135)|HEAP_ALLOCATE|[36]|Bytes:10
04:25:24.0 (118264882)|HEAP_ALLOCATE|[EXTERNAL]|Bytes:-4
04:25:24.0 (118273171)|HEAP_ALLOCATE|[38]|Bytes:7
04:25:24.0 (118277825)|STATEMENT_EXECUTE|[38]
04:25:24.0 (118278777)|STATEMENT_EXECUTE|[45]
04:25:24.0 (118279934)|HEAP_ALLOCATE|[45]|Bytes:15
04:25:24.0 (118285472)|METHOD_ENTRY|[45]||System.JSON.serialize(Object)
04:25:24.0 (118811389)|METHOD_EXIT|[45]||System.JSON.serialize(Object)
04:25:24.0 (118819170)|HEAP_ALLOCATE|[45]|Bytes:125
04:25:24.0 (118830305)|USER_DEBUG|[45]|DEBUG|Final Payload: {"components":[{"text":"Hello","type":"BODY"}],"category":"Marketing","language":"en_US","name":"test_temp_1"}
04:25:24.0 (118835839)|STATEMENT_EXECUTE|[46]
04:25:24.0 (118840924)|METHOD_EXIT|[466]|01pgL000000Qgig|CreateTemplateWrapper.buildPayload(CreateTemplateWrapper.TemplateWrapper)
04:25:24.0 (118844462)|VARIABLE_SCOPE_BEGIN|[466]|payload|Map<String,ANY>|true|false
04:25:24.0 (118860604)|VARIABLE_ASSIGNMENT|[466]|payload|{"name":"test_temp_1","language":"en_US","category":"Marketing","components":[{"type":"BODY","text":"Hello"}]}|0x15d1e453
04:25:24.0 (118863761)|STATEMENT_EXECUTE|[467]
04:25:24.0 (118865278)|HEAP_ALLOCATE|[467]|Bytes:33
04:25:24.0 (118882428)|HEAP_ALLOCATE|[467]|Bytes:18
04:25:24.0 (118890484)|HEAP_ALLOCATE|[467]|Bytes:66
04:25:24.0 (118916785)|VARIABLE_ASSIGNMENT|[467]|WBTemplateController.endpoint|"https://graph.facebo (46 more) ..."
04:25:24.0 (118919690)|STATEMENT_EXECUTE|[469]
04:25:24.0 (118939895)|VARIABLE_SCOPE_BEGIN|[469]|req|System.HttpRequest|true|false
04:25:24.0 (119012948)|VARIABLE_ASSIGNMENT|[469]|req|"System.HttpRequest[Endpoint=null, Method=null]"|0x316335db
04:25:24.0 (119017425)|STATEMENT_EXECUTE|[470]
04:25:24.0 (119065153)|STATEMENT_EXECUTE|[471]
04:25:24.0 (119067203)|HEAP_ALLOCATE|[471]|Bytes:4
04:25:24.0 (119079362)|STATEMENT_EXECUTE|[472]
04:25:24.0 (119080600)|HEAP_ALLOCATE|[472]|Bytes:12
04:25:24.0 (119082704)|HEAP_ALLOCATE|[472]|Bytes:16
04:25:24.0 (119099693)|STATEMENT_EXECUTE|[473]
04:25:24.0 (119101421)|HEAP_ALLOCATE|[473]|Bytes:13
04:25:24.0 (119103909)|HEAP_ALLOCATE|[473]|Bytes:7
04:25:24.0 (119108551)|HEAP_ALLOCATE|[473]|Bytes:212
04:25:24.0 (119118892)|STATEMENT_EXECUTE|[474]
04:25:24.0 (119122732)|METHOD_ENTRY|[474]||System.JSON.serialize(Object)
04:25:24.0 (119436299)|METHOD_EXIT|[474]||System.JSON.serialize(Object)
04:25:24.0 (119485129)|STATEMENT_EXECUTE|[476]
04:25:24.0 (119499756)|VARIABLE_SCOPE_BEGIN|[476]|http|System.Http|true|false
04:25:24.0 (119553632)|VARIABLE_ASSIGNMENT|[476]|http|"System.Http[]"|0x2c71735b
04:25:24.0 (119557071)|STATEMENT_EXECUTE|[477]
04:25:24.0 (119722113)|CALLOUT_REQUEST|[477]|System.HttpRequest[Endpoint=https://graph.facebook.com/v20.0/499269473267232/message_templates, Method=POST]
04:25:26.417 (2417517248)|HEAP_ALLOCATE|[EXTERNAL]|Bytes:1003
04:25:26.417 (2420114255)|CALLOUT_RESPONSE|[477]|System.HttpResponse[Status=OK, StatusCode=200]
04:25:26.417 (2420150637)|HEAP_ALLOCATE|[477]|Bytes:73
04:25:26.417 (2420188078)|VARIABLE_SCOPE_BEGIN|[477]|res|System.HttpResponse|true|false
04:25:26.417 (2420252998)|VARIABLE_ASSIGNMENT|[477]|res|"System.HttpResponse[Status=OK, StatusCode=200]"|0x6b51082b
04:25:26.417 (2420259180)|STATEMENT_EXECUTE|[478]
04:25:26.417 (2420264672)|HEAP_ALLOCATE|[478]|Bytes:17
04:25:26.417 (2420366034)|HEAP_ALLOCATE|[478]|Bytes:67
04:25:26.417 (2420384110)|HEAP_ALLOCATE|[478]|Bytes:84
04:25:26.417 (2420412496)|USER_DEBUG|[478]|DEBUG|Response Body ==>{"id":"1227011715821854","status":"PENDING","category":"MARKETING"}
04:25:26.417 (2420438600)|STATEMENT_EXECUTE|[480]
04:25:26.417 (2420439787)|STATEMENT_EXECUTE|[482]
04:25:26.417 (2420441615)|HEAP_ALLOCATE|[482]|Bytes:10
04:25:26.417 (2420491548)|HEAP_ALLOCATE|[482]|Bytes:46
04:25:26.417 (2420498630)|HEAP_ALLOCATE|[482]|Bytes:56
04:25:26.417 (2420506665)|USER_DEBUG|[482]|DEBUG|Res is :: System.HttpResponse[Status=OK, StatusCode=200]
04:25:26.417 (2420510879)|STATEMENT_EXECUTE|[483]
04:25:26.417 (2420512334)|HEAP_ALLOCATE|[483]|Bytes:14
04:25:26.417 (2420545170)|HEAP_ALLOCATE|[483]|Bytes:92
04:25:26.417 (2420550947)|HEAP_ALLOCATE|[483]|Bytes:106
04:25:26.417 (2420556135)|USER_DEBUG|[483]|DEBUG|payload is :: {category=Marketing, components=({text=Hello, type=BODY}), language=en_US, name=test_temp_1}
04:25:26.417 (2420560603)|STATEMENT_EXECUTE|[484]
04:25:26.417 (2420562019)|HEAP_ALLOCATE|[484]|Bytes:15
04:25:26.417 (2420573467)|HEAP_ALLOCATE|[484]|Bytes:2
04:25:26.417 (2420578559)|HEAP_ALLOCATE|[484]|Bytes:17
04:25:26.417 (2420583129)|USER_DEBUG|[484]|DEBUG|response is :: {}
04:25:26.417 (2420587155)|STATEMENT_EXECUTE|[485]
04:25:26.417 (2420588451)|HEAP_ALLOCATE|[485]|Bytes:22
04:25:26.417 (2420658629)|HEAP_ALLOCATE|[485]|Bytes:530
04:25:26.417 (2420664600)|HEAP_ALLOCATE|[485]|Bytes:552
04:25:26.417 (2420670851)|USER_DEBUG|[485]|DEBUG|templateWrapper is :: TemplateWrapper:[autofillCheck=null, expireTime=300, headAlternateTexts=(), marketingOptText=null, packagename=(), phoneNumber=null, signaturename=(), tempFooterText=null, tempHeaderExample=null, tempHeaderFormat=None, tempHeaderHandle=null, tempHeaderText=, tempImgId=null, tempImgName=null, tempImgUrl=null, tempLanguage=en_US, templateBody=Hello, templateBodyText=null, templateCategory=Marketing, templateMiscellaneousData=null, templateName=test_temp_1, templateType=Custom, typeOfButton=null, url=null, varAlternateTexts=()]
04:25:26.417 (2420678744)|STATEMENT_EXECUTE|[486]
04:25:26.417 (2420700691)|METHOD_ENTRY|[486]|01pgL000000Qgig|CreateTemplateWrapper.handleSuccessResponse(System.HttpResponse, Map<String,ANY>, Map<String,ANY>, CreateTemplateWrapper.TemplateWrapper)
04:25:26.417 (2420716585)|VARIABLE_SCOPE_BEGIN|[336]|res|System.HttpResponse|true|false
04:25:26.417 (2420751406)|VARIABLE_ASSIGNMENT|[336]|res|"System.HttpResponse[Status=OK, StatusCode=200]"|0x6b51082b
04:25:26.417 (2420756131)|VARIABLE_SCOPE_BEGIN|[336]|payload|Map<String,ANY>|true|false
04:25:26.417 (2420782310)|VARIABLE_ASSIGNMENT|[336]|payload|{"name":"test_temp_1","language":"en_US","category":"Marketing","components":[{"type":"BODY","text":"Hello"}]}|0x15d1e453
04:25:26.417 (2420785529)|VARIABLE_SCOPE_BEGIN|[336]|response|Map<String,ANY>|true|false
04:25:26.417 (2420790305)|VARIABLE_ASSIGNMENT|[336]|response|{}|0x579353bc
04:25:26.417 (2420793354)|VARIABLE_SCOPE_BEGIN|[336]|templateWrapper|CreateTemplateWrapper.TemplateWrapper|true|false
04:25:26.417 (2420836675)|VARIABLE_ASSIGNMENT|[336]|templateWrapper|{"expireTime":300,"headAlternateTexts":"0x33f3abd3","packagename":"0x171d306e","signaturename":"0xe1215f","tempHeaderFormat":"None","tempHeaderText":"","tempLanguage":"en_US","templateBody":"Hello","templateCategory":"Marketing","templateName":"test_temp_1","templateType":"Custom","varAlternateTexts":"0x7ee862f6"}|0x506be3cb
04:25:26.417 (2420856303)|HEAP_ALLOCATE|[337]|Bytes:5
04:25:26.417 (2420859179)|STATEMENT_EXECUTE|[336]
04:25:26.417 (2420860306)|STATEMENT_EXECUTE|[337]
04:25:26.417 (2420874463)|VARIABLE_SCOPE_BEGIN|[337]|templateId|Id|false|false
04:25:26.417 (2420879967)|VARIABLE_ASSIGNMENT|[337]|templateId|null
04:25:26.417 (2420882451)|STATEMENT_EXECUTE|[338]
04:25:26.417 (2420898132)|HEAP_ALLOCATE|[338]|Bytes:46
04:25:26.417 (2420904045)|HEAP_ALLOCATE|[338]|Bytes:56
04:25:26.417 (2420910511)|USER_DEBUG|[338]|DEBUG|Res is :: System.HttpResponse[Status=OK, StatusCode=200]
04:25:26.417 (2420914957)|STATEMENT_EXECUTE|[339]
04:25:26.417 (2420928247)|HEAP_ALLOCATE|[339]|Bytes:92
04:25:26.417 (2420933459)|HEAP_ALLOCATE|[339]|Bytes:106
04:25:26.417 (2420938209)|USER_DEBUG|[339]|DEBUG|payload is :: {category=Marketing, components=({text=Hello, type=BODY}), language=en_US, name=test_temp_1}
04:25:26.417 (2420942270)|STATEMENT_EXECUTE|[340]
04:25:26.417 (2420950327)|HEAP_ALLOCATE|[340]|Bytes:2
04:25:26.417 (2420955078)|HEAP_ALLOCATE|[340]|Bytes:17
04:25:26.417 (2420959620)|USER_DEBUG|[340]|DEBUG|response is :: {}
04:25:26.417 (2420963512)|STATEMENT_EXECUTE|[341]
04:25:26.417 (2420995238)|HEAP_ALLOCATE|[341]|Bytes:530
04:25:26.417 (2421000885)|HEAP_ALLOCATE|[341]|Bytes:552
04:25:26.417 (2421006454)|USER_DEBUG|[341]|DEBUG|templateWrapper is :: TemplateWrapper:[autofillCheck=null, expireTime=300, headAlternateTexts=(), marketingOptText=null, packagename=(), phoneNumber=null, signaturename=(), tempFooterText=null, tempHeaderExample=null, tempHeaderFormat=None, tempHeaderHandle=null, tempHeaderText=, tempImgId=null, tempImgName=null, tempImgUrl=null, tempLanguage=en_US, templateBody=Hello, templateBodyText=null, templateCategory=Marketing, templateMiscellaneousData=null, templateName=test_temp_1, templateType=Custom, typeOfButton=null, url=null, varAlternateTexts=()]
04:25:26.417 (2421013735)|STATEMENT_EXECUTE|[342]
04:25:26.417 (2421014627)|STATEMENT_EXECUTE|[342]
04:25:26.417 (2421015796)|STATEMENT_EXECUTE|[344]
04:25:26.417 (2421038007)|HEAP_ALLOCATE|[344]|Bytes:67
04:25:26.417 (2421049105)|METHOD_ENTRY|[344]||System.JSON.deserializeUntyped(String)
04:25:26.417 (2421326528)|METHOD_EXIT|[344]||System.JSON.deserializeUntyped(String)
04:25:26.417 (2421333450)|VARIABLE_SCOPE_BEGIN|[344]|responseMap|Map<String,ANY>|true|false
04:25:26.417 (2421347530)|VARIABLE_ASSIGNMENT|[344]|responseMap|{"id":"1227011715821854","status":"PENDING","category":"MARKETING"}|0x3b4bcabc
04:25:26.417 (2421350859)|STATEMENT_EXECUTE|[345]
04:25:26.417 (2421354821)|METHOD_ENTRY|[345]||System.JSON.serialize(Object)
04:25:26.417 (2421784016)|METHOD_EXIT|[345]||System.JSON.serialize(Object)
04:25:26.417 (2421789821)|METHOD_ENTRY|[345]||System.JSON.deserializeUntyped(String)
04:25:26.417 (2422036672)|METHOD_EXIT|[345]||System.JSON.deserializeUntyped(String)
04:25:26.417 (2422042370)|VARIABLE_SCOPE_BEGIN|[345]|payloadMap|Map<String,ANY>|true|false
04:25:26.417 (2422054518)|HEAP_ALLOCATE|[EXTERNAL]|Bytes:8
04:25:26.417 (2422070619)|VARIABLE_ASSIGNMENT|[345]|payloadMap|{"components":[{"text":"Hello","type":"BODY"}],"category":"Marketing","language":"en_US","name":"test_temp_1"}|0xb576b36
04:25:26.417 (2422074757)|STATEMENT_EXECUTE|[348]
04:25:26.417 (2422077091)|VARIABLE_SCOPE_BEGIN|[348]|buttonDetails|String|false|false
04:25:26.417 (2422082741)|VARIABLE_ASSIGNMENT|[348]|buttonDetails|null
04:25:26.417 (2422084971)|STATEMENT_EXECUTE|[349]
04:25:26.417 (2422109116)|VARIABLE_SCOPE_BEGIN|[349]|templatename|String|false|false
04:25:26.417 (2422114331)|VARIABLE_ASSIGNMENT|[349]|templatename|"test_temp_1"
04:25:26.417 (2422116584)|STATEMENT_EXECUTE|[350]
04:25:26.417 (2422177668)|VARIABLE_SCOPE_BEGIN|[350]|whatsAppTemplate|Template__c|true|false
04:25:26.417 (2422183304)|VARIABLE_ASSIGNMENT|[350]|whatsAppTemplate|null|
04:25:26.417 (2422185601)|STATEMENT_EXECUTE|[359]
04:25:26.417 (2422188019)|HEAP_ALLOCATE|[359]|Bytes:89
04:25:26.417 (2422197498)|HEAP_ALLOCATE|[359]|Bytes:4
04:25:26.417 (2422561330)|SOQL_EXECUTE_BEGIN|[359]|Aggregations:0|SELECT Id, Name, Template_Name__c, Template_Id__c FROM Template__c WITH SECURITY_ENFORCED
04:25:26.417 (2425996339)|HEAP_ALLOCATE|[EXTERNAL]|Bytes:4
04:25:26.417 (2426127615)|HEAP_ALLOCATE|[EXTERNAL]|Bytes:4
04:25:26.417 (2428122832)|HEAP_ALLOCATE|[EXTERNAL]|Bytes:4
04:25:26.417 (2428235638)|HEAP_ALLOCATE|[EXTERNAL]|Bytes:4
04:25:26.417 (2446743005)|SOQL_EXECUTE_END|[359]|Rows:93
04:25:26.417 (2446774827)|HEAP_ALLOCATE|[359]|Bytes:376
04:25:26.417 (2446870458)|HEAP_ALLOCATE|[359]|Bytes:10465
04:25:26.417 (2446934027)|HEAP_ALLOCATE|[359]|Bytes:376
04:25:26.417 (2446949963)|VARIABLE_SCOPE_BEGIN|[359]|allTemplates|List<Template__c>|true|false
04:25:26.417 (2446970007)|VARIABLE_ASSIGNMENT|[359]|allTemplates|"List of size 93 too large to display"|0x1821f4ee
04:25:26.417 (2446975112)|STATEMENT_EXECUTE|[364]
04:25:26.417 (2446983392)|HEAP_ALLOCATE|[364]|Bytes:4
04:25:26.417 (2447065215)|VARIABLE_SCOPE_BEGIN|[364]|whatsAppTemplateList|List<Template__c>|true|false
04:25:26.417 (2447070918)|HEAP_ALLOCATE|[EXTERNAL]|Bytes:4
04:25:26.417 (2447076671)|VARIABLE_ASSIGNMENT|[364]|whatsAppTemplateList|[]|0x6167accf
04:25:26.417 (2447205751)|HEAP_ALLOCATE|[365]|Bytes:5
04:25:26.417 (2447222232)|HEAP_ALLOCATE|[365]|Bytes:20
04:25:26.417 (2447230631)|VARIABLE_SCOPE_BEGIN|[365]|template|Template__c|true|false
04:25:26.417 (2447246687)|VARIABLE_ASSIGNMENT|[365]|template|{"Id":"a0DgL000001Uo0SUAS","Name":"WBC-0000","Template_Name__c":"testtemplate2","Template_Id__c":"696443882813141"}|0x259f65f1
04:25:26.417 (2447251519)|STATEMENT_EXECUTE|[365]
04:25:26.417 (2447339895)|STATEMENT_EXECUTE|[366]
04:25:26.417 (2447346277)|HEAP_ALLOCATE|[365]|Bytes:5
04:25:26.417 (2447352246)|HEAP_ALLOCATE|[365]|Bytes:20
04:25:26.417 (2447355358)|VARIABLE_SCOPE_BEGIN|[365]|template|Template__c|true|false
04:25:26.417 (2447364084)|VARIABLE_ASSIGNMENT|[365]|template|{"Id":"a0DgL000001W1a5UAC","Name":"WBC-0005","Template_Name__c":"testcalltemplate1","Template_Id__c":"1731901891016159"}|0x2383b37d
04:25:26.417 (2447367630)|STATEMENT_EXECUTE|[365]
04:25:26.417 (2447379922)|STATEMENT_EXECUTE|[366]
04:25:26.417 (2447383540)|HEAP_ALLOCATE|[365]|Bytes:5
04:25:26.417 (2447387804)|HEAP_ALLOCATE|[365]|Bytes:20
04:25:26.417 (2447390527)|VARIABLE_SCOPE_BEGIN|[365]|template|Template__c|true|false
04:25:26.417 (2447397801)|VARIABLE_ASSIGNMENT|[365]|template|{"Id":"a0DgL000001WIHNUA4","Name":"WBC-0012","Template_Name__c":"testbuttontemp9","Template_Id__c":"1870074500428898"}|0x485f8f6
04:25:26.417 (2447400853)|STATEMENT_EXECUTE|[365]
04:25:26.417 (2447409950)|STATEMENT_EXECUTE|[366]
04:25:26.417 (2447413246)|HEAP_ALLOCATE|[365]|Bytes:5
04:25:26.417 (2447417327)|HEAP_ALLOCATE|[365]|Bytes:20
04:25:26.417 (2447419915)|VARIABLE_SCOPE_BEGIN|[365]|template|Template__c|true|false
04:25:26.417 (2447426835)|VARIABLE_ASSIGNMENT|[365]|template|{"Id":"a0DgL000001WMPpUAO","Name":"WBC-0013","Template_Name__c":"testbuttontemp10","Template_Id__c":"657746323331632"}|0x29096dc7
04:25:26.417 (2447429756)|STATEMENT_EXECUTE|[365]
04:25:26.417 (2447438403)|STATEMENT_EXECUTE|[366]
04:25:26.417 (2447441643)|HEAP_ALLOCATE|[365]|Bytes:5
04:25:26.417 (2447445762)|HEAP_ALLOCATE|[365]|Bytes:20
04:25:26.417 (2447448333)|VARIABLE_SCOPE_BEGIN|[365]|template|Template__c|true|false
04:25:26.417 (2447456123)|VARIABLE_ASSIGNMENT|[365]|template|{"Id":"a0DgL000001YBznUAG","Name":"WBC-0016","Template_Name__c":"tempwebsite2","Template_Id__c":"991752186393787"}|0x776725fa
04:25:26.417 (2447459048)|STATEMENT_EXECUTE|[365]
04:25:26.417 (2447467190)|STATEMENT_EXECUTE|[366]
04:25:26.417 (2447470443)|HEAP_ALLOCATE|[365]|Bytes:5
04:25:26.417 (2447474697)|HEAP_ALLOCATE|[365]|Bytes:20
04:25:26.417 (2447477326)|VARIABLE_SCOPE_BEGIN|[365]|template|Template__c|true|false
04:25:26.417 (2447484012)|VARIABLE_ASSIGNMENT|[365]|template|{"Id":"a0DgL000001YUntUAG","Name":"WBC-0014","Template_Name__c":"testmarketbutton1","Template_Id__c":"661774273035150"}|0x49c16830
04:25:26.417 (2447486970)|STATEMENT_EXECUTE|[365]
04:25:26.417 (2447495227)|STATEMENT_EXECUTE|[366]
04:25:26.417 (2447498539)|HEAP_ALLOCATE|[365]|Bytes:5
04:25:26.417 (2447502638)|HEAP_ALLOCATE|[365]|Bytes:20
04:25:26.417 (2447505164)|VARIABLE_SCOPE_BEGIN|[365]|template|Template__c|true|false
04:25:26.417 (2447511474)|VARIABLE_ASSIGNMENT|[365]|template|{"Id":"a0DgL000001YV0nUAG","Name":"WBC-0015","Template_Name__c":"tempwebsite1","Template_Id__c":"2088281145006199"}|0x62287bb6
04:25:26.417 (2447514412)|STATEMENT_EXECUTE|[365]
04:25:26.417 (2447521894)|STATEMENT_EXECUTE|[366]
04:25:26.417 (2447525134)|HEAP_ALLOCATE|[365]|Bytes:5
04:25:26.417 (2447529126)|HEAP_ALLOCATE|[365]|Bytes:20
04:25:26.417 (2447531687)|VARIABLE_SCOPE_BEGIN|[365]|template|Template__c|true|false
04:25:26.417 (2447537878)|VARIABLE_ASSIGNMENT|[365]|template|{"Id":"a0DgL000001YVyTUAW","Name":"WBC-0017","Template_Name__c":"tempoffer1","Template_Id__c":"1157427235706544"}|0xad4561
04:25:26.417 (2447540658)|STATEMENT_EXECUTE|[365]
04:25:26.417 (2447548282)|STATEMENT_EXECUTE|[366]
04:25:26.417 (2447551530)|HEAP_ALLOCATE|[365]|Bytes:5
04:25:26.417 (2447555501)|HEAP_ALLOCATE|[365]|Bytes:20
04:25:26.417 (2447558006)|VARIABLE_SCOPE_BEGIN|[365]|template|Template__c|true|false
04:25:26.417 (2447564228)|VARIABLE_ASSIGNMENT|[365]|template|{"Id":"a0DgL000001YZh7UAG","Name":"WBC-0021","Template_Name__c":"tempoffer7","Template_Id__c":"1037885594561697"}|0x4eabe87b
04:25:26.417 (2447567010)|STATEMENT_EXECUTE|[365]
04:25:26.417 (2447574456)|STATEMENT_EXECUTE|[366]
04:25:26.417 (2447577641)|HEAP_ALLOCATE|[365]|Bytes:5
04:25:26.417 (2447581636)|HEAP_ALLOCATE|[365]|Bytes:20
04:25:26.417 (2447584165)|VARIABLE_SCOPE_BEGIN|[365]|template|Template__c|true|false
04:25:26.417 (2447590448)|VARIABLE_ASSIGNMENT|[365]|template|{"Id":"a0DgL000001Yb7pUAC","Name":"WBC-0022","Template_Name__c":"tempoffer8","Template_Id__c":"1046072017431035"}|0xce99976
04:25:26.417 (2447593149)|STATEMENT_EXECUTE|[365]
04:25:26.417 (2447600661)|STATEMENT_EXECUTE|[366]
04:25:26.417 (2447603930)|HEAP_ALLOCATE|[365]|Bytes:5
04:25:26.417 (2447608202)|HEAP_ALLOCATE|[365]|Bytes:20
04:25:26.417 (2447610759)|VARIABLE_SCOPE_BEGIN|[365]|template|Template__c|true|false
04:25:26.417 (2447616919)|VARIABLE_ASSIGNMENT|[365]|template|{"Id":"a0DgL000001YbKjUAK","Name":"WBC-0023","Template_Name__c":"tempoffer9","Template_Id__c":"1619851521997309"}|0x2d3da696
04:25:26.417 (2447619805)|STATEMENT_EXECUTE|[365]
04:25:26.417 (2447627392)|STATEMENT_EXECUTE|[366]
04:25:26.417 (2447630654)|HEAP_ALLOCATE|[365]|Bytes:5
04:25:26.417 (2447634783)|HEAP_ALLOCATE|[365]|Bytes:20
04:25:26.417 (2447637316)|VARIABLE_SCOPE_BEGIN|[365]|template|Template__c|true|false
04:25:26.417 (2447643977)|VARIABLE_ASSIGNMENT|[365]|template|{"Id":"a0DgL000001YdJVUA0","Name":"WBC-0025","Template_Name__c":"tempallbuttons1","Template_Id__c":"649808911000838"}|0x4751681d
04:25:26.417 (2447648778)|STATEMENT_EXECUTE|[365]
04:25:26.417 (2447656584)|STATEMENT_EXECUTE|[366]
04:25:26.417 (2447659811)|HEAP_ALLOCATE|[365]|Bytes:5
04:25:26.417 (2447663941)|HEAP_ALLOCATE|[365]|Bytes:20
04:25:26.417 (2447666409)|VARIABLE_SCOPE_BEGIN|[365]|template|Template__c|true|false
04:25:26.417 (2447672822)|VARIABLE_ASSIGNMENT|[365]|template|{"Id":"a0DgL000001YjbdUAC","Name":"WBC-0028","Template_Name__c":"tempallbuttons6","Template_Id__c":"1169627694819900"}|0x5628a8bc
04:25:26.417 (2447675692)|STATEMENT_EXECUTE|[365]
04:25:26.417 (2447683146)|STATEMENT_EXECUTE|[366]
04:25:26.417 (2447686438)|HEAP_ALLOCATE|[365]|Bytes:5
04:25:26.417 (2447690622)|HEAP_ALLOCATE|[365]|Bytes:20
04:25:26.417 (2447693117)|VARIABLE_SCOPE_BEGIN|[365]|template|Template__c|true|false
04:25:26.417 (2447699439)|VARIABLE_ASSIGNMENT|[365]|template|{"Id":"a0DgL000001Yp60UAC","Name":"WBC-0031","Template_Name__c":"templateoffer2","Template_Id__c":"2754815904703473"}|0x164aa926
04:25:26.417 (2447702171)|STATEMENT_EXECUTE|[365]
04:25:26.417 (2447709659)|STATEMENT_EXECUTE|[366]
04:25:26.417 (2447712878)|HEAP_ALLOCATE|[365]|Bytes:5
04:25:26.417 (2447716880)|HEAP_ALLOCATE|[365]|Bytes:20
04:25:26.417 (2447719305)|VARIABLE_SCOPE_BEGIN|[365]|template|Template__c|true|false
04:25:26.417 (2447725314)|VARIABLE_ASSIGNMENT|[365]|template|{"Id":"a0DgL000001YsFAUA0","Name":"WBC-0032","Template_Name__c":"testoffer6","Template_Id__c":"1029344839099953"}|0x5683b46f
04:25:26.417 (2447728109)|STATEMENT_EXECUTE|[365]
04:25:26.417 (2447736264)|STATEMENT_EXECUTE|[366]
04:25:26.417 (2447739532)|HEAP_ALLOCATE|[365]|Bytes:5
04:25:26.417 (2447743580)|HEAP_ALLOCATE|[365]|Bytes:20
04:25:26.417 (2447746021)|VARIABLE_SCOPE_BEGIN|[365]|template|Template__c|true|false
04:25:26.417 (2447752244)|VARIABLE_ASSIGNMENT|[365]|template|{"Id":"a0DgL000001YtpVUAS","Name":"WBC-0029","Template_Name__c":"tempoffer13","Template_Id__c":"642556351688435"}|0x1ade3f22
04:25:26.417 (2447755039)|STATEMENT_EXECUTE|[365]
04:25:26.417 (2447762511)|STATEMENT_EXECUTE|[366]
04:25:26.417 (2447765975)|HEAP_ALLOCATE|[365]|Bytes:5
04:25:26.417 (2447770125)|HEAP_ALLOCATE|[365]|Bytes:20
04:25:26.417 (2447772619)|VARIABLE_SCOPE_BEGIN|[365]|template|Template__c|true|false
04:25:26.417 (2447778823)|VARIABLE_ASSIGNMENT|[365]|template|{"Id":"a0DgL000001Yu5dUAC","Name":"WBC-0030","Template_Name__c":"templateoffer1","Template_Id__c":"979441937627264"}|0x9a0098d
04:25:26.417 (2447781701)|STATEMENT_EXECUTE|[365]
04:25:26.417 (2447789165)|STATEMENT_EXECUTE|[366]
04:25:26.417 (2447792473)|HEAP_ALLOCATE|[365]|Bytes:5
04:25:26.417 (2447796700)|HEAP_ALLOCATE|[365]|Bytes:20
04:25:26.417 (2447799238)|VARIABLE_SCOPE_BEGIN|[365]|template|Template__c|true|false
04:25:26.417 (2447833584)|VARIABLE_ASSIGNMENT|[365]|template|{"Id":"a0DgL000001Yv4wUAC","Name":"WBC-0035","Template_Name__c":"testoffer16","Template_Id__c":"2560776374133034"}|0x4ae08206
04:25:26.417 (2447837858)|STATEMENT_EXECUTE|[365]
04:25:26.417 (2447848203)|STATEMENT_EXECUTE|[366]
04:25:26.417 (2447852128)|HEAP_ALLOCATE|[365]|Bytes:5
04:25:26.417 (2447856598)|HEAP_ALLOCATE|[365]|Bytes:20
04:25:26.417 (2447859726)|VARIABLE_SCOPE_BEGIN|[365]|template|Template__c|true|false
04:25:26.417 (2447866423)|VARIABLE_ASSIGNMENT|[365]|template|{"Id":"a0DgL000001YvuXUAS","Name":"WBC-0034","Template_Name__c":"templateoffer5","Template_Id__c":"1266767798391440"}|0x10b77f9
04:25:26.417 (2447869356)|STATEMENT_EXECUTE|[365]
04:25:26.417 (2447877011)|STATEMENT_EXECUTE|[366]
04:25:26.417 (2447880309)|HEAP_ALLOCATE|[365]|Bytes:5
04:25:26.417 (2447884401)|HEAP_ALLOCATE|[365]|Bytes:20
04:25:26.417 (2447886921)|VARIABLE_SCOPE_BEGIN|[365]|template|Template__c|true|false
04:25:26.417 (2447893846)|VARIABLE_ASSIGNMENT|[365]|template|{"Id":"a0DgL000001YwDwUAK","Name":"WBC-0036","Template_Name__c":"testoffer17","Template_Id__c":"640895572134189"}|0x6a477fd5
04:25:26.417 (2447896650)|STATEMENT_EXECUTE|[365]
04:25:26.417 (2447904789)|STATEMENT_EXECUTE|[366]
04:25:26.417 (2447908066)|HEAP_ALLOCATE|[365]|Bytes:5
04:25:26.417 (2447912007)|HEAP_ALLOCATE|[365]|Bytes:20
04:25:26.417 (2447914510)|VARIABLE_SCOPE_BEGIN|[365]|template|Template__c|true|false
04:25:26.417 (2447920787)|VARIABLE_ASSIGNMENT|[365]|template|{"Id":"a0DgL000001YwyiUAC","Name":"WBC-0038","Template_Name__c":"tempvedio1","Template_Id__c":"1690346554899053"}|0x6322ff71
04:25:26.417 (2447923670)|STATEMENT_EXECUTE|[365]
04:25:26.417 (2447931275)|STATEMENT_EXECUTE|[366]
04:25:26.417 (2447934476)|HEAP_ALLOCATE|[365]|Bytes:5
04:25:26.417 (2447938448)|HEAP_ALLOCATE|[365]|Bytes:20
04:25:26.417 (2447940905)|VARIABLE_SCOPE_BEGIN|[365]|template|Template__c|true|false
04:25:26.417 (2447947254)|VARIABLE_ASSIGNMENT|[365]|template|{"Id":"a0DgL000001Yz8XUAS","Name":"WBC-0037","Template_Name__c":"tempoffer31","Template_Id__c":"1345765913333035"}|0x2d1ca1a1
04:25:26.417 (2447950210)|STATEMENT_EXECUTE|[365]
04:25:26.417 (2447958217)|STATEMENT_EXECUTE|[366]
04:25:26.417 (2447961486)|HEAP_ALLOCATE|[365]|Bytes:5
04:25:26.417 (2447965542)|HEAP_ALLOCATE|[365]|Bytes:20
04:25:26.417 (2447968041)|VARIABLE_SCOPE_BEGIN|[365]|template|Template__c|true|false
04:25:26.417 (2447974469)|VARIABLE_ASSIGNMENT|[365]|template|{"Id":"a0DgL000001Z7CXUA0","Name":"WBC-0039","Template_Name__c":"testuploadutility1","Template_Id__c":"992022499552228"}|0x77f2af44
04:25:26.417 (2447977353)|STATEMENT_EXECUTE|[365]
04:25:26.417 (2447994834)|STATEMENT_EXECUTE|[366]
04:25:26.417 (2447999080)|HEAP_ALLOCATE|[365]|Bytes:5
04:25:26.417 (2448003449)|HEAP_ALLOCATE|[365]|Bytes:20
04:25:26.417 (2448006792)|VARIABLE_SCOPE_BEGIN|[365]|template|Template__c|true|false
04:25:26.417 (2448015001)|VARIABLE_ASSIGNMENT|[365]|template|{"Id":"a0DgL000001Z7NpUAK","Name":"WBC-0040","Template_Name__c":"testutilityorderstat (3 more) ...","Template_Id__c":"962662702694362"}|0x261acfb8
04:25:26.417 (2448018477)|STATEMENT_EXECUTE|[365]
04:25:26.417 (2448027673)|STATEMENT_EXECUTE|[366]
04:25:26.417 (2448031115)|HEAP_ALLOCATE|[365]|Bytes:5
04:25:26.417 (2448035468)|HEAP_ALLOCATE|[365]|Bytes:20
04:25:26.417 (2448037977)|VARIABLE_SCOPE_BEGIN|[365]|template|Template__c|true|false
04:25:26.417 (2448044260)|VARIABLE_ASSIGNMENT|[365]|template|{"Id":"a0DgL000001ZMMuUAO","Name":"WBC-0041","Template_Name__c":"testauth98","Template_Id__c":"636350412712921"}|0x5237657d
04:25:26.417 (2448047277)|STATEMENT_EXECUTE|[365]
04:25:26.417 (2448055556)|STATEMENT_EXECUTE|[366]
04:25:26.417 (2448058807)|HEAP_ALLOCATE|[365]|Bytes:5
04:25:26.417 (2448062728)|HEAP_ALLOCATE|[365]|Bytes:20
04:25:26.417 (2448066829)|VARIABLE_SCOPE_BEGIN|[365]|template|Template__c|true|false
04:25:26.417 (2448073255)|VARIABLE_ASSIGNMENT|[365]|template|{"Id":"a0DgL000001ZdHFUA0","Name":"WBC-0042","Template_Name__c":"testauthtemp1","Template_Id__c":"1726575518260283"}|0x1aeec733
04:25:26.417 (2448076407)|STATEMENT_EXECUTE|[365]
04:25:26.417 (2448084866)|STATEMENT_EXECUTE|[366]
04:25:26.417 (2448088094)|HEAP_ALLOCATE|[365]|Bytes:5
04:25:26.417 (2448092152)|HEAP_ALLOCATE|[365]|Bytes:20
04:25:26.417 (2448094634)|VARIABLE_SCOPE_BEGIN|[365]|template|Template__c|true|false
04:25:26.417 (2448100985)|VARIABLE_ASSIGNMENT|[365]|template|{"Id":"a0DgL000001Ze3gUAC","Name":"WBC-0045","Template_Name__c":"testmarketbutton2","Template_Id__c":"3952538848342909"}|0x7884c3a5
04:25:26.417 (2448103954)|STATEMENT_EXECUTE|[365]
04:25:26.417 (2448112209)|STATEMENT_EXECUTE|[366]
04:25:26.417 (2448115474)|HEAP_ALLOCATE|[365]|Bytes:5
04:25:26.417 (2448119534)|HEAP_ALLOCATE|[365]|Bytes:20
04:25:26.417 (2448122206)|VARIABLE_SCOPE_BEGIN|[365]|template|Template__c|true|false
04:25:26.417 (2448128714)|VARIABLE_ASSIGNMENT|[365]|template|{"Id":"a0DgL000001ZeObUAK","Name":"WBC-0043","Template_Name__c":"testmarketsend1","Template_Id__c":"976892051238444"}|0x813b402
04:25:26.417 (2448131842)|STATEMENT_EXECUTE|[365]
04:25:26.417 (2448140847)|STATEMENT_EXECUTE|[366]
04:25:26.417 (2448144091)|HEAP_ALLOCATE|[365]|Bytes:5
04:25:26.417 (2448148361)|HEAP_ALLOCATE|[365]|Bytes:20
04:25:26.417 (2448150872)|VARIABLE_SCOPE_BEGIN|[365]|template|Template__c|true|false
04:25:26.417 (2448157336)|VARIABLE_ASSIGNMENT|[365]|template|{"Id":"a0DgL000001ZeTRUA0","Name":"WBC-0044","Template_Name__c":"testtemplatemarket1","Template_Id__c":"617579514435946"}|0x616624f0
04:25:26.417 (2448160364)|STATEMENT_EXECUTE|[365]
04:25:26.417 (2448168859)|STATEMENT_EXECUTE|[366]
04:25:26.417 (2448172135)|HEAP_ALLOCATE|[365]|Bytes:5
04:25:26.417 (2448176181)|HEAP_ALLOCATE|[365]|Bytes:20
04:25:26.417 (2448178695)|VARIABLE_SCOPE_BEGIN|[365]|template|Template__c|true|false
04:25:26.417 (2448184901)|VARIABLE_ASSIGNMENT|[365]|template|{"Id":"a0DgL000001ZfEDUA0","Name":"WBC-0047","Template_Name__c":"testmarketbutton6","Template_Id__c":"1025501092756771"}|0xddda0b0
04:25:26.417 (2448187800)|STATEMENT_EXECUTE|[365]
04:25:26.417 (2448196275)|STATEMENT_EXECUTE|[366]
04:25:26.417 (2448199685)|HEAP_ALLOCATE|[365]|Bytes:5
04:25:26.417 (2448203705)|HEAP_ALLOCATE|[365]|Bytes:20
04:25:26.417 (2448206187)|VARIABLE_SCOPE_BEGIN|[365]|template|Template__c|true|false
04:25:26.417 (2448212430)|VARIABLE_ASSIGNMENT|[365]|template|{"Id":"a0DgL000001ZvNrUAK","Name":"WBC-0049","Template_Name__c":"testallbutton6","Template_Id__c":"1207076920862735"}|0x539ad345
04:25:26.417 (2448215158)|STATEMENT_EXECUTE|[365]
04:25:26.417 (2448223348)|STATEMENT_EXECUTE|[366]
04:25:26.417 (2448226582)|HEAP_ALLOCATE|[365]|Bytes:5
04:25:26.417 (2448230486)|HEAP_ALLOCATE|[365]|Bytes:20
04:25:26.417 (2448232980)|VARIABLE_SCOPE_BEGIN|[365]|template|Template__c|true|false
04:25:26.417 (2448239216)|VARIABLE_ASSIGNMENT|[365]|template|{"Id":"a0DgL000001ZwuzUAC","Name":"WBC-0050","Template_Name__c":"testallbuttons9","Template_Id__c":"2029845704164761"}|0x46bcde90
04:25:26.417 (2448242091)|STATEMENT_EXECUTE|[365]
04:25:26.417 (2448250311)|STATEMENT_EXECUTE|[366]
04:25:26.417 (2448253690)|HEAP_ALLOCATE|[365]|Bytes:5
04:25:26.417 (2448257672)|HEAP_ALLOCATE|[365]|Bytes:20
04:25:26.417 (2448260105)|VARIABLE_SCOPE_BEGIN|[365]|template|Template__c|true|false
04:25:26.417 (2448266413)|VARIABLE_ASSIGNMENT|[365]|template|{"Id":"a0DgL000001ZxO1UAK","Name":"WBC-0051","Template_Name__c":"testtemp123","Template_Id__c":"1690172678543092"}|0x16ad3313
04:25:26.417 (2448269079)|STATEMENT_EXECUTE|[365]
04:25:26.417 (2448278699)|STATEMENT_EXECUTE|[366]
04:25:26.417 (2448282027)|HEAP_ALLOCATE|[365]|Bytes:5
04:25:26.417 (2448285990)|HEAP_ALLOCATE|[365]|Bytes:20
04:25:26.417 (2448288414)|VARIABLE_SCOPE_BEGIN|[365]|template|Template__c|true|false
04:25:26.417 (2448294821)|VARIABLE_ASSIGNMENT|[365]|template|{"Id":"a0DgL000001Zxe9UAC","Name":"WBC-0052","Template_Name__c":"testtemp1234","Template_Id__c":"966489578970539"}|0x7695c956
04:25:26.417 (2448297692)|STATEMENT_EXECUTE|[365]
04:25:26.417 (2448305884)|STATEMENT_EXECUTE|[366]
04:25:26.417 (2448309145)|HEAP_ALLOCATE|[365]|Bytes:5
04:25:26.417 (2448313373)|HEAP_ALLOCATE|[365]|Bytes:20
04:25:26.417 (2448315810)|VARIABLE_SCOPE_BEGIN|[365]|template|Template__c|true|false
04:25:26.417 (2448322096)|VARIABLE_ASSIGNMENT|[365]|template|{"Id":"a0DgL000001ZxkbUAC","Name":"WBC-0053","Template_Name__c":"testtemplate123","Template_Id__c":"1396259088223832"}|0x73902c3a
04:25:26.417 (2448324964)|STATEMENT_EXECUTE|[365]
04:25:26.417 (2448333185)|STATEMENT_EXECUTE|[366]
04:25:26.417 (2448336425)|HEAP_ALLOCATE|[365]|Bytes:5
04:25:26.417 (2448340561)|HEAP_ALLOCATE|[365]|Bytes:20
04:25:26.417 (2448343077)|VARIABLE_SCOPE_BEGIN|[365]|template|Template__c|true|false
04:25:26.417 (2448349464)|VARIABLE_ASSIGNMENT|[365]|template|{"Id":"a0DgL000001ZxpRUAS","Name":"WBC-0054","Template_Name__c":"testallbutton12","Template_Id__c":"1581163365894435"}|0x53782486
04:25:26.417 (2448352322)|STATEMENT_EXECUTE|[365]
04:25:26.417 (2448360505)|STATEMENT_EXECUTE|[366]
04:25:26.417 (2448363909)|HEAP_ALLOCATE|[365]|Bytes:5
04:25:26.417 (2448367890)|HEAP_ALLOCATE|[365]|Bytes:20
04:25:26.417 (2448370467)|VARIABLE_SCOPE_BEGIN|[365]|template|Template__c|true|false
04:25:26.417 (2448376777)|VARIABLE_ASSIGNMENT|[365]|template|{"Id":"a0DgL000001Zyf3UAC","Name":"WBC-0055","Template_Name__c":"testbuttons3","Template_Id__c":"1001211084840067"}|0x2c32b051
04:25:26.417 (2448379625)|STATEMENT_EXECUTE|[365]
04:25:26.417 (2448387871)|STATEMENT_EXECUTE|[366]
04:25:26.417 (2448391043)|HEAP_ALLOCATE|[365]|Bytes:5
04:25:26.417 (2448395172)|HEAP_ALLOCATE|[365]|Bytes:20
04:25:26.417 (2448397597)|VARIABLE_SCOPE_BEGIN|[365]|template|Template__c|true|false
04:25:26.417 (2448403831)|VARIABLE_ASSIGNMENT|[365]|template|{"Id":"a0DgL000001a42vUAA","Name":"WBC-0056","Template_Name__c":"testcallbutton1","Template_Id__c":"1342194627027486"}|0x74b513f8
04:25:26.417 (2448406733)|STATEMENT_EXECUTE|[365]
04:25:26.417 (2448414996)|STATEMENT_EXECUTE|[366]
04:25:26.417 (2448418250)|HEAP_ALLOCATE|[365]|Bytes:5
04:25:26.417 (2448422135)|HEAP_ALLOCATE|[365]|Bytes:20
04:25:26.417 (2448424564)|VARIABLE_SCOPE_BEGIN|[365]|template|Template__c|true|false
04:25:26.417 (2448430804)|VARIABLE_ASSIGNMENT|[365]|template|{"Id":"a0DgL000001a6vxUAA","Name":"WBC-0057","Template_Name__c":"testoffer21","Template_Id__c":"1179377407098257"}|0x63610a8
04:25:26.417 (2448433516)|STATEMENT_EXECUTE|[365]
04:25:26.417 (2448441625)|STATEMENT_EXECUTE|[366]
04:25:26.417 (2448444834)|HEAP_ALLOCATE|[365]|Bytes:5
04:25:26.417 (2448448737)|HEAP_ALLOCATE|[365]|Bytes:20
04:25:26.417 (2448451560)|VARIABLE_SCOPE_BEGIN|[365]|template|Template__c|true|false
04:25:26.417 (2448457825)|VARIABLE_ASSIGNMENT|[365]|template|{"Id":"a0DgL000001a77FUAQ","Name":"WBC-0058","Template_Name__c":"testoffer12","Template_Id__c":"4103427479887977"}|0x14f858fc
04:25:26.417 (2448460588)|STATEMENT_EXECUTE|[365]
04:25:26.417 (2448468776)|STATEMENT_EXECUTE|[366]
04:25:26.417 (2448472042)|HEAP_ALLOCATE|[365]|Bytes:5
04:25:26.417 (2448475982)|HEAP_ALLOCATE|[365]|Bytes:20
04:25:26.417 (2448478461)|VARIABLE_SCOPE_BEGIN|[365]|template|Template__c|true|false
04:25:26.417 (2448485599)|VARIABLE_ASSIGNMENT|[365]|template|{"Id":"a0DgL000001aLOjUAM","Name":"WBC-0059","Template_Name__c":"testdocumenttemplate (1 more) ...","Template_Id__c":"1785067832274438"}|0x2df1c20a
04:25:26.417 (2448489075)|STATEMENT_EXECUTE|[365]
04:25:26.417 (2448497539)|STATEMENT_EXECUTE|[366]
04:25:26.417 (2448500820)|HEAP_ALLOCATE|[365]|Bytes:5
04:25:26.417 (2448506211)|HEAP_ALLOCATE|[365]|Bytes:20
04:25:26.417 (2448508759)|VARIABLE_SCOPE_BEGIN|[365]|template|Template__c|true|false
04:25:26.417 (2448514994)|VARIABLE_ASSIGNMENT|[365]|template|{"Id":"a0DgL000001d5LrUAI","Name":"WBC-0061","Template_Name__c":"test_auth_2","Template_Id__c":"1395547408291038"}|0x71073e9f
04:25:26.417 (2448517961)|STATEMENT_EXECUTE|[365]
04:25:26.417 (2448526485)|STATEMENT_EXECUTE|[366]
04:25:26.417 (2448529758)|HEAP_ALLOCATE|[365]|Bytes:5
04:25:26.417 (2448533764)|HEAP_ALLOCATE|[365]|Bytes:20
04:25:26.417 (2448536245)|VARIABLE_SCOPE_BEGIN|[365]|template|Template__c|true|false
04:25:26.417 (2448542553)|VARIABLE_ASSIGNMENT|[365]|template|{"Id":"a0DgL000001dBa7UAE","Name":"WBC-0060","Template_Name__c":"test__auth_1","Template_Id__c":"584485310718441"}|0x4702c347
04:25:26.417 (2448545376)|STATEMENT_EXECUTE|[365]
04:25:26.417 (2448553814)|STATEMENT_EXECUTE|[366]
04:25:26.417 (2448556990)|HEAP_ALLOCATE|[365]|Bytes:5
04:25:26.417 (2448561382)|HEAP_ALLOCATE|[365]|Bytes:20
04:25:26.417 (2448563867)|VARIABLE_SCOPE_BEGIN|[365]|template|Template__c|true|false
04:25:26.417 (2448570415)|VARIABLE_ASSIGNMENT|[365]|template|{"Id":"a0DgL000001f4L0UAI","Name":"WBC-0070","Template_Name__c":"auth_temp_12","Template_Id__c":"518816264356257"}|0x116b4ce3
04:25:26.417 (2448573127)|STATEMENT_EXECUTE|[365]
04:25:26.417 (2448579825)|STATEMENT_EXECUTE|[366]
04:25:26.417 (2448583117)|HEAP_ALLOCATE|[365]|Bytes:5
04:25:26.417 (2448587098)|HEAP_ALLOCATE|[365]|Bytes:20
04:25:26.417 (2448589684)|VARIABLE_SCOPE_BEGIN|[365]|template|Template__c|true|false
04:25:26.417 (2448595897)|VARIABLE_ASSIGNMENT|[365]|template|{"Id":"a0DgL000001f8SYUAY","Name":"WBC-0071","Template_Name__c":"test_auth_13","Template_Id__c":"452592464543720"}|0x32293d56
04:25:26.417 (2448598624)|STATEMENT_EXECUTE|[365]
04:25:26.417 (2448607100)|STATEMENT_EXECUTE|[366]
04:25:26.417 (2448610295)|HEAP_ALLOCATE|[365]|Bytes:5
04:25:26.417 (2448614667)|HEAP_ALLOCATE|[365]|Bytes:20
04:25:26.417 (2448617130)|VARIABLE_SCOPE_BEGIN|[365]|template|Template__c|true|false
04:25:26.417 (2448623470)|VARIABLE_ASSIGNMENT|[365]|template|{"Id":"a0DgL000001fKQTUA2","Name":"WBC-0069","Template_Name__c":"test_auth_9","Template_Id__c":"532064569552035"}|0x7a121e4a
04:25:26.417 (2448626125)|STATEMENT_EXECUTE|[365]
04:25:26.417 (2448634735)|STATEMENT_EXECUTE|[366]
04:25:26.417 (2448637966)|HEAP_ALLOCATE|[365]|Bytes:5
04:25:26.417 (2448641996)|HEAP_ALLOCATE|[365]|Bytes:20
04:25:26.417 (2448644496)|VARIABLE_SCOPE_BEGIN|[365]|template|Template__c|true|false
04:25:26.417 (2448650872)|VARIABLE_ASSIGNMENT|[365]|template|{"Id":"a0DgL000001fLCwUAM","Name":"WBC-0065","Template_Name__c":"test_auth_6","Template_Id__c":"1227842745424823"}|0x2b5bf2b4
04:25:26.417 (2448653640)|STATEMENT_EXECUTE|[365]
04:25:26.417 (2448662259)|STATEMENT_EXECUTE|[366]
04:25:26.417 (2448665484)|HEAP_ALLOCATE|[365]|Bytes:5
04:25:26.417 (2448669341)|HEAP_ALLOCATE|[365]|Bytes:20
04:25:26.417 (2448671814)|VARIABLE_SCOPE_BEGIN|[365]|template|Template__c|true|false
04:25:26.417 (2448678092)|VARIABLE_ASSIGNMENT|[365]|template|{"Id":"a0DgL000001fRAAUA2","Name":"WBC-0067","Template_Name__c":"auth_temp_8","Template_Id__c":"1714708279132995"}|0x601caf68
04:25:26.417 (2448680765)|STATEMENT_EXECUTE|[365]
04:25:26.417 (2448687464)|STATEMENT_EXECUTE|[366]
04:25:26.417 (2448690739)|HEAP_ALLOCATE|[365]|Bytes:5
04:25:26.417 (2448694751)|HEAP_ALLOCATE|[365]|Bytes:20
04:25:26.417 (2448697194)|VARIABLE_SCOPE_BEGIN|[365]|template|Template__c|true|false
04:25:26.417 (2448703344)|VARIABLE_ASSIGNMENT|[365]|template|{"Id":"a0DgL000001fSixUAE","Name":"WBC-0063","Template_Name__c":"test_auth_4","Template_Id__c":"1366389431451748"}|0x1b24edb0
04:25:26.417 (2448706019)|STATEMENT_EXECUTE|[365]
04:25:26.417 (2448714877)|STATEMENT_EXECUTE|[366]
04:25:26.417 (2448718332)|HEAP_ALLOCATE|[365]|Bytes:5
04:25:26.417 (2448722230)|HEAP_ALLOCATE|[365]|Bytes:20
04:25:26.417 (2448724829)|VARIABLE_SCOPE_BEGIN|[365]|template|Template__c|true|false
04:25:26.417 (2448730945)|VARIABLE_ASSIGNMENT|[365]|template|{"Id":"a0DgL000001fU6PUAU","Name":"WBC-0062","Template_Name__c":"test_auth_3","Template_Id__c":"2438650379867467"}|0x712e50d0
04:25:26.417 (2448733890)|STATEMENT_EXECUTE|[365]
04:25:26.417 (2448742849)|STATEMENT_EXECUTE|[366]
04:25:26.417 (2448746129)|HEAP_ALLOCATE|[365]|Bytes:5
04:25:26.417 (2448750060)|HEAP_ALLOCATE|[365]|Bytes:20
04:25:26.417 (2448752580)|VARIABLE_SCOPE_BEGIN|[365]|template|Template__c|true|false
04:25:26.417 (2448758810)|VARIABLE_ASSIGNMENT|[365]|template|{"Id":"a0DgL000001fUpZUAU","Name":"WBC-0064","Template_Name__c":"test_auth_5","Template_Id__c":"1349669419440661"}|0x514c213
04:25:26.417 (2448761480)|STATEMENT_EXECUTE|[365]
04:25:26.417 (2448770188)|STATEMENT_EXECUTE|[366]
04:25:26.417 (2448773690)|HEAP_ALLOCATE|[365]|Bytes:5
04:25:26.417 (2448777675)|HEAP_ALLOCATE|[365]|Bytes:20
04:25:26.417 (2448780156)|VARIABLE_SCOPE_BEGIN|[365]|template|Template__c|true|false
04:25:26.417 (2448786249)|VARIABLE_ASSIGNMENT|[365]|template|{"Id":"a0DgL000001fXh3UAE","Name":"WBC-0066","Template_Name__c":"test_auth_7","Template_Id__c":"2207049713045556"}|0xf65a36
04:25:26.417 (2448788982)|STATEMENT_EXECUTE|[365]
04:25:26.417 (2448797643)|STATEMENT_EXECUTE|[366]
04:25:26.417 (2448800902)|HEAP_ALLOCATE|[365]|Bytes:5
04:25:26.417 (2448804917)|HEAP_ALLOCATE|[365]|Bytes:20
04:25:26.417 (2448807440)|VARIABLE_SCOPE_BEGIN|[365]|template|Template__c|true|false
04:25:26.417 (2448813445)|VARIABLE_ASSIGNMENT|[365]|template|{"Id":"a0DgL000001fZSfUAM","Name":"WBC-0068","Template_Name__c":"auth_temp_9","Template_Id__c":"701368192220069"}|0x3c037ef5
04:25:26.417 (2448816140)|STATEMENT_EXECUTE|[365]
04:25:26.417 (2448823274)|STATEMENT_EXECUTE|[366]
04:25:26.417 (2448826501)|HEAP_ALLOCATE|[365]|Bytes:5
04:25:26.417 (2448830736)|HEAP_ALLOCATE|[365]|Bytes:20
04:25:26.417 (2448833268)|VARIABLE_SCOPE_BEGIN|[365]|template|Template__c|true|false
04:25:26.417 (2448839592)|VARIABLE_ASSIGNMENT|[365]|template|{"Id":"a0DgL000001faXpUAI","Name":"WBC-0072","Template_Name__c":"test_auth_10","Template_Id__c":"681739904307923"}|0x3fa81175
04:25:26.417 (2448842377)|STATEMENT_EXECUTE|[365]
04:25:26.417 (2448850941)|STATEMENT_EXECUTE|[366]
04:25:26.417 (2448854159)|HEAP_ALLOCATE|[365]|Bytes:5
04:25:26.417 (2448858277)|HEAP_ALLOCATE|[365]|Bytes:20
04:25:26.417 (2448860705)|VARIABLE_SCOPE_BEGIN|[365]|template|Template__c|true|false
04:25:26.417 (2448867076)|VARIABLE_ASSIGNMENT|[365]|template|{"Id":"a0DgL000001fmrOUAQ","Name":"WBC-0075","Template_Name__c":"test_template_12","Template_Id__c":"2918654454970838"}|0x1c8f58c9
04:25:26.417 (2448869865)|STATEMENT_EXECUTE|[365]
04:25:26.417 (2448880111)|STATEMENT_EXECUTE|[366]
04:25:26.417 (2448883355)|HEAP_ALLOCATE|[365]|Bytes:5
04:25:26.417 (2448887283)|HEAP_ALLOCATE|[365]|Bytes:20
04:25:26.417 (2448889712)|VARIABLE_SCOPE_BEGIN|[365]|template|Template__c|true|false
04:25:26.417 (2448896035)|VARIABLE_ASSIGNMENT|[365]|template|{"Id":"a0DgL000001fsGRUAY","Name":"WBC-0073","Template_Name__c":"test_auth_15","Template_Id__c":"1750594249140846"}|0x2e1a8684
04:25:26.417 (2448898999)|STATEMENT_EXECUTE|[365]
04:25:26.417 (2448907773)|STATEMENT_EXECUTE|[366]
04:25:26.417 (2448911201)|HEAP_ALLOCATE|[365]|Bytes:5
04:25:26.417 (2448915206)|HEAP_ALLOCATE|[365]|Bytes:20
04:25:26.417 (2448917660)|VARIABLE_SCOPE_BEGIN|[365]|template|Template__c|true|false
04:25:26.417 (2448923903)|VARIABLE_ASSIGNMENT|[365]|template|{"Id":"a0DgL000001ftBKUAY","Name":"WBC-0080","Template_Name__c":"test_auth_04","Template_Id__c":"1015192247162185"}|0x949a164
04:25:26.417 (2448926593)|STATEMENT_EXECUTE|[365]
04:25:26.417 (2448935437)|STATEMENT_EXECUTE|[366]
04:25:26.417 (2448938738)|HEAP_ALLOCATE|[365]|Bytes:5
04:25:26.417 (2448942745)|HEAP_ALLOCATE|[365]|Bytes:20
04:25:26.417 (2448945368)|VARIABLE_SCOPE_BEGIN|[365]|template|Template__c|true|false
04:25:26.417 (2448951929)|VARIABLE_ASSIGNMENT|[365]|template|{"Id":"a0DgL000001fyIzUAI","Name":"WBC-0074","Template_Name__c":"testtemplate_1","Template_Id__c":"625062903856142"}|0x76952a81
04:25:26.417 (2448954771)|STATEMENT_EXECUTE|[365]
04:25:26.417 (2448963019)|STATEMENT_EXECUTE|[366]
04:25:26.417 (2448966320)|HEAP_ALLOCATE|[365]|Bytes:5
04:25:26.417 (2448970230)|HEAP_ALLOCATE|[365]|Bytes:20
04:25:26.417 (2448972850)|VARIABLE_SCOPE_BEGIN|[365]|template|Template__c|true|false
04:25:26.417 (2448978905)|VARIABLE_ASSIGNMENT|[365]|template|{"Id":"a0DgL000001fyREUAY","Name":"WBC-0081","Template_Name__c":"test_auth_05","Template_Id__c":"2700566610332425"}|0x103a7d8a
04:25:26.417 (2448981745)|STATEMENT_EXECUTE|[365]
04:25:26.417 (2448990212)|STATEMENT_EXECUTE|[366]
04:25:26.417 (2448993415)|HEAP_ALLOCATE|[365]|Bytes:5
04:25:26.417 (2448997319)|HEAP_ALLOCATE|[365]|Bytes:20
04:25:26.417 (2448999827)|VARIABLE_SCOPE_BEGIN|[365]|template|Template__c|true|false
04:25:26.417 (2449006108)|VARIABLE_ASSIGNMENT|[365]|template|{"Id":"a0DgL000001fzwbUAA","Name":"WBC-0076","Template_Name__c":"test_auth_0","Template_Id__c":"1573426324046940"}|0x6aeee7af
04:25:26.417 (2449009401)|STATEMENT_EXECUTE|[365]
04:25:26.417 (2449017906)|STATEMENT_EXECUTE|[366]
04:25:26.417 (2449021117)|HEAP_ALLOCATE|[365]|Bytes:5
04:25:26.417 (2449025256)|HEAP_ALLOCATE|[365]|Bytes:20
04:25:26.417 (2449027779)|VARIABLE_SCOPE_BEGIN|[365]|template|Template__c|true|false
04:25:26.417 (2449033947)|VARIABLE_ASSIGNMENT|[365]|template|{"Id":"a0DgL000001g1NJUAY","Name":"WBC-0077","Template_Name__c":"test_auth_01","Template_Id__c":"548749351569204"}|0x2e682917
04:25:26.417 (2449036743)|STATEMENT_EXECUTE|[365]
04:25:26.417 (2449045269)|STATEMENT_EXECUTE|[366]
04:25:26.417 (2449048529)|HEAP_ALLOCATE|[365]|Bytes:5
04:25:26.417 (2449052431)|HEAP_ALLOCATE|[365]|Bytes:20
04:25:26.417 (2449054873)|VARIABLE_SCOPE_BEGIN|[365]|template|Template__c|true|false
04:25:26.417 (2449061174)|VARIABLE_ASSIGNMENT|[365]|template|{"Id":"a0DgL000001g3lhUAA","Name":"WBC-0078","Template_Name__c":"test_auth_02","Template_Id__c":"1723089758272040"}|0x7176df79
04:25:26.417 (2449064126)|STATEMENT_EXECUTE|[365]
04:25:26.417 (2449072766)|STATEMENT_EXECUTE|[366]
04:25:26.417 (2449076111)|HEAP_ALLOCATE|[365]|Bytes:5
04:25:26.417 (2449080792)|HEAP_ALLOCATE|[365]|Bytes:20
04:25:26.417 (2449083336)|VARIABLE_SCOPE_BEGIN|[365]|template|Template__c|true|false
04:25:26.417 (2449089921)|VARIABLE_ASSIGNMENT|[365]|template|{"Id":"a0DgL000001g4C1UAI","Name":"WBC-0079","Template_Name__c":"test_auth_03","Template_Id__c":"1314748896452115"}|0x32e32af0
04:25:26.417 (2449093444)|STATEMENT_EXECUTE|[365]
04:25:26.417 (2449101899)|STATEMENT_EXECUTE|[366]
04:25:26.417 (2449105129)|HEAP_ALLOCATE|[365]|Bytes:5
04:25:26.417 (2449109081)|HEAP_ALLOCATE|[365]|Bytes:20
04:25:26.417 (2449111605)|VARIABLE_SCOPE_BEGIN|[365]|template|Template__c|true|false
04:25:26.417 (2449117726)|VARIABLE_ASSIGNMENT|[365]|template|{"Id":"a0DgL000001gC7RUAU","Name":"WBC-0082","Template_Name__c":"temp_auth_06","Template_Id__c":"1697368211176391"}|0x2f2d609c
04:25:26.417 (2449120552)|STATEMENT_EXECUTE|[365]
04:25:26.417 (2449128009)|STATEMENT_EXECUTE|[366]
04:25:26.417 (2449131337)|HEAP_ALLOCATE|[365]|Bytes:5
04:25:26.417 (2449135244)|HEAP_ALLOCATE|[365]|Bytes:20
04:25:26.417 (2449137708)|VARIABLE_SCOPE_BEGIN|[365]|template|Template__c|true|false
04:25:26.417 (2449143837)|VARIABLE_ASSIGNMENT|[365]|template|{"Id":"a0DgL000001gCSPUA2","Name":"WBC-0083","Template_Name__c":"test_auth_06","Template_Id__c":"619382184270150"}|0x40e2d4ff
04:25:26.417 (2449146711)|STATEMENT_EXECUTE|[365]
04:25:26.417 (2449155474)|STATEMENT_EXECUTE|[366]
04:25:26.417 (2449158711)|HEAP_ALLOCATE|[365]|Bytes:5
04:25:26.417 (2449162726)|HEAP_ALLOCATE|[365]|Bytes:20
04:25:26.417 (2449165177)|VARIABLE_SCOPE_BEGIN|[365]|template|Template__c|true|false
04:25:26.417 (2449172012)|VARIABLE_ASSIGNMENT|[365]|template|{"Id":"a0DgL000001gFOlUAM","Name":"WBC-0086","Template_Name__c":"test_utitltiy_templa (2 more) ...","Template_Id__c":"1195936555320208"}|0x7a8568d
04:25:26.417 (2449175281)|STATEMENT_EXECUTE|[365]
04:25:26.417 (2449183908)|STATEMENT_EXECUTE|[366]
04:25:26.417 (2449187185)|HEAP_ALLOCATE|[365]|Bytes:5
04:25:26.417 (2449191245)|HEAP_ALLOCATE|[365]|Bytes:20
04:25:26.417 (2449193734)|VARIABLE_SCOPE_BEGIN|[365]|template|Template__c|true|false
04:25:26.417 (2449200246)|VARIABLE_ASSIGNMENT|[365]|template|{"Id":"a0DgL000001gQTlUAM","Name":"WBC-0084","Template_Name__c":"test_vedio_template1","Template_Id__c":"4454421128118263"}|0x2c374822
04:25:26.417 (2449203283)|STATEMENT_EXECUTE|[365]
04:25:26.417 (2449211830)|STATEMENT_EXECUTE|[366]
04:25:26.417 (2449215145)|HEAP_ALLOCATE|[365]|Bytes:5
04:25:26.417 (2449219200)|HEAP_ALLOCATE|[365]|Bytes:20
04:25:26.417 (2449221746)|VARIABLE_SCOPE_BEGIN|[365]|template|Template__c|true|false
04:25:26.417 (2449228631)|VARIABLE_ASSIGNMENT|[365]|template|{"Id":"a0DgL000001gTeXUAU","Name":"WBC-0085","Template_Name__c":"test_image_template_ (1 more) ...","Template_Id__c":"673988208445062"}|0x685ae4b8
04:25:26.417 (2449231652)|STATEMENT_EXECUTE|[365]
04:25:26.417 (2449240151)|STATEMENT_EXECUTE|[366]
04:25:26.417 (2449243420)|HEAP_ALLOCATE|[365]|Bytes:5
04:25:26.417 (2449247721)|HEAP_ALLOCATE|[365]|Bytes:20
04:25:26.417 (2449250169)|VARIABLE_SCOPE_BEGIN|[365]|template|Template__c|true|false
04:25:26.417 (2449256637)|VARIABLE_ASSIGNMENT|[365]|template|{"Id":"a0DgL000001jEr4UAE","Name":"WBC-0089","Template_Name__c":"test_image_mark_1","Template_Id__c":"1213962037026836"}|0x3ec98060
04:25:26.417 (2449259739)|STATEMENT_EXECUTE|[365]
04:25:26.417 (2449268593)|STATEMENT_EXECUTE|[366]
04:25:26.417 (2449271938)|HEAP_ALLOCATE|[365]|Bytes:5
04:25:26.417 (2449276335)|HEAP_ALLOCATE|[365]|Bytes:20
04:25:26.417 (2449278956)|VARIABLE_SCOPE_BEGIN|[365]|template|Template__c|true|false
04:25:26.417 (2449285321)|VARIABLE_ASSIGNMENT|[365]|template|{"Id":"a0DgL000001jW8EUAU","Name":"WBC-0091","Template_Name__c":"test_all_buttons_1","Template_Id__c":"680068074363096"}|0x7b90b50a
04:25:26.417 (2449288161)|STATEMENT_EXECUTE|[365]
04:25:26.417 (2449296980)|STATEMENT_EXECUTE|[366]
04:25:26.417 (2449300166)|HEAP_ALLOCATE|[365]|Bytes:5
04:25:26.417 (2449304166)|HEAP_ALLOCATE|[365]|Bytes:20
04:25:26.417 (2449306683)|VARIABLE_SCOPE_BEGIN|[365]|template|Template__c|true|false
04:25:26.417 (2449312859)|VARIABLE_ASSIGNMENT|[365]|template|{"Id":"a0DgL000001jdSrUAI","Name":"WBC-0088","Template_Name__c":"test_marketing_doc_2","Template_Id__c":"929562612587854"}|0x6d708402
04:25:26.417 (2449315821)|STATEMENT_EXECUTE|[365]
04:25:26.417 (2449324532)|STATEMENT_EXECUTE|[366]
04:25:26.417 (2449327783)|HEAP_ALLOCATE|[365]|Bytes:5
04:25:26.417 (2449331897)|HEAP_ALLOCATE|[365]|Bytes:20
04:25:26.417 (2449334440)|VARIABLE_SCOPE_BEGIN|[365]|template|Template__c|true|false
04:25:26.417 (2449341237)|VARIABLE_ASSIGNMENT|[365]|template|{"Id":"a0DgL000001jfL8UAI","Name":"WBC-0090","Template_Name__c":"test_vedio_template_ (1 more) ...","Template_Id__c":"1492436565055233"}|0x52b0d230
04:25:26.417 (2449344289)|STATEMENT_EXECUTE|[365]
04:25:26.417 (2449353046)|STATEMENT_EXECUTE|[366]
04:25:26.417 (2449356266)|HEAP_ALLOCATE|[365]|Bytes:5
04:25:26.417 (2449360348)|HEAP_ALLOCATE|[365]|Bytes:20
04:25:26.417 (2449362921)|VARIABLE_SCOPE_BEGIN|[365]|template|Template__c|true|false
04:25:26.417 (2449369191)|VARIABLE_ASSIGNMENT|[365]|template|{"Id":"a0DgL000001jqRiUAI","Name":"WBC-0092","Template_Name__c":"test_all_buttons_4","Template_Id__c":"2791483411038419"}|0x20888286
04:25:26.417 (2449372064)|STATEMENT_EXECUTE|[365]
04:25:26.417 (2449380877)|STATEMENT_EXECUTE|[366]
04:25:26.417 (2449384102)|HEAP_ALLOCATE|[365]|Bytes:5
04:25:26.417 (2449388271)|HEAP_ALLOCATE|[365]|Bytes:20
04:25:26.417 (2449390872)|VARIABLE_SCOPE_BEGIN|[365]|template|Template__c|true|false
04:25:26.417 (2449397059)|VARIABLE_ASSIGNMENT|[365]|template|{"Id":"a0DgL000001julaUAA","Name":"WBC-0096","Template_Name__c":"test_all_buttons_6","Template_Id__c":"1165662758527223"}|0x5ece5b78
04:25:26.417 (2449399999)|STATEMENT_EXECUTE|[365]
04:25:26.417 (2449408557)|STATEMENT_EXECUTE|[366]
04:25:26.417 (2449411756)|HEAP_ALLOCATE|[365]|Bytes:5
04:25:26.417 (2449415935)|HEAP_ALLOCATE|[365]|Bytes:20
04:25:26.417 (2449418406)|VARIABLE_SCOPE_BEGIN|[365]|template|Template__c|true|false
04:25:26.417 (2449424884)|VARIABLE_ASSIGNMENT|[365]|template|{"Id":"a0DgL000001jw0xUAA","Name":"WBC-0093","Template_Name__c":"test_single_button_1","Template_Id__c":"1346747773043368"}|0x37779437
04:25:26.417 (2449427844)|STATEMENT_EXECUTE|[365]
04:25:26.417 (2449436687)|STATEMENT_EXECUTE|[366]
04:25:26.417 (2449440061)|HEAP_ALLOCATE|[365]|Bytes:5
04:25:26.417 (2449444104)|HEAP_ALLOCATE|[365]|Bytes:20
04:25:26.417 (2449446567)|VARIABLE_SCOPE_BEGIN|[365]|template|Template__c|true|false
04:25:26.417 (2449452768)|VARIABLE_ASSIGNMENT|[365]|template|{"Id":"a0DgL000001k54CUAQ","Name":"WBC-0094","Template_Name__c":"test_auth_001","Template_Id__c":"946614383994007"}|0x6302f1bb
04:25:26.417 (2449457058)|STATEMENT_EXECUTE|[365]
04:25:26.417 (2449465924)|STATEMENT_EXECUTE|[366]
04:25:26.417 (2449469145)|HEAP_ALLOCATE|[365]|Bytes:5
04:25:26.417 (2449473518)|HEAP_ALLOCATE|[365]|Bytes:20
04:25:26.417 (2449475994)|VARIABLE_SCOPE_BEGIN|[365]|template|Template__c|true|false
04:25:26.417 (2449482412)|VARIABLE_ASSIGNMENT|[365]|template|{"Id":"a0DgL000001kLQjUAM","Name":"WBC-0095","Template_Name__c":"test_marketing_doc_3","Template_Id__c":"574809401536406"}|0x7fac3ef
04:25:26.417 (2449485345)|STATEMENT_EXECUTE|[365]
04:25:26.417 (2449493952)|STATEMENT_EXECUTE|[366]
04:25:26.417 (2449497195)|HEAP_ALLOCATE|[365]|Bytes:5
04:25:26.417 (2449501189)|HEAP_ALLOCATE|[365]|Bytes:20
04:25:26.417 (2449503658)|VARIABLE_SCOPE_BEGIN|[365]|template|Template__c|true|false
04:25:26.417 (2449514022)|VARIABLE_ASSIGNMENT|[365]|template|{"Id":"a0DgL000001llS3UAI","Name":"WBC-0097","Template_Name__c":"test_promotionmesage","Template_Id__c":"1298016348159329"}|0x2bc35df3
04:25:26.417 (2449517176)|STATEMENT_EXECUTE|[365]
04:25:26.417 (2449526233)|STATEMENT_EXECUTE|[366]
04:25:26.417 (2449529692)|HEAP_ALLOCATE|[365]|Bytes:5
04:25:26.417 (2449533773)|HEAP_ALLOCATE|[365]|Bytes:20
04:25:26.417 (2449536366)|VARIABLE_SCOPE_BEGIN|[365]|template|Template__c|true|false
04:25:26.417 (2449543317)|VARIABLE_ASSIGNMENT|[365]|template|{"Id":"a0DgL000001mkc0UAA","Name":"WBC-0099","Template_Name__c":"test_promotionmesage (1 more) ...","Template_Id__c":"667456895887015"}|0x201eb290
04:25:26.417 (2449546435)|STATEMENT_EXECUTE|[365]
04:25:26.417 (2449555119)|STATEMENT_EXECUTE|[366]
04:25:26.417 (2449558327)|HEAP_ALLOCATE|[365]|Bytes:5
04:25:26.417 (2449562322)|HEAP_ALLOCATE|[365]|Bytes:20
04:25:26.417 (2449564767)|VARIABLE_SCOPE_BEGIN|[365]|template|Template__c|true|false
04:25:26.417 (2449571712)|VARIABLE_ASSIGNMENT|[365]|template|{"Id":"a0DgL000001mnSWUAY","Name":"WBC-0098","Template_Name__c":"test_promotionmesage (1 more) ...","Template_Id__c":"1008824937410510"}|0x54650001
04:25:26.417 (2449574724)|STATEMENT_EXECUTE|[365]
04:25:26.417 (2449583214)|STATEMENT_EXECUTE|[366]
04:25:26.417 (2449586791)|HEAP_ALLOCATE|[365]|Bytes:5
04:25:26.417 (2449590789)|HEAP_ALLOCATE|[365]|Bytes:20
04:25:26.417 (2449593331)|VARIABLE_SCOPE_BEGIN|[365]|template|Template__c|true|false
04:25:26.417 (2449599791)|VARIABLE_ASSIGNMENT|[365]|template|{"Id":"a0DgL000001mvhmUAA","Name":"WBC-0100","Template_Name__c":"test_promo_1","Template_Id__c":"1300488554394435"}|0x5d154d9
04:25:26.417 (2449602662)|STATEMENT_EXECUTE|[365]
04:25:26.417 (2449611319)|STATEMENT_EXECUTE|[366]
04:25:26.417 (2449614490)|HEAP_ALLOCATE|[365]|Bytes:5
04:25:26.417 (2449618566)|HEAP_ALLOCATE|[365]|Bytes:20
04:25:26.417 (2449622440)|VARIABLE_SCOPE_BEGIN|[365]|template|Template__c|true|false
04:25:26.417 (2449628962)|VARIABLE_ASSIGNMENT|[365]|template|{"Id":"a0DgL000001mykTUAQ","Name":"WBC-0101","Template_Name__c":"test_promo_12","Template_Id__c":"2366696900368141"}|0x344cbd55
04:25:26.417 (2449631951)|STATEMENT_EXECUTE|[365]
04:25:26.417 (2449640577)|STATEMENT_EXECUTE|[366]
04:25:26.417 (2449643812)|HEAP_ALLOCATE|[365]|Bytes:5
04:25:26.417 (2449647804)|HEAP_ALLOCATE|[365]|Bytes:20
04:25:26.417 (2449650472)|VARIABLE_SCOPE_BEGIN|[365]|template|Template__c|true|false
04:25:26.417 (2449657073)|VARIABLE_ASSIGNMENT|[365]|template|{"Id":"a0DgL000001n2OJUAY","Name":"WBC-0107","Template_Name__c":"temp_market_image","Template_Id__c":"988146246782299"}|0x6193137e
04:25:26.417 (2449660202)|STATEMENT_EXECUTE|[365]
04:25:26.417 (2449667636)|STATEMENT_EXECUTE|[366]
04:25:26.417 (2449670810)|HEAP_ALLOCATE|[365]|Bytes:5
04:25:26.417 (2449674742)|HEAP_ALLOCATE|[365]|Bytes:20
04:25:26.417 (2449677226)|VARIABLE_SCOPE_BEGIN|[365]|template|Template__c|true|false
04:25:26.417 (2449684012)|VARIABLE_ASSIGNMENT|[365]|template|{"Id":"a0DgL000001nBnHUAU","Name":"WBC-0105","Template_Name__c":"tets_prmo1","Template_Id__c":"3711306512442148"}|0x1d8a6245
04:25:26.417 (2449687005)|STATEMENT_EXECUTE|[365]
04:25:26.417 (2449694359)|STATEMENT_EXECUTE|[366]
04:25:26.417 (2449697579)|HEAP_ALLOCATE|[365]|Bytes:5
04:25:26.417 (2449701635)|HEAP_ALLOCATE|[365]|Bytes:20
04:25:26.417 (2449704097)|VARIABLE_SCOPE_BEGIN|[365]|template|Template__c|true|false
04:25:26.417 (2449710228)|VARIABLE_ASSIGNMENT|[365]|template|{"Id":"a0DgL000001nFVBUA2","Name":"WBC-0102","Template_Name__c":"test_auth_67","Template_Id__c":"505168129329932"}|0x12729ab1
04:25:26.417 (2449713060)|STATEMENT_EXECUTE|[365]
04:25:26.417 (2449721531)|STATEMENT_EXECUTE|[366]
04:25:26.417 (2449724752)|HEAP_ALLOCATE|[365]|Bytes:5
04:25:26.417 (2449728851)|HEAP_ALLOCATE|[365]|Bytes:20
04:25:26.417 (2449731348)|VARIABLE_SCOPE_BEGIN|[365]|template|Template__c|true|false
04:25:26.417 (2449737406)|VARIABLE_ASSIGNMENT|[365]|template|{"Id":"a0DgL000001nLIrUAM","Name":"WBC-0103","Template_Name__c":"test_promo1","Template_Id__c":"1631263987506339"}|0x43052bbf
04:25:26.417 (2449740183)|STATEMENT_EXECUTE|[365]
04:25:26.417 (2449748914)|STATEMENT_EXECUTE|[366]
04:25:26.417 (2449752156)|HEAP_ALLOCATE|[365]|Bytes:5
04:25:26.417 (2449756176)|HEAP_ALLOCATE|[365]|Bytes:20
04:25:26.417 (2449758642)|VARIABLE_SCOPE_BEGIN|[365]|template|Template__c|true|false
04:25:26.417 (2449765045)|VARIABLE_ASSIGNMENT|[365]|template|{"Id":"a0DgL000001nLSXUA2","Name":"WBC-0104","Template_Name__c":"test__promo_2","Template_Id__c":"1695396711074038"}|0x3a74d842
04:25:26.417 (2449767759)|STATEMENT_EXECUTE|[365]
04:25:26.417 (2449776204)|STATEMENT_EXECUTE|[366]
04:25:26.417 (2449779409)|HEAP_ALLOCATE|[365]|Bytes:5
04:25:26.417 (2449783449)|HEAP_ALLOCATE|[365]|Bytes:20
04:25:26.417 (2449785953)|VARIABLE_SCOPE_BEGIN|[365]|template|Template__c|true|false
04:25:26.417 (2449792100)|VARIABLE_ASSIGNMENT|[365]|template|{"Id":"a0DgL000001nP6LUAU","Name":"WBC-0106","Template_Name__c":"test_promo_2","Template_Id__c":"664056112832948"}|0x74221d03
04:25:26.417 (2449794857)|STATEMENT_EXECUTE|[365]
04:25:26.417 (2449803291)|STATEMENT_EXECUTE|[366]
04:25:26.417 (2449806447)|HEAP_ALLOCATE|[365]|Bytes:5
04:25:26.417 (2449810452)|HEAP_ALLOCATE|[365]|Bytes:20
04:25:26.417 (2449812928)|VARIABLE_SCOPE_BEGIN|[365]|template|Template__c|true|false
04:25:26.417 (2449819510)|VARIABLE_ASSIGNMENT|[365]|template|{"Id":"a0DgL000001nTKsUAM","Name":"WBC-0111","Template_Name__c":"test_m2","Template_Id__c":"1172635007642317"}|0x7203a624
04:25:26.417 (2449822622)|STATEMENT_EXECUTE|[365]
04:25:26.417 (2449831147)|STATEMENT_EXECUTE|[366]
04:25:26.417 (2449834390)|HEAP_ALLOCATE|[365]|Bytes:5
04:25:26.417 (2449838591)|HEAP_ALLOCATE|[365]|Bytes:20
04:25:26.417 (2449841072)|VARIABLE_SCOPE_BEGIN|[365]|template|Template__c|true|false
04:25:26.417 (2449847431)|VARIABLE_ASSIGNMENT|[365]|template|{"Id":"a0DgL000001nV1UUAU","Name":"WBC-0108","Template_Name__c":"temp_image_market_1","Template_Id__c":"1132983768629720"}|0x18b13308
04:25:26.417 (2449850489)|STATEMENT_EXECUTE|[365]
04:25:26.417 (2449857889)|STATEMENT_EXECUTE|[366]
04:25:26.417 (2449861052)|HEAP_ALLOCATE|[365]|Bytes:5
04:25:26.417 (2449865051)|HEAP_ALLOCATE|[365]|Bytes:20
04:25:26.417 (2449867496)|VARIABLE_SCOPE_BEGIN|[365]|template|Template__c|true|false
04:25:26.417 (2449873729)|VARIABLE_ASSIGNMENT|[365]|template|{"Id":"a0DgL000001ndR6UAI","Name":"WBC-0110","Template_Name__c":"test_m1","Template_Id__c":"702787812082183"}|0x41b4e94
04:25:26.417 (2449876529)|STATEMENT_EXECUTE|[365]
04:25:26.417 (2449885032)|STATEMENT_EXECUTE|[366]
04:25:26.417 (2449888225)|HEAP_ALLOCATE|[365]|Bytes:5
04:25:26.417 (2449892125)|HEAP_ALLOCATE|[365]|Bytes:20
04:25:26.417 (2449894639)|VARIABLE_SCOPE_BEGIN|[365]|template|Template__c|true|false
04:25:26.417 (2449900857)|VARIABLE_ASSIGNMENT|[365]|template|{"Id":"a0DgL000001nkSXUAY","Name":"WBC-0109","Template_Name__c":"test_image_mark_2","Template_Id__c":"948431410510373"}|0x60b58111
04:25:26.417 (2449903631)|STATEMENT_EXECUTE|[365]
04:25:26.417 (2449912494)|STATEMENT_EXECUTE|[366]
04:25:26.417 (2449915766)|HEAP_ALLOCATE|[365]|Bytes:5
04:25:26.417 (2449919695)|HEAP_ALLOCATE|[365]|Bytes:20
04:25:26.417 (2449922162)|VARIABLE_SCOPE_BEGIN|[365]|template|Template__c|true|false
04:25:26.417 (2449928520)|VARIABLE_ASSIGNMENT|[365]|template|{"Id":"a0DgL000001nohlUAA","Name":"WBC-0112","Template_Name__c":"test_m3","Template_Id__c":"533107116150329"}|0xf6839a5
04:25:26.417 (2449931183)|STATEMENT_EXECUTE|[365]
04:25:26.417 (2449939710)|STATEMENT_EXECUTE|[366]
04:25:26.417 (2449943055)|HEAP_ALLOCATE|[365]|Bytes:5
04:25:26.417 (2449949447)|VARIABLE_ASSIGNMENT|[365]|template|null|
04:25:26.417 (2449953020)|STATEMENT_EXECUTE|[371]
04:25:26.417 (2450020839)|USER_DEBUG|[371]|DEBUG|()
04:25:26.417 (2450041819)|STATEMENT_EXECUTE|[373]
04:25:26.417 (2450042960)|STATEMENT_EXECUTE|[374]
04:25:26.417 (2450071940)|HEAP_ALLOCATE|[374]|Bytes:4
04:25:26.417 (2450162302)|VARIABLE_ASSIGNMENT|[374]|whatsAppTemplate|{}|0x6776ed72
04:25:26.417 (2450166261)|STATEMENT_EXECUTE|[382]
04:25:26.417 (2450168393)|HEAP_ALLOCATE|[382]|Bytes:38
04:25:26.417 (2450186471)|HEAP_ALLOCATE|[382]|Bytes:44
04:25:26.417 (2450200683)|USER_DEBUG|[382]|DEBUG|Handleeeee Successsss Template Type : Custom
04:25:26.417 (2450205057)|STATEMENT_EXECUTE|[384]
04:25:26.417 (2450207407)|HEAP_ALLOCATE|[384]|Bytes:6
04:25:26.417 (2450229095)|VARIABLE_SCOPE_BEGIN|[384]|status|String|false|false
04:25:26.417 (2450235192)|VARIABLE_ASSIGNMENT|[384]|status|"PENDING"
04:25:26.417 (2450237559)|STATEMENT_EXECUTE|[385]
04:25:26.417 (2450239155)|HEAP_ALLOCATE|[385]|Bytes:2
04:25:26.417 (2450329036)|VARIABLE_ASSIGNMENT|[385]|this.Template_Id__c|"1227011715821854"|0x6776ed72
04:25:26.417 (2450333107)|STATEMENT_EXECUTE|[386]
04:25:26.417 (2450343593)|HEAP_ALLOCATE|[386]|Bytes:7
04:25:26.417 (2450350391)|HEAP_ALLOCATE|[386]|Bytes:9
04:25:26.417 (2450369358)|VARIABLE_ASSIGNMENT|[386]|this.Status__c|"In-Review"|0x6776ed72
04:25:26.417 (2450372314)|STATEMENT_EXECUTE|[389]
04:25:26.417 (2450397785)|VARIABLE_ASSIGNMENT|[389]|this.Template_Name__c|"test_temp_1"|0x6776ed72
04:25:26.417 (2450400964)|STATEMENT_EXECUTE|[390]
04:25:26.417 (2450423888)|VARIABLE_ASSIGNMENT|[390]|this.Template_Category__c|"Marketing"|0x6776ed72
04:25:26.417 (2450427011)|STATEMENT_EXECUTE|[391]
04:25:26.417 (2450448687)|VARIABLE_ASSIGNMENT|[391]|this.Language__c|"en_US"|0x6776ed72
04:25:26.417 (2450451897)|STATEMENT_EXECUTE|[392]
04:25:26.417 (2450464671)|VARIABLE_ASSIGNMENT|[392]|this.Template_Type__c|"Custom"|0x6776ed72
04:25:26.417 (2450467397)|STATEMENT_EXECUTE|[394]
04:25:26.417 (2450469830)|HEAP_ALLOCATE|[394]|Bytes:20
04:25:26.417 (2450475298)|HEAP_ALLOCATE|[394]|Bytes:24
04:25:26.417 (2450487746)|USER_DEBUG|[394]|DEBUG|Temp Misss data ::: null
04:25:26.417 (2450492362)|STATEMENT_EXECUTE|[395]
04:25:26.417 (2450506978)|VARIABLE_ASSIGNMENT|[395]|this.Template_Miscellaneous_Data__c|null|0x6776ed72
04:25:26.417 (2450509845)|STATEMENT_EXECUTE|[398]
04:25:26.417 (2450548917)|HEAP_ALLOCATE|[398]|Bytes:4
04:25:26.417 (2450597992)|VARIABLE_SCOPE_BEGIN|[398]|variableRecords|List<Template_Variable__c>|true|false
04:25:26.417 (2450603396)|HEAP_ALLOCATE|[EXTERNAL]|Bytes:4
04:25:26.417 (2450609151)|VARIABLE_ASSIGNMENT|[398]|variableRecords|[]|0x3a3a8599
04:25:26.417 (2450612295)|STATEMENT_EXECUTE|[399]
04:25:26.417 (2450636185)|VARIABLE_SCOPE_BEGIN|[399]|components|List<ANY>|true|false
04:25:26.417 (2450649809)|VARIABLE_ASSIGNMENT|[399]|components|[{"text":"Hello","type":"BODY"}]|0x6a77e2d1
04:25:26.417 (2450652761)|STATEMENT_EXECUTE|[400]
04:25:26.417 (2450657241)|VARIABLE_SCOPE_BEGIN|[400]|headAlternateTexts|List<String>|true|false
04:25:26.417 (2450662582)|VARIABLE_ASSIGNMENT|[400]|headAlternateTexts|[]|0x33f3abd3
04:25:26.417 (2450665488)|STATEMENT_EXECUTE|[401]
04:25:26.417 (2450668748)|VARIABLE_SCOPE_BEGIN|[401]|varAlternateTexts|List<String>|true|false
04:25:26.417 (2450673668)|VARIABLE_ASSIGNMENT|[401]|varAlternateTexts|[]|0x7ee862f6
04:25:26.417 (2450676880)|STATEMENT_EXECUTE|[403]
04:25:26.417 (2450678511)|HEAP_ALLOCATE|[403]|Bytes:28
04:25:26.417 (2450704201)|HEAP_ALLOCATE|[403]|Bytes:2
04:25:26.417 (2450710987)|HEAP_ALLOCATE|[403]|Bytes:30
04:25:26.417 (2450718069)|USER_DEBUG|[403]|DEBUG|Variable alternate text ::: ()
04:25:26.417 (2450722732)|STATEMENT_EXECUTE|[404]
04:25:26.417 (2450726451)|VARIABLE_SCOPE_BEGIN|[404]|headerIndex|Integer|false|false
04:25:26.417 (2450731101)|HEAP_ALLOCATE|[404]|Bytes:4
04:25:26.417 (2450735190)|VARIABLE_ASSIGNMENT|[404]|headerIndex|0
04:25:26.417 (2450737291)|STATEMENT_EXECUTE|[405]
04:25:26.417 (2450738598)|VARIABLE_SCOPE_BEGIN|[405]|variableIndex|Integer|false|false
04:25:26.417 (2450741875)|HEAP_ALLOCATE|[405]|Bytes:4
04:25:26.417 (2450744502)|VARIABLE_ASSIGNMENT|[405]|variableIndex|0
04:25:26.417 (2450746740)|STATEMENT_EXECUTE|[406]
04:25:26.417 (2450748397)|VARIABLE_SCOPE_BEGIN|[406]|headerMergeText|String|false|false
04:25:26.417 (2450753555)|VARIABLE_ASSIGNMENT|[406]|headerMergeText|""
04:25:26.417 (2450779049)|HEAP_ALLOCATE|[409]|Bytes:5
04:25:26.417 (2450792976)|HEAP_ALLOCATE|[409]|Bytes:12
04:25:26.417 (2450797053)|VARIABLE_SCOPE_BEGIN|[409]|comp|Object|false|false
04:25:26.417 (2450805231)|VARIABLE_ASSIGNMENT|[409]|comp|{"text":"Hello","type":"BODY"}
04:25:26.417 (2450808313)|STATEMENT_EXECUTE|[409]
04:25:26.417 (2450809840)|HEAP_ALLOCATE|[410]|Bytes:68
04:25:26.417 (2450847576)|STATEMENT_EXECUTE|[410]
04:25:26.417 (2450848652)|STATEMENT_EXECUTE|[413]
04:25:26.417 (2450851027)|VARIABLE_SCOPE_BEGIN|[413]|component|Map<String,ANY>|true|false
04:25:26.417 (2450859969)|VARIABLE_ASSIGNMENT|[413]|component|{"text":"Hello","type":"BODY"}|0x15da3e27
04:25:26.417 (2450863200)|STATEMENT_EXECUTE|[414]
04:25:26.417 (2450865001)|HEAP_ALLOCATE|[414]|Bytes:20
04:25:26.417 (2450876021)|USER_DEBUG|[414]|DEBUG|COmponentssss ::::: 
04:25:26.417 (2450880585)|STATEMENT_EXECUTE|[415]
04:25:26.417 (2450891245)|USER_DEBUG|[415]|DEBUG|{text=Hello, type=BODY}
04:25:26.417 (2450895422)|STATEMENT_EXECUTE|[416]
04:25:26.417 (2450906222)|VARIABLE_SCOPE_BEGIN|[416]|type|String|false|false
04:25:26.417 (2450911372)|VARIABLE_ASSIGNMENT|[416]|type|"BODY"
04:25:26.417 (2450913536)|STATEMENT_EXECUTE|[417]
04:25:26.417 (2450914936)|HEAP_ALLOCATE|[417]|Bytes:7
04:25:26.417 (2450926476)|VARIABLE_SCOPE_BEGIN|[417]|example|Map<String,ANY>|true|false
04:25:26.417 (2450931572)|VARIABLE_ASSIGNMENT|[417]|example|null|
04:25:26.417 (2450954275)|STATEMENT_EXECUTE|[424]
04:25:26.417 (2450956167)|HEAP_ALLOCATE|[435]|Bytes:6
04:25:26.417 (2450965402)|STATEMENT_EXECUTE|[489]
04:25:26.417 (2450966712)|STATEMENT_EXECUTE|[490]
04:25:26.417 (2450980865)|METHOD_ENTRY|[490]|01pgL000000Qgig|CreateTemplateWrapper.handleBodyComponent(String, Map<String,ANY>, Map<String,ANY>)
04:25:26.417 (2450992530)|VARIABLE_SCOPE_BEGIN|[612]|category|String|false|false
04:25:26.417 (2450997161)|VARIABLE_ASSIGNMENT|[612]|category|"Marketing"
04:25:26.417 (2450999692)|VARIABLE_SCOPE_BEGIN|[612]|component|Map<String,ANY>|true|false
04:25:26.417 (2451005640)|VARIABLE_ASSIGNMENT|[612]|component|{"text":"Hello","type":"BODY"}|0x15da3e27
04:25:26.417 (2451009270)|VARIABLE_SCOPE_BEGIN|[612]|example|Map<String,ANY>|true|false
04:25:26.417 (2451013235)|VARIABLE_ASSIGNMENT|[612]|example|null|
04:25:26.417 (2451024002)|HEAP_ALLOCATE|[613]|Bytes:5
04:25:26.417 (2451026850)|STATEMENT_EXECUTE|[612]
04:25:26.417 (2451027922)|STATEMENT_EXECUTE|[613]
04:25:26.417 (2451034537)|HEAP_ALLOCATE|[613]|Bytes:4
04:25:26.417 (2451038875)|VARIABLE_SCOPE_BEGIN|[613]|result|Map<String,ANY>|true|false
04:25:26.417 (2451045572)|VARIABLE_ASSIGNMENT|[613]|result|{}|0x7f3b3261
04:25:26.417 (2451048627)|STATEMENT_EXECUTE|[614]
04:25:26.417 (2451049455)|STATEMENT_EXECUTE|[614]
04:25:26.417 (2451050391)|STATEMENT_EXECUTE|[615]
04:25:26.417 (2451061749)|VARIABLE_SCOPE_BEGIN|[615]|bodyText|String|false|false
04:25:26.417 (2451066605)|VARIABLE_ASSIGNMENT|[615]|bodyText|"Hello"
04:25:26.417 (2451068990)|STATEMENT_EXECUTE|[616]
04:25:26.417 (2451070437)|HEAP_ALLOCATE|[616]|Bytes:22
04:25:26.417 (2451074217)|HEAP_ALLOCATE|[616]|Bytes:27
04:25:26.417 (2451083375)|USER_DEBUG|[616]|DEBUG|Bodyyyy component ::: Hello
04:25:26.417 (2451087615)|STATEMENT_EXECUTE|[617]
04:25:26.417 (2451089057)|VARIABLE_SCOPE_BEGIN|[617]|bodyMergeText|String|false|false
04:25:26.417 (2451093999)|VARIABLE_ASSIGNMENT|[617]|bodyMergeText|""
04:25:26.417 (2451096422)|STATEMENT_EXECUTE|[618]
04:25:26.417 (2451105706)|HEAP_ALLOCATE|[618]|Bytes:4
04:25:26.417 (2451120097)|VARIABLE_SCOPE_BEGIN|[618]|parsedFields|List<Map<String,String>>|true|false
04:25:26.417 (2451134374)|HEAP_ALLOCATE|[EXTERNAL]|Bytes:4
04:25:26.417 (2451138271)|VARIABLE_ASSIGNMENT|[618]|parsedFields|[]|0x2a8f263d
04:25:26.417 (2451142816)|STATEMENT_EXECUTE|[620]
04:25:26.417 (2451143809)|STATEMENT_EXECUTE|[653]
04:25:26.417 (2451145098)|HEAP_ALLOCATE|[653]|Bytes:8
04:25:26.417 (2451170725)|HEAP_ALLOCATE|[EXTERNAL]|Bytes:-4
04:25:26.417 (2451175242)|STATEMENT_EXECUTE|[654]
04:25:26.417 (2451176755)|HEAP_ALLOCATE|[654]|Bytes:13
04:25:26.417 (2451186765)|HEAP_ALLOCATE|[EXTERNAL]|Bytes:-4
04:25:26.417 (2451189837)|STATEMENT_EXECUTE|[655]
04:25:26.417 (2451191274)|HEAP_ALLOCATE|[655]|Bytes:12
04:25:26.417 (2451202367)|HEAP_ALLOCATE|[EXTERNAL]|Bytes:-4
04:25:26.417 (2451206857)|STATEMENT_EXECUTE|[664]
04:25:26.417 (2451214712)|METHOD_EXIT|[490]|01pgL000000Qgig|CreateTemplateWrapper.handleBodyComponent(String, Map<String,ANY>, Map<String,ANY>)
04:25:26.417 (2451217534)|VARIABLE_SCOPE_BEGIN|[490]|result|Map<String,ANY>|true|false
04:25:26.417 (2451225964)|VARIABLE_ASSIGNMENT|[490]|result|{"bodyText":"Hello","bodyMergeText":"","parsedFields":[]}|0x7f3b3261
04:25:26.417 (2451229120)|STATEMENT_EXECUTE|[491]
04:25:26.417 (2451230435)|HEAP_ALLOCATE|[491]|Bytes:19
04:25:26.417 (2451239431)|USER_DEBUG|[491]|DEBUG|Boddyyyy textt ::: 
04:25:26.417 (2451243503)|STATEMENT_EXECUTE|[492]
04:25:26.417 (2451255364)|USER_DEBUG|[492]|DEBUG|Hello
04:25:26.417 (2451266772)|STATEMENT_EXECUTE|[493]
04:25:26.417 (2451267646)|STATEMENT_EXECUTE|[494]
04:25:26.417 (2451268917)|HEAP_ALLOCATE|[494]|Bytes:7
04:25:26.417 (2451275832)|USER_DEBUG|[494]|DEBUG|In null
04:25:26.417 (2451279850)|STATEMENT_EXECUTE|[495]
04:25:26.417 (2451335523)|VARIABLE_ASSIGNMENT|[495]|this.WBTemplate_Body__c|"Hello"|0x6776ed72
04:25:26.417 (2451339362)|STATEMENT_EXECUTE|[497]
04:25:26.417 (2451358142)|VARIABLE_SCOPE_BEGIN|[497]|parsedFields|List<Map<String,String>>|true|false
04:25:26.417 (2451365237)|VARIABLE_ASSIGNMENT|[497]|parsedFields|[]|0x2a8f263d
04:25:26.417 (2451368316)|STATEMENT_EXECUTE|[498]
04:25:26.417 (2451376945)|VARIABLE_SCOPE_BEGIN|[498]|bodyMergeText|String|false|false
04:25:26.417 (2451381306)|VARIABLE_ASSIGNMENT|[498]|bodyMergeText|""
04:25:26.417 (2451383636)|STATEMENT_EXECUTE|[500]
04:25:26.417 (2451384969)|HEAP_ALLOCATE|[500]|Bytes:13
04:25:26.417 (2451437836)|HEAP_ALLOCATE|[500]|Bytes:24
04:25:26.417 (2451457015)|SYSTEM_METHOD_ENTRY|[1]|Pattern.Pattern()
04:25:26.417 (2451459930)|STATEMENT_EXECUTE|[1]
04:25:26.417 (2451469156)|SYSTEM_METHOD_EXIT|[1]|Pattern
04:25:26.417 (2451479691)|METHOD_ENTRY|[500]||System.Pattern.compile(String)
04:25:26.417 (2451567308)|METHOD_EXIT|[500]||System.Pattern.compile(String)
04:25:26.417 (2451569931)|VARIABLE_SCOPE_BEGIN|[500]|pattern|System.Pattern|true|false
04:25:26.417 (2451592757)|VARIABLE_ASSIGNMENT|[500]|pattern|{"delegate":"0x1ea212c1"}|0x64759f1f
04:25:26.417 (2451596072)|STATEMENT_EXECUTE|[501]
04:25:26.417 (2451613611)|METHOD_ENTRY|[501]||System.Pattern.matcher(String)
04:25:26.417 (2451709084)|METHOD_EXIT|[501]||System.Pattern.matcher(String)
04:25:26.417 (2451711882)|VARIABLE_SCOPE_BEGIN|[501]|matcher|System.Matcher|true|false
04:25:26.417 (2451723565)|VARIABLE_ASSIGNMENT|[501]|matcher|{"delegate":"0x11167966"}|0x7fea8f6f
04:25:26.417 (2451726437)|STATEMENT_EXECUTE|[502]
04:25:26.417 (2451735785)|HEAP_ALLOCATE|[502]|Bytes:4
04:25:26.417 (2451757129)|VARIABLE_SCOPE_BEGIN|[502]|processedBodyPlaceholders|Set<String>|true|false
04:25:26.417 (2451780292)|VARIABLE_ASSIGNMENT|[502]|processedBodyPlaceholders|[]|0x37af6aea
04:25:26.417 (2451783420)|STATEMENT_EXECUTE|[504]
04:25:26.417 (2451784875)|HEAP_ALLOCATE|[504]|Bytes:93
04:25:26.417 (2451790628)|HEAP_ALLOCATE|[504]|Bytes:4
04:25:26.417 (2451794687)|HEAP_ALLOCATE|[504]|Bytes:7
04:25:26.417 (2452226011)|SOQL_EXECUTE_BEGIN|[504]|Aggregations:0|SELECT Id, Name FROM Template_Variable__c WHERE (Template__c = :tmpVar1 AND Type__c = 'Body')
04:25:26.417 (2487226136)|SOQL_EXECUTE_END|[504]|Rows:0
04:25:26.417 (2487262607)|HEAP_ALLOCATE|[504]|Bytes:4
04:25:26.417 (2487286041)|HEAP_ALLOCATE|[504]|Bytes:0
04:25:26.417 (2487321481)|HEAP_ALLOCATE|[504]|Bytes:4
04:25:26.417 (2487336731)|VARIABLE_SCOPE_BEGIN|[504]|existingBodyVars|List<Template_Variable__c>|true|false
04:25:26.417 (2487354359)|VARIABLE_ASSIGNMENT|[504]|existingBodyVars|[]|0x6aa1ad5b
04:25:26.417 (2487401489)|STATEMENT_EXECUTE|[511]
04:25:26.417 (2487424822)|METHOD_ENTRY|[515]||System.Matcher.find()
04:25:26.417 (2487495327)|METHOD_EXIT|[515]||System.Matcher.find()
04:25:26.417 (2487499999)|STATEMENT_EXECUTE|[515]
04:25:26.417 (2487518176)|HEAP_ALLOCATE|[409]|Bytes:5
04:25:26.417 (2487530656)|VARIABLE_ASSIGNMENT|[409]|comp|null
04:25:26.417 (2487534778)|STATEMENT_EXECUTE|[572]
04:25:26.417 (2487579623)|HEAP_ALLOCATE|[572]|Bytes:8
04:25:26.417 (2487601809)|DML_BEGIN|[572]|Op:Upsert|Type:Template__c|Rows:1
04:25:26.417 (2487627669)|HEAP_ALLOCATE|[EXTERNAL]|Bytes:8
04:25:26.417 (2642347400)|DML_END|[572]
04:25:26.417 (2643632945)|STATEMENT_EXECUTE|[573]
04:25:26.417 (2643781261)|VARIABLE_ASSIGNMENT|[573]|templateId|"a0DgL000001nq6XUAQ"
04:25:26.417 (2644038580)|HEAP_ALLOCATE|[575]|Bytes:5
04:25:26.417 (2644065052)|VARIABLE_ASSIGNMENT|[575]|variable|null|
04:25:26.417 (2644070853)|STATEMENT_EXECUTE|[575]
04:25:26.417 (2644088287)|STATEMENT_EXECUTE|[579]
04:25:26.417 (2644089191)|STATEMENT_EXECUTE|[584]
04:25:26.417 (2644093532)|HEAP_ALLOCATE|[584]|Bytes:7
04:25:26.417 (2644129693)|HEAP_ALLOCATE|[584]|Bytes:5
04:25:26.417 (2644155741)|HEAP_ALLOCATE|[EXTERNAL]|Bytes:-4
04:25:26.417 (2644164691)|STATEMENT_EXECUTE|[585]
04:25:26.417 (2644167015)|HEAP_ALLOCATE|[585]|Bytes:10
04:25:26.417 (2644182707)|HEAP_ALLOCATE|[EXTERNAL]|Bytes:-4
04:25:26.417 (2644188193)|STATEMENT_EXECUTE|[602]
04:25:26.417 (2644204396)|METHOD_EXIT|[486]|01pgL000000Qgig|CreateTemplateWrapper.handleSuccessResponse(System.HttpResponse, Map<String,ANY>, Map<String,ANY>, CreateTemplateWrapper.TemplateWrapper)
04:25:26.417 (2644213957)|VARIABLE_SCOPE_BEGIN|[486]|templateId|Id|false|false
04:25:26.417 (2644274536)|VARIABLE_ASSIGNMENT|[486]|templateId|"a0DgL000001nq6XUAQ"
04:25:26.417 (2644278148)|STATEMENT_EXECUTE|[487]
04:25:26.417 (2644294503)|HEAP_ALLOCATE|[487]|Bytes:5
04:25:26.417 (2644302279)|STATEMENT_EXECUTE|[488]
04:25:26.417 (2644315450)|STATEMENT_EXECUTE|[516]
04:25:26.417 (2644322730)|SYSTEM_MODE_EXIT|true
04:25:26.692 (2692998059)|CUMULATIVE_LIMIT_USAGE
04:25:26.692 (2692998059)|LIMIT_USAGE_FOR_NS|(default)|
  Number of SOQL queries: 2 out of 100
  Number of query rows: 94 out of 50000
  Number of SOSL queries: 0 out of 20
  Number of DML statements: 1 out of 150
  Number of Publish Immediate DML: 0 out of 150
  Number of DML rows: 1 out of 10000
  Maximum CPU time: 26 out of 10000
  Maximum heap size: 0 out of 6000000
  Number of callouts: 1 out of 100
  Number of Email Invocations: 0 out of 10
  Number of future calls: 0 out of 50
  Number of queueable jobs added to the queue: 0 out of 50
  Number of Mobile Apex push calls: 0 out of 10

04:25:26.692 (2692998059)|CUMULATIVE_LIMIT_USAGE_END

04:25:26.417 (2693092878)|CODE_UNIT_FINISHED|WBTemplateController.createWhatsappTemplate(String)
04:25:26.417 (2693231519)|CODE_UNIT_FINISHED|apex://WBTemplateController/ACTION$createWhatsappTemplate
04:25:26.417 (2693240949)|EXECUTION_FINISHED
