63.0 APEX_CODE,FINEST;APEX_PROFILING,INFO;CALLOUT,INFO;DATA_ACCESS,INFO;DB,INFO;NBA,INFO;SYSTEM,DEBUG;VALIDATION,INFO;VISUALFORCE,INFO;WAVE,INFO;WORKFLOW,INFO
23:25:45.0 (263201)|USER_INFO|[EXTERNAL]|005gL000000bXjT|divij@wbconnect.com|(GMT-07:00) Pacific Daylight Time (America/Los_Angeles)|GMT-07:00
23:25:45.0 (336719)|EXECUTION_STARTED
23:25:45.0 (360227)|CODE_UNIT_STARTED|[EXTERNAL]|apex://WBTemplateController/ACTION$createWhatsappTemplate
23:25:45.0 (2678435)|CODE_UNIT_STARTED|[EXTERNAL]|01pgL000000QsUb|WBTemplateController.createWhatsappTemplate(String)
23:25:45.0 (2876099)|VARIABLE_SCOPE_BEGIN|[22]|WBTemplateController.SETTINGS|MVWB__WBConnect_Configuration__mdt|true|true
23:25:45.0 (2948333)|VARIABLE_SCOPE_BEGIN|[19]|WBTemplateController.accessToken|String|false|true
23:25:45.0 (2954103)|VARIABLE_SCOPE_BEGIN|[20]|WBTemplateController.endpoint|String|false|true
23:25:45.0 (2957709)|VARIABLE_SCOPE_BEGIN|[21]|WBTemplateController.uploadEndpoint|String|false|true
23:25:45.0 (3187179)|HEAP_ALLOCATE|[93]|Bytes:3
23:25:45.0 (3246297)|HEAP_ALLOCATE|[98]|Bytes:152
23:25:45.0 (3273529)|HEAP_ALLOCATE|[415]|Bytes:408
23:25:45.0 (3300862)|HEAP_ALLOCATE|[428]|Bytes:408
23:25:45.0 (3321628)|HEAP_ALLOCATE|[536]|Bytes:48
23:25:45.0 (3348778)|HEAP_ALLOCATE|[247]|Bytes:6
23:25:45.0 (3363748)|HEAP_ALLOCATE|[EXTERNAL]|Bytes:36
23:25:45.0 (3368771)|HEAP_ALLOCATE|[EXTERNAL]|Bytes:56
23:25:45.0 (3375802)|HEAP_ALLOCATE|[EXTERNAL]|Bytes:102
23:25:45.0 (3766637)|METHOD_ENTRY|[17]|01pgL000000QsUb|WBTemplateController.WBTemplateController()
23:25:45.0 (3778931)|STATEMENT_EXECUTE|[17]
23:25:45.0 (3794868)|STATEMENT_EXECUTE|[17]
23:25:45.0 (3869782)|HEAP_ALLOCATE|[68]|Bytes:5
23:25:45.0 (3939843)|HEAP_ALLOCATE|[74]|Bytes:5
23:25:45.0 (3949096)|HEAP_ALLOCATE|[82]|Bytes:7
23:25:45.0 (3991470)|SYSTEM_MODE_ENTER|true
23:25:45.0 (4034275)|HEAP_ALLOCATE|[25]|Bytes:5
23:25:45.0 (4044015)|STATEMENT_EXECUTE|[24]
23:25:45.0 (4048981)|STATEMENT_EXECUTE|[25]
23:25:45.0 (4054296)|STATEMENT_EXECUTE|[25]
23:25:45.0 (4061957)|STATEMENT_EXECUTE|[26]
23:25:45.0 (4066664)|HEAP_ALLOCATE|[26]|Bytes:180
23:25:45.0 (4104190)|HEAP_ALLOCATE|[26]|Bytes:4
23:25:45.0 (5922789)|SOQL_EXECUTE_BEGIN|[26]|Aggregations:0|SELECT MVWB__Access_Token__c, MVWB__Application_Id__c, MVWB__Phone_Number_Id__c, MVWB__Business_Account_Id__c FROM MVWB__WBConnect_Configuration__mdt WITH SECURITY_ENFORCED LIMIT 1
23:25:45.0 (6526507)|HEAP_ALLOCATE|[EXTERNAL]|Bytes:4
23:25:45.0 (6622970)|HEAP_ALLOCATE|[EXTERNAL]|Bytes:4
23:25:45.0 (6670681)|HEAP_ALLOCATE|[EXTERNAL]|Bytes:4
23:25:45.0 (6717221)|HEAP_ALLOCATE|[EXTERNAL]|Bytes:4
23:25:45.0 (6901656)|HEAP_ALLOCATE|[EXTERNAL]|Bytes:4
23:25:45.0 (10278256)|SOQL_EXECUTE_END|[26]|Rows:1
23:25:45.0 (10331107)|HEAP_ALLOCATE|[26]|Bytes:8
23:25:45.0 (10363528)|HEAP_ALLOCATE|[26]|Bytes:392
23:25:45.0 (10461761)|HEAP_ALLOCATE|[26]|Bytes:8
23:25:45.0 (10477676)|HEAP_ALLOCATE|[26]|Bytes:60
23:25:45.0 (10554501)|HEAP_ALLOCATE|[26]|Bytes:24
23:25:45.0 (10654229)|VARIABLE_ASSIGNMENT|[26]|WBTemplateController.SETTINGS|{"MVWB__Access_Token__c":"EAAVUhq0jVsUBOZCkt9x (185 more) ...","MVWB__Application_Id__c":"1500312290678469","MVWB__Phone_Number_Id__c":"544633438726755","MVWB__Business_Account_Id__c":"499269473267232","Id":"m01gL000001MsPNQA0"}|0x7ca5d6f7
23:25:45.0 (10661636)|STATEMENT_EXECUTE|[32]
23:25:45.0 (10712141)|VARIABLE_ASSIGNMENT|[32]|WBTemplateController.accessToken|"EAAVUhq0jVsUBOZCkt9x (185 more) ..."
23:25:45.0 (10717685)|STATEMENT_EXECUTE|[815]
23:25:45.0 (10718566)|STATEMENT_EXECUTE|[822]
23:25:45.0 (10728880)|SYSTEM_MODE_EXIT|true
23:25:45.0 (10749019)|METHOD_EXIT|[17]|WBTemplateController
23:25:45.0 (10754321)|HEAP_ALLOCATE|[EXTERNAL]|Bytes:4312
23:25:45.0 (10762096)|VARIABLE_SCOPE_BEGIN|[449]|serializedWrapper|String|false|false
23:25:45.0 (10771091)|VARIABLE_ASSIGNMENT|[449]|serializedWrapper|"{\"templateName\":\"tes (4292 more) ..."
23:25:45.0 (10793106)|SYSTEM_MODE_ENTER|true
23:25:45.0 (10804137)|HEAP_ALLOCATE|[450]|Bytes:5
23:25:45.0 (10807295)|STATEMENT_EXECUTE|[449]
23:25:45.0 (10808339)|STATEMENT_EXECUTE|[450]
23:25:45.0 (10818957)|HEAP_ALLOCATE|[450]|Bytes:4
23:25:45.0 (10826675)|VARIABLE_SCOPE_BEGIN|[450]|response|Map<String,ANY>|true|false
23:25:45.0 (10846168)|VARIABLE_ASSIGNMENT|[450]|response|{}|0x790a8dc3
23:25:45.0 (10849387)|STATEMENT_EXECUTE|[452]
23:25:45.0 (10850169)|STATEMENT_EXECUTE|[452]
23:25:45.0 (10927679)|STATEMENT_EXECUTE|[453]
23:25:45.0 (10929024)|STATEMENT_EXECUTE|[459]
23:25:45.0 (10931401)|HEAP_ALLOCATE|[459]|Bytes:37
23:25:45.0 (90944120)|HEAP_ALLOCATE|[459]|Bytes:33
23:25:45.0 (90982473)|SYSTEM_METHOD_ENTRY|[1]|Type.Type()
23:25:45.0 (90988272)|STATEMENT_EXECUTE|[1]
23:25:45.0 (91002483)|SYSTEM_METHOD_EXIT|[1]|Type
23:25:45.0 (91012541)|HEAP_ALLOCATE|[459]|Bytes:8
23:25:45.0 (91031336)|HEAP_ALLOCATE|[459]|Bytes:8
23:25:45.0 (91035743)|VARIABLE_SCOPE_BEGIN|[4]|this|System.Type|true|false
23:25:45.0 (91113109)|VARIABLE_ASSIGNMENT|[4]|this|{}|0x36d36225
23:25:45.0 (91117180)|VARIABLE_SCOPE_BEGIN|[4]|apextype|java:common.apex.runtime.ApexObjectType|true|false
23:25:45.0 (91272573)|VARIABLE_ASSIGNMENT|[4]|apextype|"CreateTemplateWrapper.TemplateWrapper"|0x202f8507
23:25:45.0 (92640139)|HEAP_ALLOCATE|[459]|Bytes:8
23:25:45.0 (92682347)|HEAP_ALLOCATE|[459]|Bytes:24
23:25:45.0 (92693536)|SYSTEM_METHOD_ENTRY|[1]|JSON.JSON()
23:25:45.0 (92696071)|STATEMENT_EXECUTE|[1]
23:25:45.0 (92701397)|SYSTEM_METHOD_EXIT|[1]|JSON
23:25:45.0 (92720839)|METHOD_ENTRY|[459]||System.JSON.deserialize(String, System.Type)
23:25:45.0 (93874195)|METHOD_EXIT|[459]||System.JSON.deserialize(String, System.Type)
23:25:45.0 (93890276)|VARIABLE_SCOPE_BEGIN|[459]|templateWrapper|CreateTemplateWrapper.TemplateWrapper|true|false
23:25:45.0 (94005057)|VARIABLE_ASSIGNMENT|[459]|templateWrapper|{"headAlternateTexts":"0x23d59341","tempFooterText":"test template","tempHeaderFormat":"Image","tempHeaderHandle":"4:cGhvdG8tMTUxNDg4OD (738 more) ...","tempHeaderText":"","tempImgId":"069gL000000kRreQAE","tempImgName":"photo-1514888286974- (21 more) ...","tempImgUrl":"https://orgfarm-3036 (183 more) ...","tempLanguage":"en_US","templateBody":"Hello 😆,\nThis is a  (13 more) ...","templateCategory":"Marketing","templateName":"testallbuttons9","templateType":"Custom","typeOfButton":"[{\"id\":1,\"selectedAc (2417 more) ...","varAlternateTexts":"0x7f0e2d81"}|0x20bc171c
23:25:45.0 (94017908)|STATEMENT_EXECUTE|[460]
23:25:45.0 (94023940)|HEAP_ALLOCATE|[460]|Bytes:30
23:25:45.0 (94166102)|HEAP_ALLOCATE|[460]|Bytes:3957
23:25:45.0 (94182516)|HEAP_ALLOCATE|[460]|Bytes:3987
23:25:45.0 (94205817)|USER_DEBUG|[460]|DEBUG|Deserialized TemplateWrapper: TemplateWrapper:[buttonPhoneText=null, buttonURLText=null, copyCode=null, headAlternateTexts=(), phoneNumber=null, quickText=null, tempFooterText=test template, tempHeaderExample=null, tempHeaderFormat=Image, tempHeaderHandle=4:cGhvdG8tMTUxNDg4ODI4Njk3NC02YzAzZTJjYTFkYmEgKDEpLmpwZWc=:aW1hZ2UvanBlZw==:ARYwmSs238HQJSui8J5SEQozFu7bg0xb4-Dz7aM9CbxkF2TkQSCjCwt4UCx3-wJQRk2HERaPL210e05rPlLw6D5c0MfdQl56LLUmZK4BS3FJfA:e:1743488675:1500312290678469:100089605934535:ARZDTkFtu_YZmEt9Gjk
4:cGhvdG8tMTUxNDg4ODI4Njk3NC02YzAzZTJjYTFkYmEgKDEpLmpwZWc=:aW1hZ2UvanBlZw==:ARb9Hhs70oc7zrPsIdVcqAst-xfQJxVnZtrHF_YsGm_IyXl34ZMB2k_LqhMYvxBx5-hkoWSw0E-OrdGeNeC0Oj7YIjs2T-US4gygAJOa9r1Cag:e:1743488675:1500312290678469:100089605934535:ARakpGk6VQ9FgpS6l7o
4:cGhvdG8tMTUxNDg4ODI4Njk3NC02YzAzZTJjYTFkYmEgKDEpLmpwZWc=:aW1hZ2UvanBlZw==:ARZzVvwxCHwZ9zdYaiRMI-pm4y7wPSdut9LHL21ohJ2h_NpTPUik6vnRpvyspr-74EJwppCJpH6EfOrZDP1WLDKH80A0YeOe8YU-Ts1uIE4SzQ:e:1743488675:1500312290678469:100089605934535:ARaUr5Mnco85HLv000o, tempHeaderText=, tempImgId=069gL000000kRreQAE, tempImgName=photo-1514888286974-6c03e2ca1dba (1).jpeg, tempImgUrl=https://orgfarm-30361f49ec-dev-ed.develop.file.force.com/sfc/dist/version/download/?oid=00DgL000000eseS&ids=068gL000000kXNZ&d=%2Fa%2FgL00000009L3%2FTYo2sTNR1ZZqSixfQw2TDHnhHW4o6z2PtIlUo6Jtq1c&asPdf=false, tempLanguage=en_US, templateBody=Hello 😆,
This is a test template, templateBodyText=null, templateCategory=Marketing, templateName=testallbuttons9, templateType=Custom, typeOfButton=[{"id":1,"selectedActionType":"PHONE_NUMBER","iconName":"utility:call","btntext":"Call Phone Number","webURL":"","phonenum":"9427030255","offercode":"","selectedUrlType":"Static","selectedCountryType":"+91","isCallPhone":true,"isVisitSite":false,"isOfferCode":false,"hasError":false,"errorMessage":"","isDisabled":false},{"id":2,"selectedActionType":"URL","iconName":"utility:new_window","btntext":"Visit Website","webURL":"https://www.google.com/","phonenum":"","offercode":"","selectedUrlType":"Static","selectedCountryType":"","isCallPhone":false,"isVisitSite":true,"isOfferCode":false,"hasError":false,"errorMessage":"","isDisabled":false},{"id":3,"selectedActionType":"URL","iconName":"utility:new_window","btntext":"Visit Website1","webURL":"https://www.google.com/","phonenum":"","offercode":"","selectedUrlType":"Static","selectedCountryType":"","isCallPhone":false,"isVisitSite":true,"isOfferCode":false,"hasError":false,"errorMessage":"","isDisabled":false},{"id":4,"selectedActionType":"COPY_CODE","iconName":"utility:copy","btntext":"Copy Offer Code","webURL":"","phonenum":"","offercode":"AADDFCGOP","selectedUrlType":"Static","selectedCountryType":"","isCallPhone":false,"isVisitSite":false,"isOfferCode":true,"hasError":false,"errorMessage":"","isDisabled":true},{"id":1,"selectedCustomType":"Marketing opt-out","Cbtntext":"Stop promotions","buttonClass":"button-label-preview","showFooterText":true,"iconName":"utility:reply","hasError":false,"errorMessage":""},{"id":2,"selectedCustomType":"QUICK_REPLY","Cbtntext":"Quick reply1","buttonClass":"button-label-preview","showFooterText":false,"iconName":"utility:reply","hasError":false,"errorMessage":""},{"id":3,"selectedCustomType":"QUICK_REPLY","Cbtntext":"Quick reply2","buttonClass":"button-label-preview","showFooterText":false,"iconName":"utility:reply","hasError":false,"errorMessage":""},{"id":4,"selectedCustomType":"QUICK_REPLY","Cbtntext":"Quick reply3","buttonClass":"button-label-preview","showFooterText":false,"iconName":"utility:reply","hasError":false,"errorMessage":""},{"id":5,"selectedCustomType":"QUICK_REPLY","Cbtntext":"Quick reply4","buttonClass":"button-label-preview","showFooterText":false,"iconName":"utility:reply","hasError":false,"errorMessage":""},{"id":6,"selectedCustomType":"QUICK_REPLY","Cbtntext":"Quick reply","buttonClass":"button-label-preview","showFooterText":false,"iconName":"utility:reply","hasError":false,"errorMessage":""}], url=null, varAlternateTexts=()]
23:25:45.0 (94253513)|STATEMENT_EXECUTE|[462]
23:25:45.0 (94263237)|HEAP_ALLOCATE|[462]|Bytes:15
23:25:45.0 (94266732)|HEAP_ALLOCATE|[462]|Bytes:28
23:25:45.0 (94269224)|HEAP_ALLOCATE|[462]|Bytes:68
23:25:45.0 (94289823)|METHOD_ENTRY|[16]|01pgL000000Qgig|CreateTemplateWrapper.CreateTemplateWrapper()
23:25:45.0 (94292782)|STATEMENT_EXECUTE|[16]
23:25:45.0 (94295603)|STATEMENT_EXECUTE|[16]
23:25:45.0 (94305566)|HEAP_ALLOCATE|[462]|Bytes:5
23:25:45.0 (94307780)|STATEMENT_EXECUTE|[685]
23:25:45.0 (94317948)|METHOD_EXIT|[16]|CreateTemplateWrapper
23:25:45.0 (94332698)|METHOD_ENTRY|[462]|01pgL000000Qgig|CreateTemplateWrapper.buildPayload(CreateTemplateWrapper.TemplateWrapper)
23:25:45.0 (94345783)|VARIABLE_SCOPE_BEGIN|[24]|templateWrapper|CreateTemplateWrapper.TemplateWrapper|true|false
23:25:45.0 (94447819)|VARIABLE_ASSIGNMENT|[24]|templateWrapper|{"headAlternateTexts":"0x23d59341","tempFooterText":"test template","tempHeaderFormat":"Image","tempHeaderHandle":"4:cGhvdG8tMTUxNDg4OD (738 more) ...","tempHeaderText":"","tempImgId":"069gL000000kRreQAE","tempImgName":"photo-1514888286974- (21 more) ...","tempImgUrl":"https://orgfarm-3036 (183 more) ...","tempLanguage":"en_US","templateBody":"Hello 😆,\nThis is a  (13 more) ...","templateCategory":"Marketing","templateName":"testallbuttons9","templateType":"Custom","typeOfButton":"[{\"id\":1,\"selectedAc (2417 more) ...","varAlternateTexts":"0x7f0e2d81"}|0x20bc171c
23:25:45.0 (94463214)|HEAP_ALLOCATE|[25]|Bytes:5
23:25:45.0 (94466509)|STATEMENT_EXECUTE|[24]
23:25:45.0 (94467987)|STATEMENT_EXECUTE|[25]
23:25:45.0 (94468798)|STATEMENT_EXECUTE|[25]
23:25:45.0 (94469671)|STATEMENT_EXECUTE|[26]
23:25:45.0 (94471559)|HEAP_ALLOCATE|[26]|Bytes:23
23:25:45.0 (94538377)|HEAP_ALLOCATE|[26]|Bytes:3957
23:25:45.0 (94547519)|HEAP_ALLOCATE|[26]|Bytes:3980
23:25:45.0 (94556372)|USER_DEBUG|[26]|DEBUG|Template Wrapper is :: TemplateWrapper:[buttonPhoneText=null, buttonURLText=null, copyCode=null, headAlternateTexts=(), phoneNumber=null, quickText=null, tempFooterText=test template, tempHeaderExample=null, tempHeaderFormat=Image, tempHeaderHandle=4:cGhvdG8tMTUxNDg4ODI4Njk3NC02YzAzZTJjYTFkYmEgKDEpLmpwZWc=:aW1hZ2UvanBlZw==:ARYwmSs238HQJSui8J5SEQozFu7bg0xb4-Dz7aM9CbxkF2TkQSCjCwt4UCx3-wJQRk2HERaPL210e05rPlLw6D5c0MfdQl56LLUmZK4BS3FJfA:e:1743488675:1500312290678469:100089605934535:ARZDTkFtu_YZmEt9Gjk
4:cGhvdG8tMTUxNDg4ODI4Njk3NC02YzAzZTJjYTFkYmEgKDEpLmpwZWc=:aW1hZ2UvanBlZw==:ARb9Hhs70oc7zrPsIdVcqAst-xfQJxVnZtrHF_YsGm_IyXl34ZMB2k_LqhMYvxBx5-hkoWSw0E-OrdGeNeC0Oj7YIjs2T-US4gygAJOa9r1Cag:e:1743488675:1500312290678469:100089605934535:ARakpGk6VQ9FgpS6l7o
4:cGhvdG8tMTUxNDg4ODI4Njk3NC02YzAzZTJjYTFkYmEgKDEpLmpwZWc=:aW1hZ2UvanBlZw==:ARZzVvwxCHwZ9zdYaiRMI-pm4y7wPSdut9LHL21ohJ2h_NpTPUik6vnRpvyspr-74EJwppCJpH6EfOrZDP1WLDKH80A0YeOe8YU-Ts1uIE4SzQ:e:1743488675:1500312290678469:100089605934535:ARaUr5Mnco85HLv000o, tempHeaderText=, tempImgId=069gL000000kRreQAE, tempImgName=photo-1514888286974-6c03e2ca1dba (1).jpeg, tempImgUrl=https://orgfarm-30361f49ec-dev-ed.develop.file.force.com/sfc/dist/version/download/?oid=00DgL000000eseS&ids=068gL000000kXNZ&d=%2Fa%2FgL00000009L3%2FTYo2sTNR1ZZqSixfQw2TDHnhHW4o6z2PtIlUo6Jtq1c&asPdf=false, tempLanguage=en_US, templateBody=Hello 😆,
This is a test template, templateBodyText=null, templateCategory=Marketing, templateName=testallbuttons9, templateType=Custom, typeOfButton=[{"id":1,"selectedActionType":"PHONE_NUMBER","iconName":"utility:call","btntext":"Call Phone Number","webURL":"","phonenum":"9427030255","offercode":"","selectedUrlType":"Static","selectedCountryType":"+91","isCallPhone":true,"isVisitSite":false,"isOfferCode":false,"hasError":false,"errorMessage":"","isDisabled":false},{"id":2,"selectedActionType":"URL","iconName":"utility:new_window","btntext":"Visit Website","webURL":"https://www.google.com/","phonenum":"","offercode":"","selectedUrlType":"Static","selectedCountryType":"","isCallPhone":false,"isVisitSite":true,"isOfferCode":false,"hasError":false,"errorMessage":"","isDisabled":false},{"id":3,"selectedActionType":"URL","iconName":"utility:new_window","btntext":"Visit Website1","webURL":"https://www.google.com/","phonenum":"","offercode":"","selectedUrlType":"Static","selectedCountryType":"","isCallPhone":false,"isVisitSite":true,"isOfferCode":false,"hasError":false,"errorMessage":"","isDisabled":false},{"id":4,"selectedActionType":"COPY_CODE","iconName":"utility:copy","btntext":"Copy Offer Code","webURL":"","phonenum":"","offercode":"AADDFCGOP","selectedUrlType":"Static","selectedCountryType":"","isCallPhone":false,"isVisitSite":false,"isOfferCode":true,"hasError":false,"errorMessage":"","isDisabled":true},{"id":1,"selectedCustomType":"Marketing opt-out","Cbtntext":"Stop promotions","buttonClass":"button-label-preview","showFooterText":true,"iconName":"utility:reply","hasError":false,"errorMessage":""},{"id":2,"selectedCustomType":"QUICK_REPLY","Cbtntext":"Quick reply1","buttonClass":"button-label-preview","showFooterText":false,"iconName":"utility:reply","hasError":false,"errorMessage":""},{"id":3,"selectedCustomType":"QUICK_REPLY","Cbtntext":"Quick reply2","buttonClass":"button-label-preview","showFooterText":false,"iconName":"utility:reply","hasError":false,"errorMessage":""},{"id":4,"selectedCustomType":"QUICK_REPLY","Cbtntext":"Quick reply3","buttonClass":"button-label-preview","showFooterText":false,"iconName":"utility:reply","hasError":false,"errorMessage":""},{"id":5,"selectedCustomType":"QUICK_REPLY","Cbtntext":"Quick reply4","buttonClass":"button-label-preview","showFooterText":false,"iconName":"utility:reply","hasError":false,"errorMessage":""},{"id":6,"selectedCustomType":"QUICK_REPLY","Cbtntext":"Quick reply","buttonClass":"button-label-preview","showFooterText":false,"iconName":"utility:reply","hasError":false,"errorMessage":""}], url=null, varAlternateTexts=()]
23:25:45.0 (94608273)|STATEMENT_EXECUTE|[27]
23:25:45.0 (94623183)|HEAP_ALLOCATE|[27]|Bytes:4
23:25:45.0 (94633057)|VARIABLE_SCOPE_BEGIN|[27]|payload|Map<String,ANY>|true|false
23:25:45.0 (94655998)|VARIABLE_ASSIGNMENT|[27]|payload|{}|0x3676d94c
23:25:45.0 (94659827)|STATEMENT_EXECUTE|[28]
23:25:45.0 (94661664)|HEAP_ALLOCATE|[28]|Bytes:4
23:25:45.0 (94699932)|HEAP_ALLOCATE|[EXTERNAL]|Bytes:-4
23:25:45.0 (94705522)|STATEMENT_EXECUTE|[29]
23:25:45.0 (94707148)|HEAP_ALLOCATE|[29]|Bytes:8
23:25:45.0 (94719466)|HEAP_ALLOCATE|[EXTERNAL]|Bytes:-4
23:25:45.0 (94722851)|STATEMENT_EXECUTE|[30]
23:25:45.0 (94724220)|HEAP_ALLOCATE|[30]|Bytes:8
23:25:45.0 (94734662)|HEAP_ALLOCATE|[EXTERNAL]|Bytes:-4
23:25:45.0 (94738396)|STATEMENT_EXECUTE|[32]
23:25:45.0 (94750332)|HEAP_ALLOCATE|[32]|Bytes:4
23:25:45.0 (94781342)|VARIABLE_SCOPE_BEGIN|[32]|components|List<Map<String,ANY>>|true|false
23:25:45.0 (94802732)|HEAP_ALLOCATE|[EXTERNAL]|Bytes:4
23:25:45.0 (94812104)|VARIABLE_ASSIGNMENT|[32]|components|[]|0x51357581
23:25:45.0 (94815335)|STATEMENT_EXECUTE|[33]
23:25:45.0 (94822127)|METHOD_ENTRY|[33]|01pgL000000Qgig|CreateTemplateWrapper.buildMarketingOrUtilityComponents(CreateTemplateWrapper.TemplateWrapper)
23:25:45.0 (94830446)|VARIABLE_SCOPE_BEGIN|[54]|templateWrapper|CreateTemplateWrapper.TemplateWrapper|true|false
23:25:45.0 (94893626)|VARIABLE_ASSIGNMENT|[54]|templateWrapper|{"headAlternateTexts":"0x23d59341","tempFooterText":"test template","tempHeaderFormat":"Image","tempHeaderHandle":"4:cGhvdG8tMTUxNDg4OD (738 more) ...","tempHeaderText":"","tempImgId":"069gL000000kRreQAE","tempImgName":"photo-1514888286974- (21 more) ...","tempImgUrl":"https://orgfarm-3036 (183 more) ...","tempLanguage":"en_US","templateBody":"Hello 😆,\nThis is a  (13 more) ...","templateCategory":"Marketing","templateName":"testallbuttons9","templateType":"Custom","typeOfButton":"[{\"id\":1,\"selectedAc (2417 more) ...","varAlternateTexts":"0x7f0e2d81"}|0x20bc171c
23:25:45.0 (94906957)|HEAP_ALLOCATE|[55]|Bytes:5
23:25:45.0 (94909477)|STATEMENT_EXECUTE|[54]
23:25:45.0 (94910463)|STATEMENT_EXECUTE|[55]
23:25:45.0 (94911283)|STATEMENT_EXECUTE|[55]
23:25:45.0 (94912341)|STATEMENT_EXECUTE|[56]
23:25:45.0 (94917386)|HEAP_ALLOCATE|[56]|Bytes:4
23:25:45.0 (94931028)|VARIABLE_SCOPE_BEGIN|[56]|components|List<Map<String,ANY>>|true|false
23:25:45.0 (94941198)|HEAP_ALLOCATE|[EXTERNAL]|Bytes:4
23:25:45.0 (94945602)|VARIABLE_ASSIGNMENT|[56]|components|[]|0x1d7596ed
23:25:45.0 (94949068)|STATEMENT_EXECUTE|[57]
23:25:45.0 (94954819)|METHOD_ENTRY|[57]|01pgL000000Qgig|CreateTemplateWrapper.buildHeaderComponent(CreateTemplateWrapper.TemplateWrapper)
23:25:45.0 (94962035)|VARIABLE_SCOPE_BEGIN|[97]|templateWrapper|CreateTemplateWrapper.TemplateWrapper|true|false
23:25:45.0 (95011895)|VARIABLE_ASSIGNMENT|[97]|templateWrapper|{"headAlternateTexts":"0x23d59341","tempFooterText":"test template","tempHeaderFormat":"Image","tempHeaderHandle":"4:cGhvdG8tMTUxNDg4OD (738 more) ...","tempHeaderText":"","tempImgId":"069gL000000kRreQAE","tempImgName":"photo-1514888286974- (21 more) ...","tempImgUrl":"https://orgfarm-3036 (183 more) ...","tempLanguage":"en_US","templateBody":"Hello 😆,\nThis is a  (13 more) ...","templateCategory":"Marketing","templateName":"testallbuttons9","templateType":"Custom","typeOfButton":"[{\"id\":1,\"selectedAc (2417 more) ...","varAlternateTexts":"0x7f0e2d81"}|0x20bc171c
23:25:45.0 (95024195)|HEAP_ALLOCATE|[98]|Bytes:5
23:25:45.0 (95026876)|STATEMENT_EXECUTE|[97]
23:25:45.0 (95027736)|STATEMENT_EXECUTE|[98]
23:25:45.0 (95032012)|HEAP_ALLOCATE|[98]|Bytes:4
23:25:45.0 (95035559)|VARIABLE_SCOPE_BEGIN|[98]|headerComponent|Map<String,ANY>|true|false
23:25:45.0 (95042980)|VARIABLE_ASSIGNMENT|[98]|headerComponent|{}|0x27add6eb
23:25:45.0 (95046033)|STATEMENT_EXECUTE|[100]
23:25:45.0 (95046887)|STATEMENT_EXECUTE|[100]
23:25:45.0 (95050596)|HEAP_ALLOCATE|[101]|Bytes:4
23:25:45.0 (95069695)|STATEMENT_EXECUTE|[101]
23:25:45.0 (95070815)|STATEMENT_EXECUTE|[104]
23:25:45.0 (95072307)|HEAP_ALLOCATE|[104]|Bytes:4
23:25:45.0 (95074592)|HEAP_ALLOCATE|[104]|Bytes:6
23:25:45.0 (95091976)|HEAP_ALLOCATE|[EXTERNAL]|Bytes:-4
23:25:45.0 (95096520)|STATEMENT_EXECUTE|[105]
23:25:45.0 (95098173)|HEAP_ALLOCATE|[105]|Bytes:6
23:25:45.0 (95109817)|HEAP_ALLOCATE|[EXTERNAL]|Bytes:-4
23:25:45.0 (95114571)|HEAP_ALLOCATE|[107]|Bytes:4
23:25:45.0 (95121341)|STATEMENT_EXECUTE|[107]
23:25:45.0 (95123612)|HEAP_ALLOCATE|[117]|Bytes:5
23:25:45.0 (95132085)|STATEMENT_EXECUTE|[117]
23:25:45.0 (95132965)|STATEMENT_EXECUTE|[118]
23:25:45.0 (95134277)|HEAP_ALLOCATE|[118]|Bytes:7
23:25:45.0 (95138781)|HEAP_ALLOCATE|[118]|Bytes:4
23:25:45.0 (95141488)|HEAP_ALLOCATE|[119]|Bytes:13
23:25:45.0 (95186436)|HEAP_ALLOCATE|[EXTERNAL]|Bytes:-4
23:25:45.0 (95190448)|STATEMENT_EXECUTE|[121]
23:25:45.0 (95196397)|METHOD_EXIT|[57]|01pgL000000Qgig|CreateTemplateWrapper.buildHeaderComponent(CreateTemplateWrapper.TemplateWrapper)
23:25:45.0 (95200156)|VARIABLE_SCOPE_BEGIN|[57]|headerComponent|Map<String,ANY>|true|false
23:25:45.0 (95213131)|VARIABLE_ASSIGNMENT|[57]|headerComponent|{"type":"HEADER","format":"Image","example":{"header_handle":"4:cGhvdG8tMTUxNDg4OD (738 more) ..."}}|0x27add6eb
23:25:45.0 (95231940)|STATEMENT_EXECUTE|[58]
23:25:45.0 (95232966)|STATEMENT_EXECUTE|[59]
23:25:45.0 (95246682)|HEAP_ALLOCATE|[EXTERNAL]|Bytes:4
23:25:45.0 (95251956)|STATEMENT_EXECUTE|[62]
23:25:45.0 (95253020)|STATEMENT_EXECUTE|[63]
23:25:45.0 (95254443)|HEAP_ALLOCATE|[63]|Bytes:30
23:25:45.0 (95259422)|HEAP_ALLOCATE|[63]|Bytes:63
23:25:45.0 (95286410)|USER_DEBUG|[63]|DEBUG|templateWrapper.templateBody: Hello 😆,
This is a test template
23:25:45.0 (95292307)|STATEMENT_EXECUTE|[65]
23:25:45.0 (95298002)|METHOD_ENTRY|[65]|01pgL000000Qgig|CreateTemplateWrapper.buildBodyComponent(CreateTemplateWrapper.TemplateWrapper)
23:25:45.0 (95305158)|VARIABLE_SCOPE_BEGIN|[136]|templateWrapper|CreateTemplateWrapper.TemplateWrapper|true|false
23:25:45.0 (95362421)|VARIABLE_ASSIGNMENT|[136]|templateWrapper|{"headAlternateTexts":"0x23d59341","tempFooterText":"test template","tempHeaderFormat":"Image","tempHeaderHandle":"4:cGhvdG8tMTUxNDg4OD (738 more) ...","tempHeaderText":"","tempImgId":"069gL000000kRreQAE","tempImgName":"photo-1514888286974- (21 more) ...","tempImgUrl":"https://orgfarm-3036 (183 more) ...","tempLanguage":"en_US","templateBody":"Hello 😆,\nThis is a  (13 more) ...","templateCategory":"Marketing","templateName":"testallbuttons9","templateType":"Custom","typeOfButton":"[{\"id\":1,\"selectedAc (2417 more) ...","varAlternateTexts":"0x7f0e2d81"}|0x20bc171c
23:25:45.0 (95375886)|HEAP_ALLOCATE|[137]|Bytes:5
23:25:45.0 (95378602)|STATEMENT_EXECUTE|[136]
23:25:45.0 (95379681)|STATEMENT_EXECUTE|[137]
23:25:45.0 (95380531)|STATEMENT_EXECUTE|[137]
23:25:45.0 (95381489)|STATEMENT_EXECUTE|[139]
23:25:45.0 (95383777)|VARIABLE_SCOPE_BEGIN|[139]|bodyComponent|Map<String,ANY>|true|false
23:25:45.0 (95390499)|VARIABLE_ASSIGNMENT|[139]|bodyComponent|null|
23:25:45.0 (95394540)|HEAP_ALLOCATE|[141]|Bytes:14
23:25:45.0 (95400420)|STATEMENT_EXECUTE|[145]
23:25:45.0 (95401249)|STATEMENT_EXECUTE|[146]
23:25:45.0 (95404873)|HEAP_ALLOCATE|[146]|Bytes:4
23:25:45.0 (95408375)|HEAP_ALLOCATE|[147]|Bytes:4
23:25:45.0 (95422636)|HEAP_ALLOCATE|[148]|Bytes:4
23:25:45.0 (95425703)|HEAP_ALLOCATE|[148]|Bytes:2
23:25:45.0 (95428046)|HEAP_ALLOCATE|[148]|Bytes:1
23:25:45.0 (95465155)|HEAP_ALLOCATE|[148]|Bytes:33
23:25:45.0 (95482721)|VARIABLE_ASSIGNMENT|[146]|bodyComponent|{"type":"BODY","text":"Hello 😆,\nThis is a  (13 more) ..."}|0x73583589
23:25:45.0 (95488021)|STATEMENT_EXECUTE|[153]
23:25:45.0 (95488904)|STATEMENT_EXECUTE|[158]
23:25:45.0 (95493219)|METHOD_EXIT|[65]|01pgL000000Qgig|CreateTemplateWrapper.buildBodyComponent(CreateTemplateWrapper.TemplateWrapper)
23:25:45.0 (95500013)|HEAP_ALLOCATE|[EXTERNAL]|Bytes:4
23:25:45.0 (95504865)|STATEMENT_EXECUTE|[68]
23:25:45.0 (95505737)|STATEMENT_EXECUTE|[69]
23:25:45.0 (95509257)|HEAP_ALLOCATE|[69]|Bytes:4
23:25:45.0 (95513348)|HEAP_ALLOCATE|[70]|Bytes:6
23:25:45.0 (95638474)|HEAP_ALLOCATE|[EXTERNAL]|Bytes:4
23:25:45.0 (95643565)|STATEMENT_EXECUTE|[75]
23:25:45.0 (95649700)|METHOD_ENTRY|[75]|01pgL000000Qgig|CreateTemplateWrapper.buildButtonComponent(CreateTemplateWrapper.TemplateWrapper)
23:25:45.0 (95657551)|VARIABLE_SCOPE_BEGIN|[230]|templateWrapper|CreateTemplateWrapper.TemplateWrapper|true|false
23:25:45.0 (95716929)|VARIABLE_ASSIGNMENT|[230]|templateWrapper|{"headAlternateTexts":"0x23d59341","tempFooterText":"test template","tempHeaderFormat":"Image","tempHeaderHandle":"4:cGhvdG8tMTUxNDg4OD (738 more) ...","tempHeaderText":"","tempImgId":"069gL000000kRreQAE","tempImgName":"photo-1514888286974- (21 more) ...","tempImgUrl":"https://orgfarm-3036 (183 more) ...","tempLanguage":"en_US","templateBody":"Hello 😆,\nThis is a  (13 more) ...","templateCategory":"Marketing","templateName":"testallbuttons9","templateType":"Custom","typeOfButton":"[{\"id\":1,\"selectedAc (2417 more) ...","varAlternateTexts":"0x7f0e2d81"}|0x20bc171c
23:25:45.0 (95743397)|HEAP_ALLOCATE|[231]|Bytes:5
23:25:45.0 (95746495)|STATEMENT_EXECUTE|[230]
23:25:45.0 (95747647)|STATEMENT_EXECUTE|[231]
23:25:45.0 (95755792)|HEAP_ALLOCATE|[231]|Bytes:4
23:25:45.0 (95778140)|VARIABLE_SCOPE_BEGIN|[231]|buttonComponents|List<Map<String,ANY>>|true|false
23:25:45.0 (95795827)|HEAP_ALLOCATE|[EXTERNAL]|Bytes:4
23:25:45.0 (95804119)|VARIABLE_ASSIGNMENT|[231]|buttonComponents|[]|0x13669aba
23:25:45.0 (95808951)|STATEMENT_EXECUTE|[233]
23:25:45.0 (95810082)|STATEMENT_EXECUTE|[233]
23:25:45.0 (95821717)|STATEMENT_EXECUTE|[235]
23:25:45.0 (95849332)|STATEMENT_EXECUTE|[246]
23:25:45.0 (95850731)|STATEMENT_EXECUTE|[250]
23:25:45.0 (95855856)|VARIABLE_SCOPE_BEGIN|[250]|untypedList|List<ANY>|true|false
23:25:45.0 (95865926)|VARIABLE_ASSIGNMENT|[250]|untypedList|null|
23:25:45.0 (95868440)|STATEMENT_EXECUTE|[251]
23:25:45.0 (95869330)|STATEMENT_EXECUTE|[251]
23:25:45.0 (95870325)|STATEMENT_EXECUTE|[252]
23:25:45.0 (95878245)|METHOD_ENTRY|[252]||System.JSON.deserializeUntyped(String)
23:25:45.0 (98132973)|METHOD_EXIT|[252]||System.JSON.deserializeUntyped(String)
23:25:45.0 (98172769)|HEAP_ALLOCATE|[EXTERNAL]|Bytes:44
23:25:45.0 (98195682)|VARIABLE_ASSIGNMENT|[252]|untypedList|"List of size 10 too large to display"|0x6c25646b
23:25:45.0 (98265590)|HEAP_ALLOCATE|[258]|Bytes:5
23:25:45.0 (98285833)|HEAP_ALLOCATE|[258]|Bytes:64
23:25:45.0 (98291300)|VARIABLE_SCOPE_BEGIN|[258]|item|Object|false|false
23:25:45.0 (98304440)|VARIABLE_ASSIGNMENT|[258]|item|"Map of size 15 too large to display"
23:25:45.0 (98327242)|STATEMENT_EXECUTE|[258]
23:25:45.0 (98343090)|STATEMENT_EXECUTE|[259]
23:25:45.0 (98344360)|STATEMENT_EXECUTE|[263]
23:25:45.0 (98346877)|VARIABLE_SCOPE_BEGIN|[263]|button|Map<String,ANY>|true|false
23:25:45.0 (98355045)|VARIABLE_ASSIGNMENT|[263]|button|"Map of size 15 too large to display"|0x25792111
23:25:45.0 (98358109)|STATEMENT_EXECUTE|[264]
23:25:45.0 (98360442)|HEAP_ALLOCATE|[264]|Bytes:18
23:25:45.0 (98376940)|VARIABLE_SCOPE_BEGIN|[264]|actionType|String|false|false
23:25:45.0 (98383443)|VARIABLE_ASSIGNMENT|[264]|actionType|"PHONE_NUMBER"
23:25:45.0 (98385912)|STATEMENT_EXECUTE|[265]
23:25:45.0 (98387306)|HEAP_ALLOCATE|[265]|Bytes:18
23:25:45.0 (98397237)|VARIABLE_SCOPE_BEGIN|[265]|customActionType|String|false|false
23:25:45.0 (98403421)|VARIABLE_ASSIGNMENT|[265]|customActionType|null
23:25:45.0 (98405777)|STATEMENT_EXECUTE|[266]
23:25:45.0 (98407122)|HEAP_ALLOCATE|[266]|Bytes:19
23:25:45.0 (98417470)|HEAP_ALLOCATE|[266]|Bytes:1
23:25:45.0 (98419796)|HEAP_ALLOCATE|[266]|Bytes:8
23:25:45.0 (98434619)|HEAP_ALLOCATE|[266]|Bytes:14
23:25:45.0 (98437241)|VARIABLE_SCOPE_BEGIN|[266]|phoneNumber|String|false|false
23:25:45.0 (98442415)|VARIABLE_ASSIGNMENT|[266]|phoneNumber|"+91 9427030255"
23:25:45.0 (98444587)|STATEMENT_EXECUTE|[268]
23:25:45.0 (98449512)|HEAP_ALLOCATE|[268]|Bytes:4
23:25:45.0 (98454215)|VARIABLE_SCOPE_BEGIN|[268]|buttonComponent|Map<String,ANY>|true|false
23:25:45.0 (98464213)|VARIABLE_ASSIGNMENT|[268]|buttonComponent|{}|0x20331bf1
23:25:45.0 (98468053)|HEAP_ALLOCATE|[269]|Bytes:12
23:25:45.0 (98500245)|STATEMENT_EXECUTE|[269]
23:25:45.0 (98501435)|STATEMENT_EXECUTE|[270]
23:25:45.0 (98523942)|HEAP_ALLOCATE|[EXTERNAL]|Bytes:-4
23:25:45.0 (98528730)|STATEMENT_EXECUTE|[271]
23:25:45.0 (98531380)|HEAP_ALLOCATE|[271]|Bytes:7
23:25:45.0 (98545165)|HEAP_ALLOCATE|[EXTERNAL]|Bytes:-4
23:25:45.0 (98548608)|STATEMENT_EXECUTE|[272]
23:25:45.0 (98550148)|HEAP_ALLOCATE|[272]|Bytes:12
23:25:45.0 (98560963)|HEAP_ALLOCATE|[EXTERNAL]|Bytes:-4
23:25:45.0 (98576698)|STATEMENT_EXECUTE|[287]
23:25:45.0 (98577939)|STATEMENT_EXECUTE|[288]
23:25:45.0 (98586920)|HEAP_ALLOCATE|[EXTERNAL]|Bytes:4
23:25:45.0 (98597231)|HEAP_ALLOCATE|[258]|Bytes:5
23:25:45.0 (98606229)|HEAP_ALLOCATE|[258]|Bytes:64
23:25:45.0 (98610071)|VARIABLE_SCOPE_BEGIN|[258]|item|Object|false|false
23:25:45.0 (98618735)|VARIABLE_ASSIGNMENT|[258]|item|"Map of size 15 too large to display"
23:25:45.0 (98621091)|STATEMENT_EXECUTE|[258]
23:25:45.0 (98626550)|STATEMENT_EXECUTE|[259]
23:25:45.0 (98627448)|STATEMENT_EXECUTE|[260]
23:25:45.0 (98631559)|VARIABLE_ASSIGNMENT|[258]|item|null
23:25:45.0 (98634982)|STATEMENT_EXECUTE|[305]
23:25:45.0 (98642460)|METHOD_EXIT|[75]|01pgL000000Qgig|CreateTemplateWrapper.buildButtonComponent(CreateTemplateWrapper.TemplateWrapper)
23:25:45.0 (98646165)|VARIABLE_SCOPE_BEGIN|[75]|buttonComponents|List<Map<String,ANY>>|true|false
23:25:45.0 (98660433)|VARIABLE_ASSIGNMENT|[75]|buttonComponents|[{"type":"PHONE_NUMBER","text":"Call Phone Number","phone_number":"+91 9427030255"}]|0x13669aba
23:25:45.0 (98675023)|STATEMENT_EXECUTE|[76]
23:25:45.0 (98676138)|STATEMENT_EXECUTE|[77]
23:25:45.0 (98679525)|HEAP_ALLOCATE|[77]|Bytes:4
23:25:45.0 (98683264)|HEAP_ALLOCATE|[78]|Bytes:7
23:25:45.0 (98695967)|HEAP_ALLOCATE|[79]|Bytes:7
23:25:45.0 (98705176)|HEAP_ALLOCATE|[EXTERNAL]|Bytes:4
23:25:45.0 (98709329)|STATEMENT_EXECUTE|[82]
23:25:45.0 (98713242)|METHOD_EXIT|[33]|01pgL000000Qgig|CreateTemplateWrapper.buildMarketingOrUtilityComponents(CreateTemplateWrapper.TemplateWrapper)
23:25:45.0 (98726245)|HEAP_ALLOCATE|[33]|Bytes:16
23:25:45.0 (98732317)|HEAP_ALLOCATE|[33]|Bytes:16
23:25:45.0 (98734209)|HEAP_ALLOCATE|[EXTERNAL]|Bytes:4
23:25:45.0 (98737595)|HEAP_ALLOCATE|[33]|Bytes:12
23:25:45.0 (98739390)|HEAP_ALLOCATE|[EXTERNAL]|Bytes:4
23:25:45.0 (98742603)|HEAP_ALLOCATE|[33]|Bytes:12
23:25:45.0 (98744289)|HEAP_ALLOCATE|[EXTERNAL]|Bytes:4
23:25:45.0 (98747687)|HEAP_ALLOCATE|[33]|Bytes:12
23:25:45.0 (98749392)|HEAP_ALLOCATE|[EXTERNAL]|Bytes:4
23:25:45.0 (98751159)|HEAP_ALLOCATE|[33]|Bytes:16
23:25:45.0 (98762930)|STATEMENT_EXECUTE|[35]
23:25:45.0 (98764140)|STATEMENT_EXECUTE|[36]
23:25:45.0 (98765702)|HEAP_ALLOCATE|[36]|Bytes:10
23:25:45.0 (98779310)|HEAP_ALLOCATE|[EXTERNAL]|Bytes:-4
23:25:45.0 (98782995)|STATEMENT_EXECUTE|[38]
23:25:45.0 (98784280)|HEAP_ALLOCATE|[38]|Bytes:15
23:25:45.0 (98790887)|METHOD_ENTRY|[38]||System.JSON.serialize(Object)
23:25:45.0 (99964079)|METHOD_EXIT|[38]||System.JSON.serialize(Object)
23:25:45.0 (99978139)|HEAP_ALLOCATE|[38]|Bytes:1139
23:25:45.0 (99994858)|USER_DEBUG|[38]|DEBUG|Final Payload: {"components":[{"example":{"header_handle":"4:cGhvdG8tMTUxNDg4ODI4Njk3NC02YzAzZTJjYTFkYmEgKDEpLmpwZWc=:aW1hZ2UvanBlZw==:ARYwmSs238HQJSui8J5SEQozFu7bg0xb4-Dz7aM9CbxkF2TkQSCjCwt4UCx3-wJQRk2HERaPL210e05rPlLw6D5c0MfdQl56LLUmZK4BS3FJfA:e:1743488675:1500312290678469:100089605934535:ARZDTkFtu_YZmEt9Gjk\n4:cGhvdG8tMTUxNDg4ODI4Njk3NC02YzAzZTJjYTFkYmEgKDEpLmpwZWc=:aW1hZ2UvanBlZw==:ARb9Hhs70oc7zrPsIdVcqAst-xfQJxVnZtrHF_YsGm_IyXl34ZMB2k_LqhMYvxBx5-hkoWSw0E-OrdGeNeC0Oj7YIjs2T-US4gygAJOa9r1Cag:e:1743488675:1500312290678469:100089605934535:ARakpGk6VQ9FgpS6l7o\n4:cGhvdG8tMTUxNDg4ODI4Njk3NC02YzAzZTJjYTFkYmEgKDEpLmpwZWc=:aW1hZ2UvanBlZw==:ARZzVvwxCHwZ9zdYaiRMI-pm4y7wPSdut9LHL21ohJ2h_NpTPUik6vnRpvyspr-74EJwppCJpH6EfOrZDP1WLDKH80A0YeOe8YU-Ts1uIE4SzQ:e:1743488675:1500312290678469:100089605934535:ARaUr5Mnco85HLv000o"},"format":"Image","type":"HEADER"},{"text":"Hello 😆,\nThis is a test template","type":"BODY"},{"text":"test template","type":"FOOTER"},{"buttons":[{"phone_number":"+91 9427030255","text":"Call Phone Number","type":"PHONE_NUMBER"}],"type":"BUTTONS"}],"category":"Marketing","language":"en_US","name":"testallbuttons9"}
23:25:45.0 (100034248)|STATEMENT_EXECUTE|[39]
23:25:45.0 (100042662)|METHOD_EXIT|[462]|01pgL000000Qgig|CreateTemplateWrapper.buildPayload(CreateTemplateWrapper.TemplateWrapper)
23:25:45.0 (100047375)|VARIABLE_SCOPE_BEGIN|[462]|payload|Map<String,ANY>|true|false
23:25:45.0 (100087168)|VARIABLE_ASSIGNMENT|[462]|payload|{"name":"testallbuttons9","language":"en_US","category":"Marketing","components":[{"type":"HEADER","format":"Image","example":{"header_handle":"4:cGhvdG8tMTUxNDg4OD (738 more) ..."}},{"type":"BODY","text":"Hello 😆,\nThis is a  (13 more) ..."},{"type":"FOOTER","text":"test template"},{"type":"BUTTONS","buttons":[{"type":"PHONE_NUMBER","text":"Call Phone Number","phone_number":"+91 9427030255"}]}]}|0x3676d94c
23:25:45.0 (100095049)|STATEMENT_EXECUTE|[463]
23:25:45.0 (100097788)|HEAP_ALLOCATE|[463]|Bytes:33
23:25:45.0 (100114379)|HEAP_ALLOCATE|[463]|Bytes:18
23:25:45.0 (100119408)|HEAP_ALLOCATE|[463]|Bytes:66
23:25:45.0 (100143343)|VARIABLE_ASSIGNMENT|[463]|WBTemplateController.endpoint|"https://graph.facebo (46 more) ..."
23:25:45.0 (100146603)|STATEMENT_EXECUTE|[465]
23:25:45.0 (100198893)|VARIABLE_SCOPE_BEGIN|[465]|req|System.HttpRequest|true|false
23:25:45.0 (100273183)|VARIABLE_ASSIGNMENT|[465]|req|"System.HttpRequest[Endpoint=null, Method=null]"|0xa6f2b7d
23:25:45.0 (100276736)|STATEMENT_EXECUTE|[466]
23:25:45.0 (100327673)|STATEMENT_EXECUTE|[467]
23:25:45.0 (100329533)|HEAP_ALLOCATE|[467]|Bytes:4
23:25:45.0 (100343962)|STATEMENT_EXECUTE|[468]
23:25:45.0 (100345509)|HEAP_ALLOCATE|[468]|Bytes:12
23:25:45.0 (100348049)|HEAP_ALLOCATE|[468]|Bytes:16
23:25:45.0 (100369574)|STATEMENT_EXECUTE|[469]
23:25:45.0 (100370978)|HEAP_ALLOCATE|[469]|Bytes:13
23:25:45.0 (100373733)|HEAP_ALLOCATE|[469]|Bytes:7
23:25:45.0 (100379339)|HEAP_ALLOCATE|[469]|Bytes:212
23:25:45.0 (100392446)|STATEMENT_EXECUTE|[470]
23:25:45.0 (100397843)|METHOD_ENTRY|[470]||System.JSON.serialize(Object)
23:25:45.0 (101389492)|METHOD_EXIT|[470]||System.JSON.serialize(Object)
23:25:45.0 (101455094)|STATEMENT_EXECUTE|[472]
23:25:45.0 (101490708)|VARIABLE_SCOPE_BEGIN|[472]|http|System.Http|true|false
23:25:45.0 (101583267)|VARIABLE_ASSIGNMENT|[472]|http|"System.Http[]"|0x4dfa937c
23:25:45.0 (101588063)|STATEMENT_EXECUTE|[473]
23:25:45.0 (101728695)|CALLOUT_REQUEST|[473]|System.HttpRequest[Endpoint=https://graph.facebook.com/v20.0/499269473267232/message_templates, Method=POST]
23:25:51.639 (6639230665)|HEAP_ALLOCATE|[EXTERNAL]|Bytes:1002
23:25:51.639 (6641356900)|CALLOUT_RESPONSE|[473]|System.HttpResponse[Status=OK, StatusCode=200]
23:25:51.639 (6641395225)|HEAP_ALLOCATE|[473]|Bytes:73
23:25:51.639 (6641432686)|VARIABLE_SCOPE_BEGIN|[473]|res|System.HttpResponse|true|false
23:25:51.639 (6641498017)|VARIABLE_ASSIGNMENT|[473]|res|"System.HttpResponse[Status=OK, StatusCode=200]"|0x42abfa92
23:25:51.639 (6641504432)|STATEMENT_EXECUTE|[474]
23:25:51.639 (6641511977)|HEAP_ALLOCATE|[474]|Bytes:17
23:25:51.639 (6641610839)|HEAP_ALLOCATE|[474]|Bytes:67
23:25:51.639 (6641629044)|HEAP_ALLOCATE|[474]|Bytes:84
23:25:51.639 (6641657570)|USER_DEBUG|[474]|DEBUG|Response Body ==>{"id":"2029845704164761","status":"PENDING","category":"MARKETING"}
23:25:51.639 (6641683803)|STATEMENT_EXECUTE|[476]
23:25:51.639 (6641684794)|STATEMENT_EXECUTE|[478]
23:25:51.639 (6641686459)|HEAP_ALLOCATE|[478]|Bytes:10
23:25:51.639 (6641739824)|HEAP_ALLOCATE|[478]|Bytes:46
23:25:51.639 (6641747886)|HEAP_ALLOCATE|[478]|Bytes:56
23:25:51.639 (6641754861)|USER_DEBUG|[478]|DEBUG|Res is :: System.HttpResponse[Status=OK, StatusCode=200]
23:25:51.639 (6641759744)|STATEMENT_EXECUTE|[479]
23:25:51.639 (6641761265)|HEAP_ALLOCATE|[479]|Bytes:14
23:25:51.639 (6641819027)|HEAP_ALLOCATE|[479]|Bytes:1072
23:25:51.639 (6641826429)|HEAP_ALLOCATE|[479]|Bytes:1086
23:25:51.639 (6641832564)|USER_DEBUG|[479]|DEBUG|payload is :: {category=Marketing, components=({example={header_handle=4:cGhvdG8tMTUxNDg4ODI4Njk3NC02YzAzZTJjYTFkYmEgKDEpLmpwZWc=:aW1hZ2UvanBlZw==:ARYwmSs238HQJSui8J5SEQozFu7bg0xb4-Dz7aM9CbxkF2TkQSCjCwt4UCx3-wJQRk2HERaPL210e05rPlLw6D5c0MfdQl56LLUmZK4BS3FJfA:e:1743488675:1500312290678469:100089605934535:ARZDTkFtu_YZmEt9Gjk
4:cGhvdG8tMTUxNDg4ODI4Njk3NC02YzAzZTJjYTFkYmEgKDEpLmpwZWc=:aW1hZ2UvanBlZw==:ARb9Hhs70oc7zrPsIdVcqAst-xfQJxVnZtrHF_YsGm_IyXl34ZMB2k_LqhMYvxBx5-hkoWSw0E-OrdGeNeC0Oj7YIjs2T-US4gygAJOa9r1Cag:e:1743488675:1500312290678469:100089605934535:ARakpGk6VQ9FgpS6l7o
4:cGhvdG8tMTUxNDg4ODI4Njk3NC02YzAzZTJjYTFkYmEgKDEpLmpwZWc=:aW1hZ2UvanBlZw==:ARZzVvwxCHwZ9zdYaiRMI-pm4y7wPSdut9LHL21ohJ2h_NpTPUik6vnRpvyspr-74EJwppCJpH6EfOrZDP1WLDKH80A0YeOe8YU-Ts1uIE4SzQ:e:1743488675:1500312290678469:100089605934535:ARaUr5Mnco85HLv000o}, format=Image, type=HEADER}, {text=Hello 😆,
This is a test template, type=BODY}, {text=test template, type=FOOTER}, {buttons=({phone_number=+91 9427030255, text=Call Phone Number, type=PHONE_NUMBER}), type=BUTTONS}), language=en_US, name=testallbuttons9}
23:25:51.639 (6641848950)|STATEMENT_EXECUTE|[480]
23:25:51.639 (6641850526)|HEAP_ALLOCATE|[480]|Bytes:15
23:25:51.639 (6641862583)|HEAP_ALLOCATE|[480]|Bytes:2
23:25:51.639 (6641868458)|HEAP_ALLOCATE|[480]|Bytes:17
23:25:51.639 (6641873994)|USER_DEBUG|[480]|DEBUG|response is :: {}
23:25:51.639 (6641878434)|STATEMENT_EXECUTE|[481]
23:25:51.639 (6641879793)|HEAP_ALLOCATE|[481]|Bytes:22
23:25:51.639 (6641951693)|HEAP_ALLOCATE|[481]|Bytes:3957
23:25:51.639 (6641958927)|HEAP_ALLOCATE|[481]|Bytes:3979
23:25:51.639 (6641964892)|USER_DEBUG|[481]|DEBUG|templateWrapper is :: TemplateWrapper:[buttonPhoneText=null, buttonURLText=null, copyCode=null, headAlternateTexts=(), phoneNumber=null, quickText=null, tempFooterText=test template, tempHeaderExample=null, tempHeaderFormat=Image, tempHeaderHandle=4:cGhvdG8tMTUxNDg4ODI4Njk3NC02YzAzZTJjYTFkYmEgKDEpLmpwZWc=:aW1hZ2UvanBlZw==:ARYwmSs238HQJSui8J5SEQozFu7bg0xb4-Dz7aM9CbxkF2TkQSCjCwt4UCx3-wJQRk2HERaPL210e05rPlLw6D5c0MfdQl56LLUmZK4BS3FJfA:e:1743488675:1500312290678469:100089605934535:ARZDTkFtu_YZmEt9Gjk
4:cGhvdG8tMTUxNDg4ODI4Njk3NC02YzAzZTJjYTFkYmEgKDEpLmpwZWc=:aW1hZ2UvanBlZw==:ARb9Hhs70oc7zrPsIdVcqAst-xfQJxVnZtrHF_YsGm_IyXl34ZMB2k_LqhMYvxBx5-hkoWSw0E-OrdGeNeC0Oj7YIjs2T-US4gygAJOa9r1Cag:e:1743488675:1500312290678469:100089605934535:ARakpGk6VQ9FgpS6l7o
4:cGhvdG8tMTUxNDg4ODI4Njk3NC02YzAzZTJjYTFkYmEgKDEpLmpwZWc=:aW1hZ2UvanBlZw==:ARZzVvwxCHwZ9zdYaiRMI-pm4y7wPSdut9LHL21ohJ2h_NpTPUik6vnRpvyspr-74EJwppCJpH6EfOrZDP1WLDKH80A0YeOe8YU-Ts1uIE4SzQ:e:1743488675:1500312290678469:100089605934535:ARaUr5Mnco85HLv000o, tempHeaderText=, tempImgId=069gL000000kRreQAE, tempImgName=photo-1514888286974-6c03e2ca1dba (1).jpeg, tempImgUrl=https://orgfarm-30361f49ec-dev-ed.develop.file.force.com/sfc/dist/version/download/?oid=00DgL000000eseS&ids=068gL000000kXNZ&d=%2Fa%2FgL00000009L3%2FTYo2sTNR1ZZqSixfQw2TDHnhHW4o6z2PtIlUo6Jtq1c&asPdf=false, tempLanguage=en_US, templateBody=Hello 😆,
This is a test template, templateBodyText=null, templateCategory=Marketing, templateName=testallbuttons9, templateType=Custom, typeOfButton=[{"id":1,"selectedActionType":"PHONE_NUMBER","iconName":"utility:call","btntext":"Call Phone Number","webURL":"","phonenum":"9427030255","offercode":"","selectedUrlType":"Static","selectedCountryType":"+91","isCallPhone":true,"isVisitSite":false,"isOfferCode":false,"hasError":false,"errorMessage":"","isDisabled":false},{"id":2,"selectedActionType":"URL","iconName":"utility:new_window","btntext":"Visit Website","webURL":"https://www.google.com/","phonenum":"","offercode":"","selectedUrlType":"Static","selectedCountryType":"","isCallPhone":false,"isVisitSite":true,"isOfferCode":false,"hasError":false,"errorMessage":"","isDisabled":false},{"id":3,"selectedActionType":"URL","iconName":"utility:new_window","btntext":"Visit Website1","webURL":"https://www.google.com/","phonenum":"","offercode":"","selectedUrlType":"Static","selectedCountryType":"","isCallPhone":false,"isVisitSite":true,"isOfferCode":false,"hasError":false,"errorMessage":"","isDisabled":false},{"id":4,"selectedActionType":"COPY_CODE","iconName":"utility:copy","btntext":"Copy Offer Code","webURL":"","phonenum":"","offercode":"AADDFCGOP","selectedUrlType":"Static","selectedCountryType":"","isCallPhone":false,"isVisitSite":false,"isOfferCode":true,"hasError":false,"errorMessage":"","isDisabled":true},{"id":1,"selectedCustomType":"Marketing opt-out","Cbtntext":"Stop promotions","buttonClass":"button-label-preview","showFooterText":true,"iconName":"utility:reply","hasError":false,"errorMessage":""},{"id":2,"selectedCustomType":"QUICK_REPLY","Cbtntext":"Quick reply1","buttonClass":"button-label-preview","showFooterText":false,"iconName":"utility:reply","hasError":false,"errorMessage":""},{"id":3,"selectedCustomType":"QUICK_REPLY","Cbtntext":"Quick reply2","buttonClass":"button-label-preview","showFooterText":false,"iconName":"utility:reply","hasError":false,"errorMessage":""},{"id":4,"selectedCustomType":"QUICK_REPLY","Cbtntext":"Quick reply3","buttonClass":"button-label-preview","showFooterText":false,"iconName":"utility:reply","hasError":false,"errorMessage":""},{"id":5,"selectedCustomType":"QUICK_REPLY","Cbtntext":"Quick reply4","buttonClass":"button-label-preview","showFooterText":false,"iconName":"utility:reply","hasError":false,"errorMessage":""},{"id":6,"selectedCustomType":"QUICK_REPLY","Cbtntext":"Quick reply","buttonClass":"button-label-preview","showFooterText":false,"iconName":"utility:reply","hasError":false,"errorMessage":""}], url=null, varAlternateTexts=()]
23:25:51.639 (6642009182)|STATEMENT_EXECUTE|[482]
23:25:51.639 (6642051318)|METHOD_ENTRY|[482]|01pgL000000Qgig|CreateTemplateWrapper.handleSuccessResponse(System.HttpResponse, Map<String,ANY>, Map<String,ANY>, CreateTemplateWrapper.TemplateWrapper)
23:25:51.639 (6642068610)|VARIABLE_SCOPE_BEGIN|[317]|res|System.HttpResponse|true|false
23:25:51.639 (6642113523)|VARIABLE_ASSIGNMENT|[317]|res|"System.HttpResponse[Status=OK, StatusCode=200]"|0x42abfa92
23:25:51.639 (6642119867)|VARIABLE_SCOPE_BEGIN|[317]|payload|Map<String,ANY>|true|false
23:25:51.639 (6642167456)|VARIABLE_ASSIGNMENT|[317]|payload|{"name":"testallbuttons9","language":"en_US","category":"Marketing","components":[{"type":"HEADER","format":"Image","example":{"header_handle":"4:cGhvdG8tMTUxNDg4OD (738 more) ..."}},{"type":"BODY","text":"Hello 😆,\nThis is a  (13 more) ..."},{"type":"FOOTER","text":"test template"},{"type":"BUTTONS","buttons":[{"type":"PHONE_NUMBER","text":"Call Phone Number","phone_number":"+91 9427030255"}]}]}|0x3676d94c
23:25:51.639 (6642174480)|VARIABLE_SCOPE_BEGIN|[317]|response|Map<String,ANY>|true|false
23:25:51.639 (6642179775)|VARIABLE_ASSIGNMENT|[317]|response|{}|0x790a8dc3
23:25:51.639 (6642182726)|VARIABLE_SCOPE_BEGIN|[317]|templateWrapper|CreateTemplateWrapper.TemplateWrapper|true|false
23:25:51.639 (6642272138)|VARIABLE_ASSIGNMENT|[317]|templateWrapper|{"headAlternateTexts":"0x23d59341","tempFooterText":"test template","tempHeaderFormat":"Image","tempHeaderHandle":"4:cGhvdG8tMTUxNDg4OD (738 more) ...","tempHeaderText":"","tempImgId":"069gL000000kRreQAE","tempImgName":"photo-1514888286974- (21 more) ...","tempImgUrl":"https://orgfarm-3036 (183 more) ...","tempLanguage":"en_US","templateBody":"Hello 😆,\nThis is a  (13 more) ...","templateCategory":"Marketing","templateName":"testallbuttons9","templateType":"Custom","typeOfButton":"[{\"id\":1,\"selectedAc (2417 more) ...","varAlternateTexts":"0x7f0e2d81"}|0x20bc171c
23:25:51.639 (6642298677)|HEAP_ALLOCATE|[318]|Bytes:5
23:25:51.639 (6642302660)|STATEMENT_EXECUTE|[317]
23:25:51.639 (6642303804)|STATEMENT_EXECUTE|[318]
23:25:51.639 (6642317363)|VARIABLE_SCOPE_BEGIN|[318]|templateId|Id|false|false
23:25:51.639 (6642324463)|VARIABLE_ASSIGNMENT|[318]|templateId|null
23:25:51.639 (6642327367)|STATEMENT_EXECUTE|[319]
23:25:51.639 (6642349180)|HEAP_ALLOCATE|[319]|Bytes:46
23:25:51.639 (6642356826)|HEAP_ALLOCATE|[319]|Bytes:56
23:25:51.639 (6642364863)|USER_DEBUG|[319]|DEBUG|Res is :: System.HttpResponse[Status=OK, StatusCode=200]
23:25:51.639 (6642369399)|STATEMENT_EXECUTE|[320]
23:25:51.639 (6642401084)|HEAP_ALLOCATE|[320]|Bytes:1072
23:25:51.639 (6642407521)|HEAP_ALLOCATE|[320]|Bytes:1086
23:25:51.639 (6642412977)|USER_DEBUG|[320]|DEBUG|payload is :: {category=Marketing, components=({example={header_handle=4:cGhvdG8tMTUxNDg4ODI4Njk3NC02YzAzZTJjYTFkYmEgKDEpLmpwZWc=:aW1hZ2UvanBlZw==:ARYwmSs238HQJSui8J5SEQozFu7bg0xb4-Dz7aM9CbxkF2TkQSCjCwt4UCx3-wJQRk2HERaPL210e05rPlLw6D5c0MfdQl56LLUmZK4BS3FJfA:e:1743488675:1500312290678469:100089605934535:ARZDTkFtu_YZmEt9Gjk
4:cGhvdG8tMTUxNDg4ODI4Njk3NC02YzAzZTJjYTFkYmEgKDEpLmpwZWc=:aW1hZ2UvanBlZw==:ARb9Hhs70oc7zrPsIdVcqAst-xfQJxVnZtrHF_YsGm_IyXl34ZMB2k_LqhMYvxBx5-hkoWSw0E-OrdGeNeC0Oj7YIjs2T-US4gygAJOa9r1Cag:e:1743488675:1500312290678469:100089605934535:ARakpGk6VQ9FgpS6l7o
4:cGhvdG8tMTUxNDg4ODI4Njk3NC02YzAzZTJjYTFkYmEgKDEpLmpwZWc=:aW1hZ2UvanBlZw==:ARZzVvwxCHwZ9zdYaiRMI-pm4y7wPSdut9LHL21ohJ2h_NpTPUik6vnRpvyspr-74EJwppCJpH6EfOrZDP1WLDKH80A0YeOe8YU-Ts1uIE4SzQ:e:1743488675:1500312290678469:100089605934535:ARaUr5Mnco85HLv000o}, format=Image, type=HEADER}, {text=Hello 😆,
This is a test template, type=BODY}, {text=test template, type=FOOTER}, {buttons=({phone_number=+91 9427030255, text=Call Phone Number, type=PHONE_NUMBER}), type=BUTTONS}), language=en_US, name=testallbuttons9}
23:25:51.639 (6642427337)|STATEMENT_EXECUTE|[321]
23:25:51.639 (6642437237)|HEAP_ALLOCATE|[321]|Bytes:2
23:25:51.639 (6642442558)|HEAP_ALLOCATE|[321]|Bytes:17
23:25:51.639 (6642447193)|USER_DEBUG|[321]|DEBUG|response is :: {}
23:25:51.639 (6642451027)|STATEMENT_EXECUTE|[322]
23:25:51.639 (6642488370)|HEAP_ALLOCATE|[322]|Bytes:3957
23:25:51.639 (6642519215)|HEAP_ALLOCATE|[322]|Bytes:3979
23:25:51.639 (6642524983)|USER_DEBUG|[322]|DEBUG|templateWrapper is :: TemplateWrapper:[buttonPhoneText=null, buttonURLText=null, copyCode=null, headAlternateTexts=(), phoneNumber=null, quickText=null, tempFooterText=test template, tempHeaderExample=null, tempHeaderFormat=Image, tempHeaderHandle=4:cGhvdG8tMTUxNDg4ODI4Njk3NC02YzAzZTJjYTFkYmEgKDEpLmpwZWc=:aW1hZ2UvanBlZw==:ARYwmSs238HQJSui8J5SEQozFu7bg0xb4-Dz7aM9CbxkF2TkQSCjCwt4UCx3-wJQRk2HERaPL210e05rPlLw6D5c0MfdQl56LLUmZK4BS3FJfA:e:1743488675:1500312290678469:100089605934535:ARZDTkFtu_YZmEt9Gjk
4:cGhvdG8tMTUxNDg4ODI4Njk3NC02YzAzZTJjYTFkYmEgKDEpLmpwZWc=:aW1hZ2UvanBlZw==:ARb9Hhs70oc7zrPsIdVcqAst-xfQJxVnZtrHF_YsGm_IyXl34ZMB2k_LqhMYvxBx5-hkoWSw0E-OrdGeNeC0Oj7YIjs2T-US4gygAJOa9r1Cag:e:1743488675:1500312290678469:100089605934535:ARakpGk6VQ9FgpS6l7o
4:cGhvdG8tMTUxNDg4ODI4Njk3NC02YzAzZTJjYTFkYmEgKDEpLmpwZWc=:aW1hZ2UvanBlZw==:ARZzVvwxCHwZ9zdYaiRMI-pm4y7wPSdut9LHL21ohJ2h_NpTPUik6vnRpvyspr-74EJwppCJpH6EfOrZDP1WLDKH80A0YeOe8YU-Ts1uIE4SzQ:e:1743488675:1500312290678469:100089605934535:ARaUr5Mnco85HLv000o, tempHeaderText=, tempImgId=069gL000000kRreQAE, tempImgName=photo-1514888286974-6c03e2ca1dba (1).jpeg, tempImgUrl=https://orgfarm-30361f49ec-dev-ed.develop.file.force.com/sfc/dist/version/download/?oid=00DgL000000eseS&ids=068gL000000kXNZ&d=%2Fa%2FgL00000009L3%2FTYo2sTNR1ZZqSixfQw2TDHnhHW4o6z2PtIlUo6Jtq1c&asPdf=false, tempLanguage=en_US, templateBody=Hello 😆,
This is a test template, templateBodyText=null, templateCategory=Marketing, templateName=testallbuttons9, templateType=Custom, typeOfButton=[{"id":1,"selectedActionType":"PHONE_NUMBER","iconName":"utility:call","btntext":"Call Phone Number","webURL":"","phonenum":"9427030255","offercode":"","selectedUrlType":"Static","selectedCountryType":"+91","isCallPhone":true,"isVisitSite":false,"isOfferCode":false,"hasError":false,"errorMessage":"","isDisabled":false},{"id":2,"selectedActionType":"URL","iconName":"utility:new_window","btntext":"Visit Website","webURL":"https://www.google.com/","phonenum":"","offercode":"","selectedUrlType":"Static","selectedCountryType":"","isCallPhone":false,"isVisitSite":true,"isOfferCode":false,"hasError":false,"errorMessage":"","isDisabled":false},{"id":3,"selectedActionType":"URL","iconName":"utility:new_window","btntext":"Visit Website1","webURL":"https://www.google.com/","phonenum":"","offercode":"","selectedUrlType":"Static","selectedCountryType":"","isCallPhone":false,"isVisitSite":true,"isOfferCode":false,"hasError":false,"errorMessage":"","isDisabled":false},{"id":4,"selectedActionType":"COPY_CODE","iconName":"utility:copy","btntext":"Copy Offer Code","webURL":"","phonenum":"","offercode":"AADDFCGOP","selectedUrlType":"Static","selectedCountryType":"","isCallPhone":false,"isVisitSite":false,"isOfferCode":true,"hasError":false,"errorMessage":"","isDisabled":true},{"id":1,"selectedCustomType":"Marketing opt-out","Cbtntext":"Stop promotions","buttonClass":"button-label-preview","showFooterText":true,"iconName":"utility:reply","hasError":false,"errorMessage":""},{"id":2,"selectedCustomType":"QUICK_REPLY","Cbtntext":"Quick reply1","buttonClass":"button-label-preview","showFooterText":false,"iconName":"utility:reply","hasError":false,"errorMessage":""},{"id":3,"selectedCustomType":"QUICK_REPLY","Cbtntext":"Quick reply2","buttonClass":"button-label-preview","showFooterText":false,"iconName":"utility:reply","hasError":false,"errorMessage":""},{"id":4,"selectedCustomType":"QUICK_REPLY","Cbtntext":"Quick reply3","buttonClass":"button-label-preview","showFooterText":false,"iconName":"utility:reply","hasError":false,"errorMessage":""},{"id":5,"selectedCustomType":"QUICK_REPLY","Cbtntext":"Quick reply4","buttonClass":"button-label-preview","showFooterText":false,"iconName":"utility:reply","hasError":false,"errorMessage":""},{"id":6,"selectedCustomType":"QUICK_REPLY","Cbtntext":"Quick reply","buttonClass":"button-label-preview","showFooterText":false,"iconName":"utility:reply","hasError":false,"errorMessage":""}], url=null, varAlternateTexts=()]
23:25:51.639 (6642571503)|STATEMENT_EXECUTE|[323]
23:25:51.639 (6642572523)|STATEMENT_EXECUTE|[323]
23:25:51.639 (6642573693)|STATEMENT_EXECUTE|[325]
23:25:51.639 (6642609460)|HEAP_ALLOCATE|[325]|Bytes:67
23:25:51.639 (6642618678)|METHOD_ENTRY|[325]||System.JSON.deserializeUntyped(String)
23:25:51.639 (6642953562)|METHOD_EXIT|[325]||System.JSON.deserializeUntyped(String)
23:25:51.639 (6642961252)|VARIABLE_SCOPE_BEGIN|[325]|responseMap|Map<String,ANY>|true|false
23:25:51.639 (6642981184)|VARIABLE_ASSIGNMENT|[325]|responseMap|{"id":"2029845704164761","status":"PENDING","category":"MARKETING"}|0x2f3a8335
23:25:51.639 (6642984990)|STATEMENT_EXECUTE|[326]
23:25:51.639 (6642990292)|METHOD_ENTRY|[326]||System.JSON.serialize(Object)
23:25:51.639 (6643922053)|METHOD_EXIT|[326]||System.JSON.serialize(Object)
23:25:51.639 (6643932998)|METHOD_ENTRY|[326]||System.JSON.deserializeUntyped(String)
23:25:51.639 (6644516847)|METHOD_EXIT|[326]||System.JSON.deserializeUntyped(String)
23:25:51.639 (6644524543)|VARIABLE_SCOPE_BEGIN|[326]|payloadMap|Map<String,ANY>|true|false
23:25:51.639 (6644544730)|HEAP_ALLOCATE|[EXTERNAL]|Bytes:8
23:25:51.639 (6644549134)|HEAP_ALLOCATE|[EXTERNAL]|Bytes:20
23:25:51.639 (6644584274)|VARIABLE_ASSIGNMENT|[326]|payloadMap|{"components":[{"example":{"header_handle":"4:cGhvdG8tMTUxNDg4OD (738 more) ..."},"format":"Image","type":"HEADER"},{"text":"Hello 😆,\nThis is a  (13 more) ...","type":"BODY"},{"text":"test template","type":"FOOTER"},{"buttons":[{"phone_number":"+91 9427030255","text":"Call Phone Number","type":"PHONE_NUMBER"}],"type":"BUTTONS"}],"category":"Marketing","language":"en_US","name":"testallbuttons9"}|0xb02c676
23:25:51.639 (6644593780)|STATEMENT_EXECUTE|[329]
23:25:51.639 (6644596574)|VARIABLE_SCOPE_BEGIN|[329]|buttonDetails|String|false|false
23:25:51.639 (6644602911)|VARIABLE_ASSIGNMENT|[329]|buttonDetails|null
23:25:51.639 (6644605586)|STATEMENT_EXECUTE|[330]
23:25:51.639 (6644631776)|VARIABLE_SCOPE_BEGIN|[330]|templatename|String|false|false
23:25:51.639 (6644637674)|VARIABLE_ASSIGNMENT|[330]|templatename|"testallbuttons9"
23:25:51.639 (6644640074)|STATEMENT_EXECUTE|[331]
23:25:51.639 (6644693451)|VARIABLE_SCOPE_BEGIN|[331]|whatsAppTemplate|Template__c|true|false
23:25:51.639 (6644699466)|VARIABLE_ASSIGNMENT|[331]|whatsAppTemplate|null|
23:25:51.639 (6644701854)|STATEMENT_EXECUTE|[340]
23:25:51.639 (6644703919)|HEAP_ALLOCATE|[340]|Bytes:89
23:25:51.639 (6644713514)|HEAP_ALLOCATE|[340]|Bytes:4
23:25:51.639 (6645237734)|SOQL_EXECUTE_BEGIN|[340]|Aggregations:0|SELECT Id, Name, Template_Name__c, Template_Id__c FROM Template__c WITH SECURITY_ENFORCED
23:25:51.639 (6647876326)|HEAP_ALLOCATE|[EXTERNAL]|Bytes:4
23:25:51.639 (6648009180)|HEAP_ALLOCATE|[EXTERNAL]|Bytes:4
23:25:51.639 (6649953829)|HEAP_ALLOCATE|[EXTERNAL]|Bytes:4
23:25:51.639 (6650049570)|HEAP_ALLOCATE|[EXTERNAL]|Bytes:4
23:25:51.639 (6662833548)|SOQL_EXECUTE_END|[340]|Rows:31
23:25:51.639 (6662874146)|HEAP_ALLOCATE|[340]|Bytes:128
23:25:51.639 (6662923664)|HEAP_ALLOCATE|[340]|Bytes:3480
23:25:51.639 (6662992029)|HEAP_ALLOCATE|[340]|Bytes:128
23:25:51.639 (6663011924)|VARIABLE_SCOPE_BEGIN|[340]|allTemplates|List<Template__c>|true|false
23:25:51.639 (6663040766)|VARIABLE_ASSIGNMENT|[340]|allTemplates|"List of size 31 too large to display"|0x534f284c
23:25:51.639 (6663046362)|STATEMENT_EXECUTE|[345]
23:25:51.639 (6663055342)|HEAP_ALLOCATE|[345]|Bytes:4
23:25:51.639 (6663148734)|VARIABLE_SCOPE_BEGIN|[345]|whatsAppTemplateList|List<Template__c>|true|false
23:25:51.639 (6663155075)|HEAP_ALLOCATE|[EXTERNAL]|Bytes:4
23:25:51.639 (6663161419)|VARIABLE_ASSIGNMENT|[345]|whatsAppTemplateList|[]|0x6591c612
23:25:51.639 (6663329441)|HEAP_ALLOCATE|[346]|Bytes:5
23:25:51.639 (6663345749)|HEAP_ALLOCATE|[346]|Bytes:20
23:25:51.639 (6663353001)|VARIABLE_SCOPE_BEGIN|[346]|template|Template__c|true|false
23:25:51.639 (6663370119)|VARIABLE_ASSIGNMENT|[346]|template|{"Id":"a0DgL000001Uo0SUAS","Name":"WBC-0000","Template_Name__c":"testtemplate2","Template_Id__c":"696443882813141"}|0x1ebc40c6
23:25:51.639 (6663375180)|STATEMENT_EXECUTE|[346]
23:25:51.639 (6663472330)|STATEMENT_EXECUTE|[347]
23:25:51.639 (6663479395)|HEAP_ALLOCATE|[346]|Bytes:5
23:25:51.639 (6663485318)|HEAP_ALLOCATE|[346]|Bytes:20
23:25:51.639 (6663488601)|VARIABLE_SCOPE_BEGIN|[346]|template|Template__c|true|false
23:25:51.639 (6663497918)|VARIABLE_ASSIGNMENT|[346]|template|{"Id":"a0DgL000001W1a5UAC","Name":"WBC-0005","Template_Name__c":"testcalltemplate1","Template_Id__c":"1731901891016159"}|0xb7093bc
23:25:51.639 (6663501526)|STATEMENT_EXECUTE|[346]
23:25:51.639 (6663513581)|STATEMENT_EXECUTE|[347]
23:25:51.639 (6663517352)|HEAP_ALLOCATE|[346]|Bytes:5
23:25:51.639 (6663521906)|HEAP_ALLOCATE|[346]|Bytes:20
23:25:51.639 (6663524890)|VARIABLE_SCOPE_BEGIN|[346]|template|Template__c|true|false
23:25:51.639 (6663532878)|VARIABLE_ASSIGNMENT|[346]|template|{"Id":"a0DgL000001WIHNUA4","Name":"WBC-0012","Template_Name__c":"testbuttontemp9","Template_Id__c":"1870074500428898"}|0x689eef40
23:25:51.639 (6663536033)|STATEMENT_EXECUTE|[346]
23:25:51.639 (6663545555)|STATEMENT_EXECUTE|[347]
23:25:51.639 (6663549033)|HEAP_ALLOCATE|[346]|Bytes:5
23:25:51.639 (6663553175)|HEAP_ALLOCATE|[346]|Bytes:20
23:25:51.639 (6663555670)|VARIABLE_SCOPE_BEGIN|[346]|template|Template__c|true|false
23:25:51.639 (6663563013)|VARIABLE_ASSIGNMENT|[346]|template|{"Id":"a0DgL000001WMPpUAO","Name":"WBC-0013","Template_Name__c":"testbuttontemp10","Template_Id__c":"657746323331632"}|0x3e9205a2
23:25:51.639 (6663565828)|STATEMENT_EXECUTE|[346]
23:25:51.639 (6663575148)|STATEMENT_EXECUTE|[347]
23:25:51.639 (6663578569)|HEAP_ALLOCATE|[346]|Bytes:5
23:25:51.639 (6663582679)|HEAP_ALLOCATE|[346]|Bytes:20
23:25:51.639 (6663585109)|VARIABLE_SCOPE_BEGIN|[346]|template|Template__c|true|false
23:25:51.639 (6663592329)|VARIABLE_ASSIGNMENT|[346]|template|{"Id":"a0DgL000001YBznUAG","Name":"WBC-0016","Template_Name__c":"tempwebsite2","Template_Id__c":"991752186393787"}|0x42d4d8c6
23:25:51.639 (6663595431)|STATEMENT_EXECUTE|[346]
23:25:51.639 (6663603978)|STATEMENT_EXECUTE|[347]
23:25:51.639 (6663607413)|HEAP_ALLOCATE|[346]|Bytes:5
23:25:51.639 (6663611637)|HEAP_ALLOCATE|[346]|Bytes:20
23:25:51.639 (6663614096)|VARIABLE_SCOPE_BEGIN|[346]|template|Template__c|true|false
23:25:51.639 (6663621428)|VARIABLE_ASSIGNMENT|[346]|template|{"Id":"a0DgL000001YUntUAG","Name":"WBC-0014","Template_Name__c":"testmarketbutton1","Template_Id__c":"661774273035150"}|0x4db64e53
23:25:51.639 (6663624410)|STATEMENT_EXECUTE|[346]
23:25:51.639 (6663632968)|STATEMENT_EXECUTE|[347]
23:25:51.639 (6663636388)|HEAP_ALLOCATE|[346]|Bytes:5
23:25:51.639 (6663640476)|HEAP_ALLOCATE|[346]|Bytes:20
23:25:51.639 (6663642923)|VARIABLE_SCOPE_BEGIN|[346]|template|Template__c|true|false
23:25:51.639 (6663650610)|VARIABLE_ASSIGNMENT|[346]|template|{"Id":"a0DgL000001YV0nUAG","Name":"WBC-0015","Template_Name__c":"tempwebsite1","Template_Id__c":"2088281145006199"}|0x524d5c4a
23:25:51.639 (6663653608)|STATEMENT_EXECUTE|[346]
23:25:51.639 (6663661778)|STATEMENT_EXECUTE|[347]
23:25:51.639 (6663665320)|HEAP_ALLOCATE|[346]|Bytes:5
23:25:51.639 (6663669452)|HEAP_ALLOCATE|[346]|Bytes:20
23:25:51.639 (6663671943)|VARIABLE_SCOPE_BEGIN|[346]|template|Template__c|true|false
23:25:51.639 (6663678823)|VARIABLE_ASSIGNMENT|[346]|template|{"Id":"a0DgL000001YVyTUAW","Name":"WBC-0017","Template_Name__c":"tempoffer1","Template_Id__c":"1157427235706544"}|0x7cdcecb4
23:25:51.639 (6663681953)|STATEMENT_EXECUTE|[346]
23:25:51.639 (6663689995)|STATEMENT_EXECUTE|[347]
23:25:51.639 (6663693353)|HEAP_ALLOCATE|[346]|Bytes:5
23:25:51.639 (6663697563)|HEAP_ALLOCATE|[346]|Bytes:20
23:25:51.639 (6663700033)|VARIABLE_SCOPE_BEGIN|[346]|template|Template__c|true|false
23:25:51.639 (6663707642)|VARIABLE_ASSIGNMENT|[346]|template|{"Id":"a0DgL000001YZh7UAG","Name":"WBC-0021","Template_Name__c":"tempoffer7","Template_Id__c":"1037885594561697"}|0x182a0901
23:25:51.639 (6663710478)|STATEMENT_EXECUTE|[346]
23:25:51.639 (6663718292)|STATEMENT_EXECUTE|[347]
23:25:51.639 (6663735853)|HEAP_ALLOCATE|[346]|Bytes:5
23:25:51.639 (6663741777)|HEAP_ALLOCATE|[346]|Bytes:20
23:25:51.639 (6663744491)|VARIABLE_SCOPE_BEGIN|[346]|template|Template__c|true|false
23:25:51.639 (6663752704)|VARIABLE_ASSIGNMENT|[346]|template|{"Id":"a0DgL000001Yb7pUAC","Name":"WBC-0022","Template_Name__c":"tempoffer8","Template_Id__c":"1046072017431035"}|0x67911881
23:25:51.639 (6663755593)|STATEMENT_EXECUTE|[346]
23:25:51.639 (6663764277)|STATEMENT_EXECUTE|[347]
23:25:51.639 (6663767670)|HEAP_ALLOCATE|[346]|Bytes:5
23:25:51.639 (6663771888)|HEAP_ALLOCATE|[346]|Bytes:20
23:25:51.639 (6663774479)|VARIABLE_SCOPE_BEGIN|[346]|template|Template__c|true|false
23:25:51.639 (6663781541)|VARIABLE_ASSIGNMENT|[346]|template|{"Id":"a0DgL000001YbKjUAK","Name":"WBC-0023","Template_Name__c":"tempoffer9","Template_Id__c":"1619851521997309"}|0x5f86b735
23:25:51.639 (6663784421)|STATEMENT_EXECUTE|[346]
23:25:51.639 (6663792522)|STATEMENT_EXECUTE|[347]
23:25:51.639 (6663796210)|HEAP_ALLOCATE|[346]|Bytes:5
23:25:51.639 (6663800633)|HEAP_ALLOCATE|[346]|Bytes:20
23:25:51.639 (6663803152)|VARIABLE_SCOPE_BEGIN|[346]|template|Template__c|true|false
23:25:51.639 (6663810545)|VARIABLE_ASSIGNMENT|[346]|template|{"Id":"a0DgL000001YdJVUA0","Name":"WBC-0025","Template_Name__c":"tempallbuttons1","Template_Id__c":"649808911000838"}|0x4424593d
23:25:51.639 (6663813703)|STATEMENT_EXECUTE|[346]
23:25:51.639 (6663821933)|STATEMENT_EXECUTE|[347]
23:25:51.639 (6663825330)|HEAP_ALLOCATE|[346]|Bytes:5
23:25:51.639 (6663829730)|HEAP_ALLOCATE|[346]|Bytes:20
23:25:51.639 (6663832665)|VARIABLE_SCOPE_BEGIN|[346]|template|Template__c|true|false
23:25:51.639 (6663839915)|VARIABLE_ASSIGNMENT|[346]|template|{"Id":"a0DgL000001YjbdUAC","Name":"WBC-0028","Template_Name__c":"tempallbuttons6","Template_Id__c":"1169627694819900"}|0xc0e22b9
23:25:51.639 (6663842868)|STATEMENT_EXECUTE|[346]
23:25:51.639 (6663850848)|STATEMENT_EXECUTE|[347]
23:25:51.639 (6663854163)|HEAP_ALLOCATE|[346]|Bytes:5
23:25:51.639 (6663858588)|HEAP_ALLOCATE|[346]|Bytes:20
23:25:51.639 (6663862668)|VARIABLE_SCOPE_BEGIN|[346]|template|Template__c|true|false
23:25:51.639 (6663874208)|VARIABLE_ASSIGNMENT|[346]|template|{"Id":"a0DgL000001Yp60UAC","Name":"WBC-0031","Template_Name__c":"templateoffer2","Template_Id__c":"2754815904703473"}|0x63b476a9
23:25:51.639 (6663877243)|STATEMENT_EXECUTE|[346]
23:25:51.639 (6663885725)|STATEMENT_EXECUTE|[347]
23:25:51.639 (6663889159)|HEAP_ALLOCATE|[346]|Bytes:5
23:25:51.639 (6663893738)|HEAP_ALLOCATE|[346]|Bytes:20
23:25:51.639 (6663896307)|VARIABLE_SCOPE_BEGIN|[346]|template|Template__c|true|false
23:25:51.639 (6663903781)|VARIABLE_ASSIGNMENT|[346]|template|{"Id":"a0DgL000001YsFAUA0","Name":"WBC-0032","Template_Name__c":"testoffer6","Template_Id__c":"1029344839099953"}|0x9615af5
23:25:51.639 (6663906616)|STATEMENT_EXECUTE|[346]
23:25:51.639 (6663915113)|STATEMENT_EXECUTE|[347]
23:25:51.639 (6663918375)|HEAP_ALLOCATE|[346]|Bytes:5
23:25:51.639 (6663922602)|HEAP_ALLOCATE|[346]|Bytes:20
23:25:51.639 (6663925540)|VARIABLE_SCOPE_BEGIN|[346]|template|Template__c|true|false
23:25:51.639 (6663932946)|VARIABLE_ASSIGNMENT|[346]|template|{"Id":"a0DgL000001YtpVUAS","Name":"WBC-0029","Template_Name__c":"tempoffer13","Template_Id__c":"642556351688435"}|0x6f6a1755
23:25:51.639 (6663936063)|STATEMENT_EXECUTE|[346]
23:25:51.639 (6663944290)|STATEMENT_EXECUTE|[347]
23:25:51.639 (6663947585)|HEAP_ALLOCATE|[346]|Bytes:5
23:25:51.639 (6663951806)|HEAP_ALLOCATE|[346]|Bytes:20
23:25:51.639 (6663954300)|VARIABLE_SCOPE_BEGIN|[346]|template|Template__c|true|false
23:25:51.639 (6663960864)|VARIABLE_ASSIGNMENT|[346]|template|{"Id":"a0DgL000001Yu5dUAC","Name":"WBC-0030","Template_Name__c":"templateoffer1","Template_Id__c":"979441937627264"}|0x128cebeb
23:25:51.639 (6663963841)|STATEMENT_EXECUTE|[346]
23:25:51.639 (6663971881)|STATEMENT_EXECUTE|[347]
23:25:51.639 (6663975260)|HEAP_ALLOCATE|[346]|Bytes:5
23:25:51.639 (6663979616)|HEAP_ALLOCATE|[346]|Bytes:20
23:25:51.639 (6663982126)|VARIABLE_SCOPE_BEGIN|[346]|template|Template__c|true|false
23:25:51.639 (6663989068)|VARIABLE_ASSIGNMENT|[346]|template|{"Id":"a0DgL000001Yv4wUAC","Name":"WBC-0035","Template_Name__c":"testoffer16","Template_Id__c":"2560776374133034"}|0x524dc62d
23:25:51.639 (6663991921)|STATEMENT_EXECUTE|[346]
23:25:51.639 (6664000693)|STATEMENT_EXECUTE|[347]
23:25:51.639 (6664004596)|HEAP_ALLOCATE|[346]|Bytes:5
23:25:51.639 (6664009266)|HEAP_ALLOCATE|[346]|Bytes:20
23:25:51.639 (6664011788)|VARIABLE_SCOPE_BEGIN|[346]|template|Template__c|true|false
23:25:51.639 (6664018646)|VARIABLE_ASSIGNMENT|[346]|template|{"Id":"a0DgL000001YvuXUAS","Name":"WBC-0034","Template_Name__c":"templateoffer5","Template_Id__c":"1266767798391440"}|0x51788863
23:25:51.639 (6664021660)|STATEMENT_EXECUTE|[346]
23:25:51.639 (6664029806)|STATEMENT_EXECUTE|[347]
23:25:51.639 (6664033157)|HEAP_ALLOCATE|[346]|Bytes:5
23:25:51.639 (6664037533)|HEAP_ALLOCATE|[346]|Bytes:20
23:25:51.639 (6664040123)|VARIABLE_SCOPE_BEGIN|[346]|template|Template__c|true|false
23:25:51.639 (6664046772)|VARIABLE_ASSIGNMENT|[346]|template|{"Id":"a0DgL000001YwDwUAK","Name":"WBC-0036","Template_Name__c":"testoffer17","Template_Id__c":"640895572134189"}|0x6e97fda6
23:25:51.639 (6664049523)|STATEMENT_EXECUTE|[346]
23:25:51.639 (6664058354)|STATEMENT_EXECUTE|[347]
23:25:51.639 (6664061681)|HEAP_ALLOCATE|[346]|Bytes:5
23:25:51.639 (6664065868)|HEAP_ALLOCATE|[346]|Bytes:20
23:25:51.639 (6664068299)|VARIABLE_SCOPE_BEGIN|[346]|template|Template__c|true|false
23:25:51.639 (6664075442)|VARIABLE_ASSIGNMENT|[346]|template|{"Id":"a0DgL000001YwyiUAC","Name":"WBC-0038","Template_Name__c":"tempvedio1","Template_Id__c":"1690346554899053"}|0x1bb1802c
23:25:51.639 (6664078247)|STATEMENT_EXECUTE|[346]
23:25:51.639 (6664086181)|STATEMENT_EXECUTE|[347]
23:25:51.639 (6664089429)|HEAP_ALLOCATE|[346]|Bytes:5
23:25:51.639 (6664093612)|HEAP_ALLOCATE|[346]|Bytes:20
23:25:51.639 (6664096072)|VARIABLE_SCOPE_BEGIN|[346]|template|Template__c|true|false
23:25:51.639 (6664102602)|VARIABLE_ASSIGNMENT|[346]|template|{"Id":"a0DgL000001Yz8XUAS","Name":"WBC-0037","Template_Name__c":"tempoffer31","Template_Id__c":"1345765913333035"}|0x27f151d9
23:25:51.639 (6664105632)|STATEMENT_EXECUTE|[346]
23:25:51.639 (6664113495)|STATEMENT_EXECUTE|[347]
23:25:51.639 (6664116736)|HEAP_ALLOCATE|[346]|Bytes:5
23:25:51.639 (6664120909)|HEAP_ALLOCATE|[346]|Bytes:20
23:25:51.639 (6664123332)|VARIABLE_SCOPE_BEGIN|[346]|template|Template__c|true|false
23:25:51.639 (6664130592)|VARIABLE_ASSIGNMENT|[346]|template|{"Id":"a0DgL000001Z7CXUA0","Name":"WBC-0039","Template_Name__c":"testuploadutility1","Template_Id__c":"992022499552228"}|0x32dffed4
23:25:51.639 (6664133874)|STATEMENT_EXECUTE|[346]
23:25:51.639 (6664142868)|STATEMENT_EXECUTE|[347]
23:25:51.639 (6664146384)|HEAP_ALLOCATE|[346]|Bytes:5
23:25:51.639 (6664150549)|HEAP_ALLOCATE|[346]|Bytes:20
23:25:51.639 (6664152962)|VARIABLE_SCOPE_BEGIN|[346]|template|Template__c|true|false
23:25:51.639 (6664161009)|VARIABLE_ASSIGNMENT|[346]|template|{"Id":"a0DgL000001Z7NpUAK","Name":"WBC-0040","Template_Name__c":"testutilityorderstat (3 more) ...","Template_Id__c":"962662702694362"}|0x63f44fe4
23:25:51.639 (6664164704)|STATEMENT_EXECUTE|[346]
23:25:51.639 (6664173773)|STATEMENT_EXECUTE|[347]
23:25:51.639 (6664177421)|HEAP_ALLOCATE|[346]|Bytes:5
23:25:51.639 (6664181612)|HEAP_ALLOCATE|[346]|Bytes:20
23:25:51.639 (6664184126)|VARIABLE_SCOPE_BEGIN|[346]|template|Template__c|true|false
23:25:51.639 (6664190980)|VARIABLE_ASSIGNMENT|[346]|template|{"Id":"a0DgL000001ZMMuUAO","Name":"WBC-0041","Template_Name__c":"testauth98","Template_Id__c":"636350412712921"}|0x74d31356
23:25:51.639 (6664194002)|STATEMENT_EXECUTE|[346]
23:25:51.639 (6664202935)|STATEMENT_EXECUTE|[347]
23:25:51.639 (6664206295)|HEAP_ALLOCATE|[346]|Bytes:5
23:25:51.639 (6664210592)|HEAP_ALLOCATE|[346]|Bytes:20
23:25:51.639 (6664213091)|VARIABLE_SCOPE_BEGIN|[346]|template|Template__c|true|false
23:25:51.639 (6664220419)|VARIABLE_ASSIGNMENT|[346]|template|{"Id":"a0DgL000001ZdHFUA0","Name":"WBC-0042","Template_Name__c":"testauthtemp1","Template_Id__c":"1726575518260283"}|0x5901eb8c
23:25:51.639 (6664223349)|STATEMENT_EXECUTE|[346]
23:25:51.639 (6664232542)|STATEMENT_EXECUTE|[347]
23:25:51.639 (6664235877)|HEAP_ALLOCATE|[346]|Bytes:5
23:25:51.639 (6664240125)|HEAP_ALLOCATE|[346]|Bytes:20
23:25:51.639 (6664242587)|VARIABLE_SCOPE_BEGIN|[346]|template|Template__c|true|false
23:25:51.639 (6664249497)|VARIABLE_ASSIGNMENT|[346]|template|{"Id":"a0DgL000001Ze3gUAC","Name":"WBC-0045","Template_Name__c":"testmarketbutton2","Template_Id__c":"3952538848342909"}|0x14e59726
23:25:51.639 (6664252422)|STATEMENT_EXECUTE|[346]
23:25:51.639 (6664261252)|STATEMENT_EXECUTE|[347]
23:25:51.639 (6664264603)|HEAP_ALLOCATE|[346]|Bytes:5
23:25:51.639 (6664268785)|HEAP_ALLOCATE|[346]|Bytes:20
23:25:51.639 (6664271244)|VARIABLE_SCOPE_BEGIN|[346]|template|Template__c|true|false
23:25:51.639 (6664277982)|VARIABLE_ASSIGNMENT|[346]|template|{"Id":"a0DgL000001ZeObUAK","Name":"WBC-0043","Template_Name__c":"testmarketsend1","Template_Id__c":"976892051238444"}|0x55af6131
23:25:51.639 (6664280802)|STATEMENT_EXECUTE|[346]
23:25:51.639 (6664289642)|STATEMENT_EXECUTE|[347]
23:25:51.639 (6664293134)|HEAP_ALLOCATE|[346]|Bytes:5
23:25:51.639 (6664297279)|HEAP_ALLOCATE|[346]|Bytes:20
23:25:51.639 (6664299773)|VARIABLE_SCOPE_BEGIN|[346]|template|Template__c|true|false
23:25:51.639 (6664306557)|VARIABLE_ASSIGNMENT|[346]|template|{"Id":"a0DgL000001ZeTRUA0","Name":"WBC-0044","Template_Name__c":"testtemplatemarket1","Template_Id__c":"617579514435946"}|0x398a8171
23:25:51.639 (6664309532)|STATEMENT_EXECUTE|[346]
23:25:51.639 (6664318389)|STATEMENT_EXECUTE|[347]
23:25:51.639 (6664321818)|HEAP_ALLOCATE|[346]|Bytes:5
23:25:51.639 (6664326049)|HEAP_ALLOCATE|[346]|Bytes:20
23:25:51.639 (6664328531)|VARIABLE_SCOPE_BEGIN|[346]|template|Template__c|true|false
23:25:51.639 (6664335325)|VARIABLE_ASSIGNMENT|[346]|template|{"Id":"a0DgL000001ZfEDUA0","Name":"WBC-0047","Template_Name__c":"testmarketbutton6","Template_Id__c":"1025501092756771"}|0x6f815047
23:25:51.639 (6664338329)|STATEMENT_EXECUTE|[346]
23:25:51.639 (6664347389)|STATEMENT_EXECUTE|[347]
23:25:51.639 (6664350936)|HEAP_ALLOCATE|[346]|Bytes:5
23:25:51.639 (6664355325)|HEAP_ALLOCATE|[346]|Bytes:20
23:25:51.639 (6664357752)|VARIABLE_SCOPE_BEGIN|[346]|template|Template__c|true|false
23:25:51.639 (6664364603)|VARIABLE_ASSIGNMENT|[346]|template|{"Id":"a0DgL000001ZvNrUAK","Name":"WBC-0049","Template_Name__c":"testallbutton6","Template_Id__c":"1207076920862735"}|0x5765a636
23:25:51.639 (6664367622)|STATEMENT_EXECUTE|[346]
23:25:51.639 (6664379774)|STATEMENT_EXECUTE|[347]
23:25:51.639 (6664383112)|HEAP_ALLOCATE|[346]|Bytes:5
23:25:51.639 (6664389947)|VARIABLE_ASSIGNMENT|[346]|template|null|
23:25:51.639 (6664393602)|STATEMENT_EXECUTE|[352]
23:25:51.639 (6664447789)|USER_DEBUG|[352]|DEBUG|()
23:25:51.639 (6664471304)|STATEMENT_EXECUTE|[354]
23:25:51.639 (6664472387)|STATEMENT_EXECUTE|[355]
23:25:51.639 (6664495566)|HEAP_ALLOCATE|[355]|Bytes:4
23:25:51.639 (6664609311)|VARIABLE_ASSIGNMENT|[355]|whatsAppTemplate|{}|0x6907e290
23:25:51.639 (6664614013)|STATEMENT_EXECUTE|[363]
23:25:51.639 (6664616864)|HEAP_ALLOCATE|[363]|Bytes:38
23:25:51.639 (6664632842)|HEAP_ALLOCATE|[363]|Bytes:44
23:25:51.639 (6664647360)|USER_DEBUG|[363]|DEBUG|Handleeeee Successsss Template Type : Custom
23:25:51.639 (6664652676)|STATEMENT_EXECUTE|[365]
23:25:51.639 (6664655048)|HEAP_ALLOCATE|[365]|Bytes:6
23:25:51.639 (6664676029)|VARIABLE_SCOPE_BEGIN|[365]|status|String|false|false
23:25:51.639 (6664682751)|VARIABLE_ASSIGNMENT|[365]|status|"PENDING"
23:25:51.639 (6664685588)|STATEMENT_EXECUTE|[366]
23:25:51.639 (6664687316)|HEAP_ALLOCATE|[366]|Bytes:2
23:25:51.639 (6664805688)|VARIABLE_ASSIGNMENT|[366]|this.Template_Id__c|"2029845704164761"|0x6907e290
23:25:51.639 (6664810411)|STATEMENT_EXECUTE|[367]
23:25:51.639 (6664821818)|HEAP_ALLOCATE|[367]|Bytes:7
23:25:51.639 (6664828841)|HEAP_ALLOCATE|[367]|Bytes:9
23:25:51.639 (6664853891)|VARIABLE_ASSIGNMENT|[367]|this.Status__c|"In-Review"|0x6907e290
23:25:51.639 (6664857529)|STATEMENT_EXECUTE|[370]
23:25:51.639 (6664890018)|VARIABLE_ASSIGNMENT|[370]|this.Template_Name__c|"testallbuttons9"|0x6907e290
23:25:51.639 (6664893671)|STATEMENT_EXECUTE|[371]
23:25:51.639 (6664921826)|VARIABLE_ASSIGNMENT|[371]|this.Template_Category__c|"Marketing"|0x6907e290
23:25:51.639 (6664925190)|STATEMENT_EXECUTE|[372]
23:25:51.639 (6664951966)|VARIABLE_ASSIGNMENT|[372]|this.Language__c|"en_US"|0x6907e290
23:25:51.639 (6664956077)|STATEMENT_EXECUTE|[373]
23:25:51.639 (6665009331)|VARIABLE_ASSIGNMENT|[373]|this.Template_Type__c|"Custom"|0x6907e290
23:25:51.639 (6665014953)|STATEMENT_EXECUTE|[378]
23:25:51.639 (6665056634)|HEAP_ALLOCATE|[378]|Bytes:4
23:25:51.639 (6665113374)|VARIABLE_SCOPE_BEGIN|[378]|variableRecords|List<Template_Variable__c>|true|false
23:25:51.639 (6665120275)|HEAP_ALLOCATE|[EXTERNAL]|Bytes:4
23:25:51.639 (6665129453)|VARIABLE_ASSIGNMENT|[378]|variableRecords|[]|0x75ad4499
23:25:51.639 (6665132576)|STATEMENT_EXECUTE|[379]
23:25:51.639 (6665161387)|VARIABLE_SCOPE_BEGIN|[379]|components|List<ANY>|true|false
23:25:51.639 (6665198707)|VARIABLE_ASSIGNMENT|[379]|components|[{"example":{"header_handle":"4:cGhvdG8tMTUxNDg4OD (738 more) ..."},"format":"Image","type":"HEADER"},{"text":"Hello 😆,\nThis is a  (13 more) ...","type":"BODY"},{"text":"test template","type":"FOOTER"},{"buttons":[{"phone_number":"+91 9427030255","text":"Call Phone Number","type":"PHONE_NUMBER"}],"type":"BUTTONS"}]|0x18a945ad
23:25:51.639 (6665206329)|STATEMENT_EXECUTE|[380]
23:25:51.639 (6665210137)|VARIABLE_SCOPE_BEGIN|[380]|headAlternateTexts|List<String>|true|false
23:25:51.639 (6665216320)|VARIABLE_ASSIGNMENT|[380]|headAlternateTexts|[]|0x23d59341
23:25:51.639 (6665219183)|STATEMENT_EXECUTE|[381]
23:25:51.639 (6665221321)|VARIABLE_SCOPE_BEGIN|[381]|varAlternateTexts|List<String>|true|false
23:25:51.639 (6665226577)|VARIABLE_ASSIGNMENT|[381]|varAlternateTexts|[]|0x7f0e2d81
23:25:51.639 (6665229414)|STATEMENT_EXECUTE|[382]
23:25:51.639 (6665234632)|VARIABLE_SCOPE_BEGIN|[382]|headerIndex|Integer|false|false
23:25:51.639 (6665239531)|HEAP_ALLOCATE|[382]|Bytes:4
23:25:51.639 (6665245074)|VARIABLE_ASSIGNMENT|[382]|headerIndex|0
23:25:51.639 (6665247288)|STATEMENT_EXECUTE|[383]
23:25:51.639 (6665248685)|VARIABLE_SCOPE_BEGIN|[383]|variableIndex|Integer|false|false
23:25:51.639 (6665252244)|HEAP_ALLOCATE|[383]|Bytes:4
23:25:51.639 (6665255071)|VARIABLE_ASSIGNMENT|[383]|variableIndex|0
23:25:51.639 (6665257438)|STATEMENT_EXECUTE|[384]
23:25:51.639 (6665259250)|VARIABLE_SCOPE_BEGIN|[384]|headerMergeText|String|false|false
23:25:51.639 (6665264340)|VARIABLE_ASSIGNMENT|[384]|headerMergeText|""
23:25:51.639 (6665289935)|HEAP_ALLOCATE|[387]|Bytes:5
23:25:51.639 (6665305955)|HEAP_ALLOCATE|[387]|Bytes:16
23:25:51.639 (6665310565)|VARIABLE_SCOPE_BEGIN|[387]|comp|Object|false|false
23:25:51.639 (6665321657)|VARIABLE_ASSIGNMENT|[387]|comp|{"example":{"header_handle":"4:cGhvdG8tMTUxNDg4OD (738 more) ..."},"format":"Image","type":"HEADER"}
23:25:51.639 (6665324590)|STATEMENT_EXECUTE|[387]
23:25:51.639 (6665327170)|HEAP_ALLOCATE|[388]|Bytes:68
23:25:51.639 (6665357371)|STATEMENT_EXECUTE|[388]
23:25:51.639 (6665358596)|STATEMENT_EXECUTE|[391]
23:25:51.639 (6665361185)|VARIABLE_SCOPE_BEGIN|[391]|component|Map<String,ANY>|true|false
23:25:51.639 (6665370199)|VARIABLE_ASSIGNMENT|[391]|component|{"example":{"header_handle":"4:cGhvdG8tMTUxNDg4OD (738 more) ..."},"format":"Image","type":"HEADER"}|0x474c8939
23:25:51.639 (6665373147)|STATEMENT_EXECUTE|[392]
23:25:51.639 (6665405955)|USER_DEBUG|[392]|DEBUG|{example={header_handle=4:cGhvdG8tMTUxNDg4ODI4Njk3NC02YzAzZTJjYTFkYmEgKDEpLmpwZWc=:aW1hZ2UvanBlZw==:ARYwmSs238HQJSui8J5SEQozFu7bg0xb4-Dz7aM9CbxkF2TkQSCjCwt4UCx3-wJQRk2HERaPL210e05rPlLw6D5c0MfdQl56LLUmZK4BS3FJfA:e:1743488675:1500312290678469:100089605934535:ARZDTkFtu_YZmEt9Gjk
4:cGhvdG8tMTUxNDg4ODI4Njk3NC02YzAzZTJjYTFkYmEgKDEpLmpwZWc=:aW1hZ2UvanBlZw==:ARb9Hhs70oc7zrPsIdVcqAst-xfQJxVnZtrHF_YsGm_IyXl34ZMB2k_LqhMYvxBx5-hkoWSw0E-OrdGeNeC0Oj7YIjs2T-US4gygAJOa9r1Cag:e:1743488675:1500312290678469:100089605934535:ARakpGk6VQ9FgpS6l7o
4:cGhvdG8tMTUxNDg4ODI4Njk3NC02YzAzZTJjYTFkYmEgKDEpLmpwZWc=:aW1hZ2UvanBlZw==:ARZzVvwxCHwZ9zdYaiRMI-pm4y7wPSdut9LHL21ohJ2h_NpTPUik6vnRpvyspr-74EJwppCJpH6EfOrZDP1WLDKH80A0YeOe8YU-Ts1uIE4SzQ:e:1743488675:1500312290678469:100089605934535:ARaUr5Mnco85HLv000o}, format=Image, type=HEADER}
23:25:51.639 (6665417412)|STATEMENT_EXECUTE|[393]
23:25:51.639 (6665430449)|VARIABLE_SCOPE_BEGIN|[393]|type|String|false|false
23:25:51.639 (6665436222)|VARIABLE_ASSIGNMENT|[393]|type|"HEADER"
23:25:51.639 (6665438449)|STATEMENT_EXECUTE|[394]
23:25:51.639 (6665450837)|VARIABLE_SCOPE_BEGIN|[394]|example|Map<String,ANY>|true|false
23:25:51.639 (6665458787)|VARIABLE_ASSIGNMENT|[394]|example|{"header_handle":"4:cGhvdG8tMTUxNDg4OD (738 more) ..."}|0x654bba6a
23:25:51.639 (6665469141)|STATEMENT_EXECUTE|[397]
23:25:51.639 (6665470110)|STATEMENT_EXECUTE|[398]
23:25:51.639 (6665520410)|VARIABLE_ASSIGNMENT|[398]|this.Header_Type__c|"Image"|0x6907e290
23:25:51.639 (6665535005)|HEAP_ALLOCATE|[399]|Bytes:5
23:25:51.639 (6665542918)|STATEMENT_EXECUTE|[399]
23:25:51.639 (6665543972)|STATEMENT_EXECUTE|[400]
23:25:51.639 (6665569255)|VARIABLE_ASSIGNMENT|[400]|this.WBHeader_Body__c|"https://orgfarm-3036 (183 more) ..."|0x6907e290
23:25:51.639 (6665573409)|STATEMENT_EXECUTE|[401]
23:25:51.639 (6665591786)|VARIABLE_ASSIGNMENT|[401]|this.File_Name__c|"photo-1514888286974- (21 more) ..."|0x6907e290
23:25:51.639 (6665595294)|STATEMENT_EXECUTE|[402]
23:25:51.639 (6665612836)|VARIABLE_ASSIGNMENT|[402]|this.WBImage_Header_Handle__c|"4:cGhvdG8tMTUxNDg4OD (738 more) ..."|0x6907e290
23:25:51.639 (6665617490)|HEAP_ALLOCATE|[407]|Bytes:11
23:25:51.639 (6665633140)|STATEMENT_EXECUTE|[407]
23:25:51.639 (6665639498)|HEAP_ALLOCATE|[387]|Bytes:5
23:25:51.639 (6665647527)|HEAP_ALLOCATE|[387]|Bytes:12
23:25:51.639 (6665651285)|VARIABLE_SCOPE_BEGIN|[387]|comp|Object|false|false
23:25:51.639 (6665662230)|VARIABLE_ASSIGNMENT|[387]|comp|{"text":"Hello 😆,\nThis is a  (13 more) ...","type":"BODY"}
23:25:51.639 (6665665665)|STATEMENT_EXECUTE|[387]
23:25:51.639 (6665675400)|STATEMENT_EXECUTE|[388]
23:25:51.639 (6665676386)|STATEMENT_EXECUTE|[391]
23:25:51.639 (6665678243)|VARIABLE_SCOPE_BEGIN|[391]|component|Map<String,ANY>|true|false
23:25:51.639 (6665686324)|VARIABLE_ASSIGNMENT|[391]|component|{"text":"Hello 😆,\nThis is a  (13 more) ...","type":"BODY"}|0xb2d5474
23:25:51.639 (6665689856)|STATEMENT_EXECUTE|[392]
23:25:51.639 (6665699935)|USER_DEBUG|[392]|DEBUG|{text=Hello 😆,
This is a test template, type=BODY}
23:25:51.639 (6665705136)|STATEMENT_EXECUTE|[393]
23:25:51.639 (6665710827)|VARIABLE_SCOPE_BEGIN|[393]|type|String|false|false
23:25:51.639 (6665715751)|VARIABLE_ASSIGNMENT|[393]|type|"BODY"
23:25:51.639 (6665717980)|STATEMENT_EXECUTE|[394]
23:25:51.639 (6665723035)|VARIABLE_SCOPE_BEGIN|[394]|example|Map<String,ANY>|true|false
23:25:51.639 (6665728288)|VARIABLE_ASSIGNMENT|[394]|example|null|
23:25:51.639 (6665738315)|STATEMENT_EXECUTE|[451]
23:25:51.639 (6665739350)|STATEMENT_EXECUTE|[452]
23:25:51.639 (6665767217)|METHOD_ENTRY|[452]|01pgL000000Qgig|CreateTemplateWrapper.handleBodyComponent(String, Map<String,ANY>, Map<String,ANY>)
23:25:51.639 (6665779763)|VARIABLE_SCOPE_BEGIN|[558]|category|String|false|false
23:25:51.639 (6665785152)|VARIABLE_ASSIGNMENT|[558]|category|"Marketing"
23:25:51.639 (6665787626)|VARIABLE_SCOPE_BEGIN|[558]|component|Map<String,ANY>|true|false
23:25:51.639 (6665795402)|VARIABLE_ASSIGNMENT|[558]|component|{"text":"Hello 😆,\nThis is a  (13 more) ...","type":"BODY"}|0xb2d5474
23:25:51.639 (6665798800)|VARIABLE_SCOPE_BEGIN|[558]|example|Map<String,ANY>|true|false
23:25:51.639 (6665802956)|VARIABLE_ASSIGNMENT|[558]|example|null|
23:25:51.639 (6665818667)|HEAP_ALLOCATE|[559]|Bytes:5
23:25:51.639 (6665821900)|STATEMENT_EXECUTE|[558]
23:25:51.639 (6665822870)|STATEMENT_EXECUTE|[559]
23:25:51.639 (6665829070)|HEAP_ALLOCATE|[559]|Bytes:4
23:25:51.639 (6665834471)|VARIABLE_SCOPE_BEGIN|[559]|result|Map<String,ANY>|true|false
23:25:51.639 (6665843762)|VARIABLE_ASSIGNMENT|[559]|result|{}|0x2459e135
23:25:51.639 (6665846650)|STATEMENT_EXECUTE|[560]
23:25:51.639 (6665847520)|STATEMENT_EXECUTE|[560]
23:25:51.639 (6665848523)|STATEMENT_EXECUTE|[561]
23:25:51.639 (6665861565)|VARIABLE_SCOPE_BEGIN|[561]|bodyText|String|false|false
23:25:51.639 (6665868098)|VARIABLE_ASSIGNMENT|[561]|bodyText|"Hello 😆,\nThis is a  (13 more) ..."
23:25:51.639 (6665871089)|STATEMENT_EXECUTE|[562]
23:25:51.639 (6665872474)|VARIABLE_SCOPE_BEGIN|[562]|bodyMergeText|String|false|false
23:25:51.639 (6665877035)|VARIABLE_ASSIGNMENT|[562]|bodyMergeText|""
23:25:51.639 (6665879219)|STATEMENT_EXECUTE|[563]
23:25:51.639 (6665890489)|HEAP_ALLOCATE|[563]|Bytes:4
23:25:51.639 (6665910475)|VARIABLE_SCOPE_BEGIN|[563]|parsedFields|List<Map<String,String>>|true|false
23:25:51.639 (6665927181)|HEAP_ALLOCATE|[EXTERNAL]|Bytes:4
23:25:51.639 (6665932634)|VARIABLE_ASSIGNMENT|[563]|parsedFields|[]|0x540aab4e
23:25:51.639 (6665936939)|STATEMENT_EXECUTE|[565]
23:25:51.639 (6665938054)|STATEMENT_EXECUTE|[598]
23:25:51.639 (6665939649)|HEAP_ALLOCATE|[598]|Bytes:8
23:25:51.639 (6665964873)|HEAP_ALLOCATE|[EXTERNAL]|Bytes:-4
23:25:51.639 (6665969440)|STATEMENT_EXECUTE|[599]
23:25:51.639 (6665970884)|HEAP_ALLOCATE|[599]|Bytes:13
23:25:51.639 (6665981703)|HEAP_ALLOCATE|[EXTERNAL]|Bytes:-4
23:25:51.639 (6665985299)|STATEMENT_EXECUTE|[600]
23:25:51.639 (6665986607)|HEAP_ALLOCATE|[600]|Bytes:12
23:25:51.639 (6665996741)|HEAP_ALLOCATE|[EXTERNAL]|Bytes:-4
23:25:51.639 (6666001625)|STATEMENT_EXECUTE|[609]
23:25:51.639 (6666010999)|METHOD_EXIT|[452]|01pgL000000Qgig|CreateTemplateWrapper.handleBodyComponent(String, Map<String,ANY>, Map<String,ANY>)
23:25:51.639 (6666014645)|VARIABLE_SCOPE_BEGIN|[452]|result|Map<String,ANY>|true|false
23:25:51.639 (6666025511)|VARIABLE_ASSIGNMENT|[452]|result|{"bodyText":"Hello 😆,\nThis is a  (13 more) ...","bodyMergeText":"","parsedFields":[]}|0x2459e135
23:25:51.639 (6666029071)|STATEMENT_EXECUTE|[453]
23:25:51.639 (6666045494)|USER_DEBUG|[453]|DEBUG|Hello 😆,
This is a test template
23:25:51.639 (6666058824)|STATEMENT_EXECUTE|[454]
23:25:51.639 (6666059869)|STATEMENT_EXECUTE|[455]
23:25:51.639 (6666061399)|HEAP_ALLOCATE|[455]|Bytes:7
23:25:51.639 (6666073144)|USER_DEBUG|[455]|DEBUG|In null
23:25:51.639 (6666077416)|STATEMENT_EXECUTE|[456]
23:25:51.639 (6666145402)|VARIABLE_ASSIGNMENT|[456]|this.WBTemplate_Body__c|"Hello 😆,\nThis is a  (13 more) ..."|0x6907e290
23:25:51.639 (6666149884)|STATEMENT_EXECUTE|[458]
23:25:51.639 (6666172222)|VARIABLE_SCOPE_BEGIN|[458]|parsedFields|List<Map<String,String>>|true|false
23:25:51.639 (6666179439)|VARIABLE_ASSIGNMENT|[458]|parsedFields|[]|0x540aab4e
23:25:51.639 (6666182346)|STATEMENT_EXECUTE|[459]
23:25:51.639 (6666192315)|VARIABLE_SCOPE_BEGIN|[459]|bodyMergeText|String|false|false
23:25:51.639 (6666197555)|VARIABLE_ASSIGNMENT|[459]|bodyMergeText|""
23:25:51.639 (6666199817)|STATEMENT_EXECUTE|[461]
23:25:51.639 (6666201204)|HEAP_ALLOCATE|[461]|Bytes:13
23:25:51.639 (6666281494)|HEAP_ALLOCATE|[461]|Bytes:24
23:25:51.639 (6666312941)|SYSTEM_METHOD_ENTRY|[1]|Pattern.Pattern()
23:25:51.639 (6666315446)|STATEMENT_EXECUTE|[1]
23:25:51.639 (6666327428)|SYSTEM_METHOD_EXIT|[1]|Pattern
23:25:51.639 (6666345589)|METHOD_ENTRY|[461]||System.Pattern.compile(String)
23:25:51.639 (6666453256)|METHOD_EXIT|[461]||System.Pattern.compile(String)
23:25:51.639 (6666456602)|VARIABLE_SCOPE_BEGIN|[461]|pattern|System.Pattern|true|false
23:25:51.639 (6666514792)|VARIABLE_ASSIGNMENT|[461]|pattern|{"delegate":"0xa4de779"}|0x16917e7b
23:25:51.639 (6666518182)|STATEMENT_EXECUTE|[462]
23:25:51.639 (6666544096)|METHOD_ENTRY|[462]||System.Pattern.matcher(String)
23:25:51.639 (6666684603)|METHOD_EXIT|[462]||System.Pattern.matcher(String)
23:25:51.639 (6666687808)|VARIABLE_SCOPE_BEGIN|[462]|matcher|System.Matcher|true|false
23:25:51.639 (6666711697)|VARIABLE_ASSIGNMENT|[462]|matcher|{"delegate":"0x12f72d35"}|0x7764763d
23:25:51.639 (6666715243)|STATEMENT_EXECUTE|[463]
23:25:51.639 (6666726137)|HEAP_ALLOCATE|[463]|Bytes:4
23:25:51.639 (6666751018)|VARIABLE_SCOPE_BEGIN|[463]|processedBodyPlaceholders|Set<String>|true|false
23:25:51.639 (6666773876)|VARIABLE_ASSIGNMENT|[463]|processedBodyPlaceholders|[]|0x6a1bac0c
23:25:51.639 (6666777003)|STATEMENT_EXECUTE|[465]
23:25:51.639 (6666779101)|HEAP_ALLOCATE|[465]|Bytes:93
23:25:51.639 (6666784764)|HEAP_ALLOCATE|[465]|Bytes:4
23:25:51.639 (6666788679)|HEAP_ALLOCATE|[465]|Bytes:7
23:25:51.639 (6667206065)|SOQL_EXECUTE_BEGIN|[465]|Aggregations:0|SELECT Id, Name FROM Template_Variable__c WHERE (Template__c = :tmpVar1 AND Type__c = 'Body')
23:25:51.639 (6689925714)|SOQL_EXECUTE_END|[465]|Rows:0
23:25:51.639 (6689969909)|HEAP_ALLOCATE|[465]|Bytes:4
23:25:51.639 (6689994982)|HEAP_ALLOCATE|[465]|Bytes:0
23:25:51.639 (6690042720)|HEAP_ALLOCATE|[465]|Bytes:4
23:25:51.639 (6690063379)|VARIABLE_SCOPE_BEGIN|[465]|existingBodyVars|List<Template_Variable__c>|true|false
23:25:51.639 (6690089830)|VARIABLE_ASSIGNMENT|[465]|existingBodyVars|[]|0x211d6e91
23:25:51.639 (6690150153)|STATEMENT_EXECUTE|[472]
23:25:51.639 (6690192430)|METHOD_ENTRY|[476]||System.Matcher.find()
23:25:51.639 (6690272261)|METHOD_EXIT|[476]||System.Matcher.find()
23:25:51.639 (6690277099)|STATEMENT_EXECUTE|[476]
23:25:51.639 (6690297826)|HEAP_ALLOCATE|[387]|Bytes:5
23:25:51.639 (6690320697)|HEAP_ALLOCATE|[387]|Bytes:12
23:25:51.639 (6690326480)|VARIABLE_SCOPE_BEGIN|[387]|comp|Object|false|false
23:25:51.639 (6690350713)|VARIABLE_ASSIGNMENT|[387]|comp|{"text":"test template","type":"FOOTER"}
23:25:51.639 (6690354621)|STATEMENT_EXECUTE|[387]
23:25:51.639 (6690387861)|STATEMENT_EXECUTE|[388]
23:25:51.639 (6690389298)|STATEMENT_EXECUTE|[391]
23:25:51.639 (6690394363)|VARIABLE_SCOPE_BEGIN|[391]|component|Map<String,ANY>|true|false
23:25:51.639 (6690403819)|VARIABLE_ASSIGNMENT|[391]|component|{"text":"test template","type":"FOOTER"}|0x2288c776
23:25:51.639 (6690406895)|STATEMENT_EXECUTE|[392]
23:25:51.639 (6690434762)|USER_DEBUG|[392]|DEBUG|{text=test template, type=FOOTER}
23:25:51.639 (6690440714)|STATEMENT_EXECUTE|[393]
23:25:51.639 (6690453596)|VARIABLE_SCOPE_BEGIN|[393]|type|String|false|false
23:25:51.639 (6690459974)|VARIABLE_ASSIGNMENT|[393]|type|"FOOTER"
23:25:51.639 (6690462224)|STATEMENT_EXECUTE|[394]
23:25:51.639 (6690468750)|VARIABLE_SCOPE_BEGIN|[394]|example|Map<String,ANY>|true|false
23:25:51.639 (6690474821)|VARIABLE_ASSIGNMENT|[394]|example|null|
23:25:51.639 (6690498264)|STATEMENT_EXECUTE|[501]
23:25:51.639 (6690499341)|STATEMENT_EXECUTE|[502]
23:25:51.639 (6690623004)|VARIABLE_ASSIGNMENT|[502]|this.WBFooter_Body__c|"test template"|0x6907e290
23:25:51.639 (6690634996)|HEAP_ALLOCATE|[387]|Bytes:5
23:25:51.639 (6690646246)|HEAP_ALLOCATE|[387]|Bytes:12
23:25:51.639 (6690650837)|VARIABLE_SCOPE_BEGIN|[387]|comp|Object|false|false
23:25:51.639 (6690669419)|VARIABLE_ASSIGNMENT|[387]|comp|{"buttons":[{"phone_number":"+91 9427030255","text":"Call Phone Number","type":"PHONE_NUMBER"}],"type":"BUTTONS"}
23:25:51.639 (6690672800)|STATEMENT_EXECUTE|[387]
23:25:51.639 (6690683491)|STATEMENT_EXECUTE|[388]
23:25:51.639 (6690684508)|STATEMENT_EXECUTE|[391]
23:25:51.639 (6690686497)|VARIABLE_SCOPE_BEGIN|[391]|component|Map<String,ANY>|true|false
23:25:51.639 (6690696530)|VARIABLE_ASSIGNMENT|[391]|component|{"buttons":[{"phone_number":"+91 9427030255","text":"Call Phone Number","type":"PHONE_NUMBER"}],"type":"BUTTONS"}|0x2be75536
23:25:51.639 (6690699537)|STATEMENT_EXECUTE|[392]
23:25:51.639 (6690724944)|USER_DEBUG|[392]|DEBUG|{buttons=({phone_number=+91 9427030255, text=Call Phone Number, type=PHONE_NUMBER}), type=BUTTONS}
23:25:51.639 (6690730052)|STATEMENT_EXECUTE|[393]
23:25:51.639 (6690735984)|VARIABLE_SCOPE_BEGIN|[393]|type|String|false|false
23:25:51.639 (6690741425)|VARIABLE_ASSIGNMENT|[393]|type|"BUTTONS"
23:25:51.639 (6690743574)|STATEMENT_EXECUTE|[394]
23:25:51.639 (6690748791)|VARIABLE_SCOPE_BEGIN|[394]|example|Map<String,ANY>|true|false
23:25:51.639 (6690753529)|VARIABLE_ASSIGNMENT|[394]|example|null|
23:25:51.639 (6690769494)|STATEMENT_EXECUTE|[505]
23:25:51.639 (6690770529)|STATEMENT_EXECUTE|[506]
23:25:51.639 (6690772369)|HEAP_ALLOCATE|[506]|Bytes:8
23:25:51.639 (6690801506)|HEAP_ALLOCATE|[506]|Bytes:98
23:25:51.639 (6690810522)|HEAP_ALLOCATE|[506]|Bytes:106
23:25:51.639 (6690817376)|USER_DEBUG|[506]|DEBUG|Buttons:{buttons=({phone_number=+91 9427030255, text=Call Phone Number, type=PHONE_NUMBER}), type=BUTTONS}
23:25:51.639 (6690822126)|STATEMENT_EXECUTE|[507]
23:25:51.639 (6690831686)|METHOD_ENTRY|[507]|01pgL000000Qgig|CreateTemplateWrapper.handleButtonComponent(Map<String,ANY>)
23:25:51.639 (6690840711)|VARIABLE_SCOPE_BEGIN|[620]|component|Map<String,ANY>|true|false
23:25:51.639 (6690851418)|VARIABLE_ASSIGNMENT|[620]|component|{"buttons":[{"phone_number":"+91 9427030255","text":"Call Phone Number","type":"PHONE_NUMBER"}],"type":"BUTTONS"}|0x2be75536
23:25:51.639 (6690861833)|HEAP_ALLOCATE|[622]|Bytes:5
23:25:51.639 (6690864340)|STATEMENT_EXECUTE|[620]
23:25:51.639 (6690865356)|STATEMENT_EXECUTE|[622]
23:25:51.639 (6690867053)|VARIABLE_SCOPE_BEGIN|[622]|buttonList|String|false|false
23:25:51.639 (6690872093)|VARIABLE_ASSIGNMENT|[622]|buttonList|""
23:25:51.639 (6690874655)|STATEMENT_EXECUTE|[623]
23:25:51.639 (6690875473)|STATEMENT_EXECUTE|[623]
23:25:51.639 (6690876585)|STATEMENT_EXECUTE|[624]
23:25:51.639 (6690902624)|VARIABLE_SCOPE_BEGIN|[624]|buttons|List<ANY>|true|false
23:25:51.639 (6690912303)|VARIABLE_ASSIGNMENT|[624]|buttons|[{"phone_number":"+91 9427030255","text":"Call Phone Number","type":"PHONE_NUMBER"}]|0x687d9202
23:25:51.639 (6690915665)|STATEMENT_EXECUTE|[625]
23:25:51.639 (6690939858)|USER_DEBUG|[625]|DEBUG|({phone_number=+91 9427030255, text=Call Phone Number, type=PHONE_NUMBER})
23:25:51.639 (6690945063)|STATEMENT_EXECUTE|[627]
23:25:51.639 (6690945910)|STATEMENT_EXECUTE|[628]
23:25:51.639 (6690951078)|METHOD_ENTRY|[628]||System.JSON.serialize(Object)
23:25:51.639 (6691350012)|METHOD_EXIT|[628]||System.JSON.serialize(Object)
23:25:51.639 (6691360520)|VARIABLE_ASSIGNMENT|[628]|buttonList|"[{\"type\":\"PHONE_NUMB (64 more) ..."
23:25:51.639 (6691365081)|STATEMENT_EXECUTE|[662]
23:25:51.639 (6691372021)|METHOD_EXIT|[507]|01pgL000000Qgig|CreateTemplateWrapper.handleButtonComponent(Map<String,ANY>)
23:25:51.639 (6691377197)|VARIABLE_ASSIGNMENT|[507]|buttonDetails|"[{\"type\":\"PHONE_NUMB (64 more) ..."
23:25:51.639 (6691379618)|STATEMENT_EXECUTE|[508]
23:25:51.639 (6691448815)|VARIABLE_ASSIGNMENT|[508]|this.Button_Body__c|"[{\"type\":\"PHONE_NUMB (64 more) ..."|0x6907e290
23:25:51.639 (6691453143)|STATEMENT_EXECUTE|[509]
23:25:51.639 (6691484310)|USER_DEBUG|[509]|DEBUG|[{"type":"PHONE_NUMBER","text":"Call Phone Number","phone_number":"+91 9427030255"}]
23:25:51.639 (6691496547)|HEAP_ALLOCATE|[387]|Bytes:5
23:25:51.639 (6691507387)|VARIABLE_ASSIGNMENT|[387]|comp|null
23:25:51.639 (6691511092)|STATEMENT_EXECUTE|[518]
23:25:51.639 (6691554649)|HEAP_ALLOCATE|[518]|Bytes:8
23:25:51.639 (6691576202)|DML_BEGIN|[518]|Op:Upsert|Type:Template__c|Rows:1
23:25:51.639 (6691627752)|HEAP_ALLOCATE|[EXTERNAL]|Bytes:8
23:25:51.639 (6810153983)|DML_END|[518]
23:25:51.639 (6810990459)|STATEMENT_EXECUTE|[519]
23:25:51.639 (6811203013)|VARIABLE_ASSIGNMENT|[519]|templateId|"a0DgL000001ZwuzUAC"
23:25:51.639 (6811504590)|HEAP_ALLOCATE|[521]|Bytes:5
23:25:51.639 (6811539470)|VARIABLE_ASSIGNMENT|[521]|variable|null|
23:25:51.639 (6811547061)|STATEMENT_EXECUTE|[521]
23:25:51.639 (6811582277)|STATEMENT_EXECUTE|[525]
23:25:51.639 (6811584399)|STATEMENT_EXECUTE|[530]
23:25:51.639 (6811589625)|HEAP_ALLOCATE|[530]|Bytes:7
23:25:51.639 (6811639124)|HEAP_ALLOCATE|[530]|Bytes:5
23:25:51.639 (6811661645)|HEAP_ALLOCATE|[EXTERNAL]|Bytes:-4
23:25:51.639 (6811670837)|STATEMENT_EXECUTE|[531]
23:25:51.639 (6811673533)|HEAP_ALLOCATE|[531]|Bytes:10
23:25:51.639 (6811695150)|HEAP_ALLOCATE|[EXTERNAL]|Bytes:-4
23:25:51.639 (6811703738)|STATEMENT_EXECUTE|[548]
23:25:51.639 (6811736630)|METHOD_EXIT|[482]|01pgL000000Qgig|CreateTemplateWrapper.handleSuccessResponse(System.HttpResponse, Map<String,ANY>, Map<String,ANY>, CreateTemplateWrapper.TemplateWrapper)
23:25:51.639 (6811748473)|VARIABLE_SCOPE_BEGIN|[482]|templateId|Id|false|false
23:25:51.639 (6811828776)|VARIABLE_ASSIGNMENT|[482]|templateId|"a0DgL000001ZwuzUAC"
23:25:51.639 (6811834063)|STATEMENT_EXECUTE|[483]
23:25:51.639 (6811860005)|HEAP_ALLOCATE|[483]|Bytes:5
23:25:51.639 (6811872902)|STATEMENT_EXECUTE|[484]
23:25:51.639 (6811893945)|STATEMENT_EXECUTE|[512]
23:25:51.639 (6811906165)|SYSTEM_MODE_EXIT|true
23:25:51.850 (6850608876)|CUMULATIVE_LIMIT_USAGE
23:25:51.850 (6850608876)|LIMIT_USAGE_FOR_NS|(default)|
  Number of SOQL queries: 2 out of 100
  Number of query rows: 32 out of 50000
  Number of SOSL queries: 0 out of 20
  Number of DML statements: 1 out of 150
  Number of Publish Immediate DML: 0 out of 150
  Number of DML rows: 1 out of 10000
  Maximum CPU time: 30 out of 10000
  Maximum heap size: 0 out of 6000000
  Number of callouts: 1 out of 100
  Number of Email Invocations: 0 out of 10
  Number of future calls: 0 out of 50
  Number of queueable jobs added to the queue: 0 out of 50
  Number of Mobile Apex push calls: 0 out of 10

23:25:51.850 (6850608876)|CUMULATIVE_LIMIT_USAGE_END

23:25:51.639 (6850723642)|CODE_UNIT_FINISHED|WBTemplateController.createWhatsappTemplate(String)
23:25:51.639 (6850993410)|CODE_UNIT_FINISHED|apex://WBTemplateController/ACTION$createWhatsappTemplate
23:25:51.639 (6851009685)|EXECUTION_FINISHED
