63.0 APEX_CODE,FINEST;APEX_PROFILING,INFO;CALLOUT,INFO;DATA_ACCESS,INFO;DB,INFO;NBA,INFO;SYSTEM,DEBUG;VALIDATION,INFO;VISUALFORCE,INFO;WAVE,INFO;WORKFLOW,INFO
10:44:14.1 (1990112)|USER_INFO|[EXTERNAL]|005gL000000bXjT|divij@wbconnect.com|(GMT-07:00) Pacific Daylight Time (America/Los_Angeles)|GMT-07:00
10:44:14.1 (2079121)|EXECUTION_STARTED
10:44:14.1 (2108237)|CODE_UNIT_STARTED|[EXTERNAL]|apex://WBTemplateController/ACTION$createWhatsappTemplate
10:44:14.1 (4632151)|CODE_UNIT_STARTED|[EXTERNAL]|01pgL000000QsUb|WBTemplateController.createWhatsappTemplate(String)
10:44:14.1 (9736367)|VARIABLE_SCOPE_BEGIN|[22]|WBTemplateController.SETTINGS|MVWB__WBConnect_Configuration__mdt|true|true
10:44:14.1 (9844611)|VARIABLE_SCOPE_BEGIN|[19]|WBTemplateController.accessToken|String|false|true
10:44:14.1 (9870756)|VARIABLE_SCOPE_BEGIN|[20]|WBTemplateController.endpoint|String|false|true
10:44:14.1 (9878361)|VARIABLE_SCOPE_BEGIN|[21]|WBTemplateController.uploadEndpoint|String|false|true
10:44:14.1 (10095534)|HEAP_ALLOCATE|[93]|Bytes:3
10:44:14.1 (10162310)|HEAP_ALLOCATE|[98]|Bytes:152
10:44:14.1 (10183525)|HEAP_ALLOCATE|[415]|Bytes:408
10:44:14.1 (10200624)|HEAP_ALLOCATE|[428]|Bytes:408
10:44:14.1 (10213823)|HEAP_ALLOCATE|[536]|Bytes:48
10:44:14.1 (10249681)|HEAP_ALLOCATE|[247]|Bytes:6
10:44:14.1 (10270538)|HEAP_ALLOCATE|[EXTERNAL]|Bytes:36
10:44:14.1 (10277410)|HEAP_ALLOCATE|[EXTERNAL]|Bytes:56
10:44:14.1 (10282747)|HEAP_ALLOCATE|[EXTERNAL]|Bytes:102
10:44:14.1 (10337564)|METHOD_ENTRY|[17]|01pgL000000QsUb|WBTemplateController.WBTemplateController()
10:44:14.1 (10365973)|STATEMENT_EXECUTE|[17]
10:44:14.1 (10411304)|STATEMENT_EXECUTE|[17]
10:44:14.1 (10444839)|HEAP_ALLOCATE|[68]|Bytes:5
10:44:14.1 (10521565)|HEAP_ALLOCATE|[74]|Bytes:5
10:44:14.1 (10537033)|HEAP_ALLOCATE|[82]|Bytes:7
10:44:14.1 (10565439)|SYSTEM_MODE_ENTER|true
10:44:14.1 (10591119)|HEAP_ALLOCATE|[25]|Bytes:5
10:44:14.1 (10597294)|STATEMENT_EXECUTE|[24]
10:44:14.1 (10599094)|STATEMENT_EXECUTE|[25]
10:44:14.1 (10600450)|STATEMENT_EXECUTE|[25]
10:44:14.1 (10602097)|STATEMENT_EXECUTE|[26]
10:44:14.1 (10604729)|HEAP_ALLOCATE|[26]|Bytes:180
10:44:14.1 (10628178)|HEAP_ALLOCATE|[26]|Bytes:4
10:44:14.1 (12516062)|SOQL_EXECUTE_BEGIN|[26]|Aggregations:0|SELECT MVWB__Access_Token__c, MVWB__Application_Id__c, MVWB__Phone_Number_Id__c, MVWB__Business_Account_Id__c FROM MVWB__WBConnect_Configuration__mdt WITH SECURITY_ENFORCED LIMIT 1
10:44:14.1 (15372263)|HEAP_ALLOCATE|[EXTERNAL]|Bytes:4
10:44:14.1 (15487289)|HEAP_ALLOCATE|[EXTERNAL]|Bytes:4
10:44:14.1 (15535624)|HEAP_ALLOCATE|[EXTERNAL]|Bytes:4
10:44:14.1 (15571834)|HEAP_ALLOCATE|[EXTERNAL]|Bytes:4
10:44:14.1 (16738111)|HEAP_ALLOCATE|[EXTERNAL]|Bytes:4
10:44:14.1 (22860059)|SOQL_EXECUTE_END|[26]|Rows:1
10:44:14.1 (22928462)|HEAP_ALLOCATE|[26]|Bytes:8
10:44:14.1 (22975547)|HEAP_ALLOCATE|[26]|Bytes:392
10:44:14.1 (23106683)|HEAP_ALLOCATE|[26]|Bytes:8
10:44:14.1 (23159420)|HEAP_ALLOCATE|[26]|Bytes:60
10:44:14.1 (23258424)|HEAP_ALLOCATE|[26]|Bytes:24
10:44:14.1 (23514620)|VARIABLE_ASSIGNMENT|[26]|WBTemplateController.SETTINGS|{"MVWB__Access_Token__c":"EAAVUhq0jVsUBOZCkt9x (185 more) ...","MVWB__Application_Id__c":"1500312290678469","MVWB__Phone_Number_Id__c":"544633438726755","MVWB__Business_Account_Id__c":"499269473267232","Id":"m01gL000001MsPNQA0"}|0x47be6804
10:44:14.1 (23532201)|STATEMENT_EXECUTE|[32]
10:44:14.1 (23741328)|VARIABLE_ASSIGNMENT|[32]|WBTemplateController.accessToken|"EAAVUhq0jVsUBOZCkt9x (185 more) ..."
10:44:14.1 (23750845)|STATEMENT_EXECUTE|[819]
10:44:14.1 (23752685)|STATEMENT_EXECUTE|[826]
10:44:14.1 (23768145)|SYSTEM_MODE_EXIT|true
10:44:14.1 (23804194)|METHOD_EXIT|[17]|WBTemplateController
10:44:14.1 (23814702)|HEAP_ALLOCATE|[EXTERNAL]|Bytes:487
10:44:14.1 (23848379)|VARIABLE_SCOPE_BEGIN|[453]|serializedWrapper|String|false|false
10:44:14.1 (23865977)|VARIABLE_ASSIGNMENT|[453]|serializedWrapper|"{\"templateName\":\"aut (467 more) ..."
10:44:14.1 (23894641)|SYSTEM_MODE_ENTER|true
10:44:14.1 (23914840)|HEAP_ALLOCATE|[454]|Bytes:5
10:44:14.1 (23920583)|STATEMENT_EXECUTE|[453]
10:44:14.1 (23922249)|STATEMENT_EXECUTE|[454]
10:44:14.1 (23945340)|HEAP_ALLOCATE|[454]|Bytes:4
10:44:14.1 (23962120)|VARIABLE_SCOPE_BEGIN|[454]|response|Map<String,ANY>|true|false
10:44:14.1 (24002987)|VARIABLE_ASSIGNMENT|[454]|response|{}|0xdc64986
10:44:14.1 (24010897)|STATEMENT_EXECUTE|[456]
10:44:14.1 (24012330)|STATEMENT_EXECUTE|[456]
10:44:14.1 (24197498)|STATEMENT_EXECUTE|[457]
10:44:14.1 (24199528)|STATEMENT_EXECUTE|[463]
10:44:14.1 (24204023)|HEAP_ALLOCATE|[463]|Bytes:37
10:44:14.1 (27804626)|HEAP_ALLOCATE|[463]|Bytes:33
10:44:14.1 (27865781)|SYSTEM_METHOD_ENTRY|[1]|Type.Type()
10:44:14.1 (27877543)|STATEMENT_EXECUTE|[1]
10:44:14.1 (27901780)|SYSTEM_METHOD_EXIT|[1]|Type
10:44:14.1 (27915164)|HEAP_ALLOCATE|[463]|Bytes:8
10:44:14.1 (27941477)|HEAP_ALLOCATE|[463]|Bytes:8
10:44:14.1 (27963777)|VARIABLE_SCOPE_BEGIN|[4]|this|System.Type|true|false
10:44:14.1 (28026640)|VARIABLE_ASSIGNMENT|[4]|this|{}|0x457b83c9
10:44:14.1 (28040075)|VARIABLE_SCOPE_BEGIN|[4]|apextype|java:common.apex.runtime.ApexObjectType|true|false
10:44:14.1 (28395059)|VARIABLE_ASSIGNMENT|[4]|apextype|"CreateTemplateWrapper.TemplateWrapper"|0x1fa7b3ca
10:44:14.1 (31273492)|HEAP_ALLOCATE|[463]|Bytes:8
10:44:14.1 (31338442)|HEAP_ALLOCATE|[463]|Bytes:24
10:44:14.1 (31358274)|SYSTEM_METHOD_ENTRY|[1]|JSON.JSON()
10:44:14.1 (31370257)|STATEMENT_EXECUTE|[1]
10:44:14.1 (31377256)|SYSTEM_METHOD_EXIT|[1]|JSON
10:44:14.1 (31413450)|METHOD_ENTRY|[463]||System.JSON.deserialize(String, System.Type)
10:44:14.1 (32797764)|METHOD_EXIT|[463]||System.JSON.deserialize(String, System.Type)
10:44:14.1 (32816357)|VARIABLE_SCOPE_BEGIN|[463]|templateWrapper|CreateTemplateWrapper.TemplateWrapper|true|false
10:44:14.1 (33051521)|VARIABLE_ASSIGNMENT|[463]|templateWrapper|{"expireTime":300,"headAlternateTexts":"0x5077ab8e","packagename":"0x14c1dcc","signaturename":"0x18b0a3e7","tempHeaderFormat":"None","tempHeaderText":"","tempLanguage":"en_US","templateBody":"Hello","templateCategory":"Authentication","templateName":"auth_temp_8","templateType":"One-time passcode","varAlternateTexts":"0x3a2b7ad8"}|0x576d9dc8
10:44:14.1 (33071041)|STATEMENT_EXECUTE|[464]
10:44:14.1 (33076139)|HEAP_ALLOCATE|[464]|Bytes:30
10:44:14.1 (33240392)|HEAP_ALLOCATE|[464]|Bytes:491
10:44:14.1 (33266874)|HEAP_ALLOCATE|[464]|Bytes:521
10:44:14.1 (33298182)|USER_DEBUG|[464]|DEBUG|Deserialized TemplateWrapper: TemplateWrapper:[autofillCheck=null, expireTime=300, headAlternateTexts=(), packagename=(), phoneNumber=null, signaturename=(), tempFooterText=null, tempHeaderExample=null, tempHeaderFormat=None, tempHeaderHandle=null, tempHeaderText=, tempImgId=null, tempImgName=null, tempImgUrl=null, tempLanguage=en_US, templateBody=Hello, templateBodyText=null, templateCategory=Authentication, templateName=auth_temp_8, templateType=One-time passcode, typeOfButton=null, url=null, varAlternateTexts=()]
10:44:14.1 (33314923)|STATEMENT_EXECUTE|[466]
10:44:14.1 (36202867)|HEAP_ALLOCATE|[466]|Bytes:15
10:44:14.1 (36226345)|HEAP_ALLOCATE|[466]|Bytes:29
10:44:14.1 (36232724)|HEAP_ALLOCATE|[466]|Bytes:80
10:44:14.1 (36273100)|METHOD_ENTRY|[16]|01pgL000000Qgig|CreateTemplateWrapper.CreateTemplateWrapper()
10:44:14.1 (36284706)|STATEMENT_EXECUTE|[16]
10:44:14.1 (36289892)|STATEMENT_EXECUTE|[16]
10:44:14.1 (36304026)|HEAP_ALLOCATE|[466]|Bytes:5
10:44:14.1 (36308712)|STATEMENT_EXECUTE|[693]
10:44:14.1 (36321258)|METHOD_EXIT|[16]|CreateTemplateWrapper
10:44:14.1 (36370601)|METHOD_ENTRY|[466]|01pgL000000Qgig|CreateTemplateWrapper.buildPayload(CreateTemplateWrapper.TemplateWrapper)
10:44:14.1 (36436363)|VARIABLE_SCOPE_BEGIN|[24]|templateWrapper|CreateTemplateWrapper.TemplateWrapper|true|false
10:44:14.1 (36534111)|VARIABLE_ASSIGNMENT|[24]|templateWrapper|{"expireTime":300,"headAlternateTexts":"0x5077ab8e","packagename":"0x14c1dcc","signaturename":"0x18b0a3e7","tempHeaderFormat":"None","tempHeaderText":"","tempLanguage":"en_US","templateBody":"Hello","templateCategory":"Authentication","templateName":"auth_temp_8","templateType":"One-time passcode","varAlternateTexts":"0x3a2b7ad8"}|0x576d9dc8
10:44:14.1 (36551920)|HEAP_ALLOCATE|[25]|Bytes:5
10:44:14.1 (36557185)|STATEMENT_EXECUTE|[24]
10:44:14.1 (36558825)|STATEMENT_EXECUTE|[25]
10:44:14.1 (36560164)|STATEMENT_EXECUTE|[25]
10:44:14.1 (36561628)|STATEMENT_EXECUTE|[26]
10:44:14.1 (36564283)|HEAP_ALLOCATE|[26]|Bytes:23
10:44:14.1 (36714660)|HEAP_ALLOCATE|[26]|Bytes:491
10:44:14.1 (36740089)|HEAP_ALLOCATE|[26]|Bytes:514
10:44:14.1 (36765697)|USER_DEBUG|[26]|DEBUG|Template Wrapper is :: TemplateWrapper:[autofillCheck=null, expireTime=300, headAlternateTexts=(), packagename=(), phoneNumber=null, signaturename=(), tempFooterText=null, tempHeaderExample=null, tempHeaderFormat=None, tempHeaderHandle=null, tempHeaderText=, tempImgId=null, tempImgName=null, tempImgUrl=null, tempLanguage=en_US, templateBody=Hello, templateBodyText=null, templateCategory=Authentication, templateName=auth_temp_8, templateType=One-time passcode, typeOfButton=null, url=null, varAlternateTexts=()]
10:44:14.1 (36787532)|STATEMENT_EXECUTE|[27]
10:44:14.1 (36806825)|HEAP_ALLOCATE|[27]|Bytes:4
10:44:14.1 (36820518)|VARIABLE_SCOPE_BEGIN|[27]|payload|Map<String,ANY>|true|false
10:44:14.1 (36922936)|VARIABLE_ASSIGNMENT|[27]|payload|{}|0x71386f79
10:44:14.1 (36931065)|STATEMENT_EXECUTE|[28]
10:44:14.1 (36935031)|HEAP_ALLOCATE|[28]|Bytes:4
10:44:14.1 (37173313)|HEAP_ALLOCATE|[EXTERNAL]|Bytes:-4
10:44:14.1 (37187351)|STATEMENT_EXECUTE|[29]
10:44:14.1 (37190434)|HEAP_ALLOCATE|[29]|Bytes:8
10:44:14.1 (37216819)|HEAP_ALLOCATE|[EXTERNAL]|Bytes:-4
10:44:14.1 (37222531)|STATEMENT_EXECUTE|[30]
10:44:14.1 (37224018)|HEAP_ALLOCATE|[30]|Bytes:8
10:44:14.1 (37243196)|HEAP_ALLOCATE|[EXTERNAL]|Bytes:-4
10:44:14.1 (37248209)|STATEMENT_EXECUTE|[32]
10:44:14.1 (37261813)|HEAP_ALLOCATE|[32]|Bytes:4
10:44:14.1 (37303570)|VARIABLE_SCOPE_BEGIN|[32]|components|List<Map<String,ANY>>|true|false
10:44:14.1 (37330388)|HEAP_ALLOCATE|[EXTERNAL]|Bytes:4
10:44:14.1 (37346906)|VARIABLE_ASSIGNMENT|[32]|components|[]|0x35966332
10:44:14.1 (37351111)|STATEMENT_EXECUTE|[33]
10:44:14.1 (37366147)|METHOD_ENTRY|[33]|01pgL000000Qgig|CreateTemplateWrapper.buildMarketingOrUtilityComponents(CreateTemplateWrapper.TemplateWrapper)
10:44:14.1 (37391648)|VARIABLE_SCOPE_BEGIN|[59]|templateWrapper|CreateTemplateWrapper.TemplateWrapper|true|false
10:44:14.1 (37445597)|VARIABLE_ASSIGNMENT|[59]|templateWrapper|{"expireTime":300,"headAlternateTexts":"0x5077ab8e","packagename":"0x14c1dcc","signaturename":"0x18b0a3e7","tempHeaderFormat":"None","tempHeaderText":"","tempLanguage":"en_US","templateBody":"Hello","templateCategory":"Authentication","templateName":"auth_temp_8","templateType":"One-time passcode","varAlternateTexts":"0x3a2b7ad8"}|0x576d9dc8
10:44:14.1 (37460782)|HEAP_ALLOCATE|[60]|Bytes:5
10:44:14.1 (37463871)|STATEMENT_EXECUTE|[59]
10:44:14.1 (37465049)|STATEMENT_EXECUTE|[60]
10:44:14.1 (37465929)|STATEMENT_EXECUTE|[60]
10:44:14.1 (37466812)|STATEMENT_EXECUTE|[61]
10:44:14.1 (37472553)|HEAP_ALLOCATE|[61]|Bytes:4
10:44:14.1 (37497067)|VARIABLE_SCOPE_BEGIN|[61]|components|List<Map<String,ANY>>|true|false
10:44:14.1 (37509584)|HEAP_ALLOCATE|[EXTERNAL]|Bytes:4
10:44:14.1 (37516883)|VARIABLE_ASSIGNMENT|[61]|components|[]|0x3619bc69
10:44:14.1 (37520335)|STATEMENT_EXECUTE|[62]
10:44:14.1 (37531326)|METHOD_ENTRY|[62]|01pgL000000Qgig|CreateTemplateWrapper.buildHeaderComponent(CreateTemplateWrapper.TemplateWrapper)
10:44:14.1 (37550351)|VARIABLE_SCOPE_BEGIN|[102]|templateWrapper|CreateTemplateWrapper.TemplateWrapper|true|false
10:44:14.1 (37583103)|VARIABLE_ASSIGNMENT|[102]|templateWrapper|{"expireTime":300,"headAlternateTexts":"0x5077ab8e","packagename":"0x14c1dcc","signaturename":"0x18b0a3e7","tempHeaderFormat":"None","tempHeaderText":"","tempLanguage":"en_US","templateBody":"Hello","templateCategory":"Authentication","templateName":"auth_temp_8","templateType":"One-time passcode","varAlternateTexts":"0x3a2b7ad8"}|0x576d9dc8
10:44:14.1 (37592466)|HEAP_ALLOCATE|[103]|Bytes:5
10:44:14.1 (37595262)|STATEMENT_EXECUTE|[102]
10:44:14.1 (37596274)|STATEMENT_EXECUTE|[103]
10:44:14.1 (37601331)|HEAP_ALLOCATE|[103]|Bytes:4
10:44:14.1 (37606428)|VARIABLE_SCOPE_BEGIN|[103]|headerComponent|Map<String,ANY>|true|false
10:44:14.1 (37620492)|VARIABLE_ASSIGNMENT|[103]|headerComponent|{}|0x2e12238
10:44:14.1 (37624012)|STATEMENT_EXECUTE|[105]
10:44:14.1 (37624852)|STATEMENT_EXECUTE|[105]
10:44:14.1 (37629344)|HEAP_ALLOCATE|[106]|Bytes:4
10:44:14.1 (37656109)|STATEMENT_EXECUTE|[106]
10:44:14.1 (37657107)|STATEMENT_EXECUTE|[107]
10:44:14.1 (37665907)|METHOD_EXIT|[62]|01pgL000000Qgig|CreateTemplateWrapper.buildHeaderComponent(CreateTemplateWrapper.TemplateWrapper)
10:44:14.1 (37670162)|VARIABLE_SCOPE_BEGIN|[62]|headerComponent|Map<String,ANY>|true|false
10:44:14.1 (37679873)|VARIABLE_ASSIGNMENT|[62]|headerComponent|{}|0x2e12238
10:44:14.1 (37709016)|STATEMENT_EXECUTE|[63]
10:44:14.1 (37711055)|STATEMENT_EXECUTE|[67]
10:44:14.1 (37711885)|STATEMENT_EXECUTE|[68]
10:44:14.1 (37713334)|HEAP_ALLOCATE|[68]|Bytes:30
10:44:14.1 (37719849)|HEAP_ALLOCATE|[68]|Bytes:35
10:44:14.1 (37755953)|USER_DEBUG|[68]|DEBUG|templateWrapper.templateBody: Hello
10:44:14.1 (37762619)|STATEMENT_EXECUTE|[70]
10:44:14.1 (37772171)|METHOD_ENTRY|[70]|01pgL000000Qgig|CreateTemplateWrapper.buildBodyComponent(CreateTemplateWrapper.TemplateWrapper)
10:44:14.1 (37790084)|VARIABLE_SCOPE_BEGIN|[141]|templateWrapper|CreateTemplateWrapper.TemplateWrapper|true|false
10:44:14.1 (37823428)|VARIABLE_ASSIGNMENT|[141]|templateWrapper|{"expireTime":300,"headAlternateTexts":"0x5077ab8e","packagename":"0x14c1dcc","signaturename":"0x18b0a3e7","tempHeaderFormat":"None","tempHeaderText":"","tempLanguage":"en_US","templateBody":"Hello","templateCategory":"Authentication","templateName":"auth_temp_8","templateType":"One-time passcode","varAlternateTexts":"0x3a2b7ad8"}|0x576d9dc8
10:44:14.1 (37833162)|HEAP_ALLOCATE|[142]|Bytes:5
10:44:14.1 (37835799)|STATEMENT_EXECUTE|[141]
10:44:14.1 (37836713)|STATEMENT_EXECUTE|[142]
10:44:14.1 (37837546)|STATEMENT_EXECUTE|[142]
10:44:14.1 (37838692)|STATEMENT_EXECUTE|[144]
10:44:14.1 (37840662)|VARIABLE_SCOPE_BEGIN|[144]|bodyComponent|Map<String,ANY>|true|false
10:44:14.1 (37849707)|VARIABLE_ASSIGNMENT|[144]|bodyComponent|null|
10:44:14.1 (37853983)|HEAP_ALLOCATE|[146]|Bytes:14
10:44:14.1 (37865696)|STATEMENT_EXECUTE|[146]
10:44:14.1 (37867117)|STATEMENT_EXECUTE|[147]
10:44:14.1 (37871197)|HEAP_ALLOCATE|[147]|Bytes:4
10:44:14.1 (37875203)|HEAP_ALLOCATE|[148]|Bytes:4
10:44:14.1 (37877305)|HEAP_ALLOCATE|[148]|Bytes:4
10:44:14.1 (37922465)|VARIABLE_ASSIGNMENT|[147]|bodyComponent|{"type":"BODY"}|0x1d4224cc
10:44:14.1 (37928234)|STATEMENT_EXECUTE|[158]
10:44:14.1 (37929163)|STATEMENT_EXECUTE|[163]
10:44:14.1 (37936168)|METHOD_EXIT|[70]|01pgL000000Qgig|CreateTemplateWrapper.buildBodyComponent(CreateTemplateWrapper.TemplateWrapper)
10:44:14.1 (37950791)|HEAP_ALLOCATE|[EXTERNAL]|Bytes:4
10:44:14.1 (37957751)|STATEMENT_EXECUTE|[73]
10:44:14.1 (37958629)|STATEMENT_EXECUTE|[80]
10:44:14.1 (37966991)|METHOD_ENTRY|[80]|01pgL000000Qgig|CreateTemplateWrapper.buildButtonComponent(CreateTemplateWrapper.TemplateWrapper)
10:44:14.1 (37985656)|VARIABLE_SCOPE_BEGIN|[235]|templateWrapper|CreateTemplateWrapper.TemplateWrapper|true|false
10:44:14.1 (38017801)|VARIABLE_ASSIGNMENT|[235]|templateWrapper|{"expireTime":300,"headAlternateTexts":"0x5077ab8e","packagename":"0x14c1dcc","signaturename":"0x18b0a3e7","tempHeaderFormat":"None","tempHeaderText":"","tempLanguage":"en_US","templateBody":"Hello","templateCategory":"Authentication","templateName":"auth_temp_8","templateType":"One-time passcode","varAlternateTexts":"0x3a2b7ad8"}|0x576d9dc8
10:44:14.1 (38028895)|HEAP_ALLOCATE|[236]|Bytes:5
10:44:14.1 (38031437)|STATEMENT_EXECUTE|[235]
10:44:14.1 (38032535)|STATEMENT_EXECUTE|[236]
10:44:14.1 (38037846)|HEAP_ALLOCATE|[236]|Bytes:4
10:44:14.1 (38062008)|VARIABLE_SCOPE_BEGIN|[236]|buttonComponents|List<Map<String,ANY>>|true|false
10:44:14.1 (38075428)|HEAP_ALLOCATE|[EXTERNAL]|Bytes:4
10:44:14.1 (38082493)|VARIABLE_ASSIGNMENT|[236]|buttonComponents|[]|0x2f6cc8bc
10:44:14.1 (38086088)|STATEMENT_EXECUTE|[238]
10:44:14.1 (38086977)|STATEMENT_EXECUTE|[238]
10:44:14.1 (38103163)|STATEMENT_EXECUTE|[240]
10:44:14.1 (38104228)|STATEMENT_EXECUTE|[241]
10:44:14.1 (38108292)|HEAP_ALLOCATE|[241]|Bytes:4
10:44:14.1 (38112688)|HEAP_ALLOCATE|[242]|Bytes:3
10:44:14.1 (38139908)|HEAP_ALLOCATE|[243]|Bytes:4
10:44:14.1 (38142840)|HEAP_ALLOCATE|[243]|Bytes:11
10:44:14.1 (38153155)|HEAP_ALLOCATE|[244]|Bytes:8
10:44:14.1 (38155381)|HEAP_ALLOCATE|[244]|Bytes:9
10:44:14.1 (38163738)|VARIABLE_SCOPE_BEGIN|[241]|buttonComponent|Map<String,ANY>|true|false
10:44:14.1 (38178576)|VARIABLE_ASSIGNMENT|[241]|buttonComponent|{"type":"OTP","text":"Verify Code","otp_type":"COPY_CODE"}|0x2384edd9
10:44:14.1 (38182369)|STATEMENT_EXECUTE|[246]
10:44:14.1 (38202744)|HEAP_ALLOCATE|[EXTERNAL]|Bytes:4
10:44:14.1 (38208072)|STATEMENT_EXECUTE|[247]
10:44:14.1 (38216012)|METHOD_EXIT|[80]|01pgL000000Qgig|CreateTemplateWrapper.buildButtonComponent(CreateTemplateWrapper.TemplateWrapper)
10:44:14.1 (38219546)|VARIABLE_SCOPE_BEGIN|[80]|buttonComponents|List<Map<String,ANY>>|true|false
10:44:14.1 (38234342)|VARIABLE_ASSIGNMENT|[80]|buttonComponents|[{"type":"OTP","text":"Verify Code","otp_type":"COPY_CODE"}]|0x2f6cc8bc
10:44:14.1 (38259743)|STATEMENT_EXECUTE|[81]
10:44:14.1 (38260648)|STATEMENT_EXECUTE|[82]
10:44:14.1 (38264370)|HEAP_ALLOCATE|[82]|Bytes:4
10:44:14.1 (38269278)|HEAP_ALLOCATE|[83]|Bytes:7
10:44:14.1 (38290702)|HEAP_ALLOCATE|[84]|Bytes:7
10:44:14.1 (38304947)|HEAP_ALLOCATE|[EXTERNAL]|Bytes:4
10:44:14.1 (38309705)|STATEMENT_EXECUTE|[87]
10:44:14.1 (38316070)|METHOD_EXIT|[33]|01pgL000000Qgig|CreateTemplateWrapper.buildMarketingOrUtilityComponents(CreateTemplateWrapper.TemplateWrapper)
10:44:14.1 (38334167)|HEAP_ALLOCATE|[33]|Bytes:8
10:44:14.1 (38340883)|HEAP_ALLOCATE|[33]|Bytes:8
10:44:14.1 (38344291)|HEAP_ALLOCATE|[EXTERNAL]|Bytes:4
10:44:14.1 (38347996)|HEAP_ALLOCATE|[33]|Bytes:12
10:44:14.1 (38350295)|HEAP_ALLOCATE|[EXTERNAL]|Bytes:4
10:44:14.1 (38352395)|HEAP_ALLOCATE|[33]|Bytes:8
10:44:14.1 (38373116)|STATEMENT_EXECUTE|[35]
10:44:14.1 (38374201)|STATEMENT_EXECUTE|[36]
10:44:14.1 (38375768)|HEAP_ALLOCATE|[36]|Bytes:10
10:44:14.1 (38396461)|HEAP_ALLOCATE|[EXTERNAL]|Bytes:-4
10:44:14.1 (38402698)|STATEMENT_EXECUTE|[38]
10:44:14.1 (38403530)|STATEMENT_EXECUTE|[39]
10:44:14.1 (38404880)|HEAP_ALLOCATE|[39]|Bytes:24
10:44:14.1 (38473629)|HEAP_ALLOCATE|[EXTERNAL]|Bytes:-4
10:44:14.1 (38480036)|STATEMENT_EXECUTE|[43]
10:44:14.1 (38481555)|HEAP_ALLOCATE|[43]|Bytes:15
10:44:14.1 (38491624)|METHOD_ENTRY|[43]||System.JSON.serialize(Object)
10:44:14.1 (39694734)|METHOD_EXIT|[43]||System.JSON.serialize(Object)
10:44:14.1 (39711218)|HEAP_ALLOCATE|[43]|Bytes:236
10:44:14.1 (39732233)|USER_DEBUG|[43]|DEBUG|Final Payload: {"message_send_ttl_seconds":300,"components":[{"type":"BODY"},{"buttons":[{"otp_type":"COPY_CODE","text":"Verify Code","type":"OTP"}],"type":"BUTTONS"}],"category":"Authentication","language":"en_US","name":"auth_temp_8"}
10:44:14.1 (39741063)|STATEMENT_EXECUTE|[44]
10:44:14.1 (39750243)|METHOD_EXIT|[466]|01pgL000000Qgig|CreateTemplateWrapper.buildPayload(CreateTemplateWrapper.TemplateWrapper)
10:44:14.1 (39755247)|VARIABLE_SCOPE_BEGIN|[466]|payload|Map<String,ANY>|true|false
10:44:14.1 (39799751)|VARIABLE_ASSIGNMENT|[466]|payload|{"name":"auth_temp_8","language":"en_US","category":"Authentication","components":[{"type":"BODY"},{"type":"BUTTONS","buttons":[{"type":"OTP","text":"Verify Code","otp_type":"COPY_CODE"}]}],"message_send_ttl_seconds":300}|0x71386f79
10:44:14.1 (39804949)|STATEMENT_EXECUTE|[467]
10:44:14.1 (39807189)|HEAP_ALLOCATE|[467]|Bytes:33
10:44:14.1 (39823703)|HEAP_ALLOCATE|[467]|Bytes:18
10:44:14.1 (39832144)|HEAP_ALLOCATE|[467]|Bytes:66
10:44:14.1 (39857173)|VARIABLE_ASSIGNMENT|[467]|WBTemplateController.endpoint|"https://graph.facebo (46 more) ..."
10:44:14.1 (39860618)|STATEMENT_EXECUTE|[469]
10:44:14.1 (39919115)|VARIABLE_SCOPE_BEGIN|[469]|req|System.HttpRequest|true|false
10:44:14.1 (40052442)|VARIABLE_ASSIGNMENT|[469]|req|"System.HttpRequest[Endpoint=null, Method=null]"|0x71910763
10:44:14.1 (40057527)|STATEMENT_EXECUTE|[470]
10:44:14.1 (40116551)|STATEMENT_EXECUTE|[471]
10:44:14.1 (40118618)|HEAP_ALLOCATE|[471]|Bytes:4
10:44:14.1 (40153058)|STATEMENT_EXECUTE|[472]
10:44:14.1 (40154729)|HEAP_ALLOCATE|[472]|Bytes:12
10:44:14.1 (40157475)|HEAP_ALLOCATE|[472]|Bytes:16
10:44:14.1 (40181506)|STATEMENT_EXECUTE|[473]
10:44:14.1 (40183166)|HEAP_ALLOCATE|[473]|Bytes:13
10:44:14.1 (40186055)|HEAP_ALLOCATE|[473]|Bytes:7
10:44:14.1 (40192471)|HEAP_ALLOCATE|[473]|Bytes:212
10:44:14.1 (40209719)|STATEMENT_EXECUTE|[474]
10:44:14.1 (40220057)|METHOD_ENTRY|[474]||System.JSON.serialize(Object)
10:44:14.1 (41108053)|METHOD_EXIT|[474]||System.JSON.serialize(Object)
10:44:14.1 (41180109)|STATEMENT_EXECUTE|[476]
10:44:14.1 (41224586)|VARIABLE_SCOPE_BEGIN|[476]|http|System.Http|true|false
10:44:14.1 (41317654)|VARIABLE_ASSIGNMENT|[476]|http|"System.Http[]"|0x38445b29
10:44:14.1 (41322434)|STATEMENT_EXECUTE|[477]
10:44:14.1 (41472974)|CALLOUT_REQUEST|[477]|System.HttpRequest[Endpoint=https://graph.facebook.com/v20.0/499269473267232/message_templates, Method=POST]
10:44:18.343 (4343990252)|HEAP_ALLOCATE|[EXTERNAL]|Bytes:1009
10:44:18.343 (4345908672)|CALLOUT_RESPONSE|[477]|System.HttpResponse[Status=OK, StatusCode=200]
10:44:18.343 (4345955487)|HEAP_ALLOCATE|[477]|Bytes:79
10:44:18.343 (4346011342)|VARIABLE_SCOPE_BEGIN|[477]|res|System.HttpResponse|true|false
10:44:18.343 (4346124313)|VARIABLE_ASSIGNMENT|[477]|res|"System.HttpResponse[Status=OK, StatusCode=200]"|0xf32d747
10:44:18.343 (4346133807)|STATEMENT_EXECUTE|[478]
10:44:18.343 (4346142168)|HEAP_ALLOCATE|[478]|Bytes:17
10:44:18.343 (4346288302)|HEAP_ALLOCATE|[478]|Bytes:73
10:44:18.343 (4346317249)|HEAP_ALLOCATE|[478]|Bytes:90
10:44:18.343 (4346361787)|USER_DEBUG|[478]|DEBUG|Response Body ==>{"id":"1714708279132995","status":"APPROVED","category":"AUTHENTICATION"}
10:44:18.343 (4346415684)|STATEMENT_EXECUTE|[480]
10:44:18.343 (4346417777)|STATEMENT_EXECUTE|[482]
10:44:18.343 (4346420562)|HEAP_ALLOCATE|[482]|Bytes:10
10:44:18.343 (4346525756)|HEAP_ALLOCATE|[482]|Bytes:46
10:44:18.343 (4346543707)|HEAP_ALLOCATE|[482]|Bytes:56
10:44:18.343 (4346560597)|USER_DEBUG|[482]|DEBUG|Res is :: System.HttpResponse[Status=OK, StatusCode=200]
10:44:18.343 (4346570076)|STATEMENT_EXECUTE|[483]
10:44:18.343 (4346572320)|HEAP_ALLOCATE|[483]|Bytes:14
10:44:18.343 (4346664711)|HEAP_ALLOCATE|[483]|Bytes:191
10:44:18.343 (4346681888)|HEAP_ALLOCATE|[483]|Bytes:205
10:44:18.343 (4346697366)|USER_DEBUG|[483]|DEBUG|payload is :: {category=Authentication, components=({type=BODY}, {buttons=({otp_type=COPY_CODE, text=Verify Code, type=OTP}), type=BUTTONS}), language=en_US, message_send_ttl_seconds=300, name=auth_temp_8}
10:44:18.343 (4346723584)|STATEMENT_EXECUTE|[484]
10:44:18.343 (4346726110)|HEAP_ALLOCATE|[484]|Bytes:15
10:44:18.343 (4346795801)|HEAP_ALLOCATE|[484]|Bytes:2
10:44:18.343 (4346810249)|HEAP_ALLOCATE|[484]|Bytes:17
10:44:18.343 (4346824802)|USER_DEBUG|[484]|DEBUG|response is :: {}
10:44:18.343 (4346833532)|STATEMENT_EXECUTE|[485]
10:44:18.343 (4346835480)|HEAP_ALLOCATE|[485]|Bytes:22
10:44:18.343 (4346962067)|HEAP_ALLOCATE|[485]|Bytes:491
10:44:18.343 (4346977906)|HEAP_ALLOCATE|[485]|Bytes:513
10:44:18.343 (4347031178)|USER_DEBUG|[485]|DEBUG|templateWrapper is :: TemplateWrapper:[autofillCheck=null, expireTime=300, headAlternateTexts=(), packagename=(), phoneNumber=null, signaturename=(), tempFooterText=null, tempHeaderExample=null, tempHeaderFormat=None, tempHeaderHandle=null, tempHeaderText=, tempImgId=null, tempImgName=null, tempImgUrl=null, tempLanguage=en_US, templateBody=Hello, templateBodyText=null, templateCategory=Authentication, templateName=auth_temp_8, templateType=One-time passcode, typeOfButton=null, url=null, varAlternateTexts=()]
10:44:18.343 (4347046957)|STATEMENT_EXECUTE|[486]
10:44:18.343 (4347089277)|METHOD_ENTRY|[486]|01pgL000000Qgig|CreateTemplateWrapper.handleSuccessResponse(System.HttpResponse, Map<String,ANY>, Map<String,ANY>, CreateTemplateWrapper.TemplateWrapper)
10:44:18.343 (4347156480)|VARIABLE_SCOPE_BEGIN|[325]|res|System.HttpResponse|true|false
10:44:18.343 (4347280753)|VARIABLE_ASSIGNMENT|[325]|res|"System.HttpResponse[Status=OK, StatusCode=200]"|0xf32d747
10:44:18.343 (4347299595)|VARIABLE_SCOPE_BEGIN|[325]|payload|Map<String,ANY>|true|false
10:44:18.343 (4347361037)|VARIABLE_ASSIGNMENT|[325]|payload|{"name":"auth_temp_8","language":"en_US","category":"Authentication","components":[{"type":"BODY"},{"type":"BUTTONS","buttons":[{"type":"OTP","text":"Verify Code","otp_type":"COPY_CODE"}]}],"message_send_ttl_seconds":300}|0x71386f79
10:44:18.343 (4347375208)|VARIABLE_SCOPE_BEGIN|[325]|response|Map<String,ANY>|true|false
10:44:18.343 (4347387559)|VARIABLE_ASSIGNMENT|[325]|response|{}|0xdc64986
10:44:18.343 (4347400673)|VARIABLE_SCOPE_BEGIN|[325]|templateWrapper|CreateTemplateWrapper.TemplateWrapper|true|false
10:44:18.343 (4347485762)|VARIABLE_ASSIGNMENT|[325]|templateWrapper|{"expireTime":300,"headAlternateTexts":"0x5077ab8e","packagename":"0x14c1dcc","signaturename":"0x18b0a3e7","tempHeaderFormat":"None","tempHeaderText":"","tempLanguage":"en_US","templateBody":"Hello","templateCategory":"Authentication","templateName":"auth_temp_8","templateType":"One-time passcode","varAlternateTexts":"0x3a2b7ad8"}|0x576d9dc8
10:44:18.343 (4347525437)|HEAP_ALLOCATE|[326]|Bytes:5
10:44:18.343 (4347531008)|STATEMENT_EXECUTE|[325]
10:44:18.343 (4347532489)|STATEMENT_EXECUTE|[326]
10:44:18.343 (4347553594)|VARIABLE_SCOPE_BEGIN|[326]|templateId|Id|false|false
10:44:18.343 (4347568602)|VARIABLE_ASSIGNMENT|[326]|templateId|null
10:44:18.343 (4347573115)|STATEMENT_EXECUTE|[327]
10:44:18.343 (4347625820)|HEAP_ALLOCATE|[327]|Bytes:46
10:44:18.343 (4347641768)|HEAP_ALLOCATE|[327]|Bytes:56
10:44:18.343 (4347659033)|USER_DEBUG|[327]|DEBUG|Res is :: System.HttpResponse[Status=OK, StatusCode=200]
10:44:18.343 (4347668453)|STATEMENT_EXECUTE|[328]
10:44:18.343 (4347723183)|HEAP_ALLOCATE|[328]|Bytes:191
10:44:18.343 (4347736362)|HEAP_ALLOCATE|[328]|Bytes:205
10:44:18.343 (4347749152)|USER_DEBUG|[328]|DEBUG|payload is :: {category=Authentication, components=({type=BODY}, {buttons=({otp_type=COPY_CODE, text=Verify Code, type=OTP}), type=BUTTONS}), language=en_US, message_send_ttl_seconds=300, name=auth_temp_8}
10:44:18.343 (4347758868)|STATEMENT_EXECUTE|[329]
10:44:18.343 (4347787837)|HEAP_ALLOCATE|[329]|Bytes:2
10:44:18.343 (4347799293)|HEAP_ALLOCATE|[329]|Bytes:17
10:44:18.343 (4347810789)|USER_DEBUG|[329]|DEBUG|response is :: {}
10:44:18.343 (4347818557)|STATEMENT_EXECUTE|[330]
10:44:18.343 (4348080851)|HEAP_ALLOCATE|[330]|Bytes:491
10:44:18.343 (4348099562)|HEAP_ALLOCATE|[330]|Bytes:513
10:44:18.343 (4348113583)|USER_DEBUG|[330]|DEBUG|templateWrapper is :: TemplateWrapper:[autofillCheck=null, expireTime=300, headAlternateTexts=(), packagename=(), phoneNumber=null, signaturename=(), tempFooterText=null, tempHeaderExample=null, tempHeaderFormat=None, tempHeaderHandle=null, tempHeaderText=, tempImgId=null, tempImgName=null, tempImgUrl=null, tempLanguage=en_US, templateBody=Hello, templateBodyText=null, templateCategory=Authentication, templateName=auth_temp_8, templateType=One-time passcode, typeOfButton=null, url=null, varAlternateTexts=()]
10:44:18.343 (4348127568)|STATEMENT_EXECUTE|[331]
10:44:18.343 (4348129175)|STATEMENT_EXECUTE|[331]
10:44:18.343 (4348130538)|STATEMENT_EXECUTE|[333]
10:44:18.343 (4348184287)|HEAP_ALLOCATE|[333]|Bytes:73
10:44:18.343 (4348205693)|METHOD_ENTRY|[333]||System.JSON.deserializeUntyped(String)
10:44:18.343 (4348664847)|METHOD_EXIT|[333]||System.JSON.deserializeUntyped(String)
10:44:18.343 (4348677670)|VARIABLE_SCOPE_BEGIN|[333]|responseMap|Map<String,ANY>|true|false
10:44:18.343 (4348718798)|VARIABLE_ASSIGNMENT|[333]|responseMap|{"id":"1714708279132995","status":"APPROVED","category":"AUTHENTICATION"}|0x5cac7d9d
10:44:18.343 (4348725876)|STATEMENT_EXECUTE|[334]
10:44:18.343 (4348737906)|METHOD_ENTRY|[334]||System.JSON.serialize(Object)
10:44:18.343 (4350569971)|METHOD_EXIT|[334]||System.JSON.serialize(Object)
10:44:18.343 (4350603715)|METHOD_ENTRY|[334]||System.JSON.deserializeUntyped(String)
10:44:18.343 (4351540651)|METHOD_EXIT|[334]||System.JSON.deserializeUntyped(String)
10:44:18.343 (4351561322)|VARIABLE_SCOPE_BEGIN|[334]|payloadMap|Map<String,ANY>|true|false
10:44:18.343 (4351602512)|HEAP_ALLOCATE|[EXTERNAL]|Bytes:8
10:44:18.343 (4351609709)|HEAP_ALLOCATE|[EXTERNAL]|Bytes:12
10:44:18.343 (4351661213)|VARIABLE_ASSIGNMENT|[334]|payloadMap|{"message_send_ttl_seconds":300,"components":[{"type":"BODY"},{"buttons":[{"otp_type":"COPY_CODE","text":"Verify Code","type":"OTP"}],"type":"BUTTONS"}],"category":"Authentication","language":"en_US","name":"auth_temp_8"}|0x38e1a2d2
10:44:18.343 (4351672194)|STATEMENT_EXECUTE|[337]
10:44:18.343 (4351676661)|VARIABLE_SCOPE_BEGIN|[337]|buttonDetails|String|false|false
10:44:18.343 (4351692203)|VARIABLE_ASSIGNMENT|[337]|buttonDetails|null
10:44:18.343 (4351696410)|STATEMENT_EXECUTE|[338]
10:44:18.343 (4351765456)|VARIABLE_SCOPE_BEGIN|[338]|templatename|String|false|false
10:44:18.343 (4351781046)|VARIABLE_ASSIGNMENT|[338]|templatename|"auth_temp_8"
10:44:18.343 (4351785913)|STATEMENT_EXECUTE|[339]
10:44:18.343 (4351925172)|VARIABLE_SCOPE_BEGIN|[339]|whatsAppTemplate|Template__c|true|false
10:44:18.343 (4351944633)|VARIABLE_ASSIGNMENT|[339]|whatsAppTemplate|null|
10:44:18.343 (4351949358)|STATEMENT_EXECUTE|[348]
10:44:18.343 (4351953357)|HEAP_ALLOCATE|[348]|Bytes:89
10:44:18.343 (4351971779)|HEAP_ALLOCATE|[348]|Bytes:4
10:44:18.343 (4354186936)|SOQL_EXECUTE_BEGIN|[348]|Aggregations:0|SELECT Id, Name, Template_Name__c, Template_Id__c FROM Template__c WITH SECURITY_ENFORCED
10:44:18.343 (4356952600)|HEAP_ALLOCATE|[EXTERNAL]|Bytes:4
10:44:18.343 (4357067150)|HEAP_ALLOCATE|[EXTERNAL]|Bytes:4
10:44:18.343 (4359013616)|HEAP_ALLOCATE|[EXTERNAL]|Bytes:4
10:44:18.343 (4359096487)|HEAP_ALLOCATE|[EXTERNAL]|Bytes:4
10:44:18.343 (4371097818)|SOQL_EXECUTE_END|[348]|Rows:48
10:44:18.343 (4371141674)|HEAP_ALLOCATE|[348]|Bytes:196
10:44:18.343 (4371210070)|HEAP_ALLOCATE|[348]|Bytes:5377
10:44:18.343 (4371289038)|HEAP_ALLOCATE|[348]|Bytes:196
10:44:18.343 (4371314156)|VARIABLE_SCOPE_BEGIN|[348]|allTemplates|List<Template__c>|true|false
10:44:18.343 (4371367580)|VARIABLE_ASSIGNMENT|[348]|allTemplates|"List of size 48 too large to display"|0x66b5a3b0
10:44:18.343 (4371373781)|STATEMENT_EXECUTE|[353]
10:44:18.343 (4371382627)|HEAP_ALLOCATE|[353]|Bytes:4
10:44:18.343 (4371505605)|VARIABLE_SCOPE_BEGIN|[353]|whatsAppTemplateList|List<Template__c>|true|false
10:44:18.343 (4371515505)|HEAP_ALLOCATE|[EXTERNAL]|Bytes:4
10:44:18.343 (4371525977)|VARIABLE_ASSIGNMENT|[353]|whatsAppTemplateList|[]|0x510c77dd
10:44:18.343 (4371703489)|HEAP_ALLOCATE|[354]|Bytes:5
10:44:18.343 (4371730302)|HEAP_ALLOCATE|[354]|Bytes:20
10:44:18.343 (4371742798)|VARIABLE_SCOPE_BEGIN|[354]|template|Template__c|true|false
10:44:18.343 (4371774158)|VARIABLE_ASSIGNMENT|[354]|template|{"Id":"a0DgL000001Uo0SUAS","Name":"WBC-0000","Template_Name__c":"testtemplate2","Template_Id__c":"696443882813141"}|0x4ba285bd
10:44:18.343 (4371780404)|STATEMENT_EXECUTE|[354]
10:44:18.343 (4371903444)|STATEMENT_EXECUTE|[355]
10:44:18.343 (4371915691)|HEAP_ALLOCATE|[354]|Bytes:5
10:44:18.343 (4371924873)|HEAP_ALLOCATE|[354]|Bytes:20
10:44:18.343 (4371928883)|VARIABLE_SCOPE_BEGIN|[354]|template|Template__c|true|false
10:44:18.343 (4371944474)|VARIABLE_ASSIGNMENT|[354]|template|{"Id":"a0DgL000001W1a5UAC","Name":"WBC-0005","Template_Name__c":"testcalltemplate1","Template_Id__c":"1731901891016159"}|0x3590b63a
10:44:18.343 (4371949253)|STATEMENT_EXECUTE|[354]
10:44:18.343 (4371965485)|STATEMENT_EXECUTE|[355]
10:44:18.343 (4371972072)|HEAP_ALLOCATE|[354]|Bytes:5
10:44:18.343 (4371978759)|HEAP_ALLOCATE|[354]|Bytes:20
10:44:18.343 (4371982376)|VARIABLE_SCOPE_BEGIN|[354]|template|Template__c|true|false
10:44:18.343 (4371996008)|VARIABLE_ASSIGNMENT|[354]|template|{"Id":"a0DgL000001WIHNUA4","Name":"WBC-0012","Template_Name__c":"testbuttontemp9","Template_Id__c":"1870074500428898"}|0x640333b0
10:44:18.343 (4371999720)|STATEMENT_EXECUTE|[354]
10:44:18.343 (4372012298)|STATEMENT_EXECUTE|[355]
10:44:18.343 (4372018677)|HEAP_ALLOCATE|[354]|Bytes:5
10:44:18.343 (4372025110)|HEAP_ALLOCATE|[354]|Bytes:20
10:44:18.343 (4372028424)|VARIABLE_SCOPE_BEGIN|[354]|template|Template__c|true|false
10:44:18.343 (4372039182)|VARIABLE_ASSIGNMENT|[354]|template|{"Id":"a0DgL000001WMPpUAO","Name":"WBC-0013","Template_Name__c":"testbuttontemp10","Template_Id__c":"657746323331632"}|0x4572d0ec
10:44:18.343 (4372042616)|STATEMENT_EXECUTE|[354]
10:44:18.343 (4372054048)|STATEMENT_EXECUTE|[355]
10:44:18.343 (4372059372)|HEAP_ALLOCATE|[354]|Bytes:5
10:44:18.343 (4372065295)|HEAP_ALLOCATE|[354]|Bytes:20
10:44:18.343 (4372068456)|VARIABLE_SCOPE_BEGIN|[354]|template|Template__c|true|false
10:44:18.343 (4372078559)|VARIABLE_ASSIGNMENT|[354]|template|{"Id":"a0DgL000001YBznUAG","Name":"WBC-0016","Template_Name__c":"tempwebsite2","Template_Id__c":"991752186393787"}|0x1a223a92
10:44:18.343 (4372082122)|STATEMENT_EXECUTE|[354]
10:44:18.343 (4372092847)|STATEMENT_EXECUTE|[355]
10:44:18.343 (4372098047)|HEAP_ALLOCATE|[354]|Bytes:5
10:44:18.343 (4372103837)|HEAP_ALLOCATE|[354]|Bytes:20
10:44:18.343 (4372107006)|VARIABLE_SCOPE_BEGIN|[354]|template|Template__c|true|false
10:44:18.343 (4372116810)|VARIABLE_ASSIGNMENT|[354]|template|{"Id":"a0DgL000001YUntUAG","Name":"WBC-0014","Template_Name__c":"testmarketbutton1","Template_Id__c":"661774273035150"}|0x2ab36e8a
10:44:18.343 (4372120893)|STATEMENT_EXECUTE|[354]
10:44:18.343 (4372131478)|STATEMENT_EXECUTE|[355]
10:44:18.343 (4372136629)|HEAP_ALLOCATE|[354]|Bytes:5
10:44:18.343 (4372142514)|HEAP_ALLOCATE|[354]|Bytes:20
10:44:18.343 (4372145742)|VARIABLE_SCOPE_BEGIN|[354]|template|Template__c|true|false
10:44:18.343 (4372155434)|VARIABLE_ASSIGNMENT|[354]|template|{"Id":"a0DgL000001YV0nUAG","Name":"WBC-0015","Template_Name__c":"tempwebsite1","Template_Id__c":"2088281145006199"}|0x57d046df
10:44:18.343 (4372158865)|STATEMENT_EXECUTE|[354]
10:44:18.343 (4372169801)|STATEMENT_EXECUTE|[355]
10:44:18.343 (4372175041)|HEAP_ALLOCATE|[354]|Bytes:5
10:44:18.343 (4372180728)|HEAP_ALLOCATE|[354]|Bytes:20
10:44:18.343 (4372183841)|VARIABLE_SCOPE_BEGIN|[354]|template|Template__c|true|false
10:44:18.343 (4372193753)|VARIABLE_ASSIGNMENT|[354]|template|{"Id":"a0DgL000001YVyTUAW","Name":"WBC-0017","Template_Name__c":"tempoffer1","Template_Id__c":"1157427235706544"}|0x4f61979
10:44:18.343 (4372197252)|STATEMENT_EXECUTE|[354]
10:44:18.343 (4372207997)|STATEMENT_EXECUTE|[355]
10:44:18.343 (4372213290)|HEAP_ALLOCATE|[354]|Bytes:5
10:44:18.343 (4372219535)|HEAP_ALLOCATE|[354]|Bytes:20
10:44:18.343 (4372222622)|VARIABLE_SCOPE_BEGIN|[354]|template|Template__c|true|false
10:44:18.343 (4372233343)|VARIABLE_ASSIGNMENT|[354]|template|{"Id":"a0DgL000001YZh7UAG","Name":"WBC-0021","Template_Name__c":"tempoffer7","Template_Id__c":"1037885594561697"}|0xf8b45df
10:44:18.343 (4372236656)|STATEMENT_EXECUTE|[354]
10:44:18.343 (4372246952)|STATEMENT_EXECUTE|[355]
10:44:18.343 (4372252152)|HEAP_ALLOCATE|[354]|Bytes:5
10:44:18.343 (4372257912)|HEAP_ALLOCATE|[354]|Bytes:20
10:44:18.343 (4372261012)|VARIABLE_SCOPE_BEGIN|[354]|template|Template__c|true|false
10:44:18.343 (4372271088)|VARIABLE_ASSIGNMENT|[354]|template|{"Id":"a0DgL000001Yb7pUAC","Name":"WBC-0022","Template_Name__c":"tempoffer8","Template_Id__c":"1046072017431035"}|0x3efdad9a
10:44:18.343 (4372274658)|STATEMENT_EXECUTE|[354]
10:44:18.343 (4372284741)|STATEMENT_EXECUTE|[355]
10:44:18.343 (4372290036)|HEAP_ALLOCATE|[354]|Bytes:5
10:44:18.343 (4372295613)|HEAP_ALLOCATE|[354]|Bytes:20
10:44:18.343 (4372298732)|VARIABLE_SCOPE_BEGIN|[354]|template|Template__c|true|false
10:44:18.343 (4372307922)|VARIABLE_ASSIGNMENT|[354]|template|{"Id":"a0DgL000001YbKjUAK","Name":"WBC-0023","Template_Name__c":"tempoffer9","Template_Id__c":"1619851521997309"}|0x6b4ef224
10:44:18.343 (4372311612)|STATEMENT_EXECUTE|[354]
10:44:18.343 (4372321631)|STATEMENT_EXECUTE|[355]
10:44:18.343 (4372327096)|HEAP_ALLOCATE|[354]|Bytes:5
10:44:18.343 (4372332807)|HEAP_ALLOCATE|[354]|Bytes:20
10:44:18.343 (4372335888)|VARIABLE_SCOPE_BEGIN|[354]|template|Template__c|true|false
10:44:18.343 (4372345189)|VARIABLE_ASSIGNMENT|[354]|template|{"Id":"a0DgL000001YdJVUA0","Name":"WBC-0025","Template_Name__c":"tempallbuttons1","Template_Id__c":"649808911000838"}|0x5fc713e5
10:44:18.343 (4372348732)|STATEMENT_EXECUTE|[354]
10:44:18.343 (4372358678)|STATEMENT_EXECUTE|[355]
10:44:18.343 (4372363702)|HEAP_ALLOCATE|[354]|Bytes:5
10:44:18.343 (4372369415)|HEAP_ALLOCATE|[354]|Bytes:20
10:44:18.343 (4372372437)|VARIABLE_SCOPE_BEGIN|[354]|template|Template__c|true|false
10:44:18.343 (4372381729)|VARIABLE_ASSIGNMENT|[354]|template|{"Id":"a0DgL000001YjbdUAC","Name":"WBC-0028","Template_Name__c":"tempallbuttons6","Template_Id__c":"1169627694819900"}|0xab7107f
10:44:18.343 (4372385143)|STATEMENT_EXECUTE|[354]
10:44:18.343 (4372395836)|STATEMENT_EXECUTE|[355]
10:44:18.343 (4372400931)|HEAP_ALLOCATE|[354]|Bytes:5
10:44:18.343 (4372406867)|HEAP_ALLOCATE|[354]|Bytes:20
10:44:18.343 (4372409944)|VARIABLE_SCOPE_BEGIN|[354]|template|Template__c|true|false
10:44:18.343 (4372419282)|VARIABLE_ASSIGNMENT|[354]|template|{"Id":"a0DgL000001Yp60UAC","Name":"WBC-0031","Template_Name__c":"templateoffer2","Template_Id__c":"2754815904703473"}|0x59f5fdce
10:44:18.343 (4372422691)|STATEMENT_EXECUTE|[354]
10:44:18.343 (4372432886)|STATEMENT_EXECUTE|[355]
10:44:18.343 (4372437987)|HEAP_ALLOCATE|[354]|Bytes:5
10:44:18.343 (4372443485)|HEAP_ALLOCATE|[354]|Bytes:20
10:44:18.343 (4372446488)|VARIABLE_SCOPE_BEGIN|[354]|template|Template__c|true|false
10:44:18.343 (4372455732)|VARIABLE_ASSIGNMENT|[354]|template|{"Id":"a0DgL000001YsFAUA0","Name":"WBC-0032","Template_Name__c":"testoffer6","Template_Id__c":"1029344839099953"}|0x4536eb06
10:44:18.343 (4372459160)|STATEMENT_EXECUTE|[354]
10:44:18.343 (4372469116)|STATEMENT_EXECUTE|[355]
10:44:18.343 (4372474153)|HEAP_ALLOCATE|[354]|Bytes:5
10:44:18.343 (4372479644)|HEAP_ALLOCATE|[354]|Bytes:20
10:44:18.343 (4372482617)|VARIABLE_SCOPE_BEGIN|[354]|template|Template__c|true|false
10:44:18.343 (4372491841)|VARIABLE_ASSIGNMENT|[354]|template|{"Id":"a0DgL000001YtpVUAS","Name":"WBC-0029","Template_Name__c":"tempoffer13","Template_Id__c":"642556351688435"}|0x2289907e
10:44:18.343 (4372495114)|STATEMENT_EXECUTE|[354]
10:44:18.343 (4372505067)|STATEMENT_EXECUTE|[355]
10:44:18.343 (4372510085)|HEAP_ALLOCATE|[354]|Bytes:5
10:44:18.343 (4372515694)|HEAP_ALLOCATE|[354]|Bytes:20
10:44:18.343 (4372518741)|VARIABLE_SCOPE_BEGIN|[354]|template|Template__c|true|false
10:44:18.343 (4372527611)|VARIABLE_ASSIGNMENT|[354]|template|{"Id":"a0DgL000001Yu5dUAC","Name":"WBC-0030","Template_Name__c":"templateoffer1","Template_Id__c":"979441937627264"}|0x100f48b8
10:44:18.343 (4372531040)|STATEMENT_EXECUTE|[354]
10:44:18.343 (4372541767)|STATEMENT_EXECUTE|[355]
10:44:18.343 (4372546831)|HEAP_ALLOCATE|[354]|Bytes:5
10:44:18.343 (4372552423)|HEAP_ALLOCATE|[354]|Bytes:20
10:44:18.343 (4372555403)|VARIABLE_SCOPE_BEGIN|[354]|template|Template__c|true|false
10:44:18.343 (4372564389)|VARIABLE_ASSIGNMENT|[354]|template|{"Id":"a0DgL000001Yv4wUAC","Name":"WBC-0035","Template_Name__c":"testoffer16","Template_Id__c":"2560776374133034"}|0x6662ccfa
10:44:18.343 (4372567722)|STATEMENT_EXECUTE|[354]
10:44:18.343 (4372578081)|STATEMENT_EXECUTE|[355]
10:44:18.343 (4372583067)|HEAP_ALLOCATE|[354]|Bytes:5
10:44:18.343 (4372588697)|HEAP_ALLOCATE|[354]|Bytes:20
10:44:18.343 (4372591691)|VARIABLE_SCOPE_BEGIN|[354]|template|Template__c|true|false
10:44:18.343 (4372600630)|VARIABLE_ASSIGNMENT|[354]|template|{"Id":"a0DgL000001YvuXUAS","Name":"WBC-0034","Template_Name__c":"templateoffer5","Template_Id__c":"1266767798391440"}|0x147e65eb
10:44:18.343 (4372603954)|STATEMENT_EXECUTE|[354]
10:44:18.343 (4372614322)|STATEMENT_EXECUTE|[355]
10:44:18.343 (4372619611)|HEAP_ALLOCATE|[354]|Bytes:5
10:44:18.343 (4372625111)|HEAP_ALLOCATE|[354]|Bytes:20
10:44:18.343 (4372628044)|VARIABLE_SCOPE_BEGIN|[354]|template|Template__c|true|false
10:44:18.343 (4372636856)|VARIABLE_ASSIGNMENT|[354]|template|{"Id":"a0DgL000001YwDwUAK","Name":"WBC-0036","Template_Name__c":"testoffer17","Template_Id__c":"640895572134189"}|0x7a1a1d7a
10:44:18.343 (4372640159)|STATEMENT_EXECUTE|[354]
10:44:18.343 (4372650158)|STATEMENT_EXECUTE|[355]
10:44:18.343 (4372655070)|HEAP_ALLOCATE|[354]|Bytes:5
10:44:18.343 (4372660611)|HEAP_ALLOCATE|[354]|Bytes:20
10:44:18.343 (4372663748)|VARIABLE_SCOPE_BEGIN|[354]|template|Template__c|true|false
10:44:18.343 (4372673541)|VARIABLE_ASSIGNMENT|[354]|template|{"Id":"a0DgL000001YwyiUAC","Name":"WBC-0038","Template_Name__c":"tempvedio1","Template_Id__c":"1690346554899053"}|0x10bac009
10:44:18.343 (4372676892)|STATEMENT_EXECUTE|[354]
10:44:18.343 (4372687097)|STATEMENT_EXECUTE|[355]
10:44:18.343 (4372692606)|HEAP_ALLOCATE|[354]|Bytes:5
10:44:18.343 (4372698526)|HEAP_ALLOCATE|[354]|Bytes:20
10:44:18.343 (4372701634)|VARIABLE_SCOPE_BEGIN|[354]|template|Template__c|true|false
10:44:18.343 (4372710646)|VARIABLE_ASSIGNMENT|[354]|template|{"Id":"a0DgL000001Yz8XUAS","Name":"WBC-0037","Template_Name__c":"tempoffer31","Template_Id__c":"1345765913333035"}|0x604fdbf8
10:44:18.343 (4372713991)|STATEMENT_EXECUTE|[354]
10:44:18.343 (4372724398)|STATEMENT_EXECUTE|[355]
10:44:18.343 (4372729466)|HEAP_ALLOCATE|[354]|Bytes:5
10:44:18.343 (4372735051)|HEAP_ALLOCATE|[354]|Bytes:20
10:44:18.343 (4372738161)|VARIABLE_SCOPE_BEGIN|[354]|template|Template__c|true|false
10:44:18.343 (4372747425)|VARIABLE_ASSIGNMENT|[354]|template|{"Id":"a0DgL000001Z7CXUA0","Name":"WBC-0039","Template_Name__c":"testuploadutility1","Template_Id__c":"992022499552228"}|0x779ab27
10:44:18.343 (4372750960)|STATEMENT_EXECUTE|[354]
10:44:18.343 (4372761330)|STATEMENT_EXECUTE|[355]
10:44:18.343 (4372766351)|HEAP_ALLOCATE|[354]|Bytes:5
10:44:18.343 (4372772053)|HEAP_ALLOCATE|[354]|Bytes:20
10:44:18.343 (4372775134)|VARIABLE_SCOPE_BEGIN|[354]|template|Template__c|true|false
10:44:18.343 (4372785565)|VARIABLE_ASSIGNMENT|[354]|template|{"Id":"a0DgL000001Z7NpUAK","Name":"WBC-0040","Template_Name__c":"testutilityorderstat (3 more) ...","Template_Id__c":"962662702694362"}|0x2da2877f
10:44:18.343 (4372789569)|STATEMENT_EXECUTE|[354]
10:44:18.343 (4372799703)|STATEMENT_EXECUTE|[355]
10:44:18.343 (4372804725)|HEAP_ALLOCATE|[354]|Bytes:5
10:44:18.343 (4372811680)|HEAP_ALLOCATE|[354]|Bytes:20
10:44:18.343 (4372814730)|VARIABLE_SCOPE_BEGIN|[354]|template|Template__c|true|false
10:44:18.343 (4372823680)|VARIABLE_ASSIGNMENT|[354]|template|{"Id":"a0DgL000001ZMMuUAO","Name":"WBC-0041","Template_Name__c":"testauth98","Template_Id__c":"636350412712921"}|0x6bdea04a
10:44:18.343 (4372826990)|STATEMENT_EXECUTE|[354]
10:44:18.343 (4372863441)|STATEMENT_EXECUTE|[355]
10:44:18.343 (4372874269)|HEAP_ALLOCATE|[354]|Bytes:5
10:44:18.343 (4372882726)|HEAP_ALLOCATE|[354]|Bytes:20
10:44:18.343 (4372886408)|VARIABLE_SCOPE_BEGIN|[354]|template|Template__c|true|false
10:44:18.343 (4372899229)|VARIABLE_ASSIGNMENT|[354]|template|{"Id":"a0DgL000001ZdHFUA0","Name":"WBC-0042","Template_Name__c":"testauthtemp1","Template_Id__c":"1726575518260283"}|0x75d026d2
10:44:18.343 (4372903356)|STATEMENT_EXECUTE|[354]
10:44:18.343 (4372915013)|STATEMENT_EXECUTE|[355]
10:44:18.343 (4372920371)|HEAP_ALLOCATE|[354]|Bytes:5
10:44:18.343 (4372926179)|HEAP_ALLOCATE|[354]|Bytes:20
10:44:18.343 (4372929327)|VARIABLE_SCOPE_BEGIN|[354]|template|Template__c|true|false
10:44:18.343 (4372939684)|VARIABLE_ASSIGNMENT|[354]|template|{"Id":"a0DgL000001Ze3gUAC","Name":"WBC-0045","Template_Name__c":"testmarketbutton2","Template_Id__c":"3952538848342909"}|0x3fba8bdc
10:44:18.343 (4372943607)|STATEMENT_EXECUTE|[354]
10:44:18.343 (4372954025)|STATEMENT_EXECUTE|[355]
10:44:18.343 (4372960017)|HEAP_ALLOCATE|[354]|Bytes:5
10:44:18.343 (4372965778)|HEAP_ALLOCATE|[354]|Bytes:20
10:44:18.343 (4372968864)|VARIABLE_SCOPE_BEGIN|[354]|template|Template__c|true|false
10:44:18.343 (4372978718)|VARIABLE_ASSIGNMENT|[354]|template|{"Id":"a0DgL000001ZeObUAK","Name":"WBC-0043","Template_Name__c":"testmarketsend1","Template_Id__c":"976892051238444"}|0x69a7a2b
10:44:18.343 (4372982193)|STATEMENT_EXECUTE|[354]
10:44:18.343 (4372992524)|STATEMENT_EXECUTE|[355]
10:44:18.343 (4372997576)|HEAP_ALLOCATE|[354]|Bytes:5
10:44:18.343 (4373003425)|HEAP_ALLOCATE|[354]|Bytes:20
10:44:18.343 (4373007113)|VARIABLE_SCOPE_BEGIN|[354]|template|Template__c|true|false
10:44:18.343 (4373016544)|VARIABLE_ASSIGNMENT|[354]|template|{"Id":"a0DgL000001ZeTRUA0","Name":"WBC-0044","Template_Name__c":"testtemplatemarket1","Template_Id__c":"617579514435946"}|0x18d85642
10:44:18.343 (4373020166)|STATEMENT_EXECUTE|[354]
10:44:18.343 (4373030374)|STATEMENT_EXECUTE|[355]
10:44:18.343 (4373035488)|HEAP_ALLOCATE|[354]|Bytes:5
10:44:18.343 (4373041129)|HEAP_ALLOCATE|[354]|Bytes:20
10:44:18.343 (4373044076)|VARIABLE_SCOPE_BEGIN|[354]|template|Template__c|true|false
10:44:18.343 (4373053492)|VARIABLE_ASSIGNMENT|[354]|template|{"Id":"a0DgL000001ZfEDUA0","Name":"WBC-0047","Template_Name__c":"testmarketbutton6","Template_Id__c":"1025501092756771"}|0x6c4a153d
10:44:18.343 (4373057051)|STATEMENT_EXECUTE|[354]
10:44:18.343 (4373067297)|STATEMENT_EXECUTE|[355]
10:44:18.343 (4373072386)|HEAP_ALLOCATE|[354]|Bytes:5
10:44:18.343 (4373078045)|HEAP_ALLOCATE|[354]|Bytes:20
10:44:18.343 (4373081031)|VARIABLE_SCOPE_BEGIN|[354]|template|Template__c|true|false
10:44:18.343 (4373090269)|VARIABLE_ASSIGNMENT|[354]|template|{"Id":"a0DgL000001ZvNrUAK","Name":"WBC-0049","Template_Name__c":"testallbutton6","Template_Id__c":"1207076920862735"}|0x7c58703
10:44:18.343 (4373093975)|STATEMENT_EXECUTE|[354]
10:44:18.343 (4373104474)|STATEMENT_EXECUTE|[355]
10:44:18.343 (4373109553)|HEAP_ALLOCATE|[354]|Bytes:5
10:44:18.343 (4373115616)|HEAP_ALLOCATE|[354]|Bytes:20
10:44:18.343 (4373118625)|VARIABLE_SCOPE_BEGIN|[354]|template|Template__c|true|false
10:44:18.343 (4373127979)|VARIABLE_ASSIGNMENT|[354]|template|{"Id":"a0DgL000001ZwuzUAC","Name":"WBC-0050","Template_Name__c":"testallbuttons9","Template_Id__c":"2029845704164761"}|0x525bfef2
10:44:18.343 (4373131459)|STATEMENT_EXECUTE|[354]
10:44:18.343 (4373141975)|STATEMENT_EXECUTE|[355]
10:44:18.343 (4373147164)|HEAP_ALLOCATE|[354]|Bytes:5
10:44:18.343 (4373152738)|HEAP_ALLOCATE|[354]|Bytes:20
10:44:18.343 (4373155719)|VARIABLE_SCOPE_BEGIN|[354]|template|Template__c|true|false
10:44:18.343 (4373164880)|VARIABLE_ASSIGNMENT|[354]|template|{"Id":"a0DgL000001ZxO1UAK","Name":"WBC-0051","Template_Name__c":"testtemp123","Template_Id__c":"1690172678543092"}|0x86bd8bd
10:44:18.343 (4373168275)|STATEMENT_EXECUTE|[354]
10:44:18.343 (4373178672)|STATEMENT_EXECUTE|[355]
10:44:18.343 (4373183745)|HEAP_ALLOCATE|[354]|Bytes:5
10:44:18.343 (4373189278)|HEAP_ALLOCATE|[354]|Bytes:20
10:44:18.343 (4373192195)|VARIABLE_SCOPE_BEGIN|[354]|template|Template__c|true|false
10:44:18.343 (4373201437)|VARIABLE_ASSIGNMENT|[354]|template|{"Id":"a0DgL000001Zxe9UAC","Name":"WBC-0052","Template_Name__c":"testtemp1234","Template_Id__c":"966489578970539"}|0x3434c770
10:44:18.343 (4373204808)|STATEMENT_EXECUTE|[354]
10:44:18.343 (4373215081)|STATEMENT_EXECUTE|[355]
10:44:18.343 (4373220181)|HEAP_ALLOCATE|[354]|Bytes:5
10:44:18.343 (4373225631)|HEAP_ALLOCATE|[354]|Bytes:20
10:44:18.343 (4373228616)|VARIABLE_SCOPE_BEGIN|[354]|template|Template__c|true|false
10:44:18.343 (4373237785)|VARIABLE_ASSIGNMENT|[354]|template|{"Id":"a0DgL000001ZxkbUAC","Name":"WBC-0053","Template_Name__c":"testtemplate123","Template_Id__c":"1396259088223832"}|0x1f62b36a
10:44:18.343 (4373241088)|STATEMENT_EXECUTE|[354]
10:44:18.343 (4373251271)|STATEMENT_EXECUTE|[355]
10:44:18.343 (4373256321)|HEAP_ALLOCATE|[354]|Bytes:5
10:44:18.343 (4373261845)|HEAP_ALLOCATE|[354]|Bytes:20
10:44:18.343 (4373264814)|VARIABLE_SCOPE_BEGIN|[354]|template|Template__c|true|false
10:44:18.343 (4373273883)|VARIABLE_ASSIGNMENT|[354]|template|{"Id":"a0DgL000001ZxpRUAS","Name":"WBC-0054","Template_Name__c":"testallbutton12","Template_Id__c":"1581163365894435"}|0x1243721a
10:44:18.343 (4373277200)|STATEMENT_EXECUTE|[354]
10:44:18.343 (4373287358)|STATEMENT_EXECUTE|[355]
10:44:18.343 (4373292322)|HEAP_ALLOCATE|[354]|Bytes:5
10:44:18.343 (4373297910)|HEAP_ALLOCATE|[354]|Bytes:20
10:44:18.343 (4373300833)|VARIABLE_SCOPE_BEGIN|[354]|template|Template__c|true|false
10:44:18.343 (4373310176)|VARIABLE_ASSIGNMENT|[354]|template|{"Id":"a0DgL000001Zyf3UAC","Name":"WBC-0055","Template_Name__c":"testbuttons3","Template_Id__c":"1001211084840067"}|0x44bbfedf
10:44:18.343 (4373313507)|STATEMENT_EXECUTE|[354]
10:44:18.343 (4373323629)|STATEMENT_EXECUTE|[355]
10:44:18.343 (4373328702)|HEAP_ALLOCATE|[354]|Bytes:5
10:44:18.343 (4373334219)|HEAP_ALLOCATE|[354]|Bytes:20
10:44:18.343 (4373337158)|VARIABLE_SCOPE_BEGIN|[354]|template|Template__c|true|false
10:44:18.343 (4373346283)|VARIABLE_ASSIGNMENT|[354]|template|{"Id":"a0DgL000001a42vUAA","Name":"WBC-0056","Template_Name__c":"testcallbutton1","Template_Id__c":"1342194627027486"}|0x56a6ae7f
10:44:18.343 (4373349720)|STATEMENT_EXECUTE|[354]
10:44:18.343 (4373359988)|STATEMENT_EXECUTE|[355]
10:44:18.343 (4373365363)|HEAP_ALLOCATE|[354]|Bytes:5
10:44:18.343 (4373371009)|HEAP_ALLOCATE|[354]|Bytes:20
10:44:18.343 (4373373939)|VARIABLE_SCOPE_BEGIN|[354]|template|Template__c|true|false
10:44:18.343 (4373383583)|VARIABLE_ASSIGNMENT|[354]|template|{"Id":"a0DgL000001a6vxUAA","Name":"WBC-0057","Template_Name__c":"testoffer21","Template_Id__c":"1179377407098257"}|0x5c55ae22
10:44:18.343 (4373386959)|STATEMENT_EXECUTE|[354]
10:44:18.343 (4373397520)|STATEMENT_EXECUTE|[355]
10:44:18.343 (4373402788)|HEAP_ALLOCATE|[354]|Bytes:5
10:44:18.343 (4373408365)|HEAP_ALLOCATE|[354]|Bytes:20
10:44:18.343 (4373411373)|VARIABLE_SCOPE_BEGIN|[354]|template|Template__c|true|false
10:44:18.343 (4373420422)|VARIABLE_ASSIGNMENT|[354]|template|{"Id":"a0DgL000001a77FUAQ","Name":"WBC-0058","Template_Name__c":"testoffer12","Template_Id__c":"4103427479887977"}|0x550fc410
10:44:18.343 (4373423770)|STATEMENT_EXECUTE|[354]
10:44:18.343 (4373433780)|STATEMENT_EXECUTE|[355]
10:44:18.343 (4373438804)|HEAP_ALLOCATE|[354]|Bytes:5
10:44:18.343 (4373444699)|HEAP_ALLOCATE|[354]|Bytes:20
10:44:18.343 (4373447675)|VARIABLE_SCOPE_BEGIN|[354]|template|Template__c|true|false
10:44:18.343 (4373457783)|VARIABLE_ASSIGNMENT|[354]|template|{"Id":"a0DgL000001aLOjUAM","Name":"WBC-0059","Template_Name__c":"testdocumenttemplate (1 more) ...","Template_Id__c":"1785067832274438"}|0x4e598568
10:44:18.343 (4373461685)|STATEMENT_EXECUTE|[354]
10:44:18.343 (4373471745)|STATEMENT_EXECUTE|[355]
10:44:18.343 (4373476776)|HEAP_ALLOCATE|[354]|Bytes:5
10:44:18.343 (4373482241)|HEAP_ALLOCATE|[354]|Bytes:20
10:44:18.343 (4373485239)|VARIABLE_SCOPE_BEGIN|[354]|template|Template__c|true|false
10:44:18.343 (4373494172)|VARIABLE_ASSIGNMENT|[354]|template|{"Id":"a0DgL000001d5LrUAI","Name":"WBC-0061","Template_Name__c":"test_auth_2","Template_Id__c":"1395547408291038"}|0x2d6f0f8a
10:44:18.343 (4373497414)|STATEMENT_EXECUTE|[354]
10:44:18.343 (4373507353)|STATEMENT_EXECUTE|[355]
10:44:18.343 (4373512344)|HEAP_ALLOCATE|[354]|Bytes:5
10:44:18.343 (4373517823)|HEAP_ALLOCATE|[354]|Bytes:20
10:44:18.343 (4373521219)|VARIABLE_SCOPE_BEGIN|[354]|template|Template__c|true|false
10:44:18.343 (4373530833)|VARIABLE_ASSIGNMENT|[354]|template|{"Id":"a0DgL000001dBa7UAE","Name":"WBC-0060","Template_Name__c":"test__auth_1","Template_Id__c":"584485310718441"}|0x5c3a80bb
10:44:18.343 (4373534445)|STATEMENT_EXECUTE|[354]
10:44:18.343 (4373545122)|STATEMENT_EXECUTE|[355]
10:44:18.343 (4373549985)|HEAP_ALLOCATE|[354]|Bytes:5
10:44:18.343 (4373555593)|HEAP_ALLOCATE|[354]|Bytes:20
10:44:18.343 (4373558553)|VARIABLE_SCOPE_BEGIN|[354]|template|Template__c|true|false
10:44:18.343 (4373567681)|VARIABLE_ASSIGNMENT|[354]|template|{"Id":"a0DgL000001fLCwUAM","Name":"WBC-0065","Template_Name__c":"test_auth_6","Template_Id__c":"1227842745424823"}|0x773ef068
10:44:18.343 (4373570942)|STATEMENT_EXECUTE|[354]
10:44:18.343 (4373581125)|STATEMENT_EXECUTE|[355]
10:44:18.343 (4373586013)|HEAP_ALLOCATE|[354]|Bytes:5
10:44:18.343 (4373591440)|HEAP_ALLOCATE|[354]|Bytes:20
10:44:18.343 (4373594402)|VARIABLE_SCOPE_BEGIN|[354]|template|Template__c|true|false
10:44:18.343 (4373603516)|VARIABLE_ASSIGNMENT|[354]|template|{"Id":"a0DgL000001fSixUAE","Name":"WBC-0063","Template_Name__c":"test_auth_4","Template_Id__c":"1366389431451748"}|0x75ce5922
10:44:18.343 (4373606813)|STATEMENT_EXECUTE|[354]
10:44:18.343 (4373616808)|STATEMENT_EXECUTE|[355]
10:44:18.343 (4373621709)|HEAP_ALLOCATE|[354]|Bytes:5
10:44:18.343 (4373627139)|HEAP_ALLOCATE|[354]|Bytes:20
10:44:18.343 (4373630145)|VARIABLE_SCOPE_BEGIN|[354]|template|Template__c|true|false
10:44:18.343 (4373639214)|VARIABLE_ASSIGNMENT|[354]|template|{"Id":"a0DgL000001fU6PUAU","Name":"WBC-0062","Template_Name__c":"test_auth_3","Template_Id__c":"2438650379867467"}|0x20081b4e
10:44:18.343 (4373642548)|STATEMENT_EXECUTE|[354]
10:44:18.343 (4373652644)|STATEMENT_EXECUTE|[355]
10:44:18.343 (4373657578)|HEAP_ALLOCATE|[354]|Bytes:5
10:44:18.343 (4373663079)|HEAP_ALLOCATE|[354]|Bytes:20
10:44:18.343 (4373666020)|VARIABLE_SCOPE_BEGIN|[354]|template|Template__c|true|false
10:44:18.343 (4373675136)|VARIABLE_ASSIGNMENT|[354]|template|{"Id":"a0DgL000001fUpZUAU","Name":"WBC-0064","Template_Name__c":"test_auth_5","Template_Id__c":"1349669419440661"}|0x283f68ac
10:44:18.343 (4373678515)|STATEMENT_EXECUTE|[354]
10:44:18.343 (4373688406)|STATEMENT_EXECUTE|[355]
10:44:18.343 (4373693349)|HEAP_ALLOCATE|[354]|Bytes:5
10:44:18.343 (4373698810)|HEAP_ALLOCATE|[354]|Bytes:20
10:44:18.343 (4373701748)|VARIABLE_SCOPE_BEGIN|[354]|template|Template__c|true|false
10:44:18.343 (4373710722)|VARIABLE_ASSIGNMENT|[354]|template|{"Id":"a0DgL000001fXh3UAE","Name":"WBC-0066","Template_Name__c":"test_auth_7","Template_Id__c":"2207049713045556"}|0x28827073
10:44:18.343 (4373713960)|STATEMENT_EXECUTE|[354]
10:44:18.343 (4373723899)|STATEMENT_EXECUTE|[355]
10:44:18.343 (4373728848)|HEAP_ALLOCATE|[354]|Bytes:5
10:44:18.343 (4373739097)|VARIABLE_ASSIGNMENT|[354]|template|null|
10:44:18.343 (4373743716)|STATEMENT_EXECUTE|[360]
10:44:18.343 (4373824342)|USER_DEBUG|[360]|DEBUG|()
10:44:18.343 (4373860408)|STATEMENT_EXECUTE|[362]
10:44:18.343 (4373861544)|STATEMENT_EXECUTE|[363]
10:44:18.343 (4373893584)|HEAP_ALLOCATE|[363]|Bytes:4
10:44:18.343 (4373998993)|VARIABLE_ASSIGNMENT|[363]|whatsAppTemplate|{}|0x113e1e9c
10:44:18.343 (4374004277)|STATEMENT_EXECUTE|[371]
10:44:18.343 (4374008794)|HEAP_ALLOCATE|[371]|Bytes:38
10:44:18.343 (4374029668)|HEAP_ALLOCATE|[371]|Bytes:55
10:44:18.343 (4374052889)|USER_DEBUG|[371]|DEBUG|Handleeeee Successsss Template Type : One-time passcode
10:44:18.343 (4374059864)|STATEMENT_EXECUTE|[373]
10:44:18.343 (4374062188)|HEAP_ALLOCATE|[373]|Bytes:6
10:44:18.343 (4374094738)|VARIABLE_SCOPE_BEGIN|[373]|status|String|false|false
10:44:18.343 (4374106097)|VARIABLE_ASSIGNMENT|[373]|status|"APPROVED"
10:44:18.343 (4374108813)|STATEMENT_EXECUTE|[374]
10:44:18.343 (4374110783)|HEAP_ALLOCATE|[374]|Bytes:2
10:44:18.343 (4374263609)|VARIABLE_ASSIGNMENT|[374]|this.Template_Id__c|"1714708279132995"|0x113e1e9c
10:44:18.343 (4374268303)|STATEMENT_EXECUTE|[375]
10:44:18.343 (4374281962)|HEAP_ALLOCATE|[375]|Bytes:7
10:44:18.343 (4374288612)|HEAP_ALLOCATE|[376]|Bytes:8
10:44:18.343 (4374293918)|HEAP_ALLOCATE|[377]|Bytes:8
10:44:18.343 (4374301506)|HEAP_ALLOCATE|[377]|Bytes:22
10:44:18.343 (4374335203)|VARIABLE_ASSIGNMENT|[375]|this.Status__c|"Active-Quality Pendi (2 more) ..."|0x113e1e9c
10:44:18.343 (4374339228)|STATEMENT_EXECUTE|[378]
10:44:18.343 (4374393826)|VARIABLE_ASSIGNMENT|[378]|this.Template_Name__c|"auth_temp_8"|0x113e1e9c
10:44:18.343 (4374397688)|STATEMENT_EXECUTE|[379]
10:44:18.343 (4374446912)|VARIABLE_ASSIGNMENT|[379]|this.Template_Category__c|"Authentication"|0x113e1e9c
10:44:18.343 (4374450692)|STATEMENT_EXECUTE|[380]
10:44:18.343 (4374499174)|VARIABLE_ASSIGNMENT|[380]|this.Language__c|"en_US"|0x113e1e9c
10:44:18.343 (4374502775)|STATEMENT_EXECUTE|[381]
10:44:18.343 (4374527100)|VARIABLE_ASSIGNMENT|[381]|this.Template_Type__c|"One-time passcode"|0x113e1e9c
10:44:18.343 (4374530591)|STATEMENT_EXECUTE|[386]
10:44:18.343 (4374581172)|HEAP_ALLOCATE|[386]|Bytes:4
10:44:18.343 (4374648548)|VARIABLE_SCOPE_BEGIN|[386]|variableRecords|List<Template_Variable__c>|true|false
10:44:18.343 (4374658689)|HEAP_ALLOCATE|[EXTERNAL]|Bytes:4
10:44:18.343 (4374672359)|VARIABLE_ASSIGNMENT|[386]|variableRecords|[]|0x7378d061
10:44:18.343 (4374675967)|STATEMENT_EXECUTE|[387]
10:44:18.343 (4374732461)|VARIABLE_SCOPE_BEGIN|[387]|components|List<ANY>|true|false
10:44:18.343 (4374763801)|VARIABLE_ASSIGNMENT|[387]|components|[{"type":"BODY"},{"buttons":[{"otp_type":"COPY_CODE","text":"Verify Code","type":"OTP"}],"type":"BUTTONS"}]|0x21a922c8
10:44:18.343 (4374767731)|STATEMENT_EXECUTE|[388]
10:44:18.343 (4374772298)|VARIABLE_SCOPE_BEGIN|[388]|headAlternateTexts|List<String>|true|false
10:44:18.343 (4374781403)|VARIABLE_ASSIGNMENT|[388]|headAlternateTexts|[]|0x5077ab8e
10:44:18.343 (4374784738)|STATEMENT_EXECUTE|[389]
10:44:18.343 (4374787210)|VARIABLE_SCOPE_BEGIN|[389]|varAlternateTexts|List<String>|true|false
10:44:18.343 (4374795461)|VARIABLE_ASSIGNMENT|[389]|varAlternateTexts|[]|0x3a2b7ad8
10:44:18.343 (4374798690)|STATEMENT_EXECUTE|[390]
10:44:18.343 (4374803647)|VARIABLE_SCOPE_BEGIN|[390]|headerIndex|Integer|false|false
10:44:18.343 (4374808492)|HEAP_ALLOCATE|[390]|Bytes:4
10:44:18.343 (4374817401)|VARIABLE_ASSIGNMENT|[390]|headerIndex|0
10:44:18.343 (4374819863)|STATEMENT_EXECUTE|[391]
10:44:18.343 (4374821298)|VARIABLE_SCOPE_BEGIN|[391]|variableIndex|Integer|false|false
10:44:18.343 (4374825226)|HEAP_ALLOCATE|[391]|Bytes:4
10:44:18.343 (4374829892)|VARIABLE_ASSIGNMENT|[391]|variableIndex|0
10:44:18.343 (4374832347)|STATEMENT_EXECUTE|[392]
10:44:18.343 (4374834215)|VARIABLE_SCOPE_BEGIN|[392]|headerMergeText|String|false|false
10:44:18.343 (4374841240)|VARIABLE_ASSIGNMENT|[392]|headerMergeText|""
10:44:18.343 (4374887686)|HEAP_ALLOCATE|[395]|Bytes:5
10:44:18.343 (4374904031)|HEAP_ALLOCATE|[395]|Bytes:8
10:44:18.343 (4374909475)|VARIABLE_SCOPE_BEGIN|[395]|comp|Object|false|false
10:44:18.343 (4374920976)|VARIABLE_ASSIGNMENT|[395]|comp|{"type":"BODY"}
10:44:18.343 (4374924372)|STATEMENT_EXECUTE|[395]
10:44:18.343 (4374926603)|HEAP_ALLOCATE|[396]|Bytes:68
10:44:18.343 (4374956306)|STATEMENT_EXECUTE|[396]
10:44:18.343 (4374957355)|STATEMENT_EXECUTE|[399]
10:44:18.343 (4374959816)|VARIABLE_SCOPE_BEGIN|[399]|component|Map<String,ANY>|true|false
10:44:18.343 (4374970231)|VARIABLE_ASSIGNMENT|[399]|component|{"type":"BODY"}|0x4002029f
10:44:18.343 (4374973846)|STATEMENT_EXECUTE|[400]
10:44:18.343 (4375011476)|USER_DEBUG|[400]|DEBUG|{type=BODY}
10:44:18.343 (4375019050)|STATEMENT_EXECUTE|[401]
10:44:18.343 (4375043215)|VARIABLE_SCOPE_BEGIN|[401]|type|String|false|false
10:44:18.343 (4375051206)|VARIABLE_ASSIGNMENT|[401]|type|"BODY"
10:44:18.343 (4375053875)|STATEMENT_EXECUTE|[402]
10:44:18.343 (4375056136)|HEAP_ALLOCATE|[402]|Bytes:7
10:44:18.343 (4375076511)|VARIABLE_SCOPE_BEGIN|[402]|example|Map<String,ANY>|true|false
10:44:18.343 (4375085246)|VARIABLE_ASSIGNMENT|[402]|example|null|
10:44:18.343 (4375089542)|HEAP_ALLOCATE|[405]|Bytes:6
10:44:18.343 (4375102587)|STATEMENT_EXECUTE|[459]
10:44:18.343 (4375103775)|STATEMENT_EXECUTE|[460]
10:44:18.343 (4375145430)|METHOD_ENTRY|[460]|01pgL000000Qgig|CreateTemplateWrapper.handleBodyComponent(String, Map<String,ANY>, Map<String,ANY>)
10:44:18.343 (4375182456)|VARIABLE_SCOPE_BEGIN|[566]|category|String|false|false
10:44:18.343 (4375195409)|VARIABLE_ASSIGNMENT|[566]|category|"Authentication"
10:44:18.343 (4375203291)|VARIABLE_SCOPE_BEGIN|[566]|component|Map<String,ANY>|true|false
10:44:18.343 (4375214960)|VARIABLE_ASSIGNMENT|[566]|component|{"type":"BODY"}|0x4002029f
10:44:18.343 (4375222544)|VARIABLE_SCOPE_BEGIN|[566]|example|Map<String,ANY>|true|false
10:44:18.343 (4375229620)|VARIABLE_ASSIGNMENT|[566]|example|null|
10:44:18.343 (4375241679)|HEAP_ALLOCATE|[567]|Bytes:5
10:44:18.343 (4375244290)|STATEMENT_EXECUTE|[566]
10:44:18.343 (4375245434)|STATEMENT_EXECUTE|[567]
10:44:18.343 (4375252889)|HEAP_ALLOCATE|[567]|Bytes:4
10:44:18.343 (4375259065)|VARIABLE_SCOPE_BEGIN|[567]|result|Map<String,ANY>|true|false
10:44:18.343 (4375269057)|VARIABLE_ASSIGNMENT|[567]|result|{}|0x4ac741b8
10:44:18.343 (4375272561)|STATEMENT_EXECUTE|[568]
10:44:18.343 (4375273465)|STATEMENT_EXECUTE|[568]
10:44:18.343 (4375279821)|STATEMENT_EXECUTE|[569]
10:44:18.343 (4375308944)|VARIABLE_SCOPE_BEGIN|[569]|bodyText|String|false|false
10:44:18.343 (4375316758)|VARIABLE_ASSIGNMENT|[569]|bodyText|null
10:44:18.343 (4375319591)|STATEMENT_EXECUTE|[570]
10:44:18.343 (4375321010)|VARIABLE_SCOPE_BEGIN|[570]|bodyMergeText|String|false|false
10:44:18.343 (4375327488)|VARIABLE_ASSIGNMENT|[570]|bodyMergeText|""
10:44:18.343 (4375330191)|STATEMENT_EXECUTE|[571]
10:44:18.343 (4375341381)|HEAP_ALLOCATE|[571]|Bytes:4
10:44:18.343 (4375368631)|VARIABLE_SCOPE_BEGIN|[571]|parsedFields|List<Map<String,String>>|true|false
10:44:18.343 (4375385656)|HEAP_ALLOCATE|[EXTERNAL]|Bytes:4
10:44:18.343 (4375392793)|VARIABLE_ASSIGNMENT|[571]|parsedFields|[]|0x2290954a
10:44:18.343 (4375398059)|STATEMENT_EXECUTE|[573]
10:44:18.343 (4375399105)|STATEMENT_EXECUTE|[606]
10:44:18.343 (4375401289)|HEAP_ALLOCATE|[606]|Bytes:8
10:44:18.343 (4375436783)|HEAP_ALLOCATE|[EXTERNAL]|Bytes:-4
10:44:18.343 (4375443264)|STATEMENT_EXECUTE|[607]
10:44:18.343 (4375444864)|HEAP_ALLOCATE|[607]|Bytes:13
10:44:18.343 (4375465900)|HEAP_ALLOCATE|[EXTERNAL]|Bytes:-4
10:44:18.343 (4375471137)|STATEMENT_EXECUTE|[608]
10:44:18.343 (4375472653)|HEAP_ALLOCATE|[608]|Bytes:12
10:44:18.343 (4375490896)|HEAP_ALLOCATE|[EXTERNAL]|Bytes:-4
10:44:18.343 (4375497685)|STATEMENT_EXECUTE|[617]
10:44:18.343 (4375509378)|METHOD_EXIT|[460]|01pgL000000Qgig|CreateTemplateWrapper.handleBodyComponent(String, Map<String,ANY>, Map<String,ANY>)
10:44:18.343 (4375513122)|VARIABLE_SCOPE_BEGIN|[460]|result|Map<String,ANY>|true|false
10:44:18.343 (4375528190)|VARIABLE_ASSIGNMENT|[460]|result|{"bodyMergeText":"","parsedFields":[]}|0x4ac741b8
10:44:18.343 (4375531880)|STATEMENT_EXECUTE|[461]
10:44:18.343 (4375559536)|USER_DEBUG|[461]|DEBUG|null
10:44:18.343 (4375582660)|STATEMENT_EXECUTE|[462]
10:44:18.343 (4375591733)|HEAP_ALLOCATE|[395]|Bytes:5
10:44:18.343 (4375602366)|HEAP_ALLOCATE|[395]|Bytes:12
10:44:18.343 (4375607234)|VARIABLE_SCOPE_BEGIN|[395]|comp|Object|false|false
10:44:18.343 (4375623374)|VARIABLE_ASSIGNMENT|[395]|comp|{"buttons":[{"otp_type":"COPY_CODE","text":"Verify Code","type":"OTP"}],"type":"BUTTONS"}
10:44:18.343 (4375626579)|STATEMENT_EXECUTE|[395]
10:44:18.343 (4375637998)|STATEMENT_EXECUTE|[396]
10:44:18.343 (4375639236)|STATEMENT_EXECUTE|[399]
10:44:18.343 (4375641740)|VARIABLE_SCOPE_BEGIN|[399]|component|Map<String,ANY>|true|false
10:44:18.343 (4375654870)|VARIABLE_ASSIGNMENT|[399]|component|{"buttons":[{"otp_type":"COPY_CODE","text":"Verify Code","type":"OTP"}],"type":"BUTTONS"}|0x72566d7d
10:44:18.343 (4375658774)|STATEMENT_EXECUTE|[400]
10:44:18.343 (4375681345)|USER_DEBUG|[400]|DEBUG|{buttons=({otp_type=COPY_CODE, text=Verify Code, type=OTP}), type=BUTTONS}
10:44:18.343 (4375687709)|STATEMENT_EXECUTE|[401]
10:44:18.343 (4375697235)|VARIABLE_SCOPE_BEGIN|[401]|type|String|false|false
10:44:18.343 (4375705188)|VARIABLE_ASSIGNMENT|[401]|type|"BUTTONS"
10:44:18.343 (4375708109)|STATEMENT_EXECUTE|[402]
10:44:18.343 (4375715647)|VARIABLE_SCOPE_BEGIN|[402]|example|Map<String,ANY>|true|false
10:44:18.343 (4375723208)|VARIABLE_ASSIGNMENT|[402]|example|null|
10:44:18.343 (4375734968)|HEAP_ALLOCATE|[509]|Bytes:6
10:44:18.343 (4375745769)|STATEMENT_EXECUTE|[513]
10:44:18.343 (4375746872)|STATEMENT_EXECUTE|[514]
10:44:18.343 (4375748608)|HEAP_ALLOCATE|[514]|Bytes:8
10:44:18.343 (4375795817)|HEAP_ALLOCATE|[514]|Bytes:74
10:44:18.343 (4375806140)|HEAP_ALLOCATE|[514]|Bytes:82
10:44:18.343 (4375814967)|USER_DEBUG|[514]|DEBUG|Buttons:{buttons=({otp_type=COPY_CODE, text=Verify Code, type=OTP}), type=BUTTONS}
10:44:18.343 (4375820469)|STATEMENT_EXECUTE|[515]
10:44:18.343 (4375831845)|METHOD_ENTRY|[515]|01pgL000000Qgig|CreateTemplateWrapper.handleButtonComponent(Map<String,ANY>)
10:44:18.343 (4375853021)|VARIABLE_SCOPE_BEGIN|[628]|component|Map<String,ANY>|true|false
10:44:18.343 (4375870069)|VARIABLE_ASSIGNMENT|[628]|component|{"buttons":[{"otp_type":"COPY_CODE","text":"Verify Code","type":"OTP"}],"type":"BUTTONS"}|0x72566d7d
10:44:18.343 (4375879339)|HEAP_ALLOCATE|[630]|Bytes:5
10:44:18.343 (4375881944)|STATEMENT_EXECUTE|[628]
10:44:18.343 (4375882870)|STATEMENT_EXECUTE|[630]
10:44:18.343 (4375884491)|VARIABLE_SCOPE_BEGIN|[630]|buttonList|String|false|false
10:44:18.343 (4375892613)|VARIABLE_ASSIGNMENT|[630]|buttonList|""
10:44:18.343 (4375895295)|STATEMENT_EXECUTE|[631]
10:44:18.343 (4375896176)|STATEMENT_EXECUTE|[631]
10:44:18.343 (4375897004)|STATEMENT_EXECUTE|[632]
10:44:18.343 (4375928635)|VARIABLE_SCOPE_BEGIN|[632]|buttons|List<ANY>|true|false
10:44:18.343 (4375942324)|VARIABLE_ASSIGNMENT|[632]|buttons|[{"otp_type":"COPY_CODE","text":"Verify Code","type":"OTP"}]|0x460468ba
10:44:18.343 (4375946056)|STATEMENT_EXECUTE|[633]
10:44:18.343 (4375972736)|USER_DEBUG|[633]|DEBUG|({otp_type=COPY_CODE, text=Verify Code, type=OTP})
10:44:18.343 (4375979865)|STATEMENT_EXECUTE|[635]
10:44:18.343 (4375980773)|STATEMENT_EXECUTE|[636]
10:44:18.343 (4375989239)|METHOD_ENTRY|[636]||System.JSON.serialize(Object)
10:44:18.343 (4376440198)|METHOD_EXIT|[636]||System.JSON.serialize(Object)
10:44:18.343 (4376456638)|VARIABLE_ASSIGNMENT|[636]|buttonList|"[{\"type\":\"OTP\",\"text (40 more) ..."
10:44:18.343 (4376461665)|STATEMENT_EXECUTE|[670]
10:44:18.343 (4376470372)|METHOD_EXIT|[515]|01pgL000000Qgig|CreateTemplateWrapper.handleButtonComponent(Map<String,ANY>)
10:44:18.343 (4376478876)|VARIABLE_ASSIGNMENT|[515]|buttonDetails|"[{\"type\":\"OTP\",\"text (40 more) ..."
10:44:18.343 (4376481939)|STATEMENT_EXECUTE|[516]
10:44:18.343 (4376576254)|VARIABLE_ASSIGNMENT|[516]|this.Button_Body__c|"[{\"type\":\"OTP\",\"text (40 more) ..."|0x113e1e9c
10:44:18.343 (4376580546)|STATEMENT_EXECUTE|[517]
10:44:18.343 (4376619382)|USER_DEBUG|[517]|DEBUG|[{"type":"OTP","text":"Verify Code","otp_type":"COPY_CODE"}]
10:44:18.343 (4376636630)|HEAP_ALLOCATE|[395]|Bytes:5
10:44:18.343 (4376652845)|VARIABLE_ASSIGNMENT|[395]|comp|null
10:44:18.343 (4376656620)|STATEMENT_EXECUTE|[526]
10:44:18.343 (4376701058)|HEAP_ALLOCATE|[526]|Bytes:8
10:44:18.343 (4376723368)|DML_BEGIN|[526]|Op:Upsert|Type:Template__c|Rows:1
10:44:18.343 (4376774243)|HEAP_ALLOCATE|[EXTERNAL]|Bytes:8
10:44:18.343 (4422941035)|DML_END|[526]
10:44:18.343 (4423713183)|STATEMENT_EXECUTE|[527]
10:44:18.343 (4423925904)|VARIABLE_ASSIGNMENT|[527]|templateId|"a0DgL000001fRAAUA2"
10:44:18.343 (4424227393)|HEAP_ALLOCATE|[529]|Bytes:5
10:44:18.343 (4424264922)|VARIABLE_ASSIGNMENT|[529]|variable|null|
10:44:18.343 (4424271143)|STATEMENT_EXECUTE|[529]
10:44:18.343 (4424304064)|STATEMENT_EXECUTE|[533]
10:44:18.343 (4424305113)|STATEMENT_EXECUTE|[538]
10:44:18.343 (4424309775)|HEAP_ALLOCATE|[538]|Bytes:7
10:44:18.343 (4424362888)|HEAP_ALLOCATE|[538]|Bytes:5
10:44:18.343 (4424380902)|HEAP_ALLOCATE|[EXTERNAL]|Bytes:-4
10:44:18.343 (4424390599)|STATEMENT_EXECUTE|[539]
10:44:18.343 (4424392071)|HEAP_ALLOCATE|[539]|Bytes:10
10:44:18.343 (4424415159)|HEAP_ALLOCATE|[EXTERNAL]|Bytes:-4
10:44:18.343 (4424422888)|STATEMENT_EXECUTE|[556]
10:44:18.343 (4424446315)|METHOD_EXIT|[486]|01pgL000000Qgig|CreateTemplateWrapper.handleSuccessResponse(System.HttpResponse, Map<String,ANY>, Map<String,ANY>, CreateTemplateWrapper.TemplateWrapper)
10:44:18.343 (4424454615)|VARIABLE_SCOPE_BEGIN|[486]|templateId|Id|false|false
10:44:18.343 (4424500957)|VARIABLE_ASSIGNMENT|[486]|templateId|"a0DgL000001fRAAUA2"
10:44:18.343 (4424504776)|STATEMENT_EXECUTE|[487]
10:44:18.343 (4424530727)|HEAP_ALLOCATE|[487]|Bytes:5
10:44:18.343 (4424540564)|STATEMENT_EXECUTE|[488]
10:44:18.343 (4424563154)|STATEMENT_EXECUTE|[516]
10:44:18.343 (4424572822)|SYSTEM_MODE_EXIT|true
10:44:18.444 (4444755338)|CUMULATIVE_LIMIT_USAGE
10:44:18.444 (4444755338)|LIMIT_USAGE_FOR_NS|(default)|
  Number of SOQL queries: 1 out of 100
  Number of query rows: 49 out of 50000
  Number of SOSL queries: 0 out of 20
  Number of DML statements: 1 out of 150
  Number of Publish Immediate DML: 0 out of 150
  Number of DML rows: 1 out of 10000
  Maximum CPU time: 33 out of 10000
  Maximum heap size: 0 out of 6000000
  Number of callouts: 1 out of 100
  Number of Email Invocations: 0 out of 10
  Number of future calls: 0 out of 50
  Number of queueable jobs added to the queue: 0 out of 50
  Number of Mobile Apex push calls: 0 out of 10

10:44:18.444 (4444755338)|CUMULATIVE_LIMIT_USAGE_END

10:44:18.343 (4444893770)|CODE_UNIT_FINISHED|WBTemplateController.createWhatsappTemplate(String)
10:44:18.343 (4445110209)|CODE_UNIT_FINISHED|apex://WBTemplateController/ACTION$createWhatsappTemplate
10:44:18.343 (4445119897)|EXECUTION_FINISHED
