63.0 APEX_CODE,FINEST;APEX_PROFILING,INFO;CALLOUT,INFO;DATA_ACCESS,INFO;DB,INFO;NBA,INFO;SYSTEM,DEBUG;VALIDATION,INFO;VISUALFORCE,INFO;WAVE,INFO;WORKFLOW,INFO
00:05:27.1 (1795607)|USER_INFO|[EXTERNAL]|005gL000000bXjT|divij@wbconnect.com|(GMT-07:00) Pacific Daylight Time (America/Los_Angeles)|GMT-07:00
00:05:27.1 (1869423)|EXECUTION_STARTED
00:05:27.1 (1890179)|CODE_UNIT_STARTED|[EXTERNAL]|apex://WBTemplateController/ACTION$createWhatsappTemplate
00:05:27.1 (3639058)|CODE_UNIT_STARTED|[EXTERNAL]|01pgL000000QsUb|WBTemplateController.createWhatsappTemplate(String)
00:05:27.1 (6401747)|VARIABLE_SCOPE_BEGIN|[22]|WBTemplateController.SETTINGS|MVWB__WBConnect_Configuration__mdt|true|true
00:05:27.1 (6458553)|VARIABLE_SCOPE_BEGIN|[19]|WBTemplateController.accessToken|String|false|true
00:05:27.1 (6463172)|VARIABLE_SCOPE_BEGIN|[20]|WBTemplateController.endpoint|String|false|true
00:05:27.1 (6466691)|VARIABLE_SCOPE_BEGIN|[21]|WBTemplateController.uploadEndpoint|String|false|true
00:05:27.1 (6608227)|HEAP_ALLOCATE|[93]|Bytes:3
00:05:27.1 (6652297)|HEAP_ALLOCATE|[98]|Bytes:152
00:05:27.1 (6666822)|HEAP_ALLOCATE|[415]|Bytes:408
00:05:27.1 (6677819)|HEAP_ALLOCATE|[428]|Bytes:408
00:05:27.1 (6685906)|HEAP_ALLOCATE|[536]|Bytes:48
00:05:27.1 (6708172)|HEAP_ALLOCATE|[247]|Bytes:6
00:05:27.1 (6718894)|HEAP_ALLOCATE|[EXTERNAL]|Bytes:36
00:05:27.1 (6721928)|HEAP_ALLOCATE|[EXTERNAL]|Bytes:56
00:05:27.1 (6724837)|HEAP_ALLOCATE|[EXTERNAL]|Bytes:102
00:05:27.1 (8466527)|METHOD_ENTRY|[17]|01pgL000000QsUb|WBTemplateController.WBTemplateController()
00:05:27.1 (8475116)|STATEMENT_EXECUTE|[17]
00:05:27.1 (8479523)|STATEMENT_EXECUTE|[17]
00:05:27.1 (8502571)|HEAP_ALLOCATE|[68]|Bytes:5
00:05:27.1 (8531633)|HEAP_ALLOCATE|[74]|Bytes:5
00:05:27.1 (8538107)|HEAP_ALLOCATE|[82]|Bytes:7
00:05:27.1 (8555767)|SYSTEM_MODE_ENTER|true
00:05:27.1 (8571350)|HEAP_ALLOCATE|[25]|Bytes:5
00:05:27.1 (8574185)|STATEMENT_EXECUTE|[24]
00:05:27.1 (8575431)|STATEMENT_EXECUTE|[25]
00:05:27.1 (8576337)|STATEMENT_EXECUTE|[25]
00:05:27.1 (8577472)|STATEMENT_EXECUTE|[26]
00:05:27.1 (8579069)|HEAP_ALLOCATE|[26]|Bytes:180
00:05:27.1 (8593313)|HEAP_ALLOCATE|[26]|Bytes:4
00:05:27.1 (10042265)|SOQL_EXECUTE_BEGIN|[26]|Aggregations:0|SELECT MVWB__Access_Token__c, MVWB__Application_Id__c, MVWB__Phone_Number_Id__c, MVWB__Business_Account_Id__c FROM MVWB__WBConnect_Configuration__mdt WITH SECURITY_ENFORCED LIMIT 1
00:05:27.1 (12403478)|HEAP_ALLOCATE|[EXTERNAL]|Bytes:4
00:05:27.1 (12477363)|HEAP_ALLOCATE|[EXTERNAL]|Bytes:4
00:05:27.1 (12512470)|HEAP_ALLOCATE|[EXTERNAL]|Bytes:4
00:05:27.1 (12543620)|HEAP_ALLOCATE|[EXTERNAL]|Bytes:4
00:05:27.1 (13495916)|HEAP_ALLOCATE|[EXTERNAL]|Bytes:4
00:05:27.1 (18043338)|SOQL_EXECUTE_END|[26]|Rows:1
00:05:27.1 (18083646)|HEAP_ALLOCATE|[26]|Bytes:8
00:05:27.1 (18112490)|HEAP_ALLOCATE|[26]|Bytes:392
00:05:27.1 (18204149)|HEAP_ALLOCATE|[26]|Bytes:8
00:05:27.1 (18218287)|HEAP_ALLOCATE|[26]|Bytes:60
00:05:27.1 (18288218)|HEAP_ALLOCATE|[26]|Bytes:24
00:05:27.1 (18371550)|VARIABLE_ASSIGNMENT|[26]|WBTemplateController.SETTINGS|{"MVWB__Access_Token__c":"EAAVUhq0jVsUBOZCkt9x (185 more) ...","MVWB__Application_Id__c":"1500312290678469","MVWB__Phone_Number_Id__c":"544633438726755","MVWB__Business_Account_Id__c":"499269473267232","Id":"m01gL000001MsPNQA0"}|0x603e2588
00:05:27.1 (18379316)|STATEMENT_EXECUTE|[32]
00:05:27.1 (18429480)|VARIABLE_ASSIGNMENT|[32]|WBTemplateController.accessToken|"EAAVUhq0jVsUBOZCkt9x (185 more) ..."
00:05:27.1 (18434237)|STATEMENT_EXECUTE|[819]
00:05:27.1 (18435216)|STATEMENT_EXECUTE|[826]
00:05:27.1 (18444600)|SYSTEM_MODE_EXIT|true
00:05:27.1 (18465982)|METHOD_EXIT|[17]|WBTemplateController
00:05:27.1 (18472982)|HEAP_ALLOCATE|[EXTERNAL]|Bytes:716
00:05:27.1 (18481037)|VARIABLE_SCOPE_BEGIN|[453]|serializedWrapper|String|false|false
00:05:27.1 (18488461)|VARIABLE_ASSIGNMENT|[453]|serializedWrapper|"{\"templateName\":\"tes (696 more) ..."
00:05:27.1 (18502750)|SYSTEM_MODE_ENTER|true
00:05:27.1 (18513217)|HEAP_ALLOCATE|[454]|Bytes:5
00:05:27.1 (18516067)|STATEMENT_EXECUTE|[453]
00:05:27.1 (18517158)|STATEMENT_EXECUTE|[454]
00:05:27.1 (18529106)|HEAP_ALLOCATE|[454]|Bytes:4
00:05:27.1 (18537062)|VARIABLE_SCOPE_BEGIN|[454]|response|Map<String,ANY>|true|false
00:05:27.1 (18559132)|VARIABLE_ASSIGNMENT|[454]|response|{}|0x1e37b6d0
00:05:27.1 (18562296)|STATEMENT_EXECUTE|[456]
00:05:27.1 (18563264)|STATEMENT_EXECUTE|[456]
00:05:27.1 (18640375)|STATEMENT_EXECUTE|[457]
00:05:27.1 (18641540)|STATEMENT_EXECUTE|[463]
00:05:27.1 (18643987)|HEAP_ALLOCATE|[463]|Bytes:37
00:05:27.1 (29661111)|HEAP_ALLOCATE|[463]|Bytes:33
00:05:27.1 (29690898)|SYSTEM_METHOD_ENTRY|[1]|Type.Type()
00:05:27.1 (29696297)|STATEMENT_EXECUTE|[1]
00:05:27.1 (29708895)|SYSTEM_METHOD_EXIT|[1]|Type
00:05:27.1 (29716397)|HEAP_ALLOCATE|[463]|Bytes:8
00:05:27.1 (29735400)|HEAP_ALLOCATE|[463]|Bytes:8
00:05:27.1 (29739867)|VARIABLE_SCOPE_BEGIN|[4]|this|System.Type|true|false
00:05:27.1 (29792992)|VARIABLE_ASSIGNMENT|[4]|this|{}|0x6a4ddc67
00:05:27.1 (29797002)|VARIABLE_SCOPE_BEGIN|[4]|apextype|java:common.apex.runtime.ApexObjectType|true|false
00:05:27.1 (29971767)|VARIABLE_ASSIGNMENT|[4]|apextype|"CreateTemplateWrapper.TemplateWrapper"|0x7b68c465
00:05:27.1 (31273766)|HEAP_ALLOCATE|[463]|Bytes:8
00:05:27.1 (31316681)|HEAP_ALLOCATE|[463]|Bytes:24
00:05:27.1 (31327739)|SYSTEM_METHOD_ENTRY|[1]|JSON.JSON()
00:05:27.1 (31331839)|STATEMENT_EXECUTE|[1]
00:05:27.1 (31337109)|SYSTEM_METHOD_EXIT|[1]|JSON
00:05:27.1 (31354056)|METHOD_ENTRY|[463]||System.JSON.deserialize(String, System.Type)
00:05:27.1 (32174542)|METHOD_EXIT|[463]||System.JSON.deserialize(String, System.Type)
00:05:27.1 (32185486)|VARIABLE_SCOPE_BEGIN|[463]|templateWrapper|CreateTemplateWrapper.TemplateWrapper|true|false
00:05:27.1 (32242078)|VARIABLE_ASSIGNMENT|[463]|templateWrapper|{"expireTime":300,"headAlternateTexts":"0xe061085","ismarketingOpt":"1","packagename":"0x33f0a6cc","signaturename":"0x7ce637bb","tempHeaderFormat":"None","tempHeaderText":"","tempLanguage":"en_US","templateBody":"Hello","templateCategory":"Marketing","templateName":"test_promo_1","templateType":"Custom","typeOfButton":"[{\"id\":1,\"selectedCu (181 more) ...","varAlternateTexts":"0x14789d27"}|0x2a443515
00:05:27.1 (32249364)|STATEMENT_EXECUTE|[464]
00:05:27.1 (32252499)|HEAP_ALLOCATE|[464]|Bytes:30
00:05:27.1 (32345431)|HEAP_ALLOCATE|[464]|Bytes:691
00:05:27.1 (32359881)|HEAP_ALLOCATE|[464]|Bytes:721
00:05:27.1 (32382194)|USER_DEBUG|[464]|DEBUG|Deserialized TemplateWrapper: TemplateWrapper:[autofillCheck=null, expireTime=300, headAlternateTexts=(), ismarketingOpt=1, packagename=(), phoneNumber=null, signaturename=(), tempFooterText=null, tempHeaderExample=null, tempHeaderFormat=None, tempHeaderHandle=null, tempHeaderText=, tempImgId=null, tempImgName=null, tempImgUrl=null, tempLanguage=en_US, templateBody=Hello, templateBodyText=null, templateCategory=Marketing, templateName=test_promo_1, templateType=Custom, typeOfButton=[{"id":1,"selectedCustomType":"Marketing opt-out","Cbtntext":"Stop promotions","buttonClass":"button-label-preview","showFooterText":true,"iconName":"utility:reply","hasError":false,"errorMessage":""}], url=null, varAlternateTexts=()]
00:05:27.1 (32391001)|STATEMENT_EXECUTE|[466]
00:05:27.1 (34268555)|HEAP_ALLOCATE|[466]|Bytes:15
00:05:27.1 (34279355)|HEAP_ALLOCATE|[466]|Bytes:29
00:05:27.1 (34282243)|HEAP_ALLOCATE|[466]|Bytes:104
00:05:27.1 (34311708)|METHOD_ENTRY|[16]|01pgL000000Qgig|CreateTemplateWrapper.CreateTemplateWrapper()
00:05:27.1 (34316925)|STATEMENT_EXECUTE|[16]
00:05:27.1 (34320537)|STATEMENT_EXECUTE|[16]
00:05:27.1 (34329065)|HEAP_ALLOCATE|[466]|Bytes:5
00:05:27.1 (34331125)|STATEMENT_EXECUTE|[721]
00:05:27.1 (34340419)|METHOD_EXIT|[16]|CreateTemplateWrapper
00:05:27.1 (34364181)|METHOD_ENTRY|[466]|01pgL000000Qgig|CreateTemplateWrapper.buildPayload(CreateTemplateWrapper.TemplateWrapper)
00:05:27.1 (34381328)|VARIABLE_SCOPE_BEGIN|[24]|templateWrapper|CreateTemplateWrapper.TemplateWrapper|true|false
00:05:27.1 (34439024)|VARIABLE_ASSIGNMENT|[24]|templateWrapper|{"expireTime":300,"headAlternateTexts":"0xe061085","ismarketingOpt":"1","packagename":"0x33f0a6cc","signaturename":"0x7ce637bb","tempHeaderFormat":"None","tempHeaderText":"","tempLanguage":"en_US","templateBody":"Hello","templateCategory":"Marketing","templateName":"test_promo_1","templateType":"Custom","typeOfButton":"[{\"id\":1,\"selectedCu (181 more) ...","varAlternateTexts":"0x14789d27"}|0x2a443515
00:05:27.1 (34448165)|HEAP_ALLOCATE|[25]|Bytes:5
00:05:27.1 (34451488)|STATEMENT_EXECUTE|[24]
00:05:27.1 (34452463)|STATEMENT_EXECUTE|[25]
00:05:27.1 (34453337)|STATEMENT_EXECUTE|[25]
00:05:27.1 (34454198)|STATEMENT_EXECUTE|[26]
00:05:27.1 (34456005)|HEAP_ALLOCATE|[26]|Bytes:23
00:05:27.1 (34540620)|HEAP_ALLOCATE|[26]|Bytes:691
00:05:27.1 (34551887)|HEAP_ALLOCATE|[26]|Bytes:714
00:05:27.1 (34565180)|USER_DEBUG|[26]|DEBUG|Template Wrapper is :: TemplateWrapper:[autofillCheck=null, expireTime=300, headAlternateTexts=(), ismarketingOpt=1, packagename=(), phoneNumber=null, signaturename=(), tempFooterText=null, tempHeaderExample=null, tempHeaderFormat=None, tempHeaderHandle=null, tempHeaderText=, tempImgId=null, tempImgName=null, tempImgUrl=null, tempLanguage=en_US, templateBody=Hello, templateBodyText=null, templateCategory=Marketing, templateName=test_promo_1, templateType=Custom, typeOfButton=[{"id":1,"selectedCustomType":"Marketing opt-out","Cbtntext":"Stop promotions","buttonClass":"button-label-preview","showFooterText":true,"iconName":"utility:reply","hasError":false,"errorMessage":""}], url=null, varAlternateTexts=()]
00:05:27.1 (34573382)|STATEMENT_EXECUTE|[27]
00:05:27.1 (34584043)|HEAP_ALLOCATE|[27]|Bytes:4
00:05:27.1 (34591343)|VARIABLE_SCOPE_BEGIN|[27]|payload|Map<String,ANY>|true|false
00:05:27.1 (34611744)|VARIABLE_ASSIGNMENT|[27]|payload|{}|0xa84d897
00:05:27.1 (34614811)|STATEMENT_EXECUTE|[28]
00:05:27.1 (34616330)|HEAP_ALLOCATE|[28]|Bytes:4
00:05:27.1 (34649547)|HEAP_ALLOCATE|[EXTERNAL]|Bytes:-4
00:05:27.1 (34654588)|STATEMENT_EXECUTE|[29]
00:05:27.1 (34655755)|HEAP_ALLOCATE|[29]|Bytes:8
00:05:27.1 (34668093)|HEAP_ALLOCATE|[EXTERNAL]|Bytes:-4
00:05:27.1 (34671413)|STATEMENT_EXECUTE|[30]
00:05:27.1 (34672890)|HEAP_ALLOCATE|[30]|Bytes:8
00:05:27.1 (34682396)|HEAP_ALLOCATE|[EXTERNAL]|Bytes:-4
00:05:27.1 (34685557)|STATEMENT_EXECUTE|[32]
00:05:27.1 (34696724)|HEAP_ALLOCATE|[32]|Bytes:4
00:05:27.1 (34724911)|VARIABLE_SCOPE_BEGIN|[32]|components|List<Map<String,ANY>>|true|false
00:05:27.1 (34745143)|HEAP_ALLOCATE|[EXTERNAL]|Bytes:4
00:05:27.1 (34755325)|VARIABLE_ASSIGNMENT|[32]|components|[]|0x370fe718
00:05:27.1 (34758343)|STATEMENT_EXECUTE|[33]
00:05:27.1 (34764085)|METHOD_ENTRY|[33]|01pgL000000Qgig|CreateTemplateWrapper.buildMarketingOrUtilityComponents(CreateTemplateWrapper.TemplateWrapper)
00:05:27.1 (34771978)|VARIABLE_SCOPE_BEGIN|[61]|templateWrapper|CreateTemplateWrapper.TemplateWrapper|true|false
00:05:27.1 (34802681)|VARIABLE_ASSIGNMENT|[61]|templateWrapper|{"expireTime":300,"headAlternateTexts":"0xe061085","ismarketingOpt":"1","packagename":"0x33f0a6cc","signaturename":"0x7ce637bb","tempHeaderFormat":"None","tempHeaderText":"","tempLanguage":"en_US","templateBody":"Hello","templateCategory":"Marketing","templateName":"test_promo_1","templateType":"Custom","typeOfButton":"[{\"id\":1,\"selectedCu (181 more) ...","varAlternateTexts":"0x14789d27"}|0x2a443515
00:05:27.1 (34810725)|HEAP_ALLOCATE|[62]|Bytes:5
00:05:27.1 (34812990)|STATEMENT_EXECUTE|[61]
00:05:27.1 (34813950)|STATEMENT_EXECUTE|[62]
00:05:27.1 (34814823)|STATEMENT_EXECUTE|[62]
00:05:27.1 (34815720)|STATEMENT_EXECUTE|[63]
00:05:27.1 (34820464)|HEAP_ALLOCATE|[63]|Bytes:4
00:05:27.1 (34830205)|VARIABLE_SCOPE_BEGIN|[63]|components|List<Map<String,ANY>>|true|false
00:05:27.1 (34838817)|HEAP_ALLOCATE|[EXTERNAL]|Bytes:4
00:05:27.1 (34842554)|VARIABLE_ASSIGNMENT|[63]|components|[]|0x6e62558b
00:05:27.1 (34845445)|STATEMENT_EXECUTE|[64]
00:05:27.1 (34850380)|METHOD_ENTRY|[64]|01pgL000000Qgig|CreateTemplateWrapper.buildHeaderComponent(CreateTemplateWrapper.TemplateWrapper)
00:05:27.1 (34856359)|VARIABLE_SCOPE_BEGIN|[104]|templateWrapper|CreateTemplateWrapper.TemplateWrapper|true|false
00:05:27.1 (34878649)|VARIABLE_ASSIGNMENT|[104]|templateWrapper|{"expireTime":300,"headAlternateTexts":"0xe061085","ismarketingOpt":"1","packagename":"0x33f0a6cc","signaturename":"0x7ce637bb","tempHeaderFormat":"None","tempHeaderText":"","tempLanguage":"en_US","templateBody":"Hello","templateCategory":"Marketing","templateName":"test_promo_1","templateType":"Custom","typeOfButton":"[{\"id\":1,\"selectedCu (181 more) ...","varAlternateTexts":"0x14789d27"}|0x2a443515
00:05:27.1 (34884768)|HEAP_ALLOCATE|[105]|Bytes:5
00:05:27.1 (34886909)|STATEMENT_EXECUTE|[104]
00:05:27.1 (34887858)|STATEMENT_EXECUTE|[105]
00:05:27.1 (34891573)|HEAP_ALLOCATE|[105]|Bytes:4
00:05:27.1 (34894806)|VARIABLE_SCOPE_BEGIN|[105]|headerComponent|Map<String,ANY>|true|false
00:05:27.1 (34902264)|VARIABLE_ASSIGNMENT|[105]|headerComponent|{}|0xa7160ce
00:05:27.1 (34905785)|STATEMENT_EXECUTE|[107]
00:05:27.1 (34906669)|STATEMENT_EXECUTE|[107]
00:05:27.1 (34910670)|HEAP_ALLOCATE|[108]|Bytes:4
00:05:27.1 (34931721)|STATEMENT_EXECUTE|[108]
00:05:27.1 (34932744)|STATEMENT_EXECUTE|[109]
00:05:27.1 (34937332)|METHOD_EXIT|[64]|01pgL000000Qgig|CreateTemplateWrapper.buildHeaderComponent(CreateTemplateWrapper.TemplateWrapper)
00:05:27.1 (34940225)|VARIABLE_SCOPE_BEGIN|[64]|headerComponent|Map<String,ANY>|true|false
00:05:27.1 (34945669)|VARIABLE_ASSIGNMENT|[64]|headerComponent|{}|0xa7160ce
00:05:27.1 (34959654)|STATEMENT_EXECUTE|[65]
00:05:27.1 (34962115)|STATEMENT_EXECUTE|[69]
00:05:27.1 (34963105)|STATEMENT_EXECUTE|[70]
00:05:27.1 (34964458)|HEAP_ALLOCATE|[70]|Bytes:30
00:05:27.1 (34969052)|HEAP_ALLOCATE|[70]|Bytes:35
00:05:27.1 (34989573)|USER_DEBUG|[70]|DEBUG|templateWrapper.templateBody: Hello
00:05:27.1 (34995172)|STATEMENT_EXECUTE|[72]
00:05:27.1 (34999424)|METHOD_ENTRY|[72]|01pgL000000Qgig|CreateTemplateWrapper.buildBodyComponent(CreateTemplateWrapper.TemplateWrapper)
00:05:27.1 (35005796)|VARIABLE_SCOPE_BEGIN|[143]|templateWrapper|CreateTemplateWrapper.TemplateWrapper|true|false
00:05:27.1 (35029030)|VARIABLE_ASSIGNMENT|[143]|templateWrapper|{"expireTime":300,"headAlternateTexts":"0xe061085","ismarketingOpt":"1","packagename":"0x33f0a6cc","signaturename":"0x7ce637bb","tempHeaderFormat":"None","tempHeaderText":"","tempLanguage":"en_US","templateBody":"Hello","templateCategory":"Marketing","templateName":"test_promo_1","templateType":"Custom","typeOfButton":"[{\"id\":1,\"selectedCu (181 more) ...","varAlternateTexts":"0x14789d27"}|0x2a443515
00:05:27.1 (35035647)|HEAP_ALLOCATE|[144]|Bytes:5
00:05:27.1 (35037863)|STATEMENT_EXECUTE|[143]
00:05:27.1 (35038885)|STATEMENT_EXECUTE|[144]
00:05:27.1 (35039809)|STATEMENT_EXECUTE|[144]
00:05:27.1 (35040675)|STATEMENT_EXECUTE|[146]
00:05:27.1 (35042461)|VARIABLE_SCOPE_BEGIN|[146]|bodyComponent|Map<String,ANY>|true|false
00:05:27.1 (35047808)|VARIABLE_ASSIGNMENT|[146]|bodyComponent|null|
00:05:27.1 (35049897)|STATEMENT_EXECUTE|[147]
00:05:27.1 (35051365)|HEAP_ALLOCATE|[147]|Bytes:20
00:05:27.1 (35054785)|HEAP_ALLOCATE|[147]|Bytes:25
00:05:27.1 (35063720)|USER_DEBUG|[147]|DEBUG|Template bodyyy ::: Hello
00:05:27.1 (35070812)|HEAP_ALLOCATE|[148]|Bytes:14
00:05:27.1 (35075738)|STATEMENT_EXECUTE|[156]
00:05:27.1 (35076667)|STATEMENT_EXECUTE|[157]
00:05:27.1 (35080165)|HEAP_ALLOCATE|[157]|Bytes:4
00:05:27.1 (35083758)|HEAP_ALLOCATE|[158]|Bytes:4
00:05:27.1 (35088428)|HEAP_ALLOCATE|[158]|Bytes:4
00:05:27.1 (35104889)|HEAP_ALLOCATE|[159]|Bytes:4
00:05:27.1 (35107638)|HEAP_ALLOCATE|[159]|Bytes:2
00:05:27.1 (35109429)|HEAP_ALLOCATE|[159]|Bytes:1
00:05:27.1 (35138941)|HEAP_ALLOCATE|[159]|Bytes:5
00:05:27.1 (35155635)|VARIABLE_ASSIGNMENT|[157]|bodyComponent|{"type":"BODY","text":"Hello"}|0x2641b3c3
00:05:27.1 (35160465)|STATEMENT_EXECUTE|[164]
00:05:27.1 (35161603)|STATEMENT_EXECUTE|[171]
00:05:27.1 (35165525)|METHOD_EXIT|[72]|01pgL000000Qgig|CreateTemplateWrapper.buildBodyComponent(CreateTemplateWrapper.TemplateWrapper)
00:05:27.1 (35173375)|HEAP_ALLOCATE|[EXTERNAL]|Bytes:4
00:05:27.1 (35178249)|STATEMENT_EXECUTE|[75]
00:05:27.1 (35179178)|STATEMENT_EXECUTE|[82]
00:05:27.1 (35183301)|METHOD_ENTRY|[82]|01pgL000000Qgig|CreateTemplateWrapper.buildButtonComponent(CreateTemplateWrapper.TemplateWrapper)
00:05:27.1 (35189566)|VARIABLE_SCOPE_BEGIN|[243]|templateWrapper|CreateTemplateWrapper.TemplateWrapper|true|false
00:05:27.1 (35213885)|VARIABLE_ASSIGNMENT|[243]|templateWrapper|{"expireTime":300,"headAlternateTexts":"0xe061085","ismarketingOpt":"1","packagename":"0x33f0a6cc","signaturename":"0x7ce637bb","tempHeaderFormat":"None","tempHeaderText":"","tempLanguage":"en_US","templateBody":"Hello","templateCategory":"Marketing","templateName":"test_promo_1","templateType":"Custom","typeOfButton":"[{\"id\":1,\"selectedCu (181 more) ...","varAlternateTexts":"0x14789d27"}|0x2a443515
00:05:27.1 (35220628)|HEAP_ALLOCATE|[244]|Bytes:5
00:05:27.1 (35223028)|STATEMENT_EXECUTE|[243]
00:05:27.1 (35223995)|STATEMENT_EXECUTE|[244]
00:05:27.1 (35229001)|HEAP_ALLOCATE|[244]|Bytes:4
00:05:27.1 (35239658)|VARIABLE_SCOPE_BEGIN|[244]|buttonComponents|List<Map<String,ANY>>|true|false
00:05:27.1 (35249278)|HEAP_ALLOCATE|[EXTERNAL]|Bytes:4
00:05:27.1 (35255028)|VARIABLE_ASSIGNMENT|[244]|buttonComponents|[]|0x164de16a
00:05:27.1 (35257955)|STATEMENT_EXECUTE|[246]
00:05:27.1 (35258863)|STATEMENT_EXECUTE|[246]
00:05:27.1 (35265565)|STATEMENT_EXECUTE|[248]
00:05:27.1 (35280909)|STATEMENT_EXECUTE|[259]
00:05:27.1 (35281945)|STATEMENT_EXECUTE|[263]
00:05:27.1 (35285614)|VARIABLE_SCOPE_BEGIN|[263]|untypedList|List<ANY>|true|false
00:05:27.1 (35291343)|VARIABLE_ASSIGNMENT|[263]|untypedList|null|
00:05:27.1 (35293703)|STATEMENT_EXECUTE|[264]
00:05:27.1 (35294673)|STATEMENT_EXECUTE|[264]
00:05:27.1 (35295556)|STATEMENT_EXECUTE|[265]
00:05:27.1 (35301037)|METHOD_ENTRY|[265]||System.JSON.deserializeUntyped(String)
00:05:27.1 (35609065)|METHOD_EXIT|[265]||System.JSON.deserializeUntyped(String)
00:05:27.1 (35621473)|HEAP_ALLOCATE|[EXTERNAL]|Bytes:8
00:05:27.1 (35639934)|VARIABLE_ASSIGNMENT|[265]|untypedList|["Map of size 8 too large to display"]|0x57a7fb0b
00:05:27.1 (35643916)|STATEMENT_EXECUTE|[269]
00:05:27.1 (35645402)|HEAP_ALLOCATE|[269]|Bytes:16
00:05:27.1 (35671747)|HEAP_ALLOCATE|[269]|Bytes:182
00:05:27.1 (35678374)|HEAP_ALLOCATE|[269]|Bytes:198
00:05:27.1 (35687577)|USER_DEBUG|[269]|DEBUG|untypedList ::: ({Cbtntext=Stop promotions, buttonClass=button-label-preview, errorMessage=, hasError=false, iconName=utility:reply, id=1, selectedCustomType=Marketing opt-out, showFooterText=true})
00:05:27.1 (35742394)|HEAP_ALLOCATE|[271]|Bytes:5
00:05:27.1 (35758242)|HEAP_ALLOCATE|[271]|Bytes:36
00:05:27.1 (35762378)|VARIABLE_SCOPE_BEGIN|[271]|item|Object|false|false
00:05:27.1 (35771724)|VARIABLE_ASSIGNMENT|[271]|item|"Map of size 8 too large to display"
00:05:27.1 (35775263)|STATEMENT_EXECUTE|[271]
00:05:27.1 (35776507)|STATEMENT_EXECUTE|[276]
00:05:27.1 (35778304)|HEAP_ALLOCATE|[276]|Bytes:16
00:05:27.1 (35792445)|USER_DEBUG|[276]|DEBUG|Button item ::: 
00:05:27.1 (35796964)|STATEMENT_EXECUTE|[277]
00:05:27.1 (35806964)|USER_DEBUG|[277]|DEBUG|{Cbtntext=Stop promotions, buttonClass=button-label-preview, errorMessage=, hasError=false, iconName=utility:reply, id=1, selectedCustomType=Marketing opt-out, showFooterText=true}
00:05:27.1 (35811175)|STATEMENT_EXECUTE|[279]
00:05:27.1 (35813338)|VARIABLE_SCOPE_BEGIN|[279]|button|Map<String,ANY>|true|false
00:05:27.1 (35820482)|VARIABLE_ASSIGNMENT|[279]|button|"Map of size 8 too large to display"|0x37810fc2
00:05:27.1 (35823484)|STATEMENT_EXECUTE|[280]
00:05:27.1 (35825037)|HEAP_ALLOCATE|[280]|Bytes:18
00:05:27.1 (35840314)|VARIABLE_SCOPE_BEGIN|[280]|actionType|String|false|false
00:05:27.1 (35845237)|VARIABLE_ASSIGNMENT|[280]|actionType|null
00:05:27.1 (35847510)|STATEMENT_EXECUTE|[281]
00:05:27.1 (35848860)|HEAP_ALLOCATE|[281]|Bytes:18
00:05:27.1 (35858337)|VARIABLE_SCOPE_BEGIN|[281]|customActionType|String|false|false
00:05:27.1 (35863680)|VARIABLE_ASSIGNMENT|[281]|customActionType|"Marketing opt-out"
00:05:27.1 (35869893)|STATEMENT_EXECUTE|[282]
00:05:27.1 (35871197)|HEAP_ALLOCATE|[282]|Bytes:19
00:05:27.1 (35881113)|HEAP_ALLOCATE|[282]|Bytes:1
00:05:27.1 (35883599)|HEAP_ALLOCATE|[282]|Bytes:8
00:05:27.1 (35894739)|HEAP_ALLOCATE|[282]|Bytes:9
00:05:27.1 (35897069)|VARIABLE_SCOPE_BEGIN|[282]|phoneNumber|String|false|false
00:05:27.1 (35901682)|VARIABLE_ASSIGNMENT|[282]|phoneNumber|"null null"
00:05:27.1 (35903959)|STATEMENT_EXECUTE|[284]
00:05:27.1 (35908560)|HEAP_ALLOCATE|[284]|Bytes:4
00:05:27.1 (35912293)|VARIABLE_SCOPE_BEGIN|[284]|buttonComponent|Map<String,ANY>|true|false
00:05:27.1 (35920577)|VARIABLE_ASSIGNMENT|[284]|buttonComponent|{}|0x5e347a21
00:05:27.1 (35923697)|HEAP_ALLOCATE|[285]|Bytes:12
00:05:27.1 (35945182)|HEAP_ALLOCATE|[289]|Bytes:11
00:05:27.1 (35958449)|HEAP_ALLOCATE|[289]|Bytes:17
00:05:27.1 (35966718)|STATEMENT_EXECUTE|[289]
00:05:27.1 (35967744)|STATEMENT_EXECUTE|[290]
00:05:27.1 (35979759)|HEAP_ALLOCATE|[EXTERNAL]|Bytes:-4
00:05:27.1 (35983449)|STATEMENT_EXECUTE|[291]
00:05:27.1 (35985006)|HEAP_ALLOCATE|[291]|Bytes:8
00:05:27.1 (35996584)|HEAP_ALLOCATE|[EXTERNAL]|Bytes:-4
00:05:27.1 (36006709)|STATEMENT_EXECUTE|[303]
00:05:27.1 (36008362)|STATEMENT_EXECUTE|[304]
00:05:27.1 (36016478)|HEAP_ALLOCATE|[EXTERNAL]|Bytes:4
00:05:27.1 (36023934)|HEAP_ALLOCATE|[271]|Bytes:5
00:05:27.1 (36030578)|VARIABLE_ASSIGNMENT|[271]|item|null
00:05:27.1 (36034057)|STATEMENT_EXECUTE|[321]
00:05:27.1 (36039429)|METHOD_EXIT|[82]|01pgL000000Qgig|CreateTemplateWrapper.buildButtonComponent(CreateTemplateWrapper.TemplateWrapper)
00:05:27.1 (36042752)|VARIABLE_SCOPE_BEGIN|[82]|buttonComponents|List<Map<String,ANY>>|true|false
00:05:27.1 (36053698)|VARIABLE_ASSIGNMENT|[82]|buttonComponents|[{"type":"QUICK_REPLY","text":"Stop promotions"}]|0x164de16a
00:05:27.1 (36065119)|STATEMENT_EXECUTE|[83]
00:05:27.1 (36066207)|STATEMENT_EXECUTE|[84]
00:05:27.1 (36069844)|HEAP_ALLOCATE|[84]|Bytes:4
00:05:27.1 (36073903)|HEAP_ALLOCATE|[85]|Bytes:7
00:05:27.1 (36085099)|HEAP_ALLOCATE|[86]|Bytes:7
00:05:27.1 (36093406)|HEAP_ALLOCATE|[EXTERNAL]|Bytes:4
00:05:27.1 (36096834)|STATEMENT_EXECUTE|[89]
00:05:27.1 (36100869)|METHOD_EXIT|[33]|01pgL000000Qgig|CreateTemplateWrapper.buildMarketingOrUtilityComponents(CreateTemplateWrapper.TemplateWrapper)
00:05:27.1 (36113446)|HEAP_ALLOCATE|[33]|Bytes:12
00:05:27.1 (36120643)|HEAP_ALLOCATE|[33]|Bytes:12
00:05:27.1 (36122398)|HEAP_ALLOCATE|[EXTERNAL]|Bytes:4
00:05:27.1 (36125623)|HEAP_ALLOCATE|[33]|Bytes:12
00:05:27.1 (36127145)|HEAP_ALLOCATE|[EXTERNAL]|Bytes:4
00:05:27.1 (36129128)|HEAP_ALLOCATE|[33]|Bytes:8
00:05:27.1 (36138897)|STATEMENT_EXECUTE|[35]
00:05:27.1 (36141072)|STATEMENT_EXECUTE|[36]
00:05:27.1 (36142514)|HEAP_ALLOCATE|[36]|Bytes:10
00:05:27.1 (36152184)|HEAP_ALLOCATE|[EXTERNAL]|Bytes:-4
00:05:27.1 (36164121)|HEAP_ALLOCATE|[38]|Bytes:7
00:05:27.1 (36168839)|STATEMENT_EXECUTE|[38]
00:05:27.1 (36169809)|STATEMENT_EXECUTE|[45]
00:05:27.1 (36170911)|HEAP_ALLOCATE|[45]|Bytes:15
00:05:27.1 (36176369)|METHOD_ENTRY|[45]||System.JSON.serialize(Object)
00:05:27.1 (36789439)|METHOD_EXIT|[45]||System.JSON.serialize(Object)
00:05:27.1 (36797400)|HEAP_ALLOCATE|[45]|Bytes:205
00:05:27.1 (36808507)|USER_DEBUG|[45]|DEBUG|Final Payload: {"components":[{"text":"Hello","type":"BODY"},{"buttons":[{"text":"Stop promotions","type":"QUICK_REPLY"}],"type":"BUTTONS"}],"category":"Marketing","language":"en_US","name":"test_promo_1"}
00:05:27.1 (36814622)|STATEMENT_EXECUTE|[46]
00:05:27.1 (36819074)|METHOD_EXIT|[466]|01pgL000000Qgig|CreateTemplateWrapper.buildPayload(CreateTemplateWrapper.TemplateWrapper)
00:05:27.1 (36822556)|VARIABLE_SCOPE_BEGIN|[466]|payload|Map<String,ANY>|true|false
00:05:27.1 (36845201)|VARIABLE_ASSIGNMENT|[466]|payload|{"name":"test_promo_1","language":"en_US","category":"Marketing","components":[{"type":"BODY","text":"Hello"},{"type":"BUTTONS","buttons":[{"type":"QUICK_REPLY","text":"Stop promotions"}]}]}|0xa84d897
00:05:27.1 (36848926)|STATEMENT_EXECUTE|[467]
00:05:27.1 (36850613)|HEAP_ALLOCATE|[467]|Bytes:33
00:05:27.1 (36868756)|HEAP_ALLOCATE|[467]|Bytes:18
00:05:27.1 (36873313)|HEAP_ALLOCATE|[467]|Bytes:66
00:05:27.1 (36892089)|VARIABLE_ASSIGNMENT|[467]|WBTemplateController.endpoint|"https://graph.facebo (46 more) ..."
00:05:27.1 (36894819)|STATEMENT_EXECUTE|[469]
00:05:27.1 (36935799)|VARIABLE_SCOPE_BEGIN|[469]|req|System.HttpRequest|true|false
00:05:27.1 (37010374)|VARIABLE_ASSIGNMENT|[469]|req|"System.HttpRequest[Endpoint=null, Method=null]"|0x6992f9f9
00:05:27.1 (37014503)|STATEMENT_EXECUTE|[470]
00:05:27.1 (37100152)|STATEMENT_EXECUTE|[471]
00:05:27.1 (37102465)|HEAP_ALLOCATE|[471]|Bytes:4
00:05:27.1 (37119180)|STATEMENT_EXECUTE|[472]
00:05:27.1 (37120607)|HEAP_ALLOCATE|[472]|Bytes:12
00:05:27.1 (37122772)|HEAP_ALLOCATE|[472]|Bytes:16
00:05:27.1 (37139015)|STATEMENT_EXECUTE|[473]
00:05:27.1 (37141092)|HEAP_ALLOCATE|[473]|Bytes:13
00:05:27.1 (37143764)|HEAP_ALLOCATE|[473]|Bytes:7
00:05:27.1 (37148921)|HEAP_ALLOCATE|[473]|Bytes:212
00:05:27.1 (37159862)|STATEMENT_EXECUTE|[474]
00:05:27.1 (37164690)|METHOD_ENTRY|[474]||System.JSON.serialize(Object)
00:05:27.1 (37633590)|METHOD_EXIT|[474]||System.JSON.serialize(Object)
00:05:27.1 (37686878)|STATEMENT_EXECUTE|[476]
00:05:27.1 (37712835)|VARIABLE_SCOPE_BEGIN|[476]|http|System.Http|true|false
00:05:27.1 (37773276)|VARIABLE_ASSIGNMENT|[476]|http|"System.Http[]"|0x78b8fbc0
00:05:27.1 (37776939)|STATEMENT_EXECUTE|[477]
00:05:27.1 (37915655)|CALLOUT_REQUEST|[477]|System.HttpRequest[Endpoint=https://graph.facebook.com/v20.0/499269473267232/message_templates, Method=POST]
00:05:30.838 (3838344271)|HEAP_ALLOCATE|[EXTERNAL]|Bytes:1004
00:05:30.838 (3840101648)|CALLOUT_RESPONSE|[477]|System.HttpResponse[Status=OK, StatusCode=200]
00:05:30.838 (3840137063)|HEAP_ALLOCATE|[477]|Bytes:74
00:05:30.838 (3840182722)|VARIABLE_SCOPE_BEGIN|[477]|res|System.HttpResponse|true|false
00:05:30.838 (3840246831)|VARIABLE_ASSIGNMENT|[477]|res|"System.HttpResponse[Status=OK, StatusCode=200]"|0x3a33507
00:05:30.838 (3840254616)|STATEMENT_EXECUTE|[478]
00:05:30.838 (3840261104)|HEAP_ALLOCATE|[478]|Bytes:17
00:05:30.838 (3840363974)|HEAP_ALLOCATE|[478]|Bytes:68
00:05:30.838 (3840385802)|HEAP_ALLOCATE|[478]|Bytes:85
00:05:30.838 (3840417636)|USER_DEBUG|[478]|DEBUG|Response Body ==>{"id":"1300488554394435","status":"APPROVED","category":"MARKETING"}
00:05:30.838 (3840447189)|STATEMENT_EXECUTE|[480]
00:05:30.838 (3840448358)|STATEMENT_EXECUTE|[482]
00:05:30.838 (3840449943)|HEAP_ALLOCATE|[482]|Bytes:10
00:05:30.838 (3840504274)|HEAP_ALLOCATE|[482]|Bytes:46
00:05:30.838 (3840512020)|HEAP_ALLOCATE|[482]|Bytes:56
00:05:30.838 (3840518404)|USER_DEBUG|[482]|DEBUG|Res is :: System.HttpResponse[Status=OK, StatusCode=200]
00:05:30.838 (3840523169)|STATEMENT_EXECUTE|[483]
00:05:30.838 (3840524839)|HEAP_ALLOCATE|[483]|Bytes:14
00:05:30.838 (3840564435)|HEAP_ALLOCATE|[483]|Bytes:161
00:05:30.838 (3840570476)|HEAP_ALLOCATE|[483]|Bytes:175
00:05:30.838 (3840575929)|USER_DEBUG|[483]|DEBUG|payload is :: {category=Marketing, components=({text=Hello, type=BODY}, {buttons=({text=Stop promotions, type=QUICK_REPLY}), type=BUTTONS}), language=en_US, name=test_promo_1}
00:05:30.838 (3840581215)|STATEMENT_EXECUTE|[484]
00:05:30.838 (3840583007)|HEAP_ALLOCATE|[484]|Bytes:15
00:05:30.838 (3840592993)|HEAP_ALLOCATE|[484]|Bytes:2
00:05:30.838 (3840598237)|HEAP_ALLOCATE|[484]|Bytes:17
00:05:30.838 (3840603095)|USER_DEBUG|[484]|DEBUG|response is :: {}
00:05:30.838 (3840606991)|STATEMENT_EXECUTE|[485]
00:05:30.838 (3840608113)|HEAP_ALLOCATE|[485]|Bytes:22
00:05:30.838 (3840686990)|HEAP_ALLOCATE|[485]|Bytes:691
00:05:30.838 (3840693357)|HEAP_ALLOCATE|[485]|Bytes:713
00:05:30.838 (3840698567)|USER_DEBUG|[485]|DEBUG|templateWrapper is :: TemplateWrapper:[autofillCheck=null, expireTime=300, headAlternateTexts=(), ismarketingOpt=1, packagename=(), phoneNumber=null, signaturename=(), tempFooterText=null, tempHeaderExample=null, tempHeaderFormat=None, tempHeaderHandle=null, tempHeaderText=, tempImgId=null, tempImgName=null, tempImgUrl=null, tempLanguage=en_US, templateBody=Hello, templateBodyText=null, templateCategory=Marketing, templateName=test_promo_1, templateType=Custom, typeOfButton=[{"id":1,"selectedCustomType":"Marketing opt-out","Cbtntext":"Stop promotions","buttonClass":"button-label-preview","showFooterText":true,"iconName":"utility:reply","hasError":false,"errorMessage":""}], url=null, varAlternateTexts=()]
00:05:30.838 (3840705734)|STATEMENT_EXECUTE|[486]
00:05:30.838 (3840729672)|METHOD_ENTRY|[486]|01pgL000000Qgig|CreateTemplateWrapper.handleSuccessResponse(System.HttpResponse, Map<String,ANY>, Map<String,ANY>, CreateTemplateWrapper.TemplateWrapper)
00:05:30.838 (3840751062)|VARIABLE_SCOPE_BEGIN|[333]|res|System.HttpResponse|true|false
00:05:30.838 (3840788912)|VARIABLE_ASSIGNMENT|[333]|res|"System.HttpResponse[Status=OK, StatusCode=200]"|0x3a33507
00:05:30.838 (3840793521)|VARIABLE_SCOPE_BEGIN|[333]|payload|Map<String,ANY>|true|false
00:05:30.838 (3840832220)|VARIABLE_ASSIGNMENT|[333]|payload|{"name":"test_promo_1","language":"en_US","category":"Marketing","components":[{"type":"BODY","text":"Hello"},{"type":"BUTTONS","buttons":[{"type":"QUICK_REPLY","text":"Stop promotions"}]}]}|0xa84d897
00:05:30.838 (3840836343)|VARIABLE_SCOPE_BEGIN|[333]|response|Map<String,ANY>|true|false
00:05:30.838 (3840841699)|VARIABLE_ASSIGNMENT|[333]|response|{}|0x1e37b6d0
00:05:30.838 (3840844763)|VARIABLE_SCOPE_BEGIN|[333]|templateWrapper|CreateTemplateWrapper.TemplateWrapper|true|false
00:05:30.838 (3840910102)|VARIABLE_ASSIGNMENT|[333]|templateWrapper|{"expireTime":300,"headAlternateTexts":"0xe061085","ismarketingOpt":"1","packagename":"0x33f0a6cc","signaturename":"0x7ce637bb","tempHeaderFormat":"None","tempHeaderText":"","tempLanguage":"en_US","templateBody":"Hello","templateCategory":"Marketing","templateName":"test_promo_1","templateType":"Custom","typeOfButton":"[{\"id\":1,\"selectedCu (181 more) ...","varAlternateTexts":"0x14789d27"}|0x2a443515
00:05:30.838 (3840930347)|HEAP_ALLOCATE|[334]|Bytes:5
00:05:30.838 (3840934240)|STATEMENT_EXECUTE|[333]
00:05:30.838 (3840935429)|STATEMENT_EXECUTE|[334]
00:05:30.838 (3840949075)|VARIABLE_SCOPE_BEGIN|[334]|templateId|Id|false|false
00:05:30.838 (3840955139)|VARIABLE_ASSIGNMENT|[334]|templateId|null
00:05:30.838 (3840957664)|STATEMENT_EXECUTE|[335]
00:05:30.838 (3840976236)|HEAP_ALLOCATE|[335]|Bytes:46
00:05:30.838 (3840983116)|HEAP_ALLOCATE|[335]|Bytes:56
00:05:30.838 (3840991152)|USER_DEBUG|[335]|DEBUG|Res is :: System.HttpResponse[Status=OK, StatusCode=200]
00:05:30.838 (3840995877)|STATEMENT_EXECUTE|[336]
00:05:30.838 (3841012645)|HEAP_ALLOCATE|[336]|Bytes:161
00:05:30.838 (3841018860)|HEAP_ALLOCATE|[336]|Bytes:175
00:05:30.838 (3841023971)|USER_DEBUG|[336]|DEBUG|payload is :: {category=Marketing, components=({text=Hello, type=BODY}, {buttons=({text=Stop promotions, type=QUICK_REPLY}), type=BUTTONS}), language=en_US, name=test_promo_1}
00:05:30.838 (3841058453)|STATEMENT_EXECUTE|[337]
00:05:30.838 (3841070904)|HEAP_ALLOCATE|[337]|Bytes:2
00:05:30.838 (3841076778)|HEAP_ALLOCATE|[337]|Bytes:17
00:05:30.838 (3841082399)|USER_DEBUG|[337]|DEBUG|response is :: {}
00:05:30.838 (3841086741)|STATEMENT_EXECUTE|[338]
00:05:30.838 (3841119761)|HEAP_ALLOCATE|[338]|Bytes:691
00:05:30.838 (3841125852)|HEAP_ALLOCATE|[338]|Bytes:713
00:05:30.838 (3841130815)|USER_DEBUG|[338]|DEBUG|templateWrapper is :: TemplateWrapper:[autofillCheck=null, expireTime=300, headAlternateTexts=(), ismarketingOpt=1, packagename=(), phoneNumber=null, signaturename=(), tempFooterText=null, tempHeaderExample=null, tempHeaderFormat=None, tempHeaderHandle=null, tempHeaderText=, tempImgId=null, tempImgName=null, tempImgUrl=null, tempLanguage=en_US, templateBody=Hello, templateBodyText=null, templateCategory=Marketing, templateName=test_promo_1, templateType=Custom, typeOfButton=[{"id":1,"selectedCustomType":"Marketing opt-out","Cbtntext":"Stop promotions","buttonClass":"button-label-preview","showFooterText":true,"iconName":"utility:reply","hasError":false,"errorMessage":""}], url=null, varAlternateTexts=()]
00:05:30.838 (3841137532)|STATEMENT_EXECUTE|[339]
00:05:30.838 (3841138595)|STATEMENT_EXECUTE|[339]
00:05:30.838 (3841139545)|STATEMENT_EXECUTE|[341]
00:05:30.838 (3841166113)|HEAP_ALLOCATE|[341]|Bytes:68
00:05:30.838 (3841178708)|METHOD_ENTRY|[341]||System.JSON.deserializeUntyped(String)
00:05:30.838 (3841440660)|METHOD_EXIT|[341]||System.JSON.deserializeUntyped(String)
00:05:30.838 (3841448006)|VARIABLE_SCOPE_BEGIN|[341]|responseMap|Map<String,ANY>|true|false
00:05:30.838 (3841466680)|VARIABLE_ASSIGNMENT|[341]|responseMap|{"id":"1300488554394435","status":"APPROVED","category":"MARKETING"}|0x74e80e58
00:05:30.838 (3841470476)|STATEMENT_EXECUTE|[342]
00:05:30.838 (3841474980)|METHOD_ENTRY|[342]||System.JSON.serialize(Object)
00:05:30.838 (3842072360)|METHOD_EXIT|[342]||System.JSON.serialize(Object)
00:05:30.838 (3842080274)|METHOD_ENTRY|[342]||System.JSON.deserializeUntyped(String)
00:05:30.838 (3842459902)|METHOD_EXIT|[342]||System.JSON.deserializeUntyped(String)
00:05:30.838 (3842465190)|VARIABLE_SCOPE_BEGIN|[342]|payloadMap|Map<String,ANY>|true|false
00:05:30.838 (3842480357)|HEAP_ALLOCATE|[EXTERNAL]|Bytes:8
00:05:30.838 (3842483510)|HEAP_ALLOCATE|[EXTERNAL]|Bytes:12
00:05:30.838 (3842509890)|VARIABLE_ASSIGNMENT|[342]|payloadMap|{"components":[{"text":"Hello","type":"BODY"},{"buttons":[{"text":"Stop promotions","type":"QUICK_REPLY"}],"type":"BUTTONS"}],"category":"Marketing","language":"en_US","name":"test_promo_1"}|0x35a116d6
00:05:30.838 (3842515480)|STATEMENT_EXECUTE|[345]
00:05:30.838 (3842517805)|VARIABLE_SCOPE_BEGIN|[345]|buttonDetails|String|false|false
00:05:30.838 (3842523796)|VARIABLE_ASSIGNMENT|[345]|buttonDetails|null
00:05:30.838 (3842525985)|STATEMENT_EXECUTE|[346]
00:05:30.838 (3842552992)|VARIABLE_SCOPE_BEGIN|[346]|templatename|String|false|false
00:05:30.838 (3842558959)|VARIABLE_ASSIGNMENT|[346]|templatename|"test_promo_1"
00:05:30.838 (3842561744)|STATEMENT_EXECUTE|[347]
00:05:30.838 (3842646400)|VARIABLE_SCOPE_BEGIN|[347]|whatsAppTemplate|Template__c|true|false
00:05:30.838 (3842652515)|VARIABLE_ASSIGNMENT|[347]|whatsAppTemplate|null|
00:05:30.838 (3842654930)|STATEMENT_EXECUTE|[356]
00:05:30.838 (3842657150)|HEAP_ALLOCATE|[356]|Bytes:89
00:05:30.838 (3842667726)|HEAP_ALLOCATE|[356]|Bytes:4
00:05:30.838 (3844230573)|SOQL_EXECUTE_BEGIN|[356]|Aggregations:0|SELECT Id, Name, Template_Name__c, Template_Id__c FROM Template__c WITH SECURITY_ENFORCED
00:05:30.838 (3846696017)|HEAP_ALLOCATE|[EXTERNAL]|Bytes:4
00:05:30.838 (3846795937)|HEAP_ALLOCATE|[EXTERNAL]|Bytes:4
00:05:30.838 (3847967309)|HEAP_ALLOCATE|[EXTERNAL]|Bytes:4
00:05:30.838 (3848036511)|HEAP_ALLOCATE|[EXTERNAL]|Bytes:4
00:05:30.838 (3861258657)|SOQL_EXECUTE_END|[356]|Rows:80
00:05:30.838 (3861295632)|HEAP_ALLOCATE|[356]|Bytes:324
00:05:30.838 (3861385031)|HEAP_ALLOCATE|[356]|Bytes:9027
00:05:30.838 (3861458337)|HEAP_ALLOCATE|[356]|Bytes:324
00:05:30.838 (3861485681)|VARIABLE_SCOPE_BEGIN|[356]|allTemplates|List<Template__c>|true|false
00:05:30.838 (3861519048)|VARIABLE_ASSIGNMENT|[356]|allTemplates|"List of size 80 too large to display"|0x18cdbcae
00:05:30.838 (3861526431)|STATEMENT_EXECUTE|[361]
00:05:30.838 (3861535662)|HEAP_ALLOCATE|[361]|Bytes:4
00:05:30.838 (3861623318)|VARIABLE_SCOPE_BEGIN|[361]|whatsAppTemplateList|List<Template__c>|true|false
00:05:30.838 (3861628638)|HEAP_ALLOCATE|[EXTERNAL]|Bytes:4
00:05:30.838 (3861635114)|VARIABLE_ASSIGNMENT|[361]|whatsAppTemplateList|[]|0x4f5ee2bd
00:05:30.838 (3861770746)|HEAP_ALLOCATE|[362]|Bytes:5
00:05:30.838 (3861788083)|HEAP_ALLOCATE|[362]|Bytes:20
00:05:30.838 (3861795983)|VARIABLE_SCOPE_BEGIN|[362]|template|Template__c|true|false
00:05:30.838 (3861813436)|VARIABLE_ASSIGNMENT|[362]|template|{"Id":"a0DgL000001Uo0SUAS","Name":"WBC-0000","Template_Name__c":"testtemplate2","Template_Id__c":"696443882813141"}|0x641cc1d2
00:05:30.838 (3861818330)|STATEMENT_EXECUTE|[362]
00:05:30.838 (3861921723)|STATEMENT_EXECUTE|[363]
00:05:30.838 (3861927824)|HEAP_ALLOCATE|[362]|Bytes:5
00:05:30.838 (3861933818)|HEAP_ALLOCATE|[362]|Bytes:20
00:05:30.838 (3861937378)|VARIABLE_SCOPE_BEGIN|[362]|template|Template__c|true|false
00:05:30.838 (3861945835)|VARIABLE_ASSIGNMENT|[362]|template|{"Id":"a0DgL000001W1a5UAC","Name":"WBC-0005","Template_Name__c":"testcalltemplate1","Template_Id__c":"1731901891016159"}|0x76f120f2
00:05:30.838 (3861949351)|STATEMENT_EXECUTE|[362]
00:05:30.838 (3861961412)|STATEMENT_EXECUTE|[363]
00:05:30.838 (3861964999)|HEAP_ALLOCATE|[362]|Bytes:5
00:05:30.838 (3861969535)|HEAP_ALLOCATE|[362]|Bytes:20
00:05:30.838 (3861973454)|VARIABLE_SCOPE_BEGIN|[362]|template|Template__c|true|false
00:05:30.838 (3861980683)|VARIABLE_ASSIGNMENT|[362]|template|{"Id":"a0DgL000001WIHNUA4","Name":"WBC-0012","Template_Name__c":"testbuttontemp9","Template_Id__c":"1870074500428898"}|0x5d272242
00:05:30.838 (3861983613)|STATEMENT_EXECUTE|[362]
00:05:30.838 (3861992627)|STATEMENT_EXECUTE|[363]
00:05:30.838 (3861996070)|HEAP_ALLOCATE|[362]|Bytes:5
00:05:30.838 (3862000725)|HEAP_ALLOCATE|[362]|Bytes:20
00:05:30.838 (3862004199)|VARIABLE_SCOPE_BEGIN|[362]|template|Template__c|true|false
00:05:30.838 (3862010998)|VARIABLE_ASSIGNMENT|[362]|template|{"Id":"a0DgL000001WMPpUAO","Name":"WBC-0013","Template_Name__c":"testbuttontemp10","Template_Id__c":"657746323331632"}|0xd1f0006
00:05:30.838 (3862014202)|STATEMENT_EXECUTE|[362]
00:05:30.838 (3862022815)|STATEMENT_EXECUTE|[363]
00:05:30.838 (3862026088)|HEAP_ALLOCATE|[362]|Bytes:5
00:05:30.838 (3862030515)|HEAP_ALLOCATE|[362]|Bytes:20
00:05:30.838 (3862033222)|VARIABLE_SCOPE_BEGIN|[362]|template|Template__c|true|false
00:05:30.838 (3862039998)|VARIABLE_ASSIGNMENT|[362]|template|{"Id":"a0DgL000001YBznUAG","Name":"WBC-0016","Template_Name__c":"tempwebsite2","Template_Id__c":"991752186393787"}|0xf0f4226
00:05:30.838 (3862043071)|STATEMENT_EXECUTE|[362]
00:05:30.838 (3862050936)|STATEMENT_EXECUTE|[363]
00:05:30.838 (3862054271)|HEAP_ALLOCATE|[362]|Bytes:5
00:05:30.838 (3862058443)|HEAP_ALLOCATE|[362]|Bytes:20
00:05:30.838 (3862061083)|VARIABLE_SCOPE_BEGIN|[362]|template|Template__c|true|false
00:05:30.838 (3862067666)|VARIABLE_ASSIGNMENT|[362]|template|{"Id":"a0DgL000001YUntUAG","Name":"WBC-0014","Template_Name__c":"testmarketbutton1","Template_Id__c":"661774273035150"}|0x70060585
00:05:30.838 (3862070608)|STATEMENT_EXECUTE|[362]
00:05:30.838 (3862080293)|STATEMENT_EXECUTE|[363]
00:05:30.838 (3862085235)|HEAP_ALLOCATE|[362]|Bytes:5
00:05:30.838 (3862091724)|HEAP_ALLOCATE|[362]|Bytes:20
00:05:30.838 (3862095445)|VARIABLE_SCOPE_BEGIN|[362]|template|Template__c|true|false
00:05:30.838 (3862107871)|VARIABLE_ASSIGNMENT|[362]|template|{"Id":"a0DgL000001YV0nUAG","Name":"WBC-0015","Template_Name__c":"tempwebsite1","Template_Id__c":"2088281145006199"}|0x14d71cf5
00:05:30.838 (3862112804)|STATEMENT_EXECUTE|[362]
00:05:30.838 (3862126014)|STATEMENT_EXECUTE|[363]
00:05:30.838 (3862131074)|HEAP_ALLOCATE|[362]|Bytes:5
00:05:30.838 (3862137565)|HEAP_ALLOCATE|[362]|Bytes:20
00:05:30.838 (3862141415)|VARIABLE_SCOPE_BEGIN|[362]|template|Template__c|true|false
00:05:30.838 (3862151645)|VARIABLE_ASSIGNMENT|[362]|template|{"Id":"a0DgL000001YVyTUAW","Name":"WBC-0017","Template_Name__c":"tempoffer1","Template_Id__c":"1157427235706544"}|0x613d3159
00:05:30.838 (3862157109)|STATEMENT_EXECUTE|[362]
00:05:30.838 (3862168788)|STATEMENT_EXECUTE|[363]
00:05:30.838 (3862173360)|HEAP_ALLOCATE|[362]|Bytes:5
00:05:30.838 (3862181046)|HEAP_ALLOCATE|[362]|Bytes:20
00:05:30.838 (3862185052)|VARIABLE_SCOPE_BEGIN|[362]|template|Template__c|true|false
00:05:30.838 (3862195507)|VARIABLE_ASSIGNMENT|[362]|template|{"Id":"a0DgL000001YZh7UAG","Name":"WBC-0021","Template_Name__c":"tempoffer7","Template_Id__c":"1037885594561697"}|0x1456412a
00:05:30.838 (3862200523)|STATEMENT_EXECUTE|[362]
00:05:30.838 (3862209195)|STATEMENT_EXECUTE|[363]
00:05:30.838 (3862212910)|HEAP_ALLOCATE|[362]|Bytes:5
00:05:30.838 (3862219451)|HEAP_ALLOCATE|[362]|Bytes:20
00:05:30.838 (3862224598)|VARIABLE_SCOPE_BEGIN|[362]|template|Template__c|true|false
00:05:30.838 (3862238808)|VARIABLE_ASSIGNMENT|[362]|template|{"Id":"a0DgL000001Yb7pUAC","Name":"WBC-0022","Template_Name__c":"tempoffer8","Template_Id__c":"1046072017431035"}|0x54bc5408
00:05:30.838 (3862247040)|STATEMENT_EXECUTE|[362]
00:05:30.838 (3862281652)|STATEMENT_EXECUTE|[363]
00:05:30.838 (3862296303)|HEAP_ALLOCATE|[362]|Bytes:5
00:05:30.838 (3862314583)|HEAP_ALLOCATE|[362]|Bytes:20
00:05:30.838 (3862320355)|VARIABLE_SCOPE_BEGIN|[362]|template|Template__c|true|false
00:05:30.838 (3862336024)|VARIABLE_ASSIGNMENT|[362]|template|{"Id":"a0DgL000001YbKjUAK","Name":"WBC-0023","Template_Name__c":"tempoffer9","Template_Id__c":"1619851521997309"}|0x7820dade
00:05:30.838 (3862345705)|STATEMENT_EXECUTE|[362]
00:05:30.838 (3862371180)|STATEMENT_EXECUTE|[363]
00:05:30.838 (3862377468)|HEAP_ALLOCATE|[362]|Bytes:5
00:05:30.838 (3862385319)|HEAP_ALLOCATE|[362]|Bytes:20
00:05:30.838 (3862389963)|VARIABLE_SCOPE_BEGIN|[362]|template|Template__c|true|false
00:05:30.838 (3862401280)|VARIABLE_ASSIGNMENT|[362]|template|{"Id":"a0DgL000001YdJVUA0","Name":"WBC-0025","Template_Name__c":"tempallbuttons1","Template_Id__c":"649808911000838"}|0x709f8b7a
00:05:30.838 (3862406131)|STATEMENT_EXECUTE|[362]
00:05:30.838 (3862419545)|STATEMENT_EXECUTE|[363]
00:05:30.838 (3862423625)|HEAP_ALLOCATE|[362]|Bytes:5
00:05:30.838 (3862428523)|HEAP_ALLOCATE|[362]|Bytes:20
00:05:30.838 (3862431481)|VARIABLE_SCOPE_BEGIN|[362]|template|Template__c|true|false
00:05:30.838 (3862439023)|VARIABLE_ASSIGNMENT|[362]|template|{"Id":"a0DgL000001YjbdUAC","Name":"WBC-0028","Template_Name__c":"tempallbuttons6","Template_Id__c":"1169627694819900"}|0x56e6db52
00:05:30.838 (3862442033)|STATEMENT_EXECUTE|[362]
00:05:30.838 (3862450394)|STATEMENT_EXECUTE|[363]
00:05:30.838 (3862453781)|HEAP_ALLOCATE|[362]|Bytes:5
00:05:30.838 (3862458025)|HEAP_ALLOCATE|[362]|Bytes:20
00:05:30.838 (3862460652)|VARIABLE_SCOPE_BEGIN|[362]|template|Template__c|true|false
00:05:30.838 (3862467128)|VARIABLE_ASSIGNMENT|[362]|template|{"Id":"a0DgL000001Yp60UAC","Name":"WBC-0031","Template_Name__c":"templateoffer2","Template_Id__c":"2754815904703473"}|0x604cc992
00:05:30.838 (3862470196)|STATEMENT_EXECUTE|[362]
00:05:30.838 (3862477907)|STATEMENT_EXECUTE|[363]
00:05:30.838 (3862482164)|HEAP_ALLOCATE|[362]|Bytes:5
00:05:30.838 (3862486558)|HEAP_ALLOCATE|[362]|Bytes:20
00:05:30.838 (3862489131)|VARIABLE_SCOPE_BEGIN|[362]|template|Template__c|true|false
00:05:30.838 (3862495763)|VARIABLE_ASSIGNMENT|[362]|template|{"Id":"a0DgL000001YsFAUA0","Name":"WBC-0032","Template_Name__c":"testoffer6","Template_Id__c":"1029344839099953"}|0x1e44196f
00:05:30.838 (3862498567)|STATEMENT_EXECUTE|[362]
00:05:30.838 (3862506840)|STATEMENT_EXECUTE|[363]
00:05:30.838 (3862510027)|HEAP_ALLOCATE|[362]|Bytes:5
00:05:30.838 (3862514320)|HEAP_ALLOCATE|[362]|Bytes:20
00:05:30.838 (3862517070)|VARIABLE_SCOPE_BEGIN|[362]|template|Template__c|true|false
00:05:30.838 (3862523510)|VARIABLE_ASSIGNMENT|[362]|template|{"Id":"a0DgL000001YtpVUAS","Name":"WBC-0029","Template_Name__c":"tempoffer13","Template_Id__c":"642556351688435"}|0x128c9586
00:05:30.838 (3862526525)|STATEMENT_EXECUTE|[362]
00:05:30.838 (3862534052)|STATEMENT_EXECUTE|[363]
00:05:30.838 (3862537362)|HEAP_ALLOCATE|[362]|Bytes:5
00:05:30.838 (3862541579)|HEAP_ALLOCATE|[362]|Bytes:20
00:05:30.838 (3862544132)|VARIABLE_SCOPE_BEGIN|[362]|template|Template__c|true|false
00:05:30.838 (3862550321)|VARIABLE_ASSIGNMENT|[362]|template|{"Id":"a0DgL000001Yu5dUAC","Name":"WBC-0030","Template_Name__c":"templateoffer1","Template_Id__c":"979441937627264"}|0x7250f0ce
00:05:30.838 (3862553186)|STATEMENT_EXECUTE|[362]
00:05:30.838 (3862560747)|STATEMENT_EXECUTE|[363]
00:05:30.838 (3862563994)|HEAP_ALLOCATE|[362]|Bytes:5
00:05:30.838 (3862568071)|HEAP_ALLOCATE|[362]|Bytes:20
00:05:30.838 (3862570985)|VARIABLE_SCOPE_BEGIN|[362]|template|Template__c|true|false
00:05:30.838 (3862579059)|VARIABLE_ASSIGNMENT|[362]|template|{"Id":"a0DgL000001Yv4wUAC","Name":"WBC-0035","Template_Name__c":"testoffer16","Template_Id__c":"2560776374133034"}|0x7456a74f
00:05:30.838 (3862581868)|STATEMENT_EXECUTE|[362]
00:05:30.838 (3862590218)|STATEMENT_EXECUTE|[363]
00:05:30.838 (3862593599)|HEAP_ALLOCATE|[362]|Bytes:5
00:05:30.838 (3862598138)|HEAP_ALLOCATE|[362]|Bytes:20
00:05:30.838 (3862601103)|VARIABLE_SCOPE_BEGIN|[362]|template|Template__c|true|false
00:05:30.838 (3862607278)|VARIABLE_ASSIGNMENT|[362]|template|{"Id":"a0DgL000001YvuXUAS","Name":"WBC-0034","Template_Name__c":"templateoffer5","Template_Id__c":"1266767798391440"}|0x4a6747cb
00:05:30.838 (3862610222)|STATEMENT_EXECUTE|[362]
00:05:30.838 (3862617715)|STATEMENT_EXECUTE|[363]
00:05:30.838 (3862620941)|HEAP_ALLOCATE|[362]|Bytes:5
00:05:30.838 (3862625248)|HEAP_ALLOCATE|[362]|Bytes:20
00:05:30.838 (3862627804)|VARIABLE_SCOPE_BEGIN|[362]|template|Template__c|true|false
00:05:30.838 (3862634038)|VARIABLE_ASSIGNMENT|[362]|template|{"Id":"a0DgL000001YwDwUAK","Name":"WBC-0036","Template_Name__c":"testoffer17","Template_Id__c":"640895572134189"}|0x3cb1dba4
00:05:30.838 (3862636844)|STATEMENT_EXECUTE|[362]
00:05:30.838 (3862645373)|STATEMENT_EXECUTE|[363]
00:05:30.838 (3862648639)|HEAP_ALLOCATE|[362]|Bytes:5
00:05:30.838 (3862652810)|HEAP_ALLOCATE|[362]|Bytes:20
00:05:30.838 (3862655551)|VARIABLE_SCOPE_BEGIN|[362]|template|Template__c|true|false
00:05:30.838 (3862661713)|VARIABLE_ASSIGNMENT|[362]|template|{"Id":"a0DgL000001YwyiUAC","Name":"WBC-0038","Template_Name__c":"tempvedio1","Template_Id__c":"1690346554899053"}|0x49928a7c
00:05:30.838 (3862664661)|STATEMENT_EXECUTE|[362]
00:05:30.838 (3862672253)|STATEMENT_EXECUTE|[363]
00:05:30.838 (3862675522)|HEAP_ALLOCATE|[362]|Bytes:5
00:05:30.838 (3862679683)|HEAP_ALLOCATE|[362]|Bytes:20
00:05:30.838 (3862682356)|VARIABLE_SCOPE_BEGIN|[362]|template|Template__c|true|false
00:05:30.838 (3862694233)|VARIABLE_ASSIGNMENT|[362]|template|{"Id":"a0DgL000001Yz8XUAS","Name":"WBC-0037","Template_Name__c":"tempoffer31","Template_Id__c":"1345765913333035"}|0x83f20de
00:05:30.838 (3862697112)|STATEMENT_EXECUTE|[362]
00:05:30.838 (3862705561)|STATEMENT_EXECUTE|[363]
00:05:30.838 (3862708955)|HEAP_ALLOCATE|[362]|Bytes:5
00:05:30.838 (3862713278)|HEAP_ALLOCATE|[362]|Bytes:20
00:05:30.838 (3862716024)|VARIABLE_SCOPE_BEGIN|[362]|template|Template__c|true|false
00:05:30.838 (3862722834)|VARIABLE_ASSIGNMENT|[362]|template|{"Id":"a0DgL000001Z7CXUA0","Name":"WBC-0039","Template_Name__c":"testuploadutility1","Template_Id__c":"992022499552228"}|0x7896670d
00:05:30.838 (3862725943)|STATEMENT_EXECUTE|[362]
00:05:30.838 (3862734683)|STATEMENT_EXECUTE|[363]
00:05:30.838 (3862737939)|HEAP_ALLOCATE|[362]|Bytes:5
00:05:30.838 (3862742201)|HEAP_ALLOCATE|[362]|Bytes:20
00:05:30.838 (3862744885)|VARIABLE_SCOPE_BEGIN|[362]|template|Template__c|true|false
00:05:30.838 (3862753980)|VARIABLE_ASSIGNMENT|[362]|template|{"Id":"a0DgL000001Z7NpUAK","Name":"WBC-0040","Template_Name__c":"testutilityorderstat (3 more) ...","Template_Id__c":"962662702694362"}|0x4a48ef40
00:05:30.838 (3862757233)|STATEMENT_EXECUTE|[362]
00:05:30.838 (3862765514)|STATEMENT_EXECUTE|[363]
00:05:30.838 (3862768823)|HEAP_ALLOCATE|[362]|Bytes:5
00:05:30.838 (3862773016)|HEAP_ALLOCATE|[362]|Bytes:20
00:05:30.838 (3862775688)|VARIABLE_SCOPE_BEGIN|[362]|template|Template__c|true|false
00:05:30.838 (3862782190)|VARIABLE_ASSIGNMENT|[362]|template|{"Id":"a0DgL000001ZMMuUAO","Name":"WBC-0041","Template_Name__c":"testauth98","Template_Id__c":"636350412712921"}|0x17d44d1f
00:05:30.838 (3862785203)|STATEMENT_EXECUTE|[362]
00:05:30.838 (3862793425)|STATEMENT_EXECUTE|[363]
00:05:30.838 (3862796578)|HEAP_ALLOCATE|[362]|Bytes:5
00:05:30.838 (3862800888)|HEAP_ALLOCATE|[362]|Bytes:20
00:05:30.838 (3862803418)|VARIABLE_SCOPE_BEGIN|[362]|template|Template__c|true|false
00:05:30.838 (3862810045)|VARIABLE_ASSIGNMENT|[362]|template|{"Id":"a0DgL000001ZdHFUA0","Name":"WBC-0042","Template_Name__c":"testauthtemp1","Template_Id__c":"1726575518260283"}|0x661ca6eb
00:05:30.838 (3862813131)|STATEMENT_EXECUTE|[362]
00:05:30.838 (3862821451)|STATEMENT_EXECUTE|[363]
00:05:30.838 (3862824681)|HEAP_ALLOCATE|[362]|Bytes:5
00:05:30.838 (3862828759)|HEAP_ALLOCATE|[362]|Bytes:20
00:05:30.838 (3862831420)|VARIABLE_SCOPE_BEGIN|[362]|template|Template__c|true|false
00:05:30.838 (3862837635)|VARIABLE_ASSIGNMENT|[362]|template|{"Id":"a0DgL000001Ze3gUAC","Name":"WBC-0045","Template_Name__c":"testmarketbutton2","Template_Id__c":"3952538848342909"}|0x2df91b2a
00:05:30.838 (3862840620)|STATEMENT_EXECUTE|[362]
00:05:30.838 (3862848973)|STATEMENT_EXECUTE|[363]
00:05:30.838 (3862852159)|HEAP_ALLOCATE|[362]|Bytes:5
00:05:30.838 (3862856273)|HEAP_ALLOCATE|[362]|Bytes:20
00:05:30.838 (3862858853)|VARIABLE_SCOPE_BEGIN|[362]|template|Template__c|true|false
00:05:30.838 (3862865043)|VARIABLE_ASSIGNMENT|[362]|template|{"Id":"a0DgL000001ZeObUAK","Name":"WBC-0043","Template_Name__c":"testmarketsend1","Template_Id__c":"976892051238444"}|0x20c6d33a
00:05:30.838 (3862867980)|STATEMENT_EXECUTE|[362]
00:05:30.838 (3862876277)|STATEMENT_EXECUTE|[363]
00:05:30.838 (3862879380)|HEAP_ALLOCATE|[362]|Bytes:5
00:05:30.838 (3862883906)|HEAP_ALLOCATE|[362]|Bytes:20
00:05:30.838 (3862886476)|VARIABLE_SCOPE_BEGIN|[362]|template|Template__c|true|false
00:05:30.838 (3862892894)|VARIABLE_ASSIGNMENT|[362]|template|{"Id":"a0DgL000001ZeTRUA0","Name":"WBC-0044","Template_Name__c":"testtemplatemarket1","Template_Id__c":"617579514435946"}|0x15cfce88
00:05:30.838 (3862896248)|STATEMENT_EXECUTE|[362]
00:05:30.838 (3862904527)|STATEMENT_EXECUTE|[363]
00:05:30.838 (3862907717)|HEAP_ALLOCATE|[362]|Bytes:5
00:05:30.838 (3862911863)|HEAP_ALLOCATE|[362]|Bytes:20
00:05:30.838 (3862914398)|VARIABLE_SCOPE_BEGIN|[362]|template|Template__c|true|false
00:05:30.838 (3862920660)|VARIABLE_ASSIGNMENT|[362]|template|{"Id":"a0DgL000001ZfEDUA0","Name":"WBC-0047","Template_Name__c":"testmarketbutton6","Template_Id__c":"1025501092756771"}|0x16e71924
00:05:30.838 (3862923563)|STATEMENT_EXECUTE|[362]
00:05:30.838 (3862931822)|STATEMENT_EXECUTE|[363]
00:05:30.838 (3862934984)|HEAP_ALLOCATE|[362]|Bytes:5
00:05:30.838 (3862939023)|HEAP_ALLOCATE|[362]|Bytes:20
00:05:30.838 (3862941564)|VARIABLE_SCOPE_BEGIN|[362]|template|Template__c|true|false
00:05:30.838 (3862948358)|VARIABLE_ASSIGNMENT|[362]|template|{"Id":"a0DgL000001ZvNrUAK","Name":"WBC-0049","Template_Name__c":"testallbutton6","Template_Id__c":"1207076920862735"}|0x73a27099
00:05:30.838 (3862951323)|STATEMENT_EXECUTE|[362]
00:05:30.838 (3862960017)|STATEMENT_EXECUTE|[363]
00:05:30.838 (3862963188)|HEAP_ALLOCATE|[362]|Bytes:5
00:05:30.838 (3862967343)|HEAP_ALLOCATE|[362]|Bytes:20
00:05:30.838 (3862969902)|VARIABLE_SCOPE_BEGIN|[362]|template|Template__c|true|false
00:05:30.838 (3862976427)|VARIABLE_ASSIGNMENT|[362]|template|{"Id":"a0DgL000001ZwuzUAC","Name":"WBC-0050","Template_Name__c":"testallbuttons9","Template_Id__c":"2029845704164761"}|0x656b22d4
00:05:30.838 (3862979656)|STATEMENT_EXECUTE|[362]
00:05:30.838 (3862987882)|STATEMENT_EXECUTE|[363]
00:05:30.838 (3862991039)|HEAP_ALLOCATE|[362]|Bytes:5
00:05:30.838 (3862995166)|HEAP_ALLOCATE|[362]|Bytes:20
00:05:30.838 (3862997699)|VARIABLE_SCOPE_BEGIN|[362]|template|Template__c|true|false
00:05:30.838 (3863003985)|VARIABLE_ASSIGNMENT|[362]|template|{"Id":"a0DgL000001ZxO1UAK","Name":"WBC-0051","Template_Name__c":"testtemp123","Template_Id__c":"1690172678543092"}|0xebb0b7f
00:05:30.838 (3863007350)|STATEMENT_EXECUTE|[362]
00:05:30.838 (3863015743)|STATEMENT_EXECUTE|[363]
00:05:30.838 (3863018945)|HEAP_ALLOCATE|[362]|Bytes:5
00:05:30.838 (3863023238)|HEAP_ALLOCATE|[362]|Bytes:20
00:05:30.838 (3863025763)|VARIABLE_SCOPE_BEGIN|[362]|template|Template__c|true|false
00:05:30.838 (3863032010)|VARIABLE_ASSIGNMENT|[362]|template|{"Id":"a0DgL000001Zxe9UAC","Name":"WBC-0052","Template_Name__c":"testtemp1234","Template_Id__c":"966489578970539"}|0x20bb0db5
00:05:30.838 (3863035013)|STATEMENT_EXECUTE|[362]
00:05:30.838 (3863044696)|STATEMENT_EXECUTE|[363]
00:05:30.838 (3863047877)|HEAP_ALLOCATE|[362]|Bytes:5
00:05:30.838 (3863052316)|HEAP_ALLOCATE|[362]|Bytes:20
00:05:30.838 (3863055095)|VARIABLE_SCOPE_BEGIN|[362]|template|Template__c|true|false
00:05:30.838 (3863061465)|VARIABLE_ASSIGNMENT|[362]|template|{"Id":"a0DgL000001ZxkbUAC","Name":"WBC-0053","Template_Name__c":"testtemplate123","Template_Id__c":"1396259088223832"}|0x40fd8783
00:05:30.838 (3863064851)|STATEMENT_EXECUTE|[362]
00:05:30.838 (3863073230)|STATEMENT_EXECUTE|[363]
00:05:30.838 (3863076433)|HEAP_ALLOCATE|[362]|Bytes:5
00:05:30.838 (3863080740)|HEAP_ALLOCATE|[362]|Bytes:20
00:05:30.838 (3863083268)|VARIABLE_SCOPE_BEGIN|[362]|template|Template__c|true|false
00:05:30.838 (3863089418)|VARIABLE_ASSIGNMENT|[362]|template|{"Id":"a0DgL000001ZxpRUAS","Name":"WBC-0054","Template_Name__c":"testallbutton12","Template_Id__c":"1581163365894435"}|0x7c3c60ca
00:05:30.838 (3863092114)|STATEMENT_EXECUTE|[362]
00:05:30.838 (3863100383)|STATEMENT_EXECUTE|[363]
00:05:30.838 (3863103571)|HEAP_ALLOCATE|[362]|Bytes:5
00:05:30.838 (3863107678)|HEAP_ALLOCATE|[362]|Bytes:20
00:05:30.838 (3863110236)|VARIABLE_SCOPE_BEGIN|[362]|template|Template__c|true|false
00:05:30.838 (3863116528)|VARIABLE_ASSIGNMENT|[362]|template|{"Id":"a0DgL000001Zyf3UAC","Name":"WBC-0055","Template_Name__c":"testbuttons3","Template_Id__c":"1001211084840067"}|0x2a8a7cc1
00:05:30.838 (3863119432)|STATEMENT_EXECUTE|[362]
00:05:30.838 (3863127579)|STATEMENT_EXECUTE|[363]
00:05:30.838 (3863130665)|HEAP_ALLOCATE|[362]|Bytes:5
00:05:30.838 (3863135280)|HEAP_ALLOCATE|[362]|Bytes:20
00:05:30.838 (3863137891)|VARIABLE_SCOPE_BEGIN|[362]|template|Template__c|true|false
00:05:30.838 (3863144132)|VARIABLE_ASSIGNMENT|[362]|template|{"Id":"a0DgL000001a42vUAA","Name":"WBC-0056","Template_Name__c":"testcallbutton1","Template_Id__c":"1342194627027486"}|0x52240a80
00:05:30.838 (3863146983)|STATEMENT_EXECUTE|[362]
00:05:30.838 (3863155343)|STATEMENT_EXECUTE|[363]
00:05:30.838 (3863158445)|HEAP_ALLOCATE|[362]|Bytes:5
00:05:30.838 (3863162697)|HEAP_ALLOCATE|[362]|Bytes:20
00:05:30.838 (3863165227)|VARIABLE_SCOPE_BEGIN|[362]|template|Template__c|true|false
00:05:30.838 (3863171405)|VARIABLE_ASSIGNMENT|[362]|template|{"Id":"a0DgL000001a6vxUAA","Name":"WBC-0057","Template_Name__c":"testoffer21","Template_Id__c":"1179377407098257"}|0x7ec95ed8
00:05:30.838 (3863174188)|STATEMENT_EXECUTE|[362]
00:05:30.838 (3863182318)|STATEMENT_EXECUTE|[363]
00:05:30.838 (3863185594)|HEAP_ALLOCATE|[362]|Bytes:5
00:05:30.838 (3863189703)|HEAP_ALLOCATE|[362]|Bytes:20
00:05:30.838 (3863192344)|VARIABLE_SCOPE_BEGIN|[362]|template|Template__c|true|false
00:05:30.838 (3863198508)|VARIABLE_ASSIGNMENT|[362]|template|{"Id":"a0DgL000001a77FUAQ","Name":"WBC-0058","Template_Name__c":"testoffer12","Template_Id__c":"4103427479887977"}|0x616c5bfb
00:05:30.838 (3863201336)|STATEMENT_EXECUTE|[362]
00:05:30.838 (3863209548)|STATEMENT_EXECUTE|[363]
00:05:30.838 (3863212715)|HEAP_ALLOCATE|[362]|Bytes:5
00:05:30.838 (3863216963)|HEAP_ALLOCATE|[362]|Bytes:20
00:05:30.838 (3863219496)|VARIABLE_SCOPE_BEGIN|[362]|template|Template__c|true|false
00:05:30.838 (3863226688)|VARIABLE_ASSIGNMENT|[362]|template|{"Id":"a0DgL000001aLOjUAM","Name":"WBC-0059","Template_Name__c":"testdocumenttemplate (1 more) ...","Template_Id__c":"1785067832274438"}|0x18795f63
00:05:30.838 (3863229891)|STATEMENT_EXECUTE|[362]
00:05:30.838 (3863237977)|STATEMENT_EXECUTE|[363]
00:05:30.838 (3863241118)|HEAP_ALLOCATE|[362]|Bytes:5
00:05:30.838 (3863245123)|HEAP_ALLOCATE|[362]|Bytes:20
00:05:30.838 (3863247618)|VARIABLE_SCOPE_BEGIN|[362]|template|Template__c|true|false
00:05:30.838 (3863253959)|VARIABLE_ASSIGNMENT|[362]|template|{"Id":"a0DgL000001d5LrUAI","Name":"WBC-0061","Template_Name__c":"test_auth_2","Template_Id__c":"1395547408291038"}|0x6a7b36e6
00:05:30.838 (3863256866)|STATEMENT_EXECUTE|[362]
00:05:30.838 (3863265355)|STATEMENT_EXECUTE|[363]
00:05:30.838 (3863268608)|HEAP_ALLOCATE|[362]|Bytes:5
00:05:30.838 (3863272675)|HEAP_ALLOCATE|[362]|Bytes:20
00:05:30.838 (3863275212)|VARIABLE_SCOPE_BEGIN|[362]|template|Template__c|true|false
00:05:30.838 (3863281643)|VARIABLE_ASSIGNMENT|[362]|template|{"Id":"a0DgL000001dBa7UAE","Name":"WBC-0060","Template_Name__c":"test__auth_1","Template_Id__c":"584485310718441"}|0x5e708aef
00:05:30.838 (3863284525)|STATEMENT_EXECUTE|[362]
00:05:30.838 (3863293097)|STATEMENT_EXECUTE|[363]
00:05:30.838 (3863296435)|HEAP_ALLOCATE|[362]|Bytes:5
00:05:30.838 (3863300699)|HEAP_ALLOCATE|[362]|Bytes:20
00:05:30.838 (3863303248)|VARIABLE_SCOPE_BEGIN|[362]|template|Template__c|true|false
00:05:30.838 (3863309438)|VARIABLE_ASSIGNMENT|[362]|template|{"Id":"a0DgL000001f4L0UAI","Name":"WBC-0070","Template_Name__c":"auth_temp_12","Template_Id__c":"518816264356257"}|0x5d40a159
00:05:30.838 (3863312625)|STATEMENT_EXECUTE|[362]
00:05:30.838 (3863319411)|STATEMENT_EXECUTE|[363]
00:05:30.838 (3863322571)|HEAP_ALLOCATE|[362]|Bytes:5
00:05:30.838 (3863326763)|HEAP_ALLOCATE|[362]|Bytes:20
00:05:30.838 (3863329335)|VARIABLE_SCOPE_BEGIN|[362]|template|Template__c|true|false
00:05:30.838 (3863335515)|VARIABLE_ASSIGNMENT|[362]|template|{"Id":"a0DgL000001f8SYUAY","Name":"WBC-0071","Template_Name__c":"test_auth_13","Template_Id__c":"452592464543720"}|0xf906fd5
00:05:30.838 (3863338295)|STATEMENT_EXECUTE|[362]
00:05:30.838 (3863346748)|STATEMENT_EXECUTE|[363]
00:05:30.838 (3863349937)|HEAP_ALLOCATE|[362]|Bytes:5
00:05:30.838 (3863354464)|HEAP_ALLOCATE|[362]|Bytes:20
00:05:30.838 (3863356973)|VARIABLE_SCOPE_BEGIN|[362]|template|Template__c|true|false
00:05:30.838 (3863363218)|VARIABLE_ASSIGNMENT|[362]|template|{"Id":"a0DgL000001fKQTUA2","Name":"WBC-0069","Template_Name__c":"test_auth_9","Template_Id__c":"532064569552035"}|0x3c6fa4c7
00:05:30.838 (3863366052)|STATEMENT_EXECUTE|[362]
00:05:30.838 (3863374453)|STATEMENT_EXECUTE|[363]
00:05:30.838 (3863377618)|HEAP_ALLOCATE|[362]|Bytes:5
00:05:30.838 (3863381677)|HEAP_ALLOCATE|[362]|Bytes:20
00:05:30.838 (3863384216)|VARIABLE_SCOPE_BEGIN|[362]|template|Template__c|true|false
00:05:30.838 (3863390295)|VARIABLE_ASSIGNMENT|[362]|template|{"Id":"a0DgL000001fLCwUAM","Name":"WBC-0065","Template_Name__c":"test_auth_6","Template_Id__c":"1227842745424823"}|0x66127657
00:05:30.838 (3863396013)|STATEMENT_EXECUTE|[362]
00:05:30.838 (3863405558)|STATEMENT_EXECUTE|[363]
00:05:30.838 (3863408806)|HEAP_ALLOCATE|[362]|Bytes:5
00:05:30.838 (3863412831)|HEAP_ALLOCATE|[362]|Bytes:20
00:05:30.838 (3863415328)|VARIABLE_SCOPE_BEGIN|[362]|template|Template__c|true|false
00:05:30.838 (3863421498)|VARIABLE_ASSIGNMENT|[362]|template|{"Id":"a0DgL000001fRAAUA2","Name":"WBC-0067","Template_Name__c":"auth_temp_8","Template_Id__c":"1714708279132995"}|0x3e0059a5
00:05:30.838 (3863424499)|STATEMENT_EXECUTE|[362]
00:05:30.838 (3863431258)|STATEMENT_EXECUTE|[363]
00:05:30.838 (3863434389)|HEAP_ALLOCATE|[362]|Bytes:5
00:05:30.838 (3863438573)|HEAP_ALLOCATE|[362]|Bytes:20
00:05:30.838 (3863441110)|VARIABLE_SCOPE_BEGIN|[362]|template|Template__c|true|false
00:05:30.838 (3863447353)|VARIABLE_ASSIGNMENT|[362]|template|{"Id":"a0DgL000001fSixUAE","Name":"WBC-0063","Template_Name__c":"test_auth_4","Template_Id__c":"1366389431451748"}|0x32627777
00:05:30.838 (3863450076)|STATEMENT_EXECUTE|[362]
00:05:30.838 (3863459053)|STATEMENT_EXECUTE|[363]
00:05:30.838 (3863462247)|HEAP_ALLOCATE|[362]|Bytes:5
00:05:30.838 (3863466353)|HEAP_ALLOCATE|[362]|Bytes:20
00:05:30.838 (3863468916)|VARIABLE_SCOPE_BEGIN|[362]|template|Template__c|true|false
00:05:30.838 (3863475069)|VARIABLE_ASSIGNMENT|[362]|template|{"Id":"a0DgL000001fU6PUAU","Name":"WBC-0062","Template_Name__c":"test_auth_3","Template_Id__c":"2438650379867467"}|0x736ab460
00:05:30.838 (3863477800)|STATEMENT_EXECUTE|[362]
00:05:30.838 (3863486555)|STATEMENT_EXECUTE|[363]
00:05:30.838 (3863489725)|HEAP_ALLOCATE|[362]|Bytes:5
00:05:30.838 (3863495535)|HEAP_ALLOCATE|[362]|Bytes:20
00:05:30.838 (3863498153)|VARIABLE_SCOPE_BEGIN|[362]|template|Template__c|true|false
00:05:30.838 (3863504748)|VARIABLE_ASSIGNMENT|[362]|template|{"Id":"a0DgL000001fUpZUAU","Name":"WBC-0064","Template_Name__c":"test_auth_5","Template_Id__c":"1349669419440661"}|0x63fc494
00:05:30.838 (3863507548)|STATEMENT_EXECUTE|[362]
00:05:30.838 (3863516393)|STATEMENT_EXECUTE|[363]
00:05:30.838 (3863519603)|HEAP_ALLOCATE|[362]|Bytes:5
00:05:30.838 (3863523789)|HEAP_ALLOCATE|[362]|Bytes:20
00:05:30.838 (3863526335)|VARIABLE_SCOPE_BEGIN|[362]|template|Template__c|true|false
00:05:30.838 (3863532495)|VARIABLE_ASSIGNMENT|[362]|template|{"Id":"a0DgL000001fXh3UAE","Name":"WBC-0066","Template_Name__c":"test_auth_7","Template_Id__c":"2207049713045556"}|0x3ace7887
00:05:30.838 (3863535312)|STATEMENT_EXECUTE|[362]
00:05:30.838 (3863543941)|STATEMENT_EXECUTE|[363]
00:05:30.838 (3863547248)|HEAP_ALLOCATE|[362]|Bytes:5
00:05:30.838 (3863551424)|HEAP_ALLOCATE|[362]|Bytes:20
00:05:30.838 (3863553986)|VARIABLE_SCOPE_BEGIN|[362]|template|Template__c|true|false
00:05:30.838 (3863560325)|VARIABLE_ASSIGNMENT|[362]|template|{"Id":"a0DgL000001fZSfUAM","Name":"WBC-0068","Template_Name__c":"auth_temp_9","Template_Id__c":"701368192220069"}|0x1bb66966
00:05:30.838 (3863563077)|STATEMENT_EXECUTE|[362]
00:05:30.838 (3863569809)|STATEMENT_EXECUTE|[363]
00:05:30.838 (3863572953)|HEAP_ALLOCATE|[362]|Bytes:5
00:05:30.838 (3863577047)|HEAP_ALLOCATE|[362]|Bytes:20
00:05:30.838 (3863579670)|VARIABLE_SCOPE_BEGIN|[362]|template|Template__c|true|false
00:05:30.838 (3863586089)|VARIABLE_ASSIGNMENT|[362]|template|{"Id":"a0DgL000001faXpUAI","Name":"WBC-0072","Template_Name__c":"test_auth_10","Template_Id__c":"681739904307923"}|0x3dd907c4
00:05:30.838 (3863588917)|STATEMENT_EXECUTE|[362]
00:05:30.838 (3863597430)|STATEMENT_EXECUTE|[363]
00:05:30.838 (3863600603)|HEAP_ALLOCATE|[362]|Bytes:5
00:05:30.838 (3863605021)|HEAP_ALLOCATE|[362]|Bytes:20
00:05:30.838 (3863607655)|VARIABLE_SCOPE_BEGIN|[362]|template|Template__c|true|false
00:05:30.838 (3863614078)|VARIABLE_ASSIGNMENT|[362]|template|{"Id":"a0DgL000001fmrOUAQ","Name":"WBC-0075","Template_Name__c":"test_template_12","Template_Id__c":"2918654454970838"}|0x453a7f8f
00:05:30.838 (3863617062)|STATEMENT_EXECUTE|[362]
00:05:30.838 (3863625803)|STATEMENT_EXECUTE|[363]
00:05:30.838 (3863629066)|HEAP_ALLOCATE|[362]|Bytes:5
00:05:30.838 (3863633236)|HEAP_ALLOCATE|[362]|Bytes:20
00:05:30.838 (3863635785)|VARIABLE_SCOPE_BEGIN|[362]|template|Template__c|true|false
00:05:30.838 (3863642408)|VARIABLE_ASSIGNMENT|[362]|template|{"Id":"a0DgL000001fsGRUAY","Name":"WBC-0073","Template_Name__c":"test_auth_15","Template_Id__c":"1750594249140846"}|0xc792def
00:05:30.838 (3863645263)|STATEMENT_EXECUTE|[362]
00:05:30.838 (3863653733)|STATEMENT_EXECUTE|[363]
00:05:30.838 (3863656958)|HEAP_ALLOCATE|[362]|Bytes:5
00:05:30.838 (3863661244)|HEAP_ALLOCATE|[362]|Bytes:20
00:05:30.838 (3863663867)|VARIABLE_SCOPE_BEGIN|[362]|template|Template__c|true|false
00:05:30.838 (3863670035)|VARIABLE_ASSIGNMENT|[362]|template|{"Id":"a0DgL000001ftBKUAY","Name":"WBC-0080","Template_Name__c":"test_auth_04","Template_Id__c":"1015192247162185"}|0x24ac985f
00:05:30.838 (3863672808)|STATEMENT_EXECUTE|[362]
00:05:30.838 (3863681268)|STATEMENT_EXECUTE|[363]
00:05:30.838 (3863684434)|HEAP_ALLOCATE|[362]|Bytes:5
00:05:30.838 (3863688487)|HEAP_ALLOCATE|[362]|Bytes:20
00:05:30.838 (3863691017)|VARIABLE_SCOPE_BEGIN|[362]|template|Template__c|true|false
00:05:30.838 (3863699884)|VARIABLE_ASSIGNMENT|[362]|template|{"Id":"a0DgL000001fyIzUAI","Name":"WBC-0074","Template_Name__c":"testtemplate_1","Template_Id__c":"625062903856142"}|0x51be4c29
00:05:30.838 (3863702616)|STATEMENT_EXECUTE|[362]
00:05:30.838 (3863711310)|STATEMENT_EXECUTE|[363]
00:05:30.838 (3863714651)|HEAP_ALLOCATE|[362]|Bytes:5
00:05:30.838 (3863719155)|HEAP_ALLOCATE|[362]|Bytes:20
00:05:30.838 (3863721794)|VARIABLE_SCOPE_BEGIN|[362]|template|Template__c|true|false
00:05:30.838 (3863728195)|VARIABLE_ASSIGNMENT|[362]|template|{"Id":"a0DgL000001fyREUAY","Name":"WBC-0081","Template_Name__c":"test_auth_05","Template_Id__c":"2700566610332425"}|0x476e8796
00:05:30.838 (3863731313)|STATEMENT_EXECUTE|[362]
00:05:30.838 (3863740063)|STATEMENT_EXECUTE|[363]
00:05:30.838 (3863743373)|HEAP_ALLOCATE|[362]|Bytes:5
00:05:30.838 (3863747731)|HEAP_ALLOCATE|[362]|Bytes:20
00:05:30.838 (3863750483)|VARIABLE_SCOPE_BEGIN|[362]|template|Template__c|true|false
00:05:30.838 (3863757144)|VARIABLE_ASSIGNMENT|[362]|template|{"Id":"a0DgL000001fzwbUAA","Name":"WBC-0076","Template_Name__c":"test_auth_0","Template_Id__c":"1573426324046940"}|0x23dccc1
00:05:30.838 (3863760430)|STATEMENT_EXECUTE|[362]
00:05:30.838 (3863768807)|STATEMENT_EXECUTE|[363]
00:05:30.838 (3863771968)|HEAP_ALLOCATE|[362]|Bytes:5
00:05:30.838 (3863776034)|HEAP_ALLOCATE|[362]|Bytes:20
00:05:30.838 (3863778569)|VARIABLE_SCOPE_BEGIN|[362]|template|Template__c|true|false
00:05:30.838 (3863784893)|VARIABLE_ASSIGNMENT|[362]|template|{"Id":"a0DgL000001g1NJUAY","Name":"WBC-0077","Template_Name__c":"test_auth_01","Template_Id__c":"548749351569204"}|0x4293c2b9
00:05:30.838 (3863787848)|STATEMENT_EXECUTE|[362]
00:05:30.838 (3863796556)|STATEMENT_EXECUTE|[363]
00:05:30.838 (3863799774)|HEAP_ALLOCATE|[362]|Bytes:5
00:05:30.838 (3863803830)|HEAP_ALLOCATE|[362]|Bytes:20
00:05:30.838 (3863806402)|VARIABLE_SCOPE_BEGIN|[362]|template|Template__c|true|false
00:05:30.838 (3863812879)|VARIABLE_ASSIGNMENT|[362]|template|{"Id":"a0DgL000001g3lhUAA","Name":"WBC-0078","Template_Name__c":"test_auth_02","Template_Id__c":"1723089758272040"}|0x61ef01c6
00:05:30.838 (3863815760)|STATEMENT_EXECUTE|[362]
00:05:30.838 (3863824283)|STATEMENT_EXECUTE|[363]
00:05:30.838 (3863827437)|HEAP_ALLOCATE|[362]|Bytes:5
00:05:30.838 (3863831498)|HEAP_ALLOCATE|[362]|Bytes:20
00:05:30.838 (3863834024)|VARIABLE_SCOPE_BEGIN|[362]|template|Template__c|true|false
00:05:30.838 (3863840045)|VARIABLE_ASSIGNMENT|[362]|template|{"Id":"a0DgL000001g4C1UAI","Name":"WBC-0079","Template_Name__c":"test_auth_03","Template_Id__c":"1314748896452115"}|0x528e685a
00:05:30.838 (3863843241)|STATEMENT_EXECUTE|[362]
00:05:30.838 (3863851673)|STATEMENT_EXECUTE|[363]
00:05:30.838 (3863854815)|HEAP_ALLOCATE|[362]|Bytes:5
00:05:30.838 (3863859356)|HEAP_ALLOCATE|[362]|Bytes:20
00:05:30.838 (3863862185)|VARIABLE_SCOPE_BEGIN|[362]|template|Template__c|true|false
00:05:30.838 (3863869145)|VARIABLE_ASSIGNMENT|[362]|template|{"Id":"a0DgL000001gC7RUAU","Name":"WBC-0082","Template_Name__c":"temp_auth_06","Template_Id__c":"1697368211176391"}|0x3e39fd0e
00:05:30.838 (3863872018)|STATEMENT_EXECUTE|[362]
00:05:30.838 (3863879464)|STATEMENT_EXECUTE|[363]
00:05:30.838 (3863882931)|HEAP_ALLOCATE|[362]|Bytes:5
00:05:30.838 (3863887119)|HEAP_ALLOCATE|[362]|Bytes:20
00:05:30.838 (3863889705)|VARIABLE_SCOPE_BEGIN|[362]|template|Template__c|true|false
00:05:30.838 (3863895853)|VARIABLE_ASSIGNMENT|[362]|template|{"Id":"a0DgL000001gCSPUA2","Name":"WBC-0083","Template_Name__c":"test_auth_06","Template_Id__c":"619382184270150"}|0x62e3667a
00:05:30.838 (3863898820)|STATEMENT_EXECUTE|[362]
00:05:30.838 (3863907282)|STATEMENT_EXECUTE|[363]
00:05:30.838 (3863910585)|HEAP_ALLOCATE|[362]|Bytes:5
00:05:30.838 (3863914762)|HEAP_ALLOCATE|[362]|Bytes:20
00:05:30.838 (3863917338)|VARIABLE_SCOPE_BEGIN|[362]|template|Template__c|true|false
00:05:30.838 (3863924155)|VARIABLE_ASSIGNMENT|[362]|template|{"Id":"a0DgL000001gFOlUAM","Name":"WBC-0086","Template_Name__c":"test_utitltiy_templa (2 more) ...","Template_Id__c":"1195936555320208"}|0x7b1baad1
00:05:30.838 (3863927394)|STATEMENT_EXECUTE|[362]
00:05:30.838 (3863935999)|STATEMENT_EXECUTE|[363]
00:05:30.838 (3863939270)|HEAP_ALLOCATE|[362]|Bytes:5
00:05:30.838 (3863944942)|HEAP_ALLOCATE|[362]|Bytes:20
00:05:30.838 (3863947702)|VARIABLE_SCOPE_BEGIN|[362]|template|Template__c|true|false
00:05:30.838 (3863954330)|VARIABLE_ASSIGNMENT|[362]|template|{"Id":"a0DgL000001gQTlUAM","Name":"WBC-0084","Template_Name__c":"test_vedio_template1","Template_Id__c":"4454421128118263"}|0x5af6c150
00:05:30.838 (3863957625)|STATEMENT_EXECUTE|[362]
00:05:30.838 (3863966222)|STATEMENT_EXECUTE|[363]
00:05:30.838 (3863969481)|HEAP_ALLOCATE|[362]|Bytes:5
00:05:30.838 (3863973536)|HEAP_ALLOCATE|[362]|Bytes:20
00:05:30.838 (3863976083)|VARIABLE_SCOPE_BEGIN|[362]|template|Template__c|true|false
00:05:30.838 (3863982718)|VARIABLE_ASSIGNMENT|[362]|template|{"Id":"a0DgL000001gTeXUAU","Name":"WBC-0085","Template_Name__c":"test_image_template_ (1 more) ...","Template_Id__c":"673988208445062"}|0x2b56868d
00:05:30.838 (3863985680)|STATEMENT_EXECUTE|[362]
00:05:30.838 (3863994148)|STATEMENT_EXECUTE|[363]
00:05:30.838 (3863997413)|HEAP_ALLOCATE|[362]|Bytes:5
00:05:30.838 (3864001419)|HEAP_ALLOCATE|[362]|Bytes:20
00:05:30.838 (3864004650)|VARIABLE_SCOPE_BEGIN|[362]|template|Template__c|true|false
00:05:30.838 (3864010789)|VARIABLE_ASSIGNMENT|[362]|template|{"Id":"a0DgL000001jEr4UAE","Name":"WBC-0089","Template_Name__c":"test_image_mark_1","Template_Id__c":"1213962037026836"}|0x527ff52b
00:05:30.838 (3864013709)|STATEMENT_EXECUTE|[362]
00:05:30.838 (3864022611)|STATEMENT_EXECUTE|[363]
00:05:30.838 (3864025875)|HEAP_ALLOCATE|[362]|Bytes:5
00:05:30.838 (3864029906)|HEAP_ALLOCATE|[362]|Bytes:20
00:05:30.838 (3864032429)|VARIABLE_SCOPE_BEGIN|[362]|template|Template__c|true|false
00:05:30.838 (3864038635)|VARIABLE_ASSIGNMENT|[362]|template|{"Id":"a0DgL000001jW8EUAU","Name":"WBC-0091","Template_Name__c":"test_all_buttons_1","Template_Id__c":"680068074363096"}|0x74149097
00:05:30.838 (3864041578)|STATEMENT_EXECUTE|[362]
00:05:30.838 (3864050397)|STATEMENT_EXECUTE|[363]
00:05:30.838 (3864053618)|HEAP_ALLOCATE|[362]|Bytes:5
00:05:30.838 (3864057761)|HEAP_ALLOCATE|[362]|Bytes:20
00:05:30.838 (3864060323)|VARIABLE_SCOPE_BEGIN|[362]|template|Template__c|true|false
00:05:30.838 (3864066741)|VARIABLE_ASSIGNMENT|[362]|template|{"Id":"a0DgL000001jdSrUAI","Name":"WBC-0088","Template_Name__c":"test_marketing_doc_2","Template_Id__c":"929562612587854"}|0x18842304
00:05:30.838 (3864069878)|STATEMENT_EXECUTE|[362]
00:05:30.838 (3864078378)|STATEMENT_EXECUTE|[363]
00:05:30.838 (3864081678)|HEAP_ALLOCATE|[362]|Bytes:5
00:05:30.838 (3864085991)|HEAP_ALLOCATE|[362]|Bytes:20
00:05:30.838 (3864088580)|VARIABLE_SCOPE_BEGIN|[362]|template|Template__c|true|false
00:05:30.838 (3864094895)|VARIABLE_ASSIGNMENT|[362]|template|{"Id":"a0DgL000001jfL8UAI","Name":"WBC-0090","Template_Name__c":"test_vedio_template_ (1 more) ...","Template_Id__c":"1492436565055233"}|0x7f9ac77
00:05:30.838 (3864098116)|STATEMENT_EXECUTE|[362]
00:05:30.838 (3864106798)|STATEMENT_EXECUTE|[363]
00:05:30.838 (3864110056)|HEAP_ALLOCATE|[362]|Bytes:5
00:05:30.838 (3864114475)|HEAP_ALLOCATE|[362]|Bytes:20
00:05:30.838 (3864117028)|VARIABLE_SCOPE_BEGIN|[362]|template|Template__c|true|false
00:05:30.838 (3864123333)|VARIABLE_ASSIGNMENT|[362]|template|{"Id":"a0DgL000001jqRiUAI","Name":"WBC-0092","Template_Name__c":"test_all_buttons_4","Template_Id__c":"2791483411038419"}|0x2a82d70e
00:05:30.838 (3864126218)|STATEMENT_EXECUTE|[362]
00:05:30.838 (3864134705)|STATEMENT_EXECUTE|[363]
00:05:30.838 (3864137976)|HEAP_ALLOCATE|[362]|Bytes:5
00:05:30.838 (3864142177)|HEAP_ALLOCATE|[362]|Bytes:20
00:05:30.838 (3864144703)|VARIABLE_SCOPE_BEGIN|[362]|template|Template__c|true|false
00:05:30.838 (3864150794)|VARIABLE_ASSIGNMENT|[362]|template|{"Id":"a0DgL000001julaUAA","Name":"WBC-0096","Template_Name__c":"test_all_buttons_6","Template_Id__c":"1165662758527223"}|0x7ac27ae1
00:05:30.838 (3864153713)|STATEMENT_EXECUTE|[362]
00:05:30.838 (3864162156)|STATEMENT_EXECUTE|[363]
00:05:30.838 (3864165383)|HEAP_ALLOCATE|[362]|Bytes:5
00:05:30.838 (3864169586)|HEAP_ALLOCATE|[362]|Bytes:20
00:05:30.838 (3864172223)|VARIABLE_SCOPE_BEGIN|[362]|template|Template__c|true|false
00:05:30.838 (3864178410)|VARIABLE_ASSIGNMENT|[362]|template|{"Id":"a0DgL000001jw0xUAA","Name":"WBC-0093","Template_Name__c":"test_single_button_1","Template_Id__c":"1346747773043368"}|0x4367eabe
00:05:30.838 (3864181617)|STATEMENT_EXECUTE|[362]
00:05:30.838 (3864190112)|STATEMENT_EXECUTE|[363]
00:05:30.838 (3864193284)|HEAP_ALLOCATE|[362]|Bytes:5
00:05:30.838 (3864197413)|HEAP_ALLOCATE|[362]|Bytes:20
00:05:30.838 (3864199997)|VARIABLE_SCOPE_BEGIN|[362]|template|Template__c|true|false
00:05:30.838 (3864206188)|VARIABLE_ASSIGNMENT|[362]|template|{"Id":"a0DgL000001k54CUAQ","Name":"WBC-0094","Template_Name__c":"test_auth_001","Template_Id__c":"946614383994007"}|0x9376cb1
00:05:30.838 (3864209040)|STATEMENT_EXECUTE|[362]
00:05:30.838 (3864217537)|STATEMENT_EXECUTE|[363]
00:05:30.838 (3864220741)|HEAP_ALLOCATE|[362]|Bytes:5
00:05:30.838 (3864224842)|HEAP_ALLOCATE|[362]|Bytes:20
00:05:30.838 (3864227390)|VARIABLE_SCOPE_BEGIN|[362]|template|Template__c|true|false
00:05:30.838 (3864233519)|VARIABLE_ASSIGNMENT|[362]|template|{"Id":"a0DgL000001kLQjUAM","Name":"WBC-0095","Template_Name__c":"test_marketing_doc_3","Template_Id__c":"574809401536406"}|0x35b1e03e
00:05:30.838 (3864236479)|STATEMENT_EXECUTE|[362]
00:05:30.838 (3864245095)|STATEMENT_EXECUTE|[363]
00:05:30.838 (3864248315)|HEAP_ALLOCATE|[362]|Bytes:5
00:05:30.838 (3864252362)|HEAP_ALLOCATE|[362]|Bytes:20
00:05:30.838 (3864255006)|VARIABLE_SCOPE_BEGIN|[362]|template|Template__c|true|false
00:05:30.838 (3864261248)|VARIABLE_ASSIGNMENT|[362]|template|{"Id":"a0DgL000001llS3UAI","Name":"WBC-0097","Template_Name__c":"test_promotionmesage","Template_Id__c":"1298016348159329"}|0x5ccd811b
00:05:30.838 (3864264215)|STATEMENT_EXECUTE|[362]
00:05:30.838 (3864274444)|STATEMENT_EXECUTE|[363]
00:05:30.838 (3864278039)|HEAP_ALLOCATE|[362]|Bytes:5
00:05:30.838 (3864282246)|HEAP_ALLOCATE|[362]|Bytes:20
00:05:30.838 (3864284806)|VARIABLE_SCOPE_BEGIN|[362]|template|Template__c|true|false
00:05:30.838 (3864291287)|VARIABLE_ASSIGNMENT|[362]|template|{"Id":"a0DgL000001mkc0UAA","Name":"WBC-0099","Template_Name__c":"test_promotionmesage (1 more) ...","Template_Id__c":"667456895887015"}|0x2083a226
00:05:30.838 (3864294554)|STATEMENT_EXECUTE|[362]
00:05:30.838 (3864304759)|STATEMENT_EXECUTE|[363]
00:05:30.838 (3864308089)|HEAP_ALLOCATE|[362]|Bytes:5
00:05:30.838 (3864312583)|HEAP_ALLOCATE|[362]|Bytes:20
00:05:30.838 (3864315089)|VARIABLE_SCOPE_BEGIN|[362]|template|Template__c|true|false
00:05:30.838 (3864321788)|VARIABLE_ASSIGNMENT|[362]|template|{"Id":"a0DgL000001mnSWUAY","Name":"WBC-0098","Template_Name__c":"test_promotionmesage (1 more) ...","Template_Id__c":"1008824937410510"}|0x12e31063
00:05:30.838 (3864324913)|STATEMENT_EXECUTE|[362]
00:05:30.838 (3864335114)|STATEMENT_EXECUTE|[363]
00:05:30.838 (3864338526)|HEAP_ALLOCATE|[362]|Bytes:5
00:05:30.838 (3864345447)|VARIABLE_ASSIGNMENT|[362]|template|null|
00:05:30.838 (3864349598)|STATEMENT_EXECUTE|[368]
00:05:30.838 (3864425742)|USER_DEBUG|[368]|DEBUG|()
00:05:30.838 (3864452726)|STATEMENT_EXECUTE|[370]
00:05:30.838 (3864454132)|STATEMENT_EXECUTE|[371]
00:05:30.838 (3864485033)|HEAP_ALLOCATE|[371]|Bytes:4
00:05:30.838 (3864579646)|VARIABLE_ASSIGNMENT|[371]|whatsAppTemplate|{}|0x596f1217
00:05:30.838 (3864583849)|STATEMENT_EXECUTE|[379]
00:05:30.838 (3864586697)|HEAP_ALLOCATE|[379]|Bytes:38
00:05:30.838 (3864604351)|HEAP_ALLOCATE|[379]|Bytes:44
00:05:30.838 (3864618566)|USER_DEBUG|[379]|DEBUG|Handleeeee Successsss Template Type : Custom
00:05:30.838 (3864623562)|STATEMENT_EXECUTE|[381]
00:05:30.838 (3864626441)|HEAP_ALLOCATE|[381]|Bytes:6
00:05:30.838 (3864649164)|VARIABLE_SCOPE_BEGIN|[381]|status|String|false|false
00:05:30.838 (3864655369)|VARIABLE_ASSIGNMENT|[381]|status|"APPROVED"
00:05:30.838 (3864657766)|STATEMENT_EXECUTE|[382]
00:05:30.838 (3864659342)|HEAP_ALLOCATE|[382]|Bytes:2
00:05:30.838 (3864747182)|VARIABLE_ASSIGNMENT|[382]|this.Template_Id__c|"1300488554394435"|0x596f1217
00:05:30.838 (3864751460)|STATEMENT_EXECUTE|[383]
00:05:30.838 (3864763681)|HEAP_ALLOCATE|[383]|Bytes:7
00:05:30.838 (3864769129)|HEAP_ALLOCATE|[384]|Bytes:8
00:05:30.838 (3864774401)|HEAP_ALLOCATE|[385]|Bytes:8
00:05:30.838 (3864781689)|HEAP_ALLOCATE|[385]|Bytes:22
00:05:30.838 (3864802049)|VARIABLE_ASSIGNMENT|[383]|this.Status__c|"Active-Quality Pendi (2 more) ..."|0x596f1217
00:05:30.838 (3864805217)|STATEMENT_EXECUTE|[386]
00:05:30.838 (3864830877)|VARIABLE_ASSIGNMENT|[386]|this.Template_Name__c|"test_promo_1"|0x596f1217
00:05:30.838 (3864834216)|STATEMENT_EXECUTE|[387]
00:05:30.838 (3864856556)|VARIABLE_ASSIGNMENT|[387]|this.Template_Category__c|"Marketing"|0x596f1217
00:05:30.838 (3864859866)|STATEMENT_EXECUTE|[388]
00:05:30.838 (3864879992)|VARIABLE_ASSIGNMENT|[388]|this.Language__c|"en_US"|0x596f1217
00:05:30.838 (3864883372)|STATEMENT_EXECUTE|[389]
00:05:30.838 (3864895532)|VARIABLE_ASSIGNMENT|[389]|this.Template_Type__c|"Custom"|0x596f1217
00:05:30.838 (3864898579)|STATEMENT_EXECUTE|[394]
00:05:30.838 (3864941520)|HEAP_ALLOCATE|[394]|Bytes:4
00:05:30.838 (3864995371)|VARIABLE_SCOPE_BEGIN|[394]|variableRecords|List<Template_Variable__c>|true|false
00:05:30.838 (3865001335)|HEAP_ALLOCATE|[EXTERNAL]|Bytes:4
00:05:30.838 (3865011736)|VARIABLE_ASSIGNMENT|[394]|variableRecords|[]|0x5bd07fde
00:05:30.838 (3865014904)|STATEMENT_EXECUTE|[395]
00:05:30.838 (3865080924)|VARIABLE_SCOPE_BEGIN|[395]|components|List<ANY>|true|false
00:05:30.838 (3865108166)|VARIABLE_ASSIGNMENT|[395]|components|[{"text":"Hello","type":"BODY"},{"buttons":[{"text":"Stop promotions","type":"QUICK_REPLY"}],"type":"BUTTONS"}]|0x58b3c360
00:05:30.838 (3865112001)|STATEMENT_EXECUTE|[396]
00:05:30.838 (3865116444)|VARIABLE_SCOPE_BEGIN|[396]|headAlternateTexts|List<String>|true|false
00:05:30.838 (3865122320)|VARIABLE_ASSIGNMENT|[396]|headAlternateTexts|[]|0xe061085
00:05:30.838 (3865125245)|STATEMENT_EXECUTE|[397]
00:05:30.838 (3865127752)|VARIABLE_SCOPE_BEGIN|[397]|varAlternateTexts|List<String>|true|false
00:05:30.838 (3865133112)|VARIABLE_ASSIGNMENT|[397]|varAlternateTexts|[]|0x14789d27
00:05:30.838 (3865135899)|STATEMENT_EXECUTE|[399]
00:05:30.838 (3865137882)|HEAP_ALLOCATE|[399]|Bytes:28
00:05:30.838 (3865167759)|HEAP_ALLOCATE|[399]|Bytes:2
00:05:30.838 (3865174540)|HEAP_ALLOCATE|[399]|Bytes:30
00:05:30.838 (3865185296)|USER_DEBUG|[399]|DEBUG|Variable alternate text ::: ()
00:05:30.838 (3865190259)|STATEMENT_EXECUTE|[400]
00:05:30.838 (3865193990)|VARIABLE_SCOPE_BEGIN|[400]|headerIndex|Integer|false|false
00:05:30.838 (3865198263)|HEAP_ALLOCATE|[400]|Bytes:4
00:05:30.838 (3865203639)|VARIABLE_ASSIGNMENT|[400]|headerIndex|0
00:05:30.838 (3865205794)|STATEMENT_EXECUTE|[401]
00:05:30.838 (3865207111)|VARIABLE_SCOPE_BEGIN|[401]|variableIndex|Integer|false|false
00:05:30.838 (3865210526)|HEAP_ALLOCATE|[401]|Bytes:4
00:05:30.838 (3865213249)|VARIABLE_ASSIGNMENT|[401]|variableIndex|0
00:05:30.838 (3865215360)|STATEMENT_EXECUTE|[402]
00:05:30.838 (3865216913)|VARIABLE_SCOPE_BEGIN|[402]|headerMergeText|String|false|false
00:05:30.838 (3865222613)|VARIABLE_ASSIGNMENT|[402]|headerMergeText|""
00:05:30.838 (3865247572)|HEAP_ALLOCATE|[405]|Bytes:5
00:05:30.838 (3865262864)|HEAP_ALLOCATE|[405]|Bytes:12
00:05:30.838 (3865266904)|VARIABLE_SCOPE_BEGIN|[405]|comp|Object|false|false
00:05:30.838 (3865275926)|VARIABLE_ASSIGNMENT|[405]|comp|{"text":"Hello","type":"BODY"}
00:05:30.838 (3865278834)|STATEMENT_EXECUTE|[405]
00:05:30.838 (3865280658)|HEAP_ALLOCATE|[406]|Bytes:68
00:05:30.838 (3865309839)|STATEMENT_EXECUTE|[406]
00:05:30.838 (3865310969)|STATEMENT_EXECUTE|[409]
00:05:30.838 (3865316703)|VARIABLE_SCOPE_BEGIN|[409]|component|Map<String,ANY>|true|false
00:05:30.838 (3865324169)|VARIABLE_ASSIGNMENT|[409]|component|{"text":"Hello","type":"BODY"}|0x796d9dcb
00:05:30.838 (3865327089)|STATEMENT_EXECUTE|[410]
00:05:30.838 (3865328701)|HEAP_ALLOCATE|[410]|Bytes:20
00:05:30.838 (3865342494)|USER_DEBUG|[410]|DEBUG|COmponentssss ::::: 
00:05:30.838 (3865347129)|STATEMENT_EXECUTE|[411]
00:05:30.838 (3865357653)|USER_DEBUG|[411]|DEBUG|{text=Hello, type=BODY}
00:05:30.838 (3865362025)|STATEMENT_EXECUTE|[412]
00:05:30.838 (3865373373)|VARIABLE_SCOPE_BEGIN|[412]|type|String|false|false
00:05:30.838 (3865378887)|VARIABLE_ASSIGNMENT|[412]|type|"BODY"
00:05:30.838 (3865381214)|STATEMENT_EXECUTE|[413]
00:05:30.838 (3865383094)|HEAP_ALLOCATE|[413]|Bytes:7
00:05:30.838 (3865392856)|VARIABLE_SCOPE_BEGIN|[413]|example|Map<String,ANY>|true|false
00:05:30.838 (3865397796)|VARIABLE_ASSIGNMENT|[413]|example|null|
00:05:30.838 (3865424907)|STATEMENT_EXECUTE|[420]
00:05:30.838 (3865426056)|STATEMENT_EXECUTE|[424]
00:05:30.838 (3865427866)|HEAP_ALLOCATE|[424]|Bytes:17
00:05:30.838 (3865433458)|HEAP_ALLOCATE|[424]|Bytes:18
00:05:30.838 (3865441984)|USER_DEBUG|[424]|DEBUG|Is Marketing ::: 1
00:05:30.838 (3865448043)|HEAP_ALLOCATE|[426]|Bytes:1
00:05:30.838 (3865452804)|STATEMENT_EXECUTE|[426]
00:05:30.838 (3865453984)|STATEMENT_EXECUTE|[427]
00:05:30.838 (3865455467)|HEAP_ALLOCATE|[427]|Bytes:14
00:05:30.838 (3865468551)|HEAP_ALLOCATE|[427]|Bytes:5
00:05:30.838 (3865485951)|HEAP_ALLOCATE|[EXTERNAL]|Bytes:-4
00:05:30.838 (3865493706)|HEAP_ALLOCATE|[431]|Bytes:6
00:05:30.838 (3865503104)|STATEMENT_EXECUTE|[485]
00:05:30.838 (3865504314)|STATEMENT_EXECUTE|[486]
00:05:30.838 (3865521372)|METHOD_ENTRY|[486]|01pgL000000Qgig|CreateTemplateWrapper.handleBodyComponent(String, Map<String,ANY>, Map<String,ANY>)
00:05:30.838 (3865534895)|VARIABLE_SCOPE_BEGIN|[593]|category|String|false|false
00:05:30.838 (3865540097)|VARIABLE_ASSIGNMENT|[593]|category|"Marketing"
00:05:30.838 (3865542487)|VARIABLE_SCOPE_BEGIN|[593]|component|Map<String,ANY>|true|false
00:05:30.838 (3865550404)|VARIABLE_ASSIGNMENT|[593]|component|{"text":"Hello","type":"BODY","ismarketingOpt":true}|0x796d9dcb
00:05:30.838 (3865553979)|VARIABLE_SCOPE_BEGIN|[593]|example|Map<String,ANY>|true|false
00:05:30.838 (3865557796)|VARIABLE_ASSIGNMENT|[593]|example|null|
00:05:30.838 (3865567919)|HEAP_ALLOCATE|[594]|Bytes:5
00:05:30.838 (3865571000)|STATEMENT_EXECUTE|[593]
00:05:30.838 (3865572264)|STATEMENT_EXECUTE|[594]
00:05:30.838 (3865578526)|HEAP_ALLOCATE|[594]|Bytes:4
00:05:30.838 (3865583588)|VARIABLE_SCOPE_BEGIN|[594]|result|Map<String,ANY>|true|false
00:05:30.838 (3865590650)|VARIABLE_ASSIGNMENT|[594]|result|{}|0x2c9a49c7
00:05:30.838 (3865593879)|STATEMENT_EXECUTE|[595]
00:05:30.838 (3865594797)|STATEMENT_EXECUTE|[595]
00:05:30.838 (3865595849)|STATEMENT_EXECUTE|[596]
00:05:30.838 (3865607489)|VARIABLE_SCOPE_BEGIN|[596]|bodyText|String|false|false
00:05:30.838 (3865612415)|VARIABLE_ASSIGNMENT|[596]|bodyText|"Hello"
00:05:30.838 (3865614405)|STATEMENT_EXECUTE|[597]
00:05:30.838 (3865615984)|HEAP_ALLOCATE|[597]|Bytes:22
00:05:30.838 (3865619459)|HEAP_ALLOCATE|[597]|Bytes:27
00:05:30.838 (3865630349)|USER_DEBUG|[597]|DEBUG|Bodyyyy component ::: Hello
00:05:30.838 (3865634652)|STATEMENT_EXECUTE|[598]
00:05:30.838 (3865636141)|VARIABLE_SCOPE_BEGIN|[598]|bodyMergeText|String|false|false
00:05:30.838 (3865641414)|VARIABLE_ASSIGNMENT|[598]|bodyMergeText|""
00:05:30.838 (3865643621)|STATEMENT_EXECUTE|[599]
00:05:30.838 (3865654844)|HEAP_ALLOCATE|[599]|Bytes:4
00:05:30.838 (3865671560)|VARIABLE_SCOPE_BEGIN|[599]|parsedFields|List<Map<String,String>>|true|false
00:05:30.838 (3865686675)|HEAP_ALLOCATE|[EXTERNAL]|Bytes:4
00:05:30.838 (3865691979)|VARIABLE_ASSIGNMENT|[599]|parsedFields|[]|0x2dc7f939
00:05:30.838 (3865696736)|STATEMENT_EXECUTE|[601]
00:05:30.838 (3865697799)|STATEMENT_EXECUTE|[634]
00:05:30.838 (3865699274)|HEAP_ALLOCATE|[634]|Bytes:8
00:05:30.838 (3865712961)|HEAP_ALLOCATE|[EXTERNAL]|Bytes:-4
00:05:30.838 (3865716449)|STATEMENT_EXECUTE|[635]
00:05:30.838 (3865717866)|HEAP_ALLOCATE|[635]|Bytes:13
00:05:30.838 (3865727136)|HEAP_ALLOCATE|[EXTERNAL]|Bytes:-4
00:05:30.838 (3865730426)|STATEMENT_EXECUTE|[636]
00:05:30.838 (3865731634)|HEAP_ALLOCATE|[636]|Bytes:12
00:05:30.838 (3865740550)|HEAP_ALLOCATE|[EXTERNAL]|Bytes:-4
00:05:30.838 (3865745158)|STATEMENT_EXECUTE|[645]
00:05:30.838 (3865753301)|METHOD_EXIT|[486]|01pgL000000Qgig|CreateTemplateWrapper.handleBodyComponent(String, Map<String,ANY>, Map<String,ANY>)
00:05:30.838 (3865756161)|VARIABLE_SCOPE_BEGIN|[486]|result|Map<String,ANY>|true|false
00:05:30.838 (3865765484)|VARIABLE_ASSIGNMENT|[486]|result|{"bodyText":"Hello","bodyMergeText":"","parsedFields":[]}|0x2c9a49c7
00:05:30.838 (3865768617)|STATEMENT_EXECUTE|[487]
00:05:30.838 (3865770452)|HEAP_ALLOCATE|[487]|Bytes:19
00:05:30.838 (3865780340)|USER_DEBUG|[487]|DEBUG|Boddyyyy textt ::: 
00:05:30.838 (3865784604)|STATEMENT_EXECUTE|[488]
00:05:30.838 (3865796486)|USER_DEBUG|[488]|DEBUG|Hello
00:05:30.838 (3865807866)|STATEMENT_EXECUTE|[489]
00:05:30.838 (3865808836)|STATEMENT_EXECUTE|[490]
00:05:30.838 (3865810009)|HEAP_ALLOCATE|[490]|Bytes:7
00:05:30.838 (3865816775)|USER_DEBUG|[490]|DEBUG|In null
00:05:30.838 (3865820599)|STATEMENT_EXECUTE|[491]
00:05:30.838 (3865882029)|VARIABLE_ASSIGNMENT|[491]|this.WBTemplate_Body__c|"Hello"|0x596f1217
00:05:30.838 (3865885884)|STATEMENT_EXECUTE|[493]
00:05:30.838 (3865905152)|VARIABLE_SCOPE_BEGIN|[493]|parsedFields|List<Map<String,String>>|true|false
00:05:30.838 (3865911583)|VARIABLE_ASSIGNMENT|[493]|parsedFields|[]|0x2dc7f939
00:05:30.838 (3865914559)|STATEMENT_EXECUTE|[494]
00:05:30.838 (3865923298)|VARIABLE_SCOPE_BEGIN|[494]|bodyMergeText|String|false|false
00:05:30.838 (3865928203)|VARIABLE_ASSIGNMENT|[494]|bodyMergeText|""
00:05:30.838 (3865930446)|STATEMENT_EXECUTE|[496]
00:05:30.838 (3865931900)|HEAP_ALLOCATE|[496]|Bytes:13
00:05:30.838 (3865989571)|HEAP_ALLOCATE|[496]|Bytes:24
00:05:30.838 (3866012253)|SYSTEM_METHOD_ENTRY|[1]|Pattern.Pattern()
00:05:30.838 (3866015217)|STATEMENT_EXECUTE|[1]
00:05:30.838 (3866026200)|SYSTEM_METHOD_EXIT|[1]|Pattern
00:05:30.838 (3866036932)|METHOD_ENTRY|[496]||System.Pattern.compile(String)
00:05:30.838 (3866126643)|METHOD_EXIT|[496]||System.Pattern.compile(String)
00:05:30.838 (3866129382)|VARIABLE_SCOPE_BEGIN|[496]|pattern|System.Pattern|true|false
00:05:30.838 (3866165429)|VARIABLE_ASSIGNMENT|[496]|pattern|{"delegate":"0x29eb6ae1"}|0x183ea4f7
00:05:30.838 (3866169097)|STATEMENT_EXECUTE|[497]
00:05:30.838 (3866185979)|METHOD_ENTRY|[497]||System.Pattern.matcher(String)
00:05:30.838 (3866293323)|METHOD_EXIT|[497]||System.Pattern.matcher(String)
00:05:30.838 (3866296006)|VARIABLE_SCOPE_BEGIN|[497]|matcher|System.Matcher|true|false
00:05:30.838 (3866309544)|VARIABLE_ASSIGNMENT|[497]|matcher|{"delegate":"0x7488319c"}|0x547fd740
00:05:30.838 (3866312833)|STATEMENT_EXECUTE|[498]
00:05:30.838 (3866322204)|HEAP_ALLOCATE|[498]|Bytes:4
00:05:30.838 (3866342224)|VARIABLE_SCOPE_BEGIN|[498]|processedBodyPlaceholders|Set<String>|true|false
00:05:30.838 (3866361076)|VARIABLE_ASSIGNMENT|[498]|processedBodyPlaceholders|[]|0x390bc824
00:05:30.838 (3866364501)|STATEMENT_EXECUTE|[500]
00:05:30.838 (3866366092)|HEAP_ALLOCATE|[500]|Bytes:93
00:05:30.838 (3866372009)|HEAP_ALLOCATE|[500]|Bytes:4
00:05:30.838 (3866375566)|HEAP_ALLOCATE|[500]|Bytes:7
00:05:30.838 (3872385542)|SOQL_EXECUTE_BEGIN|[500]|Aggregations:0|SELECT Id, Name FROM Template_Variable__c WHERE (Template__c = :tmpVar1 AND Type__c = 'Body')
00:05:30.838 (3890836629)|SOQL_EXECUTE_END|[500]|Rows:0
00:05:30.838 (3890877383)|HEAP_ALLOCATE|[500]|Bytes:4
00:05:30.838 (3890902558)|HEAP_ALLOCATE|[500]|Bytes:0
00:05:30.838 (3890945028)|HEAP_ALLOCATE|[500]|Bytes:4
00:05:30.838 (3890963727)|VARIABLE_SCOPE_BEGIN|[500]|existingBodyVars|List<Template_Variable__c>|true|false
00:05:30.838 (3890988584)|VARIABLE_ASSIGNMENT|[500]|existingBodyVars|[]|0x7dba1eb0
00:05:30.838 (3891041388)|STATEMENT_EXECUTE|[507]
00:05:30.838 (3891067838)|METHOD_ENTRY|[511]||System.Matcher.find()
00:05:30.838 (3891144261)|METHOD_EXIT|[511]||System.Matcher.find()
00:05:30.838 (3891148678)|STATEMENT_EXECUTE|[511]
00:05:30.838 (3891169338)|HEAP_ALLOCATE|[405]|Bytes:5
00:05:30.838 (3891190953)|HEAP_ALLOCATE|[405]|Bytes:12
00:05:30.838 (3891197766)|VARIABLE_SCOPE_BEGIN|[405]|comp|Object|false|false
00:05:30.838 (3891230989)|VARIABLE_ASSIGNMENT|[405]|comp|{"buttons":[{"text":"Stop promotions","type":"QUICK_REPLY"}],"type":"BUTTONS"}
00:05:30.838 (3891234415)|STATEMENT_EXECUTE|[405]
00:05:30.838 (3891271521)|STATEMENT_EXECUTE|[406]
00:05:30.838 (3891272671)|STATEMENT_EXECUTE|[409]
00:05:30.838 (3891277356)|VARIABLE_SCOPE_BEGIN|[409]|component|Map<String,ANY>|true|false
00:05:30.838 (3891287433)|VARIABLE_ASSIGNMENT|[409]|component|{"buttons":[{"text":"Stop promotions","type":"QUICK_REPLY"}],"type":"BUTTONS"}|0x1e7624f
00:05:30.838 (3891290568)|STATEMENT_EXECUTE|[410]
00:05:30.838 (3891307188)|USER_DEBUG|[410]|DEBUG|COmponentssss ::::: 
00:05:30.838 (3891312833)|STATEMENT_EXECUTE|[411]
00:05:30.838 (3891338085)|USER_DEBUG|[411]|DEBUG|{buttons=({text=Stop promotions, type=QUICK_REPLY}), type=BUTTONS}
00:05:30.838 (3891342489)|STATEMENT_EXECUTE|[412]
00:05:30.838 (3891355555)|VARIABLE_SCOPE_BEGIN|[412]|type|String|false|false
00:05:30.838 (3891361221)|VARIABLE_ASSIGNMENT|[412]|type|"BUTTONS"
00:05:30.838 (3891363401)|STATEMENT_EXECUTE|[413]
00:05:30.838 (3891369641)|VARIABLE_SCOPE_BEGIN|[413]|example|Map<String,ANY>|true|false
00:05:30.838 (3891374930)|VARIABLE_ASSIGNMENT|[413]|example|null|
00:05:30.838 (3891400956)|STATEMENT_EXECUTE|[420]
00:05:30.838 (3891402153)|STATEMENT_EXECUTE|[424]
00:05:30.838 (3891409791)|HEAP_ALLOCATE|[424]|Bytes:18
00:05:30.838 (3891416454)|USER_DEBUG|[424]|DEBUG|Is Marketing ::: 1
00:05:30.838 (3891425256)|STATEMENT_EXECUTE|[426]
00:05:30.838 (3891426361)|STATEMENT_EXECUTE|[427]
00:05:30.838 (3891433127)|HEAP_ALLOCATE|[427]|Bytes:5
00:05:30.838 (3891442347)|HEAP_ALLOCATE|[EXTERNAL]|Bytes:-4
00:05:30.838 (3891454941)|HEAP_ALLOCATE|[536]|Bytes:6
00:05:30.838 (3891467770)|STATEMENT_EXECUTE|[540]
00:05:30.838 (3891468974)|STATEMENT_EXECUTE|[541]
00:05:30.838 (3891470658)|HEAP_ALLOCATE|[541]|Bytes:8
00:05:30.838 (3891495377)|HEAP_ALLOCATE|[541]|Bytes:87
00:05:30.838 (3891502369)|HEAP_ALLOCATE|[541]|Bytes:95
00:05:30.838 (3891508004)|USER_DEBUG|[541]|DEBUG|Buttons:{buttons=({text=Stop promotions, type=QUICK_REPLY}), ismarketingOpt=true, type=BUTTONS}
00:05:30.838 (3891512688)|STATEMENT_EXECUTE|[542]
00:05:30.838 (3891523760)|METHOD_ENTRY|[542]|01pgL000000Qgig|CreateTemplateWrapper.handleButtonComponent(Map<String,ANY>)
00:05:30.838 (3891532457)|VARIABLE_SCOPE_BEGIN|[656]|component|Map<String,ANY>|true|false
00:05:30.838 (3891543237)|VARIABLE_ASSIGNMENT|[656]|component|{"buttons":[{"text":"Stop promotions","type":"QUICK_REPLY"}],"type":"BUTTONS","ismarketingOpt":true}|0x1e7624f
00:05:30.838 (3891552727)|HEAP_ALLOCATE|[658]|Bytes:5
00:05:30.838 (3891555290)|STATEMENT_EXECUTE|[656]
00:05:30.838 (3891556282)|STATEMENT_EXECUTE|[658]
00:05:30.838 (3891558316)|VARIABLE_SCOPE_BEGIN|[658]|buttonList|String|false|false
00:05:30.838 (3891564456)|VARIABLE_ASSIGNMENT|[658]|buttonList|""
00:05:30.838 (3891567278)|STATEMENT_EXECUTE|[659]
00:05:30.838 (3891568687)|STATEMENT_EXECUTE|[659]
00:05:30.838 (3891569818)|STATEMENT_EXECUTE|[660]
00:05:30.838 (3891595908)|VARIABLE_SCOPE_BEGIN|[660]|buttons|List<ANY>|true|false
00:05:30.838 (3891606358)|VARIABLE_ASSIGNMENT|[660]|buttons|[{"text":"Stop promotions","type":"QUICK_REPLY"}]|0x836b30
00:05:30.838 (3891609648)|STATEMENT_EXECUTE|[661]
00:05:30.838 (3891630552)|USER_DEBUG|[661]|DEBUG|({text=Stop promotions, type=QUICK_REPLY})
00:05:30.838 (3891635629)|STATEMENT_EXECUTE|[663]
00:05:30.838 (3891636490)|STATEMENT_EXECUTE|[664]
00:05:30.838 (3891641578)|METHOD_ENTRY|[664]||System.JSON.serialize(Object)
00:05:30.838 (3891940237)|METHOD_EXIT|[664]||System.JSON.serialize(Object)
00:05:30.838 (3891947263)|VARIABLE_ASSIGNMENT|[664]|buttonList|"[{\"type\":\"QUICK_REPL (29 more) ..."
00:05:30.838 (3891951909)|STATEMENT_EXECUTE|[698]
00:05:30.838 (3891957662)|METHOD_EXIT|[542]|01pgL000000Qgig|CreateTemplateWrapper.handleButtonComponent(Map<String,ANY>)
00:05:30.838 (3891962478)|VARIABLE_ASSIGNMENT|[542]|buttonDetails|"[{\"type\":\"QUICK_REPL (29 more) ..."
00:05:30.838 (3891965163)|STATEMENT_EXECUTE|[543]
00:05:30.838 (3892039788)|VARIABLE_ASSIGNMENT|[543]|this.Button_Body__c|"[{\"type\":\"QUICK_REPL (29 more) ..."|0x596f1217
00:05:30.838 (3892043893)|STATEMENT_EXECUTE|[544]
00:05:30.838 (3892072650)|USER_DEBUG|[544]|DEBUG|[{"type":"QUICK_REPLY","text":"Stop promotions"}]
00:05:30.838 (3892085085)|HEAP_ALLOCATE|[405]|Bytes:5
00:05:30.838 (3892095511)|VARIABLE_ASSIGNMENT|[405]|comp|null
00:05:30.838 (3892098981)|STATEMENT_EXECUTE|[553]
00:05:30.838 (3892134048)|HEAP_ALLOCATE|[553]|Bytes:8
00:05:30.838 (3892157400)|DML_BEGIN|[553]|Op:Upsert|Type:Template__c|Rows:1
00:05:30.838 (3892187089)|HEAP_ALLOCATE|[EXTERNAL]|Bytes:8
00:05:30.838 (4015556834)|DML_END|[553]
00:05:30.838 (4016290503)|STATEMENT_EXECUTE|[554]
00:05:30.838 (4016466782)|VARIABLE_ASSIGNMENT|[554]|templateId|"a0DgL000001mvhmUAA"
00:05:30.838 (4016677339)|HEAP_ALLOCATE|[556]|Bytes:5
00:05:30.838 (4016703787)|VARIABLE_ASSIGNMENT|[556]|variable|null|
00:05:30.838 (4016709286)|STATEMENT_EXECUTE|[556]
00:05:30.838 (4016725879)|STATEMENT_EXECUTE|[560]
00:05:30.838 (4016726914)|STATEMENT_EXECUTE|[565]
00:05:30.838 (4016731527)|HEAP_ALLOCATE|[565]|Bytes:7
00:05:30.838 (4016768784)|HEAP_ALLOCATE|[565]|Bytes:5
00:05:30.838 (4016783763)|HEAP_ALLOCATE|[EXTERNAL]|Bytes:-4
00:05:30.838 (4016789409)|STATEMENT_EXECUTE|[566]
00:05:30.838 (4016791164)|HEAP_ALLOCATE|[566]|Bytes:10
00:05:30.838 (4016804609)|HEAP_ALLOCATE|[EXTERNAL]|Bytes:-4
00:05:30.838 (4016810279)|STATEMENT_EXECUTE|[583]
00:05:30.838 (4016827694)|METHOD_EXIT|[486]|01pgL000000Qgig|CreateTemplateWrapper.handleSuccessResponse(System.HttpResponse, Map<String,ANY>, Map<String,ANY>, CreateTemplateWrapper.TemplateWrapper)
00:05:30.838 (4016838591)|VARIABLE_SCOPE_BEGIN|[486]|templateId|Id|false|false
00:05:30.838 (4016907924)|VARIABLE_ASSIGNMENT|[486]|templateId|"a0DgL000001mvhmUAA"
00:05:30.838 (4016913474)|STATEMENT_EXECUTE|[487]
00:05:30.838 (4016934805)|HEAP_ALLOCATE|[487]|Bytes:5
00:05:30.838 (4016944656)|STATEMENT_EXECUTE|[488]
00:05:30.838 (4016962336)|STATEMENT_EXECUTE|[516]
00:05:30.838 (4016973963)|SYSTEM_MODE_EXIT|true
00:05:31.58 (4058586215)|CUMULATIVE_LIMIT_USAGE
00:05:31.58 (4058586215)|LIMIT_USAGE_FOR_NS|(default)|
  Number of SOQL queries: 2 out of 100
  Number of query rows: 81 out of 50000
  Number of SOSL queries: 0 out of 20
  Number of DML statements: 1 out of 150
  Number of Publish Immediate DML: 0 out of 150
  Number of DML rows: 1 out of 10000
  Maximum CPU time: 25 out of 10000
  Maximum heap size: 0 out of 6000000
  Number of callouts: 1 out of 100
  Number of Email Invocations: 0 out of 10
  Number of future calls: 0 out of 50
  Number of queueable jobs added to the queue: 0 out of 50
  Number of Mobile Apex push calls: 0 out of 10

00:05:31.58 (4058586215)|CUMULATIVE_LIMIT_USAGE_END

00:05:30.838 (4058677890)|CODE_UNIT_FINISHED|WBTemplateController.createWhatsappTemplate(String)
00:05:30.838 (4058889993)|CODE_UNIT_FINISHED|apex://WBTemplateController/ACTION$createWhatsappTemplate
00:05:30.838 (4058906695)|EXECUTION_FINISHED
